[ 2015-12-09T09:15:48+08:00 ] ::1 /myCMS/skin/green/skin.css
INFO: [ app_init ] --START--
INFO: Run Behavior\BuildLiteBehavior [ RunTime:0.000000s ]
INFO: [ app_init ] --END-- [ RunTime:0.000000s ]
NOTIC: [8] Undefined variable: result D:\wamp\www\myCMS\ThinkPHP\Library\Think\Hook.class.php 第 103 行.
NOTIC: [8] Undefined variable: result D:\wamp\www\myCMS\ThinkPHP\Library\Think\Hook.class.php 第 103 行.
NOTIC: [8] Undefined variable: result D:\wamp\www\myCMS\ThinkPHP\Library\Think\Hook.class.php 第 103 行.
INFO: [ app_begin ] --START--
INFO: Run Behavior\ReadHtmlCacheBehavior [ RunTime:0.000000s ]
INFO: Run Behavior\CheckLangBehavior [ RunTime:0.001000s ]
INFO: Run Common\Behavior\InitHookBehavior [ RunTime:0.002000s ]
INFO: [ app_begin ] --END-- [ RunTime:0.005000s ]
ERR: 无法加载控制器:Skin

[ 2015-12-09T09:26:08+08:00 ] ::1 /myCMS/skin/green/skin.css
INFO: [ app_init ] --START--
INFO: Run Behavior\BuildLiteBehavior [ RunTime:0.001000s ]
INFO: [ app_init ] --END-- [ RunTime:0.001000s ]
NOTIC: [8] Undefined variable: result D:\wamp\www\myCMS\ThinkPHP\Library\Think\Hook.class.php 第 103 行.
NOTIC: [8] Undefined variable: result D:\wamp\www\myCMS\ThinkPHP\Library\Think\Hook.class.php 第 103 行.
NOTIC: [8] Undefined variable: result D:\wamp\www\myCMS\ThinkPHP\Library\Think\Hook.class.php 第 103 行.
INFO: [ app_begin ] --START--
INFO: Run Behavior\ReadHtmlCacheBehavior [ RunTime:0.001000s ]
INFO: Run Behavior\CheckLangBehavior [ RunTime:0.000000s ]
INFO: Run Common\Behavior\InitHookBehavior [ RunTime:0.002000s ]
INFO: [ app_begin ] --END-- [ RunTime:0.004000s ]
ERR: 无法加载控制器:Skin

[ 2015-12-09T09:26:21+08:00 ] ::1 /myCMS/skin/green/skin.css
INFO: [ app_init ] --START--
INFO: Run Behavior\BuildLiteBehavior [ RunTime:0.000000s ]
INFO: [ app_init ] --END-- [ RunTime:0.001000s ]
NOTIC: [8] Undefined variable: result D:\wamp\www\myCMS\ThinkPHP\Library\Think\Hook.class.php 第 103 行.
NOTIC: [8] Undefined variable: result D:\wamp\www\myCMS\ThinkPHP\Library\Think\Hook.class.php 第 103 行.
NOTIC: [8] Undefined variable: result D:\wamp\www\myCMS\ThinkPHP\Library\Think\Hook.class.php 第 103 行.
INFO: [ app_begin ] --START--
INFO: Run Behavior\ReadHtmlCacheBehavior [ RunTime:0.001000s ]
INFO: Run Behavior\CheckLangBehavior [ RunTime:0.001000s ]
INFO: Run Common\Behavior\InitHookBehavior [ RunTime:0.004001s ]
INFO: [ app_begin ] --END-- [ RunTime:0.007001s ]
ERR: 无法加载控制器:Skin

[ 2015-12-09T09:26:34+08:00 ] ::1 /myCMS/skin/green/skin.css
INFO: [ app_init ] --START--
INFO: Run Behavior\BuildLiteBehavior [ RunTime:0.000000s ]
INFO: [ app_init ] --END-- [ RunTime:0.000000s ]
NOTIC: [8] Undefined variable: result D:\wamp\www\myCMS\ThinkPHP\Library\Think\Hook.class.php 第 103 行.
NOTIC: [8] Undefined variable: result D:\wamp\www\myCMS\ThinkPHP\Library\Think\Hook.class.php 第 103 行.
NOTIC: [8] Undefined variable: result D:\wamp\www\myCMS\ThinkPHP\Library\Think\Hook.class.php 第 103 行.
INFO: [ app_begin ] --START--
INFO: Run Behavior\ReadHtmlCacheBehavior [ RunTime:0.001000s ]
INFO: Run Behavior\CheckLangBehavior [ RunTime:0.000000s ]
INFO: Run Common\Behavior\InitHookBehavior [ RunTime:0.004000s ]
INFO: [ app_begin ] --END-- [ RunTime:0.007000s ]
ERR: 无法加载控制器:Skin

[ 2015-12-09T09:26:41+08:00 ] ::1 /myCMS/skin/green/skin.css
INFO: [ app_init ] --START--
INFO: Run Behavior\BuildLiteBehavior [ RunTime:0.000000s ]
INFO: [ app_init ] --END-- [ RunTime:0.001000s ]
NOTIC: [8] Undefined variable: result D:\wamp\www\myCMS\ThinkPHP\Library\Think\Hook.class.php 第 103 行.
NOTIC: [8] Undefined variable: result D:\wamp\www\myCMS\ThinkPHP\Library\Think\Hook.class.php 第 103 行.
NOTIC: [8] Undefined variable: result D:\wamp\www\myCMS\ThinkPHP\Library\Think\Hook.class.php 第 103 行.
INFO: [ app_begin ] --START--
INFO: Run Behavior\ReadHtmlCacheBehavior [ RunTime:0.001000s ]
INFO: Run Behavior\CheckLangBehavior [ RunTime:0.001000s ]
INFO: Run Common\Behavior\InitHookBehavior [ RunTime:0.003000s ]
INFO: [ app_begin ] --END-- [ RunTime:0.005000s ]
ERR: 无法加载控制器:Skin

[ 2015-12-09T09:26:52+08:00 ] ::1 /myCMS/skin/green/skin.css
INFO: [ app_init ] --START--
INFO: Run Behavior\BuildLiteBehavior [ RunTime:0.000000s ]
INFO: [ app_init ] --END-- [ RunTime:0.000000s ]
NOTIC: [8] Undefined variable: result D:\wamp\www\myCMS\ThinkPHP\Library\Think\Hook.class.php 第 103 行.
NOTIC: [8] Undefined variable: result D:\wamp\www\myCMS\ThinkPHP\Library\Think\Hook.class.php 第 103 行.
NOTIC: [8] Undefined variable: result D:\wamp\www\myCMS\ThinkPHP\Library\Think\Hook.class.php 第 103 行.
INFO: [ app_begin ] --START--
INFO: Run Behavior\ReadHtmlCacheBehavior [ RunTime:0.000000s ]
INFO: Run Behavior\CheckLangBehavior [ RunTime:0.001000s ]
INFO: Run Common\Behavior\InitHookBehavior [ RunTime:0.001000s ]
INFO: [ app_begin ] --END-- [ RunTime:0.003000s ]
ERR: 无法加载控制器:Skin

[ 2015-12-09T09:33:06+08:00 ] ::1 /myCMS/skin/green/skin.css
INFO: [ app_init ] --START--
INFO: Run Behavior\BuildLiteBehavior [ RunTime:0.000000s ]
INFO: [ app_init ] --END-- [ RunTime:0.000000s ]
NOTIC: [8] Undefined variable: result D:\wamp\www\myCMS\ThinkPHP\Library\Think\Hook.class.php 第 103 行.
NOTIC: [8] Undefined variable: result D:\wamp\www\myCMS\ThinkPHP\Library\Think\Hook.class.php 第 103 行.
NOTIC: [8] Undefined variable: result D:\wamp\www\myCMS\ThinkPHP\Library\Think\Hook.class.php 第 103 行.
INFO: [ app_begin ] --START--
INFO: Run Behavior\ReadHtmlCacheBehavior [ RunTime:0.000000s ]
INFO: Run Behavior\CheckLangBehavior [ RunTime:0.001000s ]
INFO: Run Common\Behavior\InitHookBehavior [ RunTime:0.001000s ]
INFO: [ app_begin ] --END-- [ RunTime:0.002000s ]
ERR: 无法加载控制器:Skin

[ 2015-12-09T09:33:12+08:00 ] ::1 /myCMS/skin/green/skin.css
INFO: [ app_init ] --START--
INFO: Run Behavior\BuildLiteBehavior [ RunTime:0.000000s ]
INFO: [ app_init ] --END-- [ RunTime:0.000000s ]
NOTIC: [8] Undefined variable: result D:\wamp\www\myCMS\ThinkPHP\Library\Think\Hook.class.php 第 103 行.
NOTIC: [8] Undefined variable: result D:\wamp\www\myCMS\ThinkPHP\Library\Think\Hook.class.php 第 103 行.
NOTIC: [8] Undefined variable: result D:\wamp\www\myCMS\ThinkPHP\Library\Think\Hook.class.php 第 103 行.
INFO: [ app_begin ] --START--
INFO: Run Behavior\ReadHtmlCacheBehavior [ RunTime:0.000000s ]
INFO: Run Behavior\CheckLangBehavior [ RunTime:0.000000s ]
INFO: Run Common\Behavior\InitHookBehavior [ RunTime:0.002001s ]
INFO: [ app_begin ] --END-- [ RunTime:0.002001s ]
ERR: 无法加载控制器:Skin

[ 2015-12-09T09:33:14+08:00 ] ::1 /myCMS/skin/green/skin.css
INFO: [ app_init ] --START--
INFO: Run Behavior\BuildLiteBehavior [ RunTime:0.000000s ]
INFO: [ app_init ] --END-- [ RunTime:0.001000s ]
NOTIC: [8] Undefined variable: result D:\wamp\www\myCMS\ThinkPHP\Library\Think\Hook.class.php 第 103 行.
NOTIC: [8] Undefined variable: result D:\wamp\www\myCMS\ThinkPHP\Library\Think\Hook.class.php 第 103 行.
NOTIC: [8] Undefined variable: result D:\wamp\www\myCMS\ThinkPHP\Library\Think\Hook.class.php 第 103 行.
INFO: [ app_begin ] --START--
INFO: Run Behavior\ReadHtmlCacheBehavior [ RunTime:0.000000s ]
INFO: Run Behavior\CheckLangBehavior [ RunTime:0.001001s ]
INFO: Run Common\Behavior\InitHookBehavior [ RunTime:0.003000s ]
INFO: [ app_begin ] --END-- [ RunTime:0.005001s ]
ERR: 无法加载控制器:Skin

[ 2015-12-09T09:33:15+08:00 ] ::1 /myCMS/skin/green/skin.css
INFO: [ app_init ] --START--
INFO: Run Behavior\BuildLiteBehavior [ RunTime:0.001001s ]
INFO: [ app_init ] --END-- [ RunTime:0.001001s ]
NOTIC: [8] Undefined variable: result D:\wamp\www\myCMS\ThinkPHP\Library\Think\Hook.class.php 第 103 行.
NOTIC: [8] Undefined variable: result D:\wamp\www\myCMS\ThinkPHP\Library\Think\Hook.class.php 第 103 行.
NOTIC: [8] Undefined variable: result D:\wamp\www\myCMS\ThinkPHP\Library\Think\Hook.class.php 第 103 行.
INFO: [ app_begin ] --START--
INFO: Run Behavior\ReadHtmlCacheBehavior [ RunTime:0.001000s ]
INFO: Run Behavior\CheckLangBehavior [ RunTime:0.001000s ]
INFO: Run Common\Behavior\InitHookBehavior [ RunTime:0.005000s ]
INFO: [ app_begin ] --END-- [ RunTime:0.009000s ]
ERR: 无法加载控制器:Skin

[ 2015-12-09T09:33:18+08:00 ] ::1 /myCMS/skin/green/skin.css
INFO: [ app_init ] --START--
INFO: Run Behavior\BuildLiteBehavior [ RunTime:0.000000s ]
INFO: [ app_init ] --END-- [ RunTime:0.000000s ]
NOTIC: [8] Undefined variable: result D:\wamp\www\myCMS\ThinkPHP\Library\Think\Hook.class.php 第 103 行.
NOTIC: [8] Undefined variable: result D:\wamp\www\myCMS\ThinkPHP\Library\Think\Hook.class.php 第 103 行.
NOTIC: [8] Undefined variable: result D:\wamp\www\myCMS\ThinkPHP\Library\Think\Hook.class.php 第 103 行.
INFO: [ app_begin ] --START--
INFO: Run Behavior\ReadHtmlCacheBehavior [ RunTime:0.001000s ]
INFO: Run Behavior\CheckLangBehavior [ RunTime:0.000000s ]
INFO: Run Common\Behavior\InitHookBehavior [ RunTime:0.004001s ]
INFO: [ app_begin ] --END-- [ RunTime:0.005001s ]
ERR: 无法加载控制器:Skin

[ 2015-12-09T09:33:18+08:00 ] ::1 /myCMS/skin/green/skin.css
INFO: [ app_init ] --START--
INFO: Run Behavior\BuildLiteBehavior [ RunTime:0.000000s ]
INFO: [ app_init ] --END-- [ RunTime:0.000000s ]
NOTIC: [8] Undefined variable: result D:\wamp\www\myCMS\ThinkPHP\Library\Think\Hook.class.php 第 103 行.
NOTIC: [8] Undefined variable: result D:\wamp\www\myCMS\ThinkPHP\Library\Think\Hook.class.php 第 103 行.
NOTIC: [8] Undefined variable: result D:\wamp\www\myCMS\ThinkPHP\Library\Think\Hook.class.php 第 103 行.
INFO: [ app_begin ] --START--
INFO: Run Behavior\ReadHtmlCacheBehavior [ RunTime:0.001000s ]
INFO: Run Behavior\CheckLangBehavior [ RunTime:0.000000s ]
INFO: Run Common\Behavior\InitHookBehavior [ RunTime:0.003001s ]
INFO: [ app_begin ] --END-- [ RunTime:0.007001s ]
ERR: 无法加载控制器:Skin

[ 2015-12-09T09:33:22+08:00 ] ::1 /myCMS/skin/green/skin.css
INFO: [ app_init ] --START--
INFO: Run Behavior\BuildLiteBehavior [ RunTime:0.000000s ]
INFO: [ app_init ] --END-- [ RunTime:0.001000s ]
NOTIC: [8] Undefined variable: result D:\wamp\www\myCMS\ThinkPHP\Library\Think\Hook.class.php 第 103 行.
NOTIC: [8] Undefined variable: result D:\wamp\www\myCMS\ThinkPHP\Library\Think\Hook.class.php 第 103 行.
NOTIC: [8] Undefined variable: result D:\wamp\www\myCMS\ThinkPHP\Library\Think\Hook.class.php 第 103 行.
INFO: [ app_begin ] --START--
INFO: Run Behavior\ReadHtmlCacheBehavior [ RunTime:0.003000s ]
INFO: Run Behavior\CheckLangBehavior [ RunTime:0.002000s ]
INFO: Run Common\Behavior\InitHookBehavior [ RunTime:0.003001s ]
INFO: [ app_begin ] --END-- [ RunTime:0.009001s ]
ERR: 无法加载控制器:Skin

[ 2015-12-09T09:34:20+08:00 ] ::1 /myCMS/
INFO: [ app_init ] --START--
INFO: Run Behavior\BuildLiteBehavior [ RunTime:0.000000s ]
INFO: [ app_init ] --END-- [ RunTime:0.001000s ]
NOTIC: [8] Undefined variable: result D:\wamp\www\myCMS\ThinkPHP\Library\Think\Hook.class.php 第 103 行.
NOTIC: [8] Undefined variable: result D:\wamp\www\myCMS\ThinkPHP\Library\Think\Hook.class.php 第 103 行.
INFO: [ app_begin ] --START--
INFO: Run Behavior\ReadHtmlCacheBehavior [ RunTime:0.000000s ]
INFO: Run Behavior\CheckLangBehavior [ RunTime:0.001000s ]
INFO: Run Common\Behavior\InitHookBehavior [ RunTime:0.001000s ]
INFO: [ app_begin ] --END-- [ RunTime:0.002000s ]
NOTIC: [8] Undefined variable: result D:\wamp\www\myCMS\ThinkPHP\Library\Think\Hook.class.php 第 103 行.
NOTIC: [8] Undefined variable: result D:\wamp\www\myCMS\ThinkPHP\Library\Think\Hook.class.php 第 103 行.
ERR: 模板不存在:./Tpl/Index/index.html

[ 2015-12-09T09:44:33+08:00 ] ::1 /myCMS/skin/green/skin.css
INFO: [ app_init ] --START--
INFO: Run Behavior\BuildLiteBehavior [ RunTime:0.000000s ]
INFO: [ app_init ] --END-- [ RunTime:0.001000s ]
NOTIC: [8] Undefined variable: result D:\wamp\www\myCMS\ThinkPHP\Library\Think\Hook.class.php 第 103 行.
NOTIC: [8] Undefined variable: result D:\wamp\www\myCMS\ThinkPHP\Library\Think\Hook.class.php 第 103 行.
NOTIC: [8] Undefined variable: result D:\wamp\www\myCMS\ThinkPHP\Library\Think\Hook.class.php 第 103 行.
INFO: [ app_begin ] --START--
INFO: Run Behavior\ReadHtmlCacheBehavior [ RunTime:0.001000s ]
INFO: Run Behavior\CheckLangBehavior [ RunTime:0.001001s ]
INFO: Run Common\Behavior\InitHookBehavior [ RunTime:0.004000s ]
INFO: [ app_begin ] --END-- [ RunTime:0.006001s ]
ERR: 无法加载控制器:Skin

[ 2015-12-09T09:44:36+08:00 ] ::1 /myCMS/skin/green/skin.css
INFO: [ app_init ] --START--
INFO: Run Behavior\BuildLiteBehavior [ RunTime:0.000000s ]
INFO: [ app_init ] --END-- [ RunTime:0.000000s ]
NOTIC: [8] Undefined variable: result D:\wamp\www\myCMS\ThinkPHP\Library\Think\Hook.class.php 第 103 行.
NOTIC: [8] Undefined variable: result D:\wamp\www\myCMS\ThinkPHP\Library\Think\Hook.class.php 第 103 行.
NOTIC: [8] Undefined variable: result D:\wamp\www\myCMS\ThinkPHP\Library\Think\Hook.class.php 第 103 行.
INFO: [ app_begin ] --START--
INFO: Run Behavior\ReadHtmlCacheBehavior [ RunTime:0.002000s ]
INFO: Run Behavior\CheckLangBehavior [ RunTime:0.001000s ]
INFO: Run Common\Behavior\InitHookBehavior [ RunTime:0.004000s ]
INFO: [ app_begin ] --END-- [ RunTime:0.008000s ]
ERR: 无法加载控制器:Skin

[ 2015-12-09T09:48:37+08:00 ] ::1 /myCMS/skin/green/skin.css
INFO: [ app_init ] --START--
INFO: Run Behavior\BuildLiteBehavior [ RunTime:0.000000s ]
INFO: [ app_init ] --END-- [ RunTime:0.000000s ]
NOTIC: [8] Undefined variable: result D:\wamp\www\myCMS\ThinkPHP\Library\Think\Hook.class.php 第 103 行.
NOTIC: [8] Undefined variable: result D:\wamp\www\myCMS\ThinkPHP\Library\Think\Hook.class.php 第 103 行.
NOTIC: [8] Undefined variable: result D:\wamp\www\myCMS\ThinkPHP\Library\Think\Hook.class.php 第 103 行.
INFO: [ app_begin ] --START--
INFO: Run Behavior\ReadHtmlCacheBehavior [ RunTime:0.001000s ]
INFO: Run Behavior\CheckLangBehavior [ RunTime:0.001001s ]
INFO: Run Common\Behavior\InitHookBehavior [ RunTime:0.002000s ]
INFO: [ app_begin ] --END-- [ RunTime:0.004001s ]
ERR: 无法加载控制器:Skin

[ 2015-12-09T09:48:54+08:00 ] ::1 /myCMS/skin/green/skin.css
INFO: [ app_init ] --START--
INFO: Run Behavior\BuildLiteBehavior [ RunTime:0.001000s ]
INFO: [ app_init ] --END-- [ RunTime:0.001000s ]
NOTIC: [8] Undefined variable: result D:\wamp\www\myCMS\ThinkPHP\Library\Think\Hook.class.php 第 103 行.
NOTIC: [8] Undefined variable: result D:\wamp\www\myCMS\ThinkPHP\Library\Think\Hook.class.php 第 103 行.
NOTIC: [8] Undefined variable: result D:\wamp\www\myCMS\ThinkPHP\Library\Think\Hook.class.php 第 103 行.
INFO: [ app_begin ] --START--
INFO: Run Behavior\ReadHtmlCacheBehavior [ RunTime:0.001000s ]
INFO: Run Behavior\CheckLangBehavior [ RunTime:0.001000s ]
INFO: Run Common\Behavior\InitHookBehavior [ RunTime:0.005000s ]
INFO: [ app_begin ] --END-- [ RunTime:0.008000s ]
ERR: 无法加载控制器:Skin

[ 2015-12-09T09:48:55+08:00 ] ::1 /myCMS/skin/green/skin.css
INFO: [ app_init ] --START--
INFO: Run Behavior\BuildLiteBehavior [ RunTime:0.000000s ]
INFO: [ app_init ] --END-- [ RunTime:0.001000s ]
NOTIC: [8] Undefined variable: result D:\wamp\www\myCMS\ThinkPHP\Library\Think\Hook.class.php 第 103 行.
NOTIC: [8] Undefined variable: result D:\wamp\www\myCMS\ThinkPHP\Library\Think\Hook.class.php 第 103 行.
NOTIC: [8] Undefined variable: result D:\wamp\www\myCMS\ThinkPHP\Library\Think\Hook.class.php 第 103 行.
INFO: [ app_begin ] --START--
INFO: Run Behavior\ReadHtmlCacheBehavior [ RunTime:0.001000s ]
INFO: Run Behavior\CheckLangBehavior [ RunTime:0.000000s ]
INFO: Run Common\Behavior\InitHookBehavior [ RunTime:0.004001s ]
INFO: [ app_begin ] --END-- [ RunTime:0.005001s ]
ERR: 无法加载控制器:Skin

[ 2015-12-09T09:48:56+08:00 ] ::1 /myCMS/skin/green/skin.css
INFO: [ app_init ] --START--
INFO: Run Behavior\BuildLiteBehavior [ RunTime:0.000000s ]
INFO: [ app_init ] --END-- [ RunTime:0.000000s ]
NOTIC: [8] Undefined variable: result D:\wamp\www\myCMS\ThinkPHP\Library\Think\Hook.class.php 第 103 行.
NOTIC: [8] Undefined variable: result D:\wamp\www\myCMS\ThinkPHP\Library\Think\Hook.class.php 第 103 行.
NOTIC: [8] Undefined variable: result D:\wamp\www\myCMS\ThinkPHP\Library\Think\Hook.class.php 第 103 行.
INFO: [ app_begin ] --START--
INFO: Run Behavior\ReadHtmlCacheBehavior [ RunTime:0.001000s ]
INFO: Run Behavior\CheckLangBehavior [ RunTime:0.001000s ]
INFO: Run Common\Behavior\InitHookBehavior [ RunTime:0.002000s ]
INFO: [ app_begin ] --END-- [ RunTime:0.004000s ]
ERR: 无法加载控制器:Skin

[ 2015-12-09T09:51:00+08:00 ] ::1 /myCMS/skin/green/skin.css
INFO: [ app_init ] --START--
INFO: Run Behavior\BuildLiteBehavior [ RunTime:0.000000s ]
INFO: [ app_init ] --END-- [ RunTime:0.001000s ]
NOTIC: [8] Undefined variable: result D:\wamp\www\myCMS\ThinkPHP\Library\Think\Hook.class.php 第 103 行.
NOTIC: [8] Undefined variable: result D:\wamp\www\myCMS\ThinkPHP\Library\Think\Hook.class.php 第 103 行.
NOTIC: [8] Undefined variable: result D:\wamp\www\myCMS\ThinkPHP\Library\Think\Hook.class.php 第 103 行.
INFO: [ app_begin ] --START--
INFO: Run Behavior\ReadHtmlCacheBehavior [ RunTime:0.001000s ]
INFO: Run Behavior\CheckLangBehavior [ RunTime:0.001000s ]
INFO: Run Common\Behavior\InitHookBehavior [ RunTime:0.002000s ]
INFO: [ app_begin ] --END-- [ RunTime:0.004000s ]
ERR: 无法加载控制器:Skin

[ 2015-12-09T09:51:03+08:00 ] ::1 /myCMS/skin/green/skin.css
INFO: [ app_init ] --START--
INFO: Run Behavior\BuildLiteBehavior [ RunTime:0.000000s ]
INFO: [ app_init ] --END-- [ RunTime:0.001000s ]
NOTIC: [8] Undefined variable: result D:\wamp\www\myCMS\ThinkPHP\Library\Think\Hook.class.php 第 103 行.
NOTIC: [8] Undefined variable: result D:\wamp\www\myCMS\ThinkPHP\Library\Think\Hook.class.php 第 103 行.
NOTIC: [8] Undefined variable: result D:\wamp\www\myCMS\ThinkPHP\Library\Think\Hook.class.php 第 103 行.
INFO: [ app_begin ] --START--
INFO: Run Behavior\ReadHtmlCacheBehavior [ RunTime:0.000000s ]
INFO: Run Behavior\CheckLangBehavior [ RunTime:0.000000s ]
INFO: Run Common\Behavior\InitHookBehavior [ RunTime:0.002000s ]
INFO: [ app_begin ] --END-- [ RunTime:0.003000s ]
ERR: 无法加载控制器:Skin

[ 2015-12-09T09:52:42+08:00 ] ::1 /myCMS/skin/green/skin.css
INFO: [ app_init ] --START--
INFO: Run Behavior\BuildLiteBehavior [ RunTime:0.000000s ]
INFO: [ app_init ] --END-- [ RunTime:0.001000s ]
NOTIC: [8] Undefined variable: result D:\wamp\www\myCMS\ThinkPHP\Library\Think\Hook.class.php 第 103 行.
NOTIC: [8] Undefined variable: result D:\wamp\www\myCMS\ThinkPHP\Library\Think\Hook.class.php 第 103 行.
NOTIC: [8] Undefined variable: result D:\wamp\www\myCMS\ThinkPHP\Library\Think\Hook.class.php 第 103 行.
INFO: [ app_begin ] --START--
INFO: Run Behavior\ReadHtmlCacheBehavior [ RunTime:0.001001s ]
INFO: Run Behavior\CheckLangBehavior [ RunTime:0.000000s ]
INFO: Run Common\Behavior\InitHookBehavior [ RunTime:0.002000s ]
INFO: [ app_begin ] --END-- [ RunTime:0.004001s ]
ERR: 无法加载控制器:Skin

[ 2015-12-09T09:52:44+08:00 ] ::1 /myCMS/skin/green/skin.css
INFO: [ app_init ] --START--
INFO: Run Behavior\BuildLiteBehavior [ RunTime:0.000000s ]
INFO: [ app_init ] --END-- [ RunTime:0.001000s ]
NOTIC: [8] Undefined variable: result D:\wamp\www\myCMS\ThinkPHP\Library\Think\Hook.class.php 第 103 行.
NOTIC: [8] Undefined variable: result D:\wamp\www\myCMS\ThinkPHP\Library\Think\Hook.class.php 第 103 行.
NOTIC: [8] Undefined variable: result D:\wamp\www\myCMS\ThinkPHP\Library\Think\Hook.class.php 第 103 行.
INFO: [ app_begin ] --START--
INFO: Run Behavior\ReadHtmlCacheBehavior [ RunTime:0.001000s ]
INFO: Run Behavior\CheckLangBehavior [ RunTime:0.000000s ]
INFO: Run Common\Behavior\InitHookBehavior [ RunTime:0.001000s ]
INFO: [ app_begin ] --END-- [ RunTime:0.002000s ]
ERR: 无法加载控制器:Skin

[ 2015-12-09T09:52:44+08:00 ] ::1 /myCMS/skin/green/skin.css
INFO: [ app_init ] --START--
INFO: Run Behavior\BuildLiteBehavior [ RunTime:0.000000s ]
INFO: [ app_init ] --END-- [ RunTime:0.001000s ]
NOTIC: [8] Undefined variable: result D:\wamp\www\myCMS\ThinkPHP\Library\Think\Hook.class.php 第 103 行.
NOTIC: [8] Undefined variable: result D:\wamp\www\myCMS\ThinkPHP\Library\Think\Hook.class.php 第 103 行.
NOTIC: [8] Undefined variable: result D:\wamp\www\myCMS\ThinkPHP\Library\Think\Hook.class.php 第 103 行.
INFO: [ app_begin ] --START--
INFO: Run Behavior\ReadHtmlCacheBehavior [ RunTime:0.001000s ]
INFO: Run Behavior\CheckLangBehavior [ RunTime:0.000000s ]
INFO: Run Common\Behavior\InitHookBehavior [ RunTime:0.001000s ]
INFO: [ app_begin ] --END-- [ RunTime:0.002000s ]
ERR: 无法加载控制器:Skin

[ 2015-12-09T09:54:56+08:00 ] ::1 /myCMS/skin/green/skin.css
INFO: [ app_init ] --START--
INFO: Run Behavior\BuildLiteBehavior [ RunTime:0.000000s ]
INFO: [ app_init ] --END-- [ RunTime:0.000000s ]
NOTIC: [8] Undefined variable: result D:\wamp\www\myCMS\ThinkPHP\Library\Think\Hook.class.php 第 103 行.
NOTIC: [8] Undefined variable: result D:\wamp\www\myCMS\ThinkPHP\Library\Think\Hook.class.php 第 103 行.
NOTIC: [8] Undefined variable: result D:\wamp\www\myCMS\ThinkPHP\Library\Think\Hook.class.php 第 103 行.
INFO: [ app_begin ] --START--
INFO: Run Behavior\ReadHtmlCacheBehavior [ RunTime:0.001000s ]
INFO: Run Behavior\CheckLangBehavior [ RunTime:0.000000s ]
INFO: Run Common\Behavior\InitHookBehavior [ RunTime:0.002000s ]
INFO: [ app_begin ] --END-- [ RunTime:0.003000s ]
ERR: 无法加载控制器:Skin

[ 2015-12-09T10:03:03+08:00 ] ::1 /myCMS/
INFO: [ app_init ] --START--
INFO: Run Behavior\BuildLiteBehavior [ RunTime:0.000000s ]
INFO: [ app_init ] --END-- [ RunTime:0.000000s ]
NOTIC: [8] Undefined variable: result D:\wamp\www\myCMS\ThinkPHP\Library\Think\Hook.class.php 第 103 行.
NOTIC: [8] Undefined variable: result D:\wamp\www\myCMS\ThinkPHP\Library\Think\Hook.class.php 第 103 行.
INFO: [ app_begin ] --START--
INFO: Run Behavior\ReadHtmlCacheBehavior [ RunTime:0.000000s ]
INFO: Run Behavior\CheckLangBehavior [ RunTime:0.000000s ]
INFO: Run Common\Behavior\InitHookBehavior [ RunTime:0.001000s ]
INFO: [ app_begin ] --END-- [ RunTime:0.002000s ]
NOTIC: [8] Undefined variable: result D:\wamp\www\myCMS\ThinkPHP\Library\Think\Hook.class.php 第 103 行.
NOTIC: [8] Undefined variable: result D:\wamp\www\myCMS\ThinkPHP\Library\Think\Hook.class.php 第 103 行.
INFO: [ view_parse ] --START--
INFO: [ template_filter ] --START--
INFO: Run Behavior\ContentReplaceBehavior [ RunTime:0.000000s ]
INFO: [ template_filter ] --END-- [ RunTime:0.000000s ]
INFO: Run Behavior\ParseTemplateBehavior [ RunTime:0.005000s ]
INFO: [ view_parse ] --END-- [ RunTime:0.005000s ]
INFO: [ view_filter ] --START--
INFO: Run Behavior\WriteHtmlCacheBehavior [ RunTime:0.000000s ]
INFO: [ view_filter ] --END-- [ RunTime:0.000000s ]
NOTIC: [8] Undefined variable: result D:\wamp\www\myCMS\ThinkPHP\Library\Think\Hook.class.php 第 103 行.
NOTIC: [8] Undefined variable: result D:\wamp\www\myCMS\ThinkPHP\Library\Think\Hook.class.php 第 103 行.
INFO: [ app_end ] --START--
INFO: Run Behavior\ShowPageTraceBehavior [ RunTime:0.001000s ]
INFO: [ app_end ] --END-- [ RunTime:0.001000s ]

[ 2015-12-09T10:03:11+08:00 ] ::1 /myCMS/skin/green/skin.css
INFO: [ app_init ] --START--
INFO: Run Behavior\BuildLiteBehavior [ RunTime:0.000000s ]
INFO: [ app_init ] --END-- [ RunTime:0.001000s ]
NOTIC: [8] Undefined variable: result D:\wamp\www\myCMS\ThinkPHP\Library\Think\Hook.class.php 第 103 行.
NOTIC: [8] Undefined variable: result D:\wamp\www\myCMS\ThinkPHP\Library\Think\Hook.class.php 第 103 行.
NOTIC: [8] Undefined variable: result D:\wamp\www\myCMS\ThinkPHP\Library\Think\Hook.class.php 第 103 行.
INFO: [ app_begin ] --START--
INFO: Run Behavior\ReadHtmlCacheBehavior [ RunTime:0.001000s ]
INFO: Run Behavior\CheckLangBehavior [ RunTime:0.001000s ]
INFO: Run Common\Behavior\InitHookBehavior [ RunTime:0.004001s ]
INFO: [ app_begin ] --END-- [ RunTime:0.006001s ]
ERR: 无法加载控制器:Skin

[ 2015-12-09T10:03:39+08:00 ] ::1 /myCMS/skin/green/skin.css
INFO: [ app_init ] --START--
INFO: Run Behavior\BuildLiteBehavior [ RunTime:0.000000s ]
INFO: [ app_init ] --END-- [ RunTime:0.000000s ]
NOTIC: [8] Undefined variable: result D:\wamp\www\myCMS\ThinkPHP\Library\Think\Hook.class.php 第 103 行.
NOTIC: [8] Undefined variable: result D:\wamp\www\myCMS\ThinkPHP\Library\Think\Hook.class.php 第 103 行.
NOTIC: [8] Undefined variable: result D:\wamp\www\myCMS\ThinkPHP\Library\Think\Hook.class.php 第 103 行.
INFO: [ app_begin ] --START--
INFO: Run Behavior\ReadHtmlCacheBehavior [ RunTime:0.002001s ]
INFO: Run Behavior\CheckLangBehavior [ RunTime:0.001000s ]
INFO: Run Common\Behavior\InitHookBehavior [ RunTime:0.004000s ]
INFO: [ app_begin ] --END-- [ RunTime:0.007001s ]
ERR: 无法加载控制器:Skin

[ 2015-12-09T10:03:44+08:00 ] ::1 /myCMS/skin/green/skin.css
INFO: [ app_init ] --START--
INFO: Run Behavior\BuildLiteBehavior [ RunTime:0.000000s ]
INFO: [ app_init ] --END-- [ RunTime:0.001001s ]
NOTIC: [8] Undefined variable: result D:\wamp\www\myCMS\ThinkPHP\Library\Think\Hook.class.php 第 103 行.
NOTIC: [8] Undefined variable: result D:\wamp\www\myCMS\ThinkPHP\Library\Think\Hook.class.php 第 103 行.
NOTIC: [8] Undefined variable: result D:\wamp\www\myCMS\ThinkPHP\Library\Think\Hook.class.php 第 103 行.
INFO: [ app_begin ] --START--
INFO: Run Behavior\ReadHtmlCacheBehavior [ RunTime:0.001000s ]
INFO: Run Behavior\CheckLangBehavior [ RunTime:0.000000s ]
INFO: Run Common\Behavior\InitHookBehavior [ RunTime:0.002000s ]
INFO: [ app_begin ] --END-- [ RunTime:0.003000s ]
ERR: 无法加载控制器:Skin

[ 2015-12-09T10:03:45+08:00 ] ::1 /myCMS/skin/green/skin.css
INFO: [ app_init ] --START--
INFO: Run Behavior\BuildLiteBehavior [ RunTime:0.000000s ]
INFO: [ app_init ] --END-- [ RunTime:0.000000s ]
NOTIC: [8] Undefined variable: result D:\wamp\www\myCMS\ThinkPHP\Library\Think\Hook.class.php 第 103 行.
NOTIC: [8] Undefined variable: result D:\wamp\www\myCMS\ThinkPHP\Library\Think\Hook.class.php 第 103 行.
NOTIC: [8] Undefined variable: result D:\wamp\www\myCMS\ThinkPHP\Library\Think\Hook.class.php 第 103 行.
INFO: [ app_begin ] --START--
INFO: Run Behavior\ReadHtmlCacheBehavior [ RunTime:0.001000s ]
INFO: Run Behavior\CheckLangBehavior [ RunTime:0.001000s ]
INFO: Run Common\Behavior\InitHookBehavior [ RunTime:0.004001s ]
INFO: [ app_begin ] --END-- [ RunTime:0.006001s ]
ERR: 无法加载控制器:Skin

[ 2015-12-09T10:11:35+08:00 ] ::1 /myCMS/GuestBook/index.html
INFO: [ app_init ] --START--
INFO: Run Behavior\BuildLiteBehavior [ RunTime:0.000000s ]
INFO: [ app_init ] --END-- [ RunTime:0.001000s ]
NOTIC: [8] Undefined variable: result D:\wamp\www\myCMS\ThinkPHP\Library\Think\Hook.class.php 第 103 行.
NOTIC: [8] Undefined variable: result D:\wamp\www\myCMS\ThinkPHP\Library\Think\Hook.class.php 第 103 行.
NOTIC: [8] Undefined variable: result D:\wamp\www\myCMS\ThinkPHP\Library\Think\Hook.class.php 第 103 行.
INFO: [ app_begin ] --START--
INFO: Run Behavior\ReadHtmlCacheBehavior [ RunTime:0.001000s ]
INFO: Run Behavior\CheckLangBehavior [ RunTime:0.001000s ]
INFO: Run Common\Behavior\InitHookBehavior [ RunTime:0.003000s ]
INFO: [ app_begin ] --END-- [ RunTime:0.005000s ]
NOTIC: [8] Undefined variable: result D:\wamp\www\myCMS\ThinkPHP\Library\Think\Hook.class.php 第 103 行.
NOTIC: [8] Undefined variable: result D:\wamp\www\myCMS\ThinkPHP\Library\Think\Hook.class.php 第 103 行.
INFO: [ view_parse ] --START--
INFO: [ template_filter ] --START--
INFO: Run Behavior\ContentReplaceBehavior [ RunTime:0.000000s ]
INFO: [ template_filter ] --END-- [ RunTime:0.000000s ]
INFO: [ HomeBookList ] --START--
INFO: [ view_parse ] --START--
INFO: [ template_filter ] --START--
INFO: Run Behavior\ContentReplaceBehavior [ RunTime:0.000000s ]
INFO: [ template_filter ] --END-- [ RunTime:-0.007000s ]
NOTIC: [2] Illegal string offset 'tip' D:\wamp\www\myCMS\Application\Runtime\Cache\Home\e292c564f18d7016a203eaea9b9a5a99.php 第 44 行.
NOTIC: [2] Illegal string offset 'title' D:\wamp\www\myCMS\Application\Runtime\Cache\Home\e292c564f18d7016a203eaea9b9a5a99.php 第 47 行.
NOTIC: [2] Illegal string offset 'content' D:\wamp\www\myCMS\Application\Runtime\Cache\Home\e292c564f18d7016a203eaea9b9a5a99.php 第 51 行.
NOTIC: [2] Illegal string offset 'contact' D:\wamp\www\myCMS\Application\Runtime\Cache\Home\e292c564f18d7016a203eaea9b9a5a99.php 第 55 行.
NOTIC: [2] Illegal string offset 'sex' D:\wamp\www\myCMS\Application\Runtime\Cache\Home\e292c564f18d7016a203eaea9b9a5a99.php 第 58 行.
NOTIC: [2] Illegal string offset 'sex1' D:\wamp\www\myCMS\Application\Runtime\Cache\Home\e292c564f18d7016a203eaea9b9a5a99.php 第 59 行.
NOTIC: [2] Illegal string offset 'sex0' D:\wamp\www\myCMS\Application\Runtime\Cache\Home\e292c564f18d7016a203eaea9b9a5a99.php 第 59 行.
NOTIC: [2] Illegal string offset 'name' D:\wamp\www\myCMS\Application\Runtime\Cache\Home\e292c564f18d7016a203eaea9b9a5a99.php 第 62 行.
NOTIC: [2] Illegal string offset 'address' D:\wamp\www\myCMS\Application\Runtime\Cache\Home\e292c564f18d7016a203eaea9b9a5a99.php 第 66 行.
NOTIC: [2] Illegal string offset 'tel' D:\wamp\www\myCMS\Application\Runtime\Cache\Home\e292c564f18d7016a203eaea9b9a5a99.php 第 70 行.
NOTIC: [2] Illegal string offset 'mobile' D:\wamp\www\myCMS\Application\Runtime\Cache\Home\e292c564f18d7016a203eaea9b9a5a99.php 第 74 行.
NOTIC: [2] Illegal string offset 'fax' D:\wamp\www\myCMS\Application\Runtime\Cache\Home\e292c564f18d7016a203eaea9b9a5a99.php 第 78 行.
NOTIC: [2] Illegal string offset 'company' D:\wamp\www\myCMS\Application\Runtime\Cache\Home\e292c564f18d7016a203eaea9b9a5a99.php 第 82 行.
NOTIC: [2] Illegal string offset 'email' D:\wamp\www\myCMS\Application\Runtime\Cache\Home\e292c564f18d7016a203eaea9b9a5a99.php 第 86 行.
NOTIC: [2] Illegal string offset 'home' D:\wamp\www\myCMS\Application\Runtime\Cache\Home\e292c564f18d7016a203eaea9b9a5a99.php 第 90 行.
NOTIC: [8] Use of undefined constant LANG_SET - assumed 'LANG_SET' D:\wamp\www\myCMS\Application\Runtime\Cache\Home\e292c564f18d7016a203eaea9b9a5a99.php 第 97 行.
NOTIC: [2] Illegal string offset 'go' D:\wamp\www\myCMS\Application\Runtime\Cache\Home\e292c564f18d7016a203eaea9b9a5a99.php 第 98 行.
NOTIC: [2] Illegal string offset 'reset' D:\wamp\www\myCMS\Application\Runtime\Cache\Home\e292c564f18d7016a203eaea9b9a5a99.php 第 99 行.
INFO: Run Behavior\ParseTemplateBehavior [ RunTime:0.005000s ]
INFO: [ view_parse ] --END-- [ RunTime:0.005000s ]
INFO: [ view_filter ] --START--
INFO: Run Behavior\WriteHtmlCacheBehavior [ RunTime:0.001001s ]
INFO: [ view_filter ] --END-- [ RunTime:0.001001s ]
INFO: Run GuestBook [ RunTime:0.008001s ]
INFO: [ HomeBookList ] --END-- [ RunTime:0.008001s ]
INFO: Run Behavior\ParseTemplateBehavior [ RunTime:0.007001s ]
INFO: [ view_parse ] --END-- [ RunTime:0.005000s ]
INFO: [ view_filter ] --START--
INFO: Run Behavior\WriteHtmlCacheBehavior [ RunTime:0.000000s ]
INFO: [ view_filter ] --END-- [ RunTime:-0.001000s ]
NOTIC: [8] Undefined variable: result D:\wamp\www\myCMS\ThinkPHP\Library\Think\Hook.class.php 第 103 行.
NOTIC: [8] Undefined variable: result D:\wamp\www\myCMS\ThinkPHP\Library\Think\Hook.class.php 第 103 行.
INFO: [ app_end ] --START--
INFO: Run Behavior\ShowPageTraceBehavior [ RunTime:0.001000s ]
INFO: [ app_end ] --END-- [ RunTime:0.001000s ]

[ 2015-12-09T10:12:38+08:00 ] ::1 /myCMS/GuestBook/index.html
INFO: [ app_init ] --START--
INFO: Run Behavior\BuildLiteBehavior [ RunTime:0.000000s ]
INFO: [ app_init ] --END-- [ RunTime:0.001000s ]
NOTIC: [8] Undefined variable: result D:\wamp\www\myCMS\ThinkPHP\Library\Think\Hook.class.php 第 103 行.
NOTIC: [8] Undefined variable: result D:\wamp\www\myCMS\ThinkPHP\Library\Think\Hook.class.php 第 103 行.
NOTIC: [8] Undefined variable: result D:\wamp\www\myCMS\ThinkPHP\Library\Think\Hook.class.php 第 103 行.
INFO: [ app_begin ] --START--
INFO: Run Behavior\ReadHtmlCacheBehavior [ RunTime:0.000000s ]
INFO: Run Behavior\CheckLangBehavior [ RunTime:0.001000s ]
INFO: Run Common\Behavior\InitHookBehavior [ RunTime:0.002000s ]
INFO: [ app_begin ] --END-- [ RunTime:0.004000s ]
NOTIC: [8] Undefined variable: result D:\wamp\www\myCMS\ThinkPHP\Library\Think\Hook.class.php 第 103 行.
NOTIC: [8] Undefined variable: result D:\wamp\www\myCMS\ThinkPHP\Library\Think\Hook.class.php 第 103 行.
INFO: [ view_parse ] --START--
INFO: [ template_filter ] --START--
INFO: Run Behavior\ContentReplaceBehavior [ RunTime:0.000000s ]
INFO: [ template_filter ] --END-- [ RunTime:0.000000s ]
INFO: [ HomeBookList ] --START--
INFO: [ view_parse ] --START--
INFO: [ template_filter ] --START--
INFO: Run Behavior\ContentReplaceBehavior [ RunTime:0.001000s ]
INFO: [ template_filter ] --END-- [ RunTime:-0.005000s ]
NOTIC: [2] Illegal string offset 'tip' D:\wamp\www\myCMS\Application\Runtime\Cache\Home\e292c564f18d7016a203eaea9b9a5a99.php 第 44 行.
NOTIC: [2] Illegal string offset 'title' D:\wamp\www\myCMS\Application\Runtime\Cache\Home\e292c564f18d7016a203eaea9b9a5a99.php 第 47 行.
NOTIC: [2] Illegal string offset 'content' D:\wamp\www\myCMS\Application\Runtime\Cache\Home\e292c564f18d7016a203eaea9b9a5a99.php 第 51 行.
NOTIC: [2] Illegal string offset 'contact' D:\wamp\www\myCMS\Application\Runtime\Cache\Home\e292c564f18d7016a203eaea9b9a5a99.php 第 55 行.
NOTIC: [2] Illegal string offset 'sex' D:\wamp\www\myCMS\Application\Runtime\Cache\Home\e292c564f18d7016a203eaea9b9a5a99.php 第 58 行.
NOTIC: [2] Illegal string offset 'sex1' D:\wamp\www\myCMS\Application\Runtime\Cache\Home\e292c564f18d7016a203eaea9b9a5a99.php 第 59 行.
NOTIC: [2] Illegal string offset 'sex0' D:\wamp\www\myCMS\Application\Runtime\Cache\Home\e292c564f18d7016a203eaea9b9a5a99.php 第 59 行.
NOTIC: [2] Illegal string offset 'name' D:\wamp\www\myCMS\Application\Runtime\Cache\Home\e292c564f18d7016a203eaea9b9a5a99.php 第 62 行.
NOTIC: [2] Illegal string offset 'address' D:\wamp\www\myCMS\Application\Runtime\Cache\Home\e292c564f18d7016a203eaea9b9a5a99.php 第 66 行.
NOTIC: [2] Illegal string offset 'tel' D:\wamp\www\myCMS\Application\Runtime\Cache\Home\e292c564f18d7016a203eaea9b9a5a99.php 第 70 行.
NOTIC: [2] Illegal string offset 'mobile' D:\wamp\www\myCMS\Application\Runtime\Cache\Home\e292c564f18d7016a203eaea9b9a5a99.php 第 74 行.
NOTIC: [2] Illegal string offset 'fax' D:\wamp\www\myCMS\Application\Runtime\Cache\Home\e292c564f18d7016a203eaea9b9a5a99.php 第 78 行.
NOTIC: [2] Illegal string offset 'company' D:\wamp\www\myCMS\Application\Runtime\Cache\Home\e292c564f18d7016a203eaea9b9a5a99.php 第 82 行.
NOTIC: [2] Illegal string offset 'email' D:\wamp\www\myCMS\Application\Runtime\Cache\Home\e292c564f18d7016a203eaea9b9a5a99.php 第 86 行.
NOTIC: [2] Illegal string offset 'home' D:\wamp\www\myCMS\Application\Runtime\Cache\Home\e292c564f18d7016a203eaea9b9a5a99.php 第 90 行.
NOTIC: [8] Use of undefined constant LANG_SET - assumed 'LANG_SET' D:\wamp\www\myCMS\Application\Runtime\Cache\Home\e292c564f18d7016a203eaea9b9a5a99.php 第 97 行.
NOTIC: [2] Illegal string offset 'go' D:\wamp\www\myCMS\Application\Runtime\Cache\Home\e292c564f18d7016a203eaea9b9a5a99.php 第 98 行.
NOTIC: [2] Illegal string offset 'reset' D:\wamp\www\myCMS\Application\Runtime\Cache\Home\e292c564f18d7016a203eaea9b9a5a99.php 第 99 行.
INFO: Run Behavior\ParseTemplateBehavior [ RunTime:0.005000s ]
INFO: [ view_parse ] --END-- [ RunTime:0.005000s ]
INFO: [ view_filter ] --START--
INFO: Run Behavior\WriteHtmlCacheBehavior [ RunTime:0.001000s ]
INFO: [ view_filter ] --END-- [ RunTime:0.001000s ]
INFO: Run GuestBook [ RunTime:0.007000s ]
INFO: [ HomeBookList ] --END-- [ RunTime:0.007000s ]
INFO: Run Behavior\ParseTemplateBehavior [ RunTime:0.006000s ]
INFO: [ view_parse ] --END-- [ RunTime:0.005000s ]
INFO: [ view_filter ] --START--
INFO: Run Behavior\WriteHtmlCacheBehavior [ RunTime:0.000000s ]
INFO: [ view_filter ] --END-- [ RunTime:0.000000s ]
NOTIC: [8] Undefined variable: result D:\wamp\www\myCMS\ThinkPHP\Library\Think\Hook.class.php 第 103 行.
NOTIC: [8] Undefined variable: result D:\wamp\www\myCMS\ThinkPHP\Library\Think\Hook.class.php 第 103 行.
INFO: [ app_end ] --START--
INFO: Run Behavior\ShowPageTraceBehavior [ RunTime:0.001000s ]
INFO: [ app_end ] --END-- [ RunTime:0.001000s ]

[ 2015-12-09T10:13:43+08:00 ] ::1 /myCMS/GuestBook/index.html
INFO: [ app_init ] --START--
INFO: Run Behavior\BuildLiteBehavior [ RunTime:0.000000s ]
INFO: [ app_init ] --END-- [ RunTime:0.000000s ]
NOTIC: [8] Undefined variable: result D:\wamp\www\myCMS\ThinkPHP\Library\Think\Hook.class.php 第 103 行.
NOTIC: [8] Undefined variable: result D:\wamp\www\myCMS\ThinkPHP\Library\Think\Hook.class.php 第 103 行.
NOTIC: [8] Undefined variable: result D:\wamp\www\myCMS\ThinkPHP\Library\Think\Hook.class.php 第 103 行.
INFO: [ app_begin ] --START--
INFO: Run Behavior\ReadHtmlCacheBehavior [ RunTime:0.001000s ]
INFO: Run Behavior\CheckLangBehavior [ RunTime:0.001000s ]
INFO: Run Common\Behavior\InitHookBehavior [ RunTime:0.002001s ]
INFO: [ app_begin ] --END-- [ RunTime:0.004001s ]
NOTIC: [8] Undefined variable: result D:\wamp\www\myCMS\ThinkPHP\Library\Think\Hook.class.php 第 103 行.
NOTIC: [8] Undefined variable: result D:\wamp\www\myCMS\ThinkPHP\Library\Think\Hook.class.php 第 103 行.
INFO: [ view_parse ] --START--
INFO: [ template_filter ] --START--
INFO: Run Behavior\ContentReplaceBehavior [ RunTime:0.000000s ]
INFO: [ template_filter ] --END-- [ RunTime:0.000000s ]
INFO: [ HomeBookList ] --START--
INFO: [ view_parse ] --START--
INFO: [ template_filter ] --START--
INFO: Run Behavior\ContentReplaceBehavior [ RunTime:0.000000s ]
INFO: [ template_filter ] --END-- [ RunTime:-0.006000s ]
NOTIC: [2] Illegal string offset 'tip' D:\wamp\www\myCMS\Application\Runtime\Cache\Home\e292c564f18d7016a203eaea9b9a5a99.php 第 44 行.
NOTIC: [2] Illegal string offset 'title' D:\wamp\www\myCMS\Application\Runtime\Cache\Home\e292c564f18d7016a203eaea9b9a5a99.php 第 47 行.
NOTIC: [2] Illegal string offset 'content' D:\wamp\www\myCMS\Application\Runtime\Cache\Home\e292c564f18d7016a203eaea9b9a5a99.php 第 51 行.
NOTIC: [2] Illegal string offset 'contact' D:\wamp\www\myCMS\Application\Runtime\Cache\Home\e292c564f18d7016a203eaea9b9a5a99.php 第 55 行.
NOTIC: [2] Illegal string offset 'sex' D:\wamp\www\myCMS\Application\Runtime\Cache\Home\e292c564f18d7016a203eaea9b9a5a99.php 第 58 行.
NOTIC: [2] Illegal string offset 'sex1' D:\wamp\www\myCMS\Application\Runtime\Cache\Home\e292c564f18d7016a203eaea9b9a5a99.php 第 59 行.
NOTIC: [2] Illegal string offset 'sex0' D:\wamp\www\myCMS\Application\Runtime\Cache\Home\e292c564f18d7016a203eaea9b9a5a99.php 第 59 行.
NOTIC: [2] Illegal string offset 'name' D:\wamp\www\myCMS\Application\Runtime\Cache\Home\e292c564f18d7016a203eaea9b9a5a99.php 第 62 行.
NOTIC: [2] Illegal string offset 'address' D:\wamp\www\myCMS\Application\Runtime\Cache\Home\e292c564f18d7016a203eaea9b9a5a99.php 第 66 行.
NOTIC: [2] Illegal string offset 'tel' D:\wamp\www\myCMS\Application\Runtime\Cache\Home\e292c564f18d7016a203eaea9b9a5a99.php 第 70 行.
NOTIC: [2] Illegal string offset 'mobile' D:\wamp\www\myCMS\Application\Runtime\Cache\Home\e292c564f18d7016a203eaea9b9a5a99.php 第 74 行.
NOTIC: [2] Illegal string offset 'fax' D:\wamp\www\myCMS\Application\Runtime\Cache\Home\e292c564f18d7016a203eaea9b9a5a99.php 第 78 行.
NOTIC: [2] Illegal string offset 'company' D:\wamp\www\myCMS\Application\Runtime\Cache\Home\e292c564f18d7016a203eaea9b9a5a99.php 第 82 行.
NOTIC: [2] Illegal string offset 'email' D:\wamp\www\myCMS\Application\Runtime\Cache\Home\e292c564f18d7016a203eaea9b9a5a99.php 第 86 行.
NOTIC: [2] Illegal string offset 'home' D:\wamp\www\myCMS\Application\Runtime\Cache\Home\e292c564f18d7016a203eaea9b9a5a99.php 第 90 行.
NOTIC: [8] Use of undefined constant LANG_SET - assumed 'LANG_SET' D:\wamp\www\myCMS\Application\Runtime\Cache\Home\e292c564f18d7016a203eaea9b9a5a99.php 第 97 行.
NOTIC: [2] Illegal string offset 'go' D:\wamp\www\myCMS\Application\Runtime\Cache\Home\e292c564f18d7016a203eaea9b9a5a99.php 第 98 行.
NOTIC: [2] Illegal string offset 'reset' D:\wamp\www\myCMS\Application\Runtime\Cache\Home\e292c564f18d7016a203eaea9b9a5a99.php 第 99 行.
INFO: Run Behavior\ParseTemplateBehavior [ RunTime:0.005001s ]
INFO: [ view_parse ] --END-- [ RunTime:0.005001s ]
INFO: [ view_filter ] --START--
INFO: Run Behavior\WriteHtmlCacheBehavior [ RunTime:0.000000s ]
INFO: [ view_filter ] --END-- [ RunTime:0.000000s ]
INFO: Run GuestBook [ RunTime:0.007001s ]
INFO: [ HomeBookList ] --END-- [ RunTime:0.007001s ]
INFO: Run Behavior\ParseTemplateBehavior [ RunTime:0.005001s ]
INFO: [ view_parse ] --END-- [ RunTime:0.005001s ]
INFO: [ view_filter ] --START--
INFO: Run Behavior\WriteHtmlCacheBehavior [ RunTime:0.000000s ]
INFO: [ view_filter ] --END-- [ RunTime:-0.001000s ]
NOTIC: [8] Undefined variable: result D:\wamp\www\myCMS\ThinkPHP\Library\Think\Hook.class.php 第 103 行.
NOTIC: [8] Undefined variable: result D:\wamp\www\myCMS\ThinkPHP\Library\Think\Hook.class.php 第 103 行.
INFO: [ app_end ] --START--
INFO: Run Behavior\ShowPageTraceBehavior [ RunTime:0.000000s ]
INFO: [ app_end ] --END-- [ RunTime:0.000000s ]

[ 2015-12-09T10:16:48+08:00 ] ::1 /myCMS/skin/green/skin.css
INFO: [ app_init ] --START--
INFO: Run Behavior\BuildLiteBehavior [ RunTime:0.000000s ]
INFO: [ app_init ] --END-- [ RunTime:0.001000s ]
NOTIC: [8] Undefined variable: result D:\wamp\www\myCMS\ThinkPHP\Library\Think\Hook.class.php 第 103 行.
NOTIC: [8] Undefined variable: result D:\wamp\www\myCMS\ThinkPHP\Library\Think\Hook.class.php 第 103 行.
NOTIC: [8] Undefined variable: result D:\wamp\www\myCMS\ThinkPHP\Library\Think\Hook.class.php 第 103 行.
INFO: [ app_begin ] --START--
INFO: Run Behavior\ReadHtmlCacheBehavior [ RunTime:0.001000s ]
INFO: Run Behavior\CheckLangBehavior [ RunTime:0.000000s ]
INFO: Run Common\Behavior\InitHookBehavior [ RunTime:0.002000s ]
INFO: [ app_begin ] --END-- [ RunTime:0.004000s ]
ERR: 无法加载控制器:Skin

[ 2015-12-09T10:24:14+08:00 ] ::1 /myCMS/skin/green/skin.css
INFO: [ app_init ] --START--
INFO: Run Behavior\BuildLiteBehavior [ RunTime:0.000000s ]
INFO: [ app_init ] --END-- [ RunTime:0.001000s ]
NOTIC: [8] Undefined variable: result D:\wamp\www\myCMS\ThinkPHP\Library\Think\Hook.class.php 第 103 行.
NOTIC: [8] Undefined variable: result D:\wamp\www\myCMS\ThinkPHP\Library\Think\Hook.class.php 第 103 行.
NOTIC: [8] Undefined variable: result D:\wamp\www\myCMS\ThinkPHP\Library\Think\Hook.class.php 第 103 行.
INFO: [ app_begin ] --START--
INFO: Run Behavior\ReadHtmlCacheBehavior [ RunTime:0.000000s ]
INFO: Run Behavior\CheckLangBehavior [ RunTime:0.001000s ]
INFO: Run Common\Behavior\InitHookBehavior [ RunTime:0.002000s ]
INFO: [ app_begin ] --END-- [ RunTime:0.003000s ]
ERR: 无法加载控制器:Skin

[ 2015-12-09T10:44:29+08:00 ] ::1 /myCMS/skin/blue/skin.css
INFO: [ app_init ] --START--
INFO: Run Behavior\BuildLiteBehavior [ RunTime:0.001000s ]
INFO: [ app_init ] --END-- [ RunTime:0.002000s ]
NOTIC: [8] Undefined variable: result D:\wamp\www\myCMS\ThinkPHP\Library\Think\Hook.class.php 第 103 行.
NOTIC: [8] Undefined variable: result D:\wamp\www\myCMS\ThinkPHP\Library\Think\Hook.class.php 第 103 行.
NOTIC: [8] Undefined variable: result D:\wamp\www\myCMS\ThinkPHP\Library\Think\Hook.class.php 第 103 行.
INFO: [ app_begin ] --START--
INFO: Run Behavior\ReadHtmlCacheBehavior [ RunTime:0.000000s ]
INFO: Run Behavior\CheckLangBehavior [ RunTime:0.000000s ]
INFO: Run Common\Behavior\InitHookBehavior [ RunTime:0.003000s ]
INFO: [ app_begin ] --END-- [ RunTime:0.005000s ]
ERR: 无法加载控制器:Skin

[ 2015-12-09T10:44:30+08:00 ] ::1 /myCMS/skin/blue/skin.css
INFO: [ app_init ] --START--
INFO: Run Behavior\BuildLiteBehavior [ RunTime:0.000000s ]
INFO: [ app_init ] --END-- [ RunTime:0.001000s ]
NOTIC: [8] Undefined variable: result D:\wamp\www\myCMS\ThinkPHP\Library\Think\Hook.class.php 第 103 行.
NOTIC: [8] Undefined variable: result D:\wamp\www\myCMS\ThinkPHP\Library\Think\Hook.class.php 第 103 行.
NOTIC: [8] Undefined variable: result D:\wamp\www\myCMS\ThinkPHP\Library\Think\Hook.class.php 第 103 行.
INFO: [ app_begin ] --START--
INFO: Run Behavior\ReadHtmlCacheBehavior [ RunTime:0.001000s ]
INFO: Run Behavior\CheckLangBehavior [ RunTime:0.001000s ]
INFO: Run Common\Behavior\InitHookBehavior [ RunTime:0.003000s ]
INFO: [ app_begin ] --END-- [ RunTime:0.005000s ]
ERR: 无法加载控制器:Skin

[ 2015-12-09T10:44:31+08:00 ] ::1 /myCMS/skin/blue/skin.css
INFO: [ app_init ] --START--
INFO: Run Behavior\BuildLiteBehavior [ RunTime:0.000000s ]
INFO: [ app_init ] --END-- [ RunTime:0.000000s ]
NOTIC: [8] Undefined variable: result D:\wamp\www\myCMS\ThinkPHP\Library\Think\Hook.class.php 第 103 行.
NOTIC: [8] Undefined variable: result D:\wamp\www\myCMS\ThinkPHP\Library\Think\Hook.class.php 第 103 行.
NOTIC: [8] Undefined variable: result D:\wamp\www\myCMS\ThinkPHP\Library\Think\Hook.class.php 第 103 行.
INFO: [ app_begin ] --START--
INFO: Run Behavior\ReadHtmlCacheBehavior [ RunTime:0.001000s ]
INFO: Run Behavior\CheckLangBehavior [ RunTime:0.000000s ]
INFO: Run Common\Behavior\InitHookBehavior [ RunTime:0.003001s ]
INFO: [ app_begin ] --END-- [ RunTime:0.004001s ]
ERR: 无法加载控制器:Skin

[ 2015-12-09T10:44:32+08:00 ] ::1 /myCMS/skin/blue/skin.css
INFO: [ app_init ] --START--
INFO: Run Behavior\BuildLiteBehavior [ RunTime:0.000000s ]
INFO: [ app_init ] --END-- [ RunTime:0.001000s ]
NOTIC: [8] Undefined variable: result D:\wamp\www\myCMS\ThinkPHP\Library\Think\Hook.class.php 第 103 行.
NOTIC: [8] Undefined variable: result D:\wamp\www\myCMS\ThinkPHP\Library\Think\Hook.class.php 第 103 行.
NOTIC: [8] Undefined variable: result D:\wamp\www\myCMS\ThinkPHP\Library\Think\Hook.class.php 第 103 行.
INFO: [ app_begin ] --START--
INFO: Run Behavior\ReadHtmlCacheBehavior [ RunTime:0.000000s ]
INFO: Run Behavior\CheckLangBehavior [ RunTime:0.001000s ]
INFO: Run Common\Behavior\InitHookBehavior [ RunTime:0.001000s ]
INFO: [ app_begin ] --END-- [ RunTime:0.002000s ]
ERR: 无法加载控制器:Skin

[ 2015-12-09T10:44:34+08:00 ] ::1 /myCMS/skin/blue/skin.css
INFO: [ app_init ] --START--
INFO: Run Behavior\BuildLiteBehavior [ RunTime:0.000000s ]
INFO: [ app_init ] --END-- [ RunTime:0.000000s ]
NOTIC: [8] Undefined variable: result D:\wamp\www\myCMS\ThinkPHP\Library\Think\Hook.class.php 第 103 行.
NOTIC: [8] Undefined variable: result D:\wamp\www\myCMS\ThinkPHP\Library\Think\Hook.class.php 第 103 行.
NOTIC: [8] Undefined variable: result D:\wamp\www\myCMS\ThinkPHP\Library\Think\Hook.class.php 第 103 行.
INFO: [ app_begin ] --START--
INFO: Run Behavior\ReadHtmlCacheBehavior [ RunTime:0.000000s ]
INFO: Run Behavior\CheckLangBehavior [ RunTime:0.001000s ]
INFO: Run Common\Behavior\InitHookBehavior [ RunTime:0.002000s ]
INFO: [ app_begin ] --END-- [ RunTime:0.003000s ]
ERR: 无法加载控制器:Skin

[ 2015-12-09T10:44:35+08:00 ] ::1 /myCMS/skin/blue/skin.css
INFO: [ app_init ] --START--
INFO: Run Behavior\BuildLiteBehavior [ RunTime:0.000000s ]
INFO: [ app_init ] --END-- [ RunTime:0.001000s ]
NOTIC: [8] Undefined variable: result D:\wamp\www\myCMS\ThinkPHP\Library\Think\Hook.class.php 第 103 行.
NOTIC: [8] Undefined variable: result D:\wamp\www\myCMS\ThinkPHP\Library\Think\Hook.class.php 第 103 行.
NOTIC: [8] Undefined variable: result D:\wamp\www\myCMS\ThinkPHP\Library\Think\Hook.class.php 第 103 行.
INFO: [ app_begin ] --START--
INFO: Run Behavior\ReadHtmlCacheBehavior [ RunTime:0.000000s ]
INFO: Run Behavior\CheckLangBehavior [ RunTime:0.001001s ]
INFO: Run Common\Behavior\InitHookBehavior [ RunTime:0.002000s ]
INFO: [ app_begin ] --END-- [ RunTime:0.003001s ]
ERR: 无法加载控制器:Skin

[ 2015-12-09T10:45:20+08:00 ] ::1 /myCMS/skin/blue/skin.css
INFO: [ app_init ] --START--
INFO: Run Behavior\BuildLiteBehavior [ RunTime:0.000000s ]
INFO: [ app_init ] --END-- [ RunTime:0.001000s ]
NOTIC: [8] Undefined variable: result D:\wamp\www\myCMS\ThinkPHP\Library\Think\Hook.class.php 第 103 行.
NOTIC: [8] Undefined variable: result D:\wamp\www\myCMS\ThinkPHP\Library\Think\Hook.class.php 第 103 行.
NOTIC: [8] Undefined variable: result D:\wamp\www\myCMS\ThinkPHP\Library\Think\Hook.class.php 第 103 行.
INFO: [ app_begin ] --START--
INFO: Run Behavior\ReadHtmlCacheBehavior [ RunTime:0.001000s ]
INFO: Run Behavior\CheckLangBehavior [ RunTime:0.000000s ]
INFO: Run Common\Behavior\InitHookBehavior [ RunTime:0.002000s ]
INFO: [ app_begin ] --END-- [ RunTime:0.003000s ]
ERR: 无法加载控制器:Skin

[ 2015-12-09T10:45:24+08:00 ] ::1 /myCMS/skin/blue/skin.css
INFO: [ app_init ] --START--
INFO: Run Behavior\BuildLiteBehavior [ RunTime:0.000000s ]
INFO: [ app_init ] --END-- [ RunTime:0.000000s ]
NOTIC: [8] Undefined variable: result D:\wamp\www\myCMS\ThinkPHP\Library\Think\Hook.class.php 第 103 行.
NOTIC: [8] Undefined variable: result D:\wamp\www\myCMS\ThinkPHP\Library\Think\Hook.class.php 第 103 行.
NOTIC: [8] Undefined variable: result D:\wamp\www\myCMS\ThinkPHP\Library\Think\Hook.class.php 第 103 行.
INFO: [ app_begin ] --START--
INFO: Run Behavior\ReadHtmlCacheBehavior [ RunTime:0.000000s ]
INFO: Run Behavior\CheckLangBehavior [ RunTime:0.001000s ]
INFO: Run Common\Behavior\InitHookBehavior [ RunTime:0.002000s ]
INFO: [ app_begin ] --END-- [ RunTime:0.003000s ]
ERR: 无法加载控制器:Skin

[ 2015-12-09T10:45:26+08:00 ] ::1 /myCMS/skin/blue/skin.css
INFO: [ app_init ] --START--
INFO: Run Behavior\BuildLiteBehavior [ RunTime:0.001000s ]
INFO: [ app_init ] --END-- [ RunTime:0.001000s ]
NOTIC: [8] Undefined variable: result D:\wamp\www\myCMS\ThinkPHP\Library\Think\Hook.class.php 第 103 行.
NOTIC: [8] Undefined variable: result D:\wamp\www\myCMS\ThinkPHP\Library\Think\Hook.class.php 第 103 行.
NOTIC: [8] Undefined variable: result D:\wamp\www\myCMS\ThinkPHP\Library\Think\Hook.class.php 第 103 行.
INFO: [ app_begin ] --START--
INFO: Run Behavior\ReadHtmlCacheBehavior [ RunTime:0.001001s ]
INFO: Run Behavior\CheckLangBehavior [ RunTime:0.000000s ]
INFO: Run Common\Behavior\InitHookBehavior [ RunTime:0.002000s ]
INFO: [ app_begin ] --END-- [ RunTime:0.004001s ]
ERR: 无法加载控制器:Skin

[ 2015-12-09T10:45:33+08:00 ] ::1 /myCMS/skin/blue/skin.css
INFO: [ app_init ] --START--
INFO: Run Behavior\BuildLiteBehavior [ RunTime:0.000000s ]
INFO: [ app_init ] --END-- [ RunTime:0.000000s ]
NOTIC: [8] Undefined variable: result D:\wamp\www\myCMS\ThinkPHP\Library\Think\Hook.class.php 第 103 行.
NOTIC: [8] Undefined variable: result D:\wamp\www\myCMS\ThinkPHP\Library\Think\Hook.class.php 第 103 行.
NOTIC: [8] Undefined variable: result D:\wamp\www\myCMS\ThinkPHP\Library\Think\Hook.class.php 第 103 行.
INFO: [ app_begin ] --START--
INFO: Run Behavior\ReadHtmlCacheBehavior [ RunTime:0.001000s ]
INFO: Run Behavior\CheckLangBehavior [ RunTime:0.000000s ]
INFO: Run Common\Behavior\InitHookBehavior [ RunTime:0.002000s ]
INFO: [ app_begin ] --END-- [ RunTime:0.003000s ]
ERR: 无法加载控制器:Skin

[ 2015-12-09T13:34:05+08:00 ] ::1 /myCMS/skin/blue/skin.css
INFO: [ app_init ] --START--
INFO: Run Behavior\BuildLiteBehavior [ RunTime:0.000000s ]
INFO: [ app_init ] --END-- [ RunTime:0.000000s ]
NOTIC: [8] Undefined variable: result D:\wamp\www\myCMS\ThinkPHP\Library\Think\Hook.class.php 第 103 行.
NOTIC: [8] Undefined variable: result D:\wamp\www\myCMS\ThinkPHP\Library\Think\Hook.class.php 第 103 行.
NOTIC: [8] Undefined variable: result D:\wamp\www\myCMS\ThinkPHP\Library\Think\Hook.class.php 第 103 行.
INFO: [ app_begin ] --START--
INFO: Run Behavior\ReadHtmlCacheBehavior [ RunTime:0.001000s ]
INFO: Run Behavior\CheckLangBehavior [ RunTime:0.000000s ]
INFO: Run Common\Behavior\InitHookBehavior [ RunTime:0.002000s ]
INFO: [ app_begin ] --END-- [ RunTime:0.003000s ]
ERR: 无法加载控制器:Skin

[ 2015-12-09T13:34:09+08:00 ] ::1 /myCMS/skin/blue/skin.css
INFO: [ app_init ] --START--
INFO: Run Behavior\BuildLiteBehavior [ RunTime:0.000000s ]
INFO: [ app_init ] --END-- [ RunTime:0.000000s ]
NOTIC: [8] Undefined variable: result D:\wamp\www\myCMS\ThinkPHP\Library\Think\Hook.class.php 第 103 行.
NOTIC: [8] Undefined variable: result D:\wamp\www\myCMS\ThinkPHP\Library\Think\Hook.class.php 第 103 行.
NOTIC: [8] Undefined variable: result D:\wamp\www\myCMS\ThinkPHP\Library\Think\Hook.class.php 第 103 行.
INFO: [ app_begin ] --START--
INFO: Run Behavior\ReadHtmlCacheBehavior [ RunTime:0.001000s ]
INFO: Run Behavior\CheckLangBehavior [ RunTime:0.000000s ]
INFO: Run Common\Behavior\InitHookBehavior [ RunTime:0.002000s ]
INFO: [ app_begin ] --END-- [ RunTime:0.004000s ]
ERR: 无法加载控制器:Skin

[ 2015-12-09T13:35:43+08:00 ] ::1 /myCMS/GuestBook/index.html
INFO: [ app_init ] --START--
INFO: Run Behavior\BuildLiteBehavior [ RunTime:0.000000s ]
INFO: [ app_init ] --END-- [ RunTime:0.000000s ]
NOTIC: [8] Undefined variable: result D:\wamp\www\myCMS\ThinkPHP\Library\Think\Hook.class.php 第 103 行.
NOTIC: [8] Undefined variable: result D:\wamp\www\myCMS\ThinkPHP\Library\Think\Hook.class.php 第 103 行.
NOTIC: [8] Undefined variable: result D:\wamp\www\myCMS\ThinkPHP\Library\Think\Hook.class.php 第 103 行.
INFO: [ app_begin ] --START--
INFO: Run Behavior\ReadHtmlCacheBehavior [ RunTime:0.000000s ]
INFO: Run Behavior\CheckLangBehavior [ RunTime:0.000000s ]
INFO: Run Common\Behavior\InitHookBehavior [ RunTime:0.002000s ]
INFO: [ app_begin ] --END-- [ RunTime:0.002000s ]
NOTIC: [8] Undefined variable: result D:\wamp\www\myCMS\ThinkPHP\Library\Think\Hook.class.php 第 103 行.
NOTIC: [8] Undefined variable: result D:\wamp\www\myCMS\ThinkPHP\Library\Think\Hook.class.php 第 103 行.
INFO: [ view_parse ] --START--
INFO: [ template_filter ] --START--
INFO: Run Behavior\ContentReplaceBehavior [ RunTime:0.000000s ]
INFO: [ template_filter ] --END-- [ RunTime:0.001001s ]
INFO: [ HomeBookList ] --START--
INFO: [ view_parse ] --START--
INFO: [ template_filter ] --START--
INFO: Run Behavior\ContentReplaceBehavior [ RunTime:0.000000s ]
INFO: [ template_filter ] --END-- [ RunTime:-0.005000s ]
NOTIC: [2] Illegal string offset 'tip' D:\wamp\www\myCMS\Application\Runtime\Cache\Home\e292c564f18d7016a203eaea9b9a5a99.php 第 44 行.
NOTIC: [2] Illegal string offset 'title' D:\wamp\www\myCMS\Application\Runtime\Cache\Home\e292c564f18d7016a203eaea9b9a5a99.php 第 47 行.
NOTIC: [2] Illegal string offset 'content' D:\wamp\www\myCMS\Application\Runtime\Cache\Home\e292c564f18d7016a203eaea9b9a5a99.php 第 51 行.
NOTIC: [2] Illegal string offset 'contact' D:\wamp\www\myCMS\Application\Runtime\Cache\Home\e292c564f18d7016a203eaea9b9a5a99.php 第 55 行.
NOTIC: [2] Illegal string offset 'sex' D:\wamp\www\myCMS\Application\Runtime\Cache\Home\e292c564f18d7016a203eaea9b9a5a99.php 第 58 行.
NOTIC: [2] Illegal string offset 'sex1' D:\wamp\www\myCMS\Application\Runtime\Cache\Home\e292c564f18d7016a203eaea9b9a5a99.php 第 59 行.
NOTIC: [2] Illegal string offset 'sex0' D:\wamp\www\myCMS\Application\Runtime\Cache\Home\e292c564f18d7016a203eaea9b9a5a99.php 第 59 行.
NOTIC: [2] Illegal string offset 'name' D:\wamp\www\myCMS\Application\Runtime\Cache\Home\e292c564f18d7016a203eaea9b9a5a99.php 第 62 行.
NOTIC: [2] Illegal string offset 'address' D:\wamp\www\myCMS\Application\Runtime\Cache\Home\e292c564f18d7016a203eaea9b9a5a99.php 第 66 行.
NOTIC: [2] Illegal string offset 'tel' D:\wamp\www\myCMS\Application\Runtime\Cache\Home\e292c564f18d7016a203eaea9b9a5a99.php 第 70 行.
NOTIC: [2] Illegal string offset 'mobile' D:\wamp\www\myCMS\Application\Runtime\Cache\Home\e292c564f18d7016a203eaea9b9a5a99.php 第 74 行.
NOTIC: [2] Illegal string offset 'fax' D:\wamp\www\myCMS\Application\Runtime\Cache\Home\e292c564f18d7016a203eaea9b9a5a99.php 第 78 行.
NOTIC: [2] Illegal string offset 'company' D:\wamp\www\myCMS\Application\Runtime\Cache\Home\e292c564f18d7016a203eaea9b9a5a99.php 第 82 行.
NOTIC: [2] Illegal string offset 'email' D:\wamp\www\myCMS\Application\Runtime\Cache\Home\e292c564f18d7016a203eaea9b9a5a99.php 第 86 行.
NOTIC: [2] Illegal string offset 'home' D:\wamp\www\myCMS\Application\Runtime\Cache\Home\e292c564f18d7016a203eaea9b9a5a99.php 第 90 行.
NOTIC: [8] Use of undefined constant LANG_SET - assumed 'LANG_SET' D:\wamp\www\myCMS\Application\Runtime\Cache\Home\e292c564f18d7016a203eaea9b9a5a99.php 第 97 行.
NOTIC: [2] Illegal string offset 'go' D:\wamp\www\myCMS\Application\Runtime\Cache\Home\e292c564f18d7016a203eaea9b9a5a99.php 第 98 行.
NOTIC: [2] Illegal string offset 'reset' D:\wamp\www\myCMS\Application\Runtime\Cache\Home\e292c564f18d7016a203eaea9b9a5a99.php 第 99 行.
INFO: Run Behavior\ParseTemplateBehavior [ RunTime:0.007000s ]
INFO: [ view_parse ] --END-- [ RunTime:0.007000s ]
INFO: [ view_filter ] --START--
INFO: Run Behavior\WriteHtmlCacheBehavior [ RunTime:0.001000s ]
INFO: [ view_filter ] --END-- [ RunTime:0.001000s ]
INFO: Run GuestBook [ RunTime:0.009000s ]
INFO: [ HomeBookList ] --END-- [ RunTime:0.009000s ]
INFO: Run Behavior\ParseTemplateBehavior [ RunTime:0.008000s ]
INFO: [ view_parse ] --END-- [ RunTime:0.007000s ]
INFO: [ view_filter ] --START--
INFO: Run Behavior\WriteHtmlCacheBehavior [ RunTime:0.000000s ]
INFO: [ view_filter ] --END-- [ RunTime:0.000000s ]
NOTIC: [8] Undefined variable: result D:\wamp\www\myCMS\ThinkPHP\Library\Think\Hook.class.php 第 103 行.
NOTIC: [8] Undefined variable: result D:\wamp\www\myCMS\ThinkPHP\Library\Think\Hook.class.php 第 103 行.
INFO: [ app_end ] --START--
INFO: Run Behavior\ShowPageTraceBehavior [ RunTime:0.001000s ]
INFO: [ app_end ] --END-- [ RunTime:0.001000s ]

[ 2015-12-09T13:36:37+08:00 ] ::1 /myCMS/GuestBook/index.html
INFO: [ app_init ] --START--
INFO: Run Behavior\BuildLiteBehavior [ RunTime:0.000000s ]
INFO: [ app_init ] --END-- [ RunTime:0.001000s ]
NOTIC: [8] Undefined variable: result D:\wamp\www\myCMS\ThinkPHP\Library\Think\Hook.class.php 第 103 行.
NOTIC: [8] Undefined variable: result D:\wamp\www\myCMS\ThinkPHP\Library\Think\Hook.class.php 第 103 行.
NOTIC: [8] Undefined variable: result D:\wamp\www\myCMS\ThinkPHP\Library\Think\Hook.class.php 第 103 行.
INFO: [ app_begin ] --START--
INFO: Run Behavior\ReadHtmlCacheBehavior [ RunTime:0.001000s ]
INFO: Run Behavior\CheckLangBehavior [ RunTime:0.000000s ]
INFO: Run Common\Behavior\InitHookBehavior [ RunTime:0.002000s ]
INFO: [ app_begin ] --END-- [ RunTime:0.003000s ]
NOTIC: [8] Undefined variable: result D:\wamp\www\myCMS\ThinkPHP\Library\Think\Hook.class.php 第 103 行.
NOTIC: [8] Undefined variable: result D:\wamp\www\myCMS\ThinkPHP\Library\Think\Hook.class.php 第 103 行.
INFO: [ view_parse ] --START--
INFO: [ template_filter ] --START--
INFO: Run Behavior\ContentReplaceBehavior [ RunTime:0.000000s ]
INFO: [ template_filter ] --END-- [ RunTime:0.000000s ]
INFO: [ HomeBookList ] --START--
INFO: [ view_parse ] --START--
INFO: [ template_filter ] --START--
INFO: Run Behavior\ContentReplaceBehavior [ RunTime:0.001000s ]
INFO: [ template_filter ] --END-- [ RunTime:-0.004000s ]
NOTIC: [2] Illegal string offset 'tip' D:\wamp\www\myCMS\Application\Runtime\Cache\Home\e292c564f18d7016a203eaea9b9a5a99.php 第 44 行.
NOTIC: [2] Illegal string offset 'title' D:\wamp\www\myCMS\Application\Runtime\Cache\Home\e292c564f18d7016a203eaea9b9a5a99.php 第 47 行.
NOTIC: [2] Illegal string offset 'content' D:\wamp\www\myCMS\Application\Runtime\Cache\Home\e292c564f18d7016a203eaea9b9a5a99.php 第 51 行.
NOTIC: [2] Illegal string offset 'contact' D:\wamp\www\myCMS\Application\Runtime\Cache\Home\e292c564f18d7016a203eaea9b9a5a99.php 第 55 行.
NOTIC: [2] Illegal string offset 'sex' D:\wamp\www\myCMS\Application\Runtime\Cache\Home\e292c564f18d7016a203eaea9b9a5a99.php 第 58 行.
NOTIC: [2] Illegal string offset 'sex1' D:\wamp\www\myCMS\Application\Runtime\Cache\Home\e292c564f18d7016a203eaea9b9a5a99.php 第 59 行.
NOTIC: [2] Illegal string offset 'sex0' D:\wamp\www\myCMS\Application\Runtime\Cache\Home\e292c564f18d7016a203eaea9b9a5a99.php 第 59 行.
NOTIC: [2] Illegal string offset 'name' D:\wamp\www\myCMS\Application\Runtime\Cache\Home\e292c564f18d7016a203eaea9b9a5a99.php 第 62 行.
NOTIC: [2] Illegal string offset 'address' D:\wamp\www\myCMS\Application\Runtime\Cache\Home\e292c564f18d7016a203eaea9b9a5a99.php 第 66 行.
NOTIC: [2] Illegal string offset 'tel' D:\wamp\www\myCMS\Application\Runtime\Cache\Home\e292c564f18d7016a203eaea9b9a5a99.php 第 70 行.
NOTIC: [2] Illegal string offset 'mobile' D:\wamp\www\myCMS\Application\Runtime\Cache\Home\e292c564f18d7016a203eaea9b9a5a99.php 第 74 行.
NOTIC: [2] Illegal string offset 'fax' D:\wamp\www\myCMS\Application\Runtime\Cache\Home\e292c564f18d7016a203eaea9b9a5a99.php 第 78 行.
NOTIC: [2] Illegal string offset 'company' D:\wamp\www\myCMS\Application\Runtime\Cache\Home\e292c564f18d7016a203eaea9b9a5a99.php 第 82 行.
NOTIC: [2] Illegal string offset 'email' D:\wamp\www\myCMS\Application\Runtime\Cache\Home\e292c564f18d7016a203eaea9b9a5a99.php 第 86 行.
NOTIC: [2] Illegal string offset 'home' D:\wamp\www\myCMS\Application\Runtime\Cache\Home\e292c564f18d7016a203eaea9b9a5a99.php 第 90 行.
NOTIC: [8] Use of undefined constant LANG_SET - assumed 'LANG_SET' D:\wamp\www\myCMS\Application\Runtime\Cache\Home\e292c564f18d7016a203eaea9b9a5a99.php 第 97 行.
NOTIC: [2] Illegal string offset 'go' D:\wamp\www\myCMS\Application\Runtime\Cache\Home\e292c564f18d7016a203eaea9b9a5a99.php 第 98 行.
NOTIC: [2] Illegal string offset 'reset' D:\wamp\www\myCMS\Application\Runtime\Cache\Home\e292c564f18d7016a203eaea9b9a5a99.php 第 99 行.
INFO: Run Behavior\ParseTemplateBehavior [ RunTime:0.006000s ]
INFO: [ view_parse ] --END-- [ RunTime:0.006000s ]
INFO: [ view_filter ] --START--
INFO: Run Behavior\WriteHtmlCacheBehavior [ RunTime:0.001000s ]
INFO: [ view_filter ] --END-- [ RunTime:0.001000s ]
INFO: Run GuestBook [ RunTime:0.008000s ]
INFO: [ HomeBookList ] --END-- [ RunTime:0.008000s ]
INFO: Run Behavior\ParseTemplateBehavior [ RunTime:0.007000s ]
INFO: [ view_parse ] --END-- [ RunTime:0.006000s ]
INFO: [ view_filter ] --START--
INFO: Run Behavior\WriteHtmlCacheBehavior [ RunTime:0.000000s ]
INFO: [ view_filter ] --END-- [ RunTime:0.000000s ]
NOTIC: [8] Undefined variable: result D:\wamp\www\myCMS\ThinkPHP\Library\Think\Hook.class.php 第 103 行.
NOTIC: [8] Undefined variable: result D:\wamp\www\myCMS\ThinkPHP\Library\Think\Hook.class.php 第 103 行.
INFO: [ app_end ] --START--
INFO: Run Behavior\ShowPageTraceBehavior [ RunTime:0.001000s ]
INFO: [ app_end ] --END-- [ RunTime:0.001000s ]

[ 2015-12-09T15:32:46+08:00 ] ::1 /myCMS/GuestBook/index.html
INFO: [ app_init ] --START--
INFO: Run Behavior\BuildLiteBehavior [ RunTime:0.001000s ]
INFO: [ app_init ] --END-- [ RunTime:0.001000s ]
NOTIC: [8] Undefined variable: result D:\wamp\www\myCMS\ThinkPHP\Library\Think\Hook.class.php 第 103 行.
NOTIC: [8] Undefined variable: result D:\wamp\www\myCMS\ThinkPHP\Library\Think\Hook.class.php 第 103 行.
NOTIC: [8] Undefined variable: result D:\wamp\www\myCMS\ThinkPHP\Library\Think\Hook.class.php 第 103 行.
INFO: [ app_begin ] --START--
INFO: Run Behavior\ReadHtmlCacheBehavior [ RunTime:0.001000s ]
INFO: Run Behavior\CheckLangBehavior [ RunTime:0.001000s ]
INFO: Run Common\Behavior\InitHookBehavior [ RunTime:0.003000s ]
INFO: [ app_begin ] --END-- [ RunTime:0.005000s ]
NOTIC: [8] Undefined variable: result D:\wamp\www\myCMS\ThinkPHP\Library\Think\Hook.class.php 第 103 行.
NOTIC: [8] Undefined variable: result D:\wamp\www\myCMS\ThinkPHP\Library\Think\Hook.class.php 第 103 行.
INFO: [ view_parse ] --START--
INFO: [ template_filter ] --START--
INFO: Run Behavior\ContentReplaceBehavior [ RunTime:0.000000s ]
INFO: [ template_filter ] --END-- [ RunTime:0.000000s ]
INFO: [ HomeBookList ] --START--
INFO: [ view_parse ] --START--
INFO: [ template_filter ] --START--
INFO: Run Behavior\ContentReplaceBehavior [ RunTime:0.000000s ]
INFO: [ template_filter ] --END-- [ RunTime:-0.007000s ]
NOTIC: [2] Illegal string offset 'tip' D:\wamp\www\myCMS\Application\Runtime\Cache\Home\e292c564f18d7016a203eaea9b9a5a99.php 第 44 行.
NOTIC: [2] Illegal string offset 'title' D:\wamp\www\myCMS\Application\Runtime\Cache\Home\e292c564f18d7016a203eaea9b9a5a99.php 第 47 行.
NOTIC: [2] Illegal string offset 'content' D:\wamp\www\myCMS\Application\Runtime\Cache\Home\e292c564f18d7016a203eaea9b9a5a99.php 第 51 行.
NOTIC: [2] Illegal string offset 'contact' D:\wamp\www\myCMS\Application\Runtime\Cache\Home\e292c564f18d7016a203eaea9b9a5a99.php 第 55 行.
NOTIC: [2] Illegal string offset 'sex' D:\wamp\www\myCMS\Application\Runtime\Cache\Home\e292c564f18d7016a203eaea9b9a5a99.php 第 58 行.
NOTIC: [2] Illegal string offset 'sex1' D:\wamp\www\myCMS\Application\Runtime\Cache\Home\e292c564f18d7016a203eaea9b9a5a99.php 第 59 行.
NOTIC: [2] Illegal string offset 'sex0' D:\wamp\www\myCMS\Application\Runtime\Cache\Home\e292c564f18d7016a203eaea9b9a5a99.php 第 59 行.
NOTIC: [2] Illegal string offset 'name' D:\wamp\www\myCMS\Application\Runtime\Cache\Home\e292c564f18d7016a203eaea9b9a5a99.php 第 62 行.
NOTIC: [2] Illegal string offset 'address' D:\wamp\www\myCMS\Application\Runtime\Cache\Home\e292c564f18d7016a203eaea9b9a5a99.php 第 66 行.
NOTIC: [2] Illegal string offset 'tel' D:\wamp\www\myCMS\Application\Runtime\Cache\Home\e292c564f18d7016a203eaea9b9a5a99.php 第 70 行.
NOTIC: [2] Illegal string offset 'mobile' D:\wamp\www\myCMS\Application\Runtime\Cache\Home\e292c564f18d7016a203eaea9b9a5a99.php 第 74 行.
NOTIC: [2] Illegal string offset 'fax' D:\wamp\www\myCMS\Application\Runtime\Cache\Home\e292c564f18d7016a203eaea9b9a5a99.php 第 78 行.
NOTIC: [2] Illegal string offset 'company' D:\wamp\www\myCMS\Application\Runtime\Cache\Home\e292c564f18d7016a203eaea9b9a5a99.php 第 82 行.
NOTIC: [2] Illegal string offset 'email' D:\wamp\www\myCMS\Application\Runtime\Cache\Home\e292c564f18d7016a203eaea9b9a5a99.php 第 86 行.
NOTIC: [2] Illegal string offset 'home' D:\wamp\www\myCMS\Application\Runtime\Cache\Home\e292c564f18d7016a203eaea9b9a5a99.php 第 90 行.
NOTIC: [8] Use of undefined constant LANG_SET - assumed 'LANG_SET' D:\wamp\www\myCMS\Application\Runtime\Cache\Home\e292c564f18d7016a203eaea9b9a5a99.php 第 97 行.
NOTIC: [2] Illegal string offset 'go' D:\wamp\www\myCMS\Application\Runtime\Cache\Home\e292c564f18d7016a203eaea9b9a5a99.php 第 98 行.
NOTIC: [2] Illegal string offset 'reset' D:\wamp\www\myCMS\Application\Runtime\Cache\Home\e292c564f18d7016a203eaea9b9a5a99.php 第 99 行.
INFO: Run Behavior\ParseTemplateBehavior [ RunTime:0.006000s ]
INFO: [ view_parse ] --END-- [ RunTime:0.006000s ]
INFO: [ view_filter ] --START--
INFO: Run Behavior\WriteHtmlCacheBehavior [ RunTime:0.000000s ]
INFO: [ view_filter ] --END-- [ RunTime:0.000000s ]
INFO: Run GuestBook [ RunTime:0.008000s ]
INFO: [ HomeBookList ] --END-- [ RunTime:0.008000s ]
INFO: Run Behavior\ParseTemplateBehavior [ RunTime:0.007000s ]
INFO: [ view_parse ] --END-- [ RunTime:0.006000s ]
INFO: [ view_filter ] --START--
INFO: Run Behavior\WriteHtmlCacheBehavior [ RunTime:0.000000s ]
INFO: [ view_filter ] --END-- [ RunTime:-0.001000s ]
NOTIC: [8] Undefined variable: result D:\wamp\www\myCMS\ThinkPHP\Library\Think\Hook.class.php 第 103 行.
NOTIC: [8] Undefined variable: result D:\wamp\www\myCMS\ThinkPHP\Library\Think\Hook.class.php 第 103 行.
INFO: [ app_end ] --START--
INFO: Run Behavior\ShowPageTraceBehavior [ RunTime:0.001000s ]
INFO: [ app_end ] --END-- [ RunTime:0.001000s ]

[ 2015-12-09T15:35:40+08:00 ] ::1 /myCMS/GuestBook/index.html
INFO: [ app_init ] --START--
INFO: Run Behavior\BuildLiteBehavior [ RunTime:0.000000s ]
INFO: [ app_init ] --END-- [ RunTime:0.000000s ]
NOTIC: [8] Undefined variable: result D:\wamp\www\myCMS\ThinkPHP\Library\Think\Hook.class.php 第 103 行.
NOTIC: [8] Undefined variable: result D:\wamp\www\myCMS\ThinkPHP\Library\Think\Hook.class.php 第 103 行.
NOTIC: [8] Undefined variable: result D:\wamp\www\myCMS\ThinkPHP\Library\Think\Hook.class.php 第 103 行.
INFO: [ app_begin ] --START--
INFO: Run Behavior\ReadHtmlCacheBehavior [ RunTime:0.001000s ]
INFO: Run Behavior\CheckLangBehavior [ RunTime:0.000000s ]
INFO: Run Common\Behavior\InitHookBehavior [ RunTime:0.002000s ]
INFO: [ app_begin ] --END-- [ RunTime:0.004000s ]
NOTIC: [8] Undefined variable: result D:\wamp\www\myCMS\ThinkPHP\Library\Think\Hook.class.php 第 103 行.
NOTIC: [8] Undefined variable: result D:\wamp\www\myCMS\ThinkPHP\Library\Think\Hook.class.php 第 103 行.
INFO: [ view_parse ] --START--
INFO: [ template_filter ] --START--
INFO: Run Behavior\ContentReplaceBehavior [ RunTime:0.000000s ]
INFO: [ template_filter ] --END-- [ RunTime:0.000000s ]
INFO: [ HomeBookList ] --START--
INFO: [ view_parse ] --START--
INFO: [ template_filter ] --START--
INFO: Run Behavior\ContentReplaceBehavior [ RunTime:0.001001s ]
INFO: [ template_filter ] --END-- [ RunTime:-0.005000s ]
NOTIC: [2] Illegal string offset 'tip' D:\wamp\www\myCMS\Application\Runtime\Cache\Home\e292c564f18d7016a203eaea9b9a5a99.php 第 44 行.
NOTIC: [2] Illegal string offset 'title' D:\wamp\www\myCMS\Application\Runtime\Cache\Home\e292c564f18d7016a203eaea9b9a5a99.php 第 47 行.
NOTIC: [2] Illegal string offset 'content' D:\wamp\www\myCMS\Application\Runtime\Cache\Home\e292c564f18d7016a203eaea9b9a5a99.php 第 51 行.
NOTIC: [2] Illegal string offset 'contact' D:\wamp\www\myCMS\Application\Runtime\Cache\Home\e292c564f18d7016a203eaea9b9a5a99.php 第 55 行.
NOTIC: [2] Illegal string offset 'sex' D:\wamp\www\myCMS\Application\Runtime\Cache\Home\e292c564f18d7016a203eaea9b9a5a99.php 第 58 行.
NOTIC: [2] Illegal string offset 'sex1' D:\wamp\www\myCMS\Application\Runtime\Cache\Home\e292c564f18d7016a203eaea9b9a5a99.php 第 59 行.
NOTIC: [2] Illegal string offset 'sex0' D:\wamp\www\myCMS\Application\Runtime\Cache\Home\e292c564f18d7016a203eaea9b9a5a99.php 第 59 行.
NOTIC: [2] Illegal string offset 'name' D:\wamp\www\myCMS\Application\Runtime\Cache\Home\e292c564f18d7016a203eaea9b9a5a99.php 第 62 行.
NOTIC: [2] Illegal string offset 'address' D:\wamp\www\myCMS\Application\Runtime\Cache\Home\e292c564f18d7016a203eaea9b9a5a99.php 第 66 行.
NOTIC: [2] Illegal string offset 'tel' D:\wamp\www\myCMS\Application\Runtime\Cache\Home\e292c564f18d7016a203eaea9b9a5a99.php 第 70 行.
NOTIC: [2] Illegal string offset 'mobile' D:\wamp\www\myCMS\Application\Runtime\Cache\Home\e292c564f18d7016a203eaea9b9a5a99.php 第 74 行.
NOTIC: [2] Illegal string offset 'fax' D:\wamp\www\myCMS\Application\Runtime\Cache\Home\e292c564f18d7016a203eaea9b9a5a99.php 第 78 行.
NOTIC: [2] Illegal string offset 'company' D:\wamp\www\myCMS\Application\Runtime\Cache\Home\e292c564f18d7016a203eaea9b9a5a99.php 第 82 行.
NOTIC: [2] Illegal string offset 'email' D:\wamp\www\myCMS\Application\Runtime\Cache\Home\e292c564f18d7016a203eaea9b9a5a99.php 第 86 行.
NOTIC: [2] Illegal string offset 'home' D:\wamp\www\myCMS\Application\Runtime\Cache\Home\e292c564f18d7016a203eaea9b9a5a99.php 第 90 行.
NOTIC: [8] Use of undefined constant LANG_SET - assumed 'LANG_SET' D:\wamp\www\myCMS\Application\Runtime\Cache\Home\e292c564f18d7016a203eaea9b9a5a99.php 第 97 行.
NOTIC: [2] Illegal string offset 'go' D:\wamp\www\myCMS\Application\Runtime\Cache\Home\e292c564f18d7016a203eaea9b9a5a99.php 第 98 行.
NOTIC: [2] Illegal string offset 'reset' D:\wamp\www\myCMS\Application\Runtime\Cache\Home\e292c564f18d7016a203eaea9b9a5a99.php 第 99 行.
INFO: Run Behavior\ParseTemplateBehavior [ RunTime:0.006001s ]
INFO: [ view_parse ] --END-- [ RunTime:0.006001s ]
INFO: [ view_filter ] --START--
INFO: Run Behavior\WriteHtmlCacheBehavior [ RunTime:0.000000s ]
INFO: [ view_filter ] --END-- [ RunTime:0.000000s ]
INFO: Run GuestBook [ RunTime:0.009001s ]
INFO: [ HomeBookList ] --END-- [ RunTime:0.009001s ]
INFO: Run Behavior\ParseTemplateBehavior [ RunTime:0.007001s ]
INFO: [ view_parse ] --END-- [ RunTime:0.006001s ]
INFO: [ view_filter ] --START--
INFO: Run Behavior\WriteHtmlCacheBehavior [ RunTime:0.000000s ]
INFO: [ view_filter ] --END-- [ RunTime:0.000000s ]
NOTIC: [8] Undefined variable: result D:\wamp\www\myCMS\ThinkPHP\Library\Think\Hook.class.php 第 103 行.
NOTIC: [8] Undefined variable: result D:\wamp\www\myCMS\ThinkPHP\Library\Think\Hook.class.php 第 103 行.
INFO: [ app_end ] --START--
INFO: Run Behavior\ShowPageTraceBehavior [ RunTime:0.000000s ]
INFO: [ app_end ] --END-- [ RunTime:0.000000s ]

[ 2015-12-09T15:35:40+08:00 ] ::1 /myCMS/GuestBook/index.html
INFO: [ app_init ] --START--
INFO: Run Behavior\BuildLiteBehavior [ RunTime:0.000000s ]
INFO: [ app_init ] --END-- [ RunTime:0.001000s ]
NOTIC: [8] Undefined variable: result D:\wamp\www\myCMS\ThinkPHP\Library\Think\Hook.class.php 第 103 行.
NOTIC: [8] Undefined variable: result D:\wamp\www\myCMS\ThinkPHP\Library\Think\Hook.class.php 第 103 行.
NOTIC: [8] Undefined variable: result D:\wamp\www\myCMS\ThinkPHP\Library\Think\Hook.class.php 第 103 行.
INFO: [ app_begin ] --START--
INFO: Run Behavior\ReadHtmlCacheBehavior [ RunTime:0.002000s ]
INFO: Run Behavior\CheckLangBehavior [ RunTime:0.000000s ]
INFO: Run Common\Behavior\InitHookBehavior [ RunTime:0.003000s ]
INFO: [ app_begin ] --END-- [ RunTime:0.006000s ]
NOTIC: [8] Undefined variable: result D:\wamp\www\myCMS\ThinkPHP\Library\Think\Hook.class.php 第 103 行.
NOTIC: [8] Undefined variable: result D:\wamp\www\myCMS\ThinkPHP\Library\Think\Hook.class.php 第 103 行.
INFO: [ view_parse ] --START--
INFO: [ template_filter ] --START--
INFO: Run Behavior\ContentReplaceBehavior [ RunTime:0.000000s ]
INFO: [ template_filter ] --END-- [ RunTime:0.001000s ]
INFO: [ HomeBookList ] --START--
INFO: [ view_parse ] --START--
INFO: [ template_filter ] --START--
INFO: Run Behavior\ContentReplaceBehavior [ RunTime:0.000000s ]
INFO: [ template_filter ] --END-- [ RunTime:-0.005001s ]
NOTIC: [2] Illegal string offset 'tip' D:\wamp\www\myCMS\Application\Runtime\Cache\Home\e292c564f18d7016a203eaea9b9a5a99.php 第 44 行.
NOTIC: [2] Illegal string offset 'title' D:\wamp\www\myCMS\Application\Runtime\Cache\Home\e292c564f18d7016a203eaea9b9a5a99.php 第 47 行.
NOTIC: [2] Illegal string offset 'content' D:\wamp\www\myCMS\Application\Runtime\Cache\Home\e292c564f18d7016a203eaea9b9a5a99.php 第 51 行.
NOTIC: [2] Illegal string offset 'contact' D:\wamp\www\myCMS\Application\Runtime\Cache\Home\e292c564f18d7016a203eaea9b9a5a99.php 第 55 行.
NOTIC: [2] Illegal string offset 'sex' D:\wamp\www\myCMS\Application\Runtime\Cache\Home\e292c564f18d7016a203eaea9b9a5a99.php 第 58 行.
NOTIC: [2] Illegal string offset 'sex1' D:\wamp\www\myCMS\Application\Runtime\Cache\Home\e292c564f18d7016a203eaea9b9a5a99.php 第 59 行.
NOTIC: [2] Illegal string offset 'sex0' D:\wamp\www\myCMS\Application\Runtime\Cache\Home\e292c564f18d7016a203eaea9b9a5a99.php 第 59 行.
NOTIC: [2] Illegal string offset 'name' D:\wamp\www\myCMS\Application\Runtime\Cache\Home\e292c564f18d7016a203eaea9b9a5a99.php 第 62 行.
NOTIC: [2] Illegal string offset 'address' D:\wamp\www\myCMS\Application\Runtime\Cache\Home\e292c564f18d7016a203eaea9b9a5a99.php 第 66 行.
NOTIC: [2] Illegal string offset 'tel' D:\wamp\www\myCMS\Application\Runtime\Cache\Home\e292c564f18d7016a203eaea9b9a5a99.php 第 70 行.
NOTIC: [2] Illegal string offset 'mobile' D:\wamp\www\myCMS\Application\Runtime\Cache\Home\e292c564f18d7016a203eaea9b9a5a99.php 第 74 行.
NOTIC: [2] Illegal string offset 'fax' D:\wamp\www\myCMS\Application\Runtime\Cache\Home\e292c564f18d7016a203eaea9b9a5a99.php 第 78 行.
NOTIC: [2] Illegal string offset 'company' D:\wamp\www\myCMS\Application\Runtime\Cache\Home\e292c564f18d7016a203eaea9b9a5a99.php 第 82 行.
NOTIC: [2] Illegal string offset 'email' D:\wamp\www\myCMS\Application\Runtime\Cache\Home\e292c564f18d7016a203eaea9b9a5a99.php 第 86 行.
NOTIC: [2] Illegal string offset 'home' D:\wamp\www\myCMS\Application\Runtime\Cache\Home\e292c564f18d7016a203eaea9b9a5a99.php 第 90 行.
NOTIC: [8] Use of undefined constant LANG_SET - assumed 'LANG_SET' D:\wamp\www\myCMS\Application\Runtime\Cache\Home\e292c564f18d7016a203eaea9b9a5a99.php 第 97 行.
NOTIC: [2] Illegal string offset 'go' D:\wamp\www\myCMS\Application\Runtime\Cache\Home\e292c564f18d7016a203eaea9b9a5a99.php 第 98 行.
NOTIC: [2] Illegal string offset 'reset' D:\wamp\www\myCMS\Application\Runtime\Cache\Home\e292c564f18d7016a203eaea9b9a5a99.php 第 99 行.
INFO: Run Behavior\ParseTemplateBehavior [ RunTime:0.006001s ]
INFO: [ view_parse ] --END-- [ RunTime:0.006001s ]
INFO: [ view_filter ] --START--
INFO: Run Behavior\WriteHtmlCacheBehavior [ RunTime:0.001000s ]
INFO: [ view_filter ] --END-- [ RunTime:0.001000s ]
INFO: Run GuestBook [ RunTime:0.008001s ]
INFO: [ HomeBookList ] --END-- [ RunTime:0.008001s ]
INFO: Run Behavior\ParseTemplateBehavior [ RunTime:0.007001s ]
INFO: [ view_parse ] --END-- [ RunTime:0.006001s ]
INFO: [ view_filter ] --START--
INFO: Run Behavior\WriteHtmlCacheBehavior [ RunTime:0.000000s ]
INFO: [ view_filter ] --END-- [ RunTime:0.000000s ]
NOTIC: [8] Undefined variable: result D:\wamp\www\myCMS\ThinkPHP\Library\Think\Hook.class.php 第 103 行.
NOTIC: [8] Undefined variable: result D:\wamp\www\myCMS\ThinkPHP\Library\Think\Hook.class.php 第 103 行.
INFO: [ app_end ] --START--
INFO: Run Behavior\ShowPageTraceBehavior [ RunTime:0.000000s ]
INFO: [ app_end ] --END-- [ RunTime:0.000000s ]

[ 2015-12-09T15:35:40+08:00 ] ::1 /myCMS/GuestBook/index.html
INFO: [ app_init ] --START--
INFO: Run Behavior\BuildLiteBehavior [ RunTime:0.000000s ]
INFO: [ app_init ] --END-- [ RunTime:0.000000s ]
NOTIC: [8] Undefined variable: result D:\wamp\www\myCMS\ThinkPHP\Library\Think\Hook.class.php 第 103 行.
NOTIC: [8] Undefined variable: result D:\wamp\www\myCMS\ThinkPHP\Library\Think\Hook.class.php 第 103 行.
NOTIC: [8] Undefined variable: result D:\wamp\www\myCMS\ThinkPHP\Library\Think\Hook.class.php 第 103 行.
INFO: [ app_begin ] --START--
INFO: Run Behavior\ReadHtmlCacheBehavior [ RunTime:0.001000s ]
INFO: Run Behavior\CheckLangBehavior [ RunTime:0.001000s ]
INFO: Run Common\Behavior\InitHookBehavior [ RunTime:0.002000s ]
INFO: [ app_begin ] --END-- [ RunTime:0.004000s ]
NOTIC: [8] Undefined variable: result D:\wamp\www\myCMS\ThinkPHP\Library\Think\Hook.class.php 第 103 行.
NOTIC: [8] Undefined variable: result D:\wamp\www\myCMS\ThinkPHP\Library\Think\Hook.class.php 第 103 行.
INFO: [ view_parse ] --START--
INFO: [ template_filter ] --START--
INFO: Run Behavior\ContentReplaceBehavior [ RunTime:0.001000s ]
INFO: [ template_filter ] --END-- [ RunTime:0.001000s ]
INFO: [ HomeBookList ] --START--
INFO: [ view_parse ] --START--
INFO: [ template_filter ] --START--
INFO: Run Behavior\ContentReplaceBehavior [ RunTime:0.000000s ]
INFO: [ template_filter ] --END-- [ RunTime:-0.005001s ]
NOTIC: [2] Illegal string offset 'tip' D:\wamp\www\myCMS\Application\Runtime\Cache\Home\e292c564f18d7016a203eaea9b9a5a99.php 第 44 行.
NOTIC: [2] Illegal string offset 'title' D:\wamp\www\myCMS\Application\Runtime\Cache\Home\e292c564f18d7016a203eaea9b9a5a99.php 第 47 行.
NOTIC: [2] Illegal string offset 'content' D:\wamp\www\myCMS\Application\Runtime\Cache\Home\e292c564f18d7016a203eaea9b9a5a99.php 第 51 行.
NOTIC: [2] Illegal string offset 'contact' D:\wamp\www\myCMS\Application\Runtime\Cache\Home\e292c564f18d7016a203eaea9b9a5a99.php 第 55 行.
NOTIC: [2] Illegal string offset 'sex' D:\wamp\www\myCMS\Application\Runtime\Cache\Home\e292c564f18d7016a203eaea9b9a5a99.php 第 58 行.
NOTIC: [2] Illegal string offset 'sex1' D:\wamp\www\myCMS\Application\Runtime\Cache\Home\e292c564f18d7016a203eaea9b9a5a99.php 第 59 行.
NOTIC: [2] Illegal string offset 'sex0' D:\wamp\www\myCMS\Application\Runtime\Cache\Home\e292c564f18d7016a203eaea9b9a5a99.php 第 59 行.
NOTIC: [2] Illegal string offset 'name' D:\wamp\www\myCMS\Application\Runtime\Cache\Home\e292c564f18d7016a203eaea9b9a5a99.php 第 62 行.
NOTIC: [2] Illegal string offset 'address' D:\wamp\www\myCMS\Application\Runtime\Cache\Home\e292c564f18d7016a203eaea9b9a5a99.php 第 66 行.
NOTIC: [2] Illegal string offset 'tel' D:\wamp\www\myCMS\Application\Runtime\Cache\Home\e292c564f18d7016a203eaea9b9a5a99.php 第 70 行.
NOTIC: [2] Illegal string offset 'mobile' D:\wamp\www\myCMS\Application\Runtime\Cache\Home\e292c564f18d7016a203eaea9b9a5a99.php 第 74 行.
NOTIC: [2] Illegal string offset 'fax' D:\wamp\www\myCMS\Application\Runtime\Cache\Home\e292c564f18d7016a203eaea9b9a5a99.php 第 78 行.
NOTIC: [2] Illegal string offset 'company' D:\wamp\www\myCMS\Application\Runtime\Cache\Home\e292c564f18d7016a203eaea9b9a5a99.php 第 82 行.
NOTIC: [2] Illegal string offset 'email' D:\wamp\www\myCMS\Application\Runtime\Cache\Home\e292c564f18d7016a203eaea9b9a5a99.php 第 86 行.
NOTIC: [2] Illegal string offset 'home' D:\wamp\www\myCMS\Application\Runtime\Cache\Home\e292c564f18d7016a203eaea9b9a5a99.php 第 90 行.
NOTIC: [8] Use of undefined constant LANG_SET - assumed 'LANG_SET' D:\wamp\www\myCMS\Application\Runtime\Cache\Home\e292c564f18d7016a203eaea9b9a5a99.php 第 97 行.
NOTIC: [2] Illegal string offset 'go' D:\wamp\www\myCMS\Application\Runtime\Cache\Home\e292c564f18d7016a203eaea9b9a5a99.php 第 98 行.
NOTIC: [2] Illegal string offset 'reset' D:\wamp\www\myCMS\Application\Runtime\Cache\Home\e292c564f18d7016a203eaea9b9a5a99.php 第 99 行.
INFO: Run Behavior\ParseTemplateBehavior [ RunTime:0.008000s ]
INFO: [ view_parse ] --END-- [ RunTime:0.008000s ]
INFO: [ view_filter ] --START--
INFO: Run Behavior\WriteHtmlCacheBehavior [ RunTime:0.000000s ]
INFO: [ view_filter ] --END-- [ RunTime:0.001000s ]
INFO: Run GuestBook [ RunTime:0.011001s ]
INFO: [ HomeBookList ] --END-- [ RunTime:0.011001s ]
INFO: Run Behavior\ParseTemplateBehavior [ RunTime:0.009000s ]
INFO: [ view_parse ] --END-- [ RunTime:0.008000s ]
INFO: [ view_filter ] --START--
INFO: Run Behavior\WriteHtmlCacheBehavior [ RunTime:0.000000s ]
INFO: [ view_filter ] --END-- [ RunTime:0.000000s ]
NOTIC: [8] Undefined variable: result D:\wamp\www\myCMS\ThinkPHP\Library\Think\Hook.class.php 第 103 行.
NOTIC: [8] Undefined variable: result D:\wamp\www\myCMS\ThinkPHP\Library\Think\Hook.class.php 第 103 行.
INFO: [ app_end ] --START--
INFO: Run Behavior\ShowPageTraceBehavior [ RunTime:0.001000s ]
INFO: [ app_end ] --END-- [ RunTime:0.001000s ]

[ 2015-12-09T15:35:41+08:00 ] ::1 /myCMS/GuestBook/index.html
INFO: [ app_init ] --START--
INFO: Run Behavior\BuildLiteBehavior [ RunTime:0.000000s ]
INFO: [ app_init ] --END-- [ RunTime:0.000000s ]
NOTIC: [8] Undefined variable: result D:\wamp\www\myCMS\ThinkPHP\Library\Think\Hook.class.php 第 103 行.
NOTIC: [8] Undefined variable: result D:\wamp\www\myCMS\ThinkPHP\Library\Think\Hook.class.php 第 103 行.
NOTIC: [8] Undefined variable: result D:\wamp\www\myCMS\ThinkPHP\Library\Think\Hook.class.php 第 103 行.
INFO: [ app_begin ] --START--
INFO: Run Behavior\ReadHtmlCacheBehavior [ RunTime:0.001000s ]
INFO: Run Behavior\CheckLangBehavior [ RunTime:0.000000s ]
INFO: Run Common\Behavior\InitHookBehavior [ RunTime:0.002000s ]
INFO: [ app_begin ] --END-- [ RunTime:0.004000s ]
NOTIC: [8] Undefined variable: result D:\wamp\www\myCMS\ThinkPHP\Library\Think\Hook.class.php 第 103 行.
NOTIC: [8] Undefined variable: result D:\wamp\www\myCMS\ThinkPHP\Library\Think\Hook.class.php 第 103 行.
INFO: [ view_parse ] --START--
INFO: [ template_filter ] --START--
INFO: Run Behavior\ContentReplaceBehavior [ RunTime:0.000000s ]
INFO: [ template_filter ] --END-- [ RunTime:0.000000s ]
INFO: [ HomeBookList ] --START--
INFO: [ view_parse ] --START--
INFO: [ template_filter ] --START--
INFO: Run Behavior\ContentReplaceBehavior [ RunTime:0.000000s ]
INFO: [ template_filter ] --END-- [ RunTime:-0.007000s ]
NOTIC: [2] Illegal string offset 'tip' D:\wamp\www\myCMS\Application\Runtime\Cache\Home\e292c564f18d7016a203eaea9b9a5a99.php 第 44 行.
NOTIC: [2] Illegal string offset 'title' D:\wamp\www\myCMS\Application\Runtime\Cache\Home\e292c564f18d7016a203eaea9b9a5a99.php 第 47 行.
NOTIC: [2] Illegal string offset 'content' D:\wamp\www\myCMS\Application\Runtime\Cache\Home\e292c564f18d7016a203eaea9b9a5a99.php 第 51 行.
NOTIC: [2] Illegal string offset 'contact' D:\wamp\www\myCMS\Application\Runtime\Cache\Home\e292c564f18d7016a203eaea9b9a5a99.php 第 55 行.
NOTIC: [2] Illegal string offset 'sex' D:\wamp\www\myCMS\Application\Runtime\Cache\Home\e292c564f18d7016a203eaea9b9a5a99.php 第 58 行.
NOTIC: [2] Illegal string offset 'sex1' D:\wamp\www\myCMS\Application\Runtime\Cache\Home\e292c564f18d7016a203eaea9b9a5a99.php 第 59 行.
NOTIC: [2] Illegal string offset 'sex0' D:\wamp\www\myCMS\Application\Runtime\Cache\Home\e292c564f18d7016a203eaea9b9a5a99.php 第 59 行.
NOTIC: [2] Illegal string offset 'name' D:\wamp\www\myCMS\Application\Runtime\Cache\Home\e292c564f18d7016a203eaea9b9a5a99.php 第 62 行.
NOTIC: [2] Illegal string offset 'address' D:\wamp\www\myCMS\Application\Runtime\Cache\Home\e292c564f18d7016a203eaea9b9a5a99.php 第 66 行.
NOTIC: [2] Illegal string offset 'tel' D:\wamp\www\myCMS\Application\Runtime\Cache\Home\e292c564f18d7016a203eaea9b9a5a99.php 第 70 行.
NOTIC: [2] Illegal string offset 'mobile' D:\wamp\www\myCMS\Application\Runtime\Cache\Home\e292c564f18d7016a203eaea9b9a5a99.php 第 74 行.
NOTIC: [2] Illegal string offset 'fax' D:\wamp\www\myCMS\Application\Runtime\Cache\Home\e292c564f18d7016a203eaea9b9a5a99.php 第 78 行.
NOTIC: [2] Illegal string offset 'company' D:\wamp\www\myCMS\Application\Runtime\Cache\Home\e292c564f18d7016a203eaea9b9a5a99.php 第 82 行.
NOTIC: [2] Illegal string offset 'email' D:\wamp\www\myCMS\Application\Runtime\Cache\Home\e292c564f18d7016a203eaea9b9a5a99.php 第 86 行.
NOTIC: [2] Illegal string offset 'home' D:\wamp\www\myCMS\Application\Runtime\Cache\Home\e292c564f18d7016a203eaea9b9a5a99.php 第 90 行.
NOTIC: [8] Use of undefined constant LANG_SET - assumed 'LANG_SET' D:\wamp\www\myCMS\Application\Runtime\Cache\Home\e292c564f18d7016a203eaea9b9a5a99.php 第 97 行.
NOTIC: [2] Illegal string offset 'go' D:\wamp\www\myCMS\Application\Runtime\Cache\Home\e292c564f18d7016a203eaea9b9a5a99.php 第 98 行.
NOTIC: [2] Illegal string offset 'reset' D:\wamp\www\myCMS\Application\Runtime\Cache\Home\e292c564f18d7016a203eaea9b9a5a99.php 第 99 行.
INFO: Run Behavior\ParseTemplateBehavior [ RunTime:0.007000s ]
INFO: [ view_parse ] --END-- [ RunTime:0.007000s ]
INFO: [ view_filter ] --START--
INFO: Run Behavior\WriteHtmlCacheBehavior [ RunTime:0.000000s ]
INFO: [ view_filter ] --END-- [ RunTime:0.000000s ]
INFO: Run GuestBook [ RunTime:0.010001s ]
INFO: [ HomeBookList ] --END-- [ RunTime:0.010001s ]
INFO: Run Behavior\ParseTemplateBehavior [ RunTime:0.008001s ]
INFO: [ view_parse ] --END-- [ RunTime:0.007000s ]
INFO: [ view_filter ] --START--
INFO: Run Behavior\WriteHtmlCacheBehavior [ RunTime:0.000000s ]
INFO: [ view_filter ] --END-- [ RunTime:-0.001001s ]
NOTIC: [8] Undefined variable: result D:\wamp\www\myCMS\ThinkPHP\Library\Think\Hook.class.php 第 103 行.
NOTIC: [8] Undefined variable: result D:\wamp\www\myCMS\ThinkPHP\Library\Think\Hook.class.php 第 103 行.
INFO: [ app_end ] --START--
INFO: Run Behavior\ShowPageTraceBehavior [ RunTime:0.001000s ]
INFO: [ app_end ] --END-- [ RunTime:0.001000s ]

[ 2015-12-09T16:01:26+08:00 ] ::1 /myCMS/GuestBook/index.html
INFO: [ app_init ] --START--
INFO: Run Behavior\BuildLiteBehavior [ RunTime:0.000000s ]
INFO: [ app_init ] --END-- [ RunTime:0.001000s ]
NOTIC: [8] Undefined variable: result D:\wamp\www\myCMS\ThinkPHP\Library\Think\Hook.class.php 第 103 行.
NOTIC: [8] Undefined variable: result D:\wamp\www\myCMS\ThinkPHP\Library\Think\Hook.class.php 第 103 行.
NOTIC: [8] Undefined variable: result D:\wamp\www\myCMS\ThinkPHP\Library\Think\Hook.class.php 第 103 行.
INFO: [ app_begin ] --START--
INFO: Run Behavior\ReadHtmlCacheBehavior [ RunTime:0.001000s ]
INFO: Run Behavior\CheckLangBehavior [ RunTime:0.000000s ]
INFO: Run Common\Behavior\InitHookBehavior [ RunTime:0.003000s ]
INFO: [ app_begin ] --END-- [ RunTime:0.005000s ]
NOTIC: [8] Undefined variable: result D:\wamp\www\myCMS\ThinkPHP\Library\Think\Hook.class.php 第 103 行.
NOTIC: [8] Undefined variable: result D:\wamp\www\myCMS\ThinkPHP\Library\Think\Hook.class.php 第 103 行.
INFO: [ view_parse ] --START--
INFO: [ template_filter ] --START--
INFO: Run Behavior\ContentReplaceBehavior [ RunTime:0.000000s ]
INFO: [ template_filter ] --END-- [ RunTime:0.000000s ]
INFO: [ HomeBookList ] --START--
INFO: [ view_parse ] --START--
INFO: [ template_filter ] --START--
INFO: Run Behavior\ContentReplaceBehavior [ RunTime:0.000000s ]
INFO: [ template_filter ] --END-- [ RunTime:-0.006001s ]
NOTIC: [2] Illegal string offset 'tip' D:\wamp\www\myCMS\Application\Runtime\Cache\Home\e292c564f18d7016a203eaea9b9a5a99.php 第 44 行.
NOTIC: [2] Illegal string offset 'title' D:\wamp\www\myCMS\Application\Runtime\Cache\Home\e292c564f18d7016a203eaea9b9a5a99.php 第 47 行.
NOTIC: [2] Illegal string offset 'content' D:\wamp\www\myCMS\Application\Runtime\Cache\Home\e292c564f18d7016a203eaea9b9a5a99.php 第 51 行.
NOTIC: [2] Illegal string offset 'contact' D:\wamp\www\myCMS\Application\Runtime\Cache\Home\e292c564f18d7016a203eaea9b9a5a99.php 第 55 行.
NOTIC: [2] Illegal string offset 'sex' D:\wamp\www\myCMS\Application\Runtime\Cache\Home\e292c564f18d7016a203eaea9b9a5a99.php 第 58 行.
NOTIC: [2] Illegal string offset 'sex1' D:\wamp\www\myCMS\Application\Runtime\Cache\Home\e292c564f18d7016a203eaea9b9a5a99.php 第 59 行.
NOTIC: [2] Illegal string offset 'sex0' D:\wamp\www\myCMS\Application\Runtime\Cache\Home\e292c564f18d7016a203eaea9b9a5a99.php 第 59 行.
NOTIC: [2] Illegal string offset 'name' D:\wamp\www\myCMS\Application\Runtime\Cache\Home\e292c564f18d7016a203eaea9b9a5a99.php 第 62 行.
NOTIC: [2] Illegal string offset 'address' D:\wamp\www\myCMS\Application\Runtime\Cache\Home\e292c564f18d7016a203eaea9b9a5a99.php 第 66 行.
NOTIC: [2] Illegal string offset 'tel' D:\wamp\www\myCMS\Application\Runtime\Cache\Home\e292c564f18d7016a203eaea9b9a5a99.php 第 70 行.
NOTIC: [2] Illegal string offset 'mobile' D:\wamp\www\myCMS\Application\Runtime\Cache\Home\e292c564f18d7016a203eaea9b9a5a99.php 第 74 行.
NOTIC: [2] Illegal string offset 'fax' D:\wamp\www\myCMS\Application\Runtime\Cache\Home\e292c564f18d7016a203eaea9b9a5a99.php 第 78 行.
NOTIC: [2] Illegal string offset 'company' D:\wamp\www\myCMS\Application\Runtime\Cache\Home\e292c564f18d7016a203eaea9b9a5a99.php 第 82 行.
NOTIC: [2] Illegal string offset 'email' D:\wamp\www\myCMS\Application\Runtime\Cache\Home\e292c564f18d7016a203eaea9b9a5a99.php 第 86 行.
NOTIC: [2] Illegal string offset 'home' D:\wamp\www\myCMS\Application\Runtime\Cache\Home\e292c564f18d7016a203eaea9b9a5a99.php 第 90 行.
NOTIC: [8] Use of undefined constant LANG_SET - assumed 'LANG_SET' D:\wamp\www\myCMS\Application\Runtime\Cache\Home\e292c564f18d7016a203eaea9b9a5a99.php 第 97 行.
NOTIC: [2] Illegal string offset 'go' D:\wamp\www\myCMS\Application\Runtime\Cache\Home\e292c564f18d7016a203eaea9b9a5a99.php 第 98 行.
NOTIC: [2] Illegal string offset 'reset' D:\wamp\www\myCMS\Application\Runtime\Cache\Home\e292c564f18d7016a203eaea9b9a5a99.php 第 99 行.
INFO: Run Behavior\ParseTemplateBehavior [ RunTime:0.006000s ]
INFO: [ view_parse ] --END-- [ RunTime:0.006000s ]
INFO: [ view_filter ] --START--
INFO: Run Behavior\WriteHtmlCacheBehavior [ RunTime:0.001000s ]
INFO: [ view_filter ] --END-- [ RunTime:0.001000s ]
INFO: Run GuestBook [ RunTime:0.008001s ]
INFO: [ HomeBookList ] --END-- [ RunTime:0.008001s ]
INFO: Run Behavior\ParseTemplateBehavior [ RunTime:0.007000s ]
INFO: [ view_parse ] --END-- [ RunTime:0.006000s ]
INFO: [ view_filter ] --START--
INFO: Run Behavior\WriteHtmlCacheBehavior [ RunTime:0.000000s ]
INFO: [ view_filter ] --END-- [ RunTime:0.000000s ]
NOTIC: [8] Undefined variable: result D:\wamp\www\myCMS\ThinkPHP\Library\Think\Hook.class.php 第 103 行.
NOTIC: [8] Undefined variable: result D:\wamp\www\myCMS\ThinkPHP\Library\Think\Hook.class.php 第 103 行.
INFO: [ app_end ] --START--
INFO: Run Behavior\ShowPageTraceBehavior [ RunTime:0.001000s ]
INFO: [ app_end ] --END-- [ RunTime:0.001000s ]

[ 2015-12-09T16:08:33+08:00 ] ::1 /myCMS/GuestBook/message.html
INFO: [ app_init ] --START--
INFO: Run Behavior\BuildLiteBehavior [ RunTime:0.000000s ]
INFO: [ app_init ] --END-- [ RunTime:0.001000s ]
NOTIC: [8] Undefined variable: result D:\wamp\www\myCMS\ThinkPHP\Library\Think\Hook.class.php 第 103 行.
NOTIC: [8] Undefined variable: result D:\wamp\www\myCMS\ThinkPHP\Library\Think\Hook.class.php 第 103 行.
NOTIC: [8] Undefined variable: result D:\wamp\www\myCMS\ThinkPHP\Library\Think\Hook.class.php 第 103 行.
INFO: [ app_begin ] --START--
INFO: Run Behavior\ReadHtmlCacheBehavior [ RunTime:0.001000s ]
INFO: Run Behavior\CheckLangBehavior [ RunTime:0.001000s ]
INFO: Run Common\Behavior\InitHookBehavior [ RunTime:0.002000s ]
INFO: [ app_begin ] --END-- [ RunTime:0.004000s ]
NOTIC: [8] Undefined variable: result D:\wamp\www\myCMS\ThinkPHP\Library\Think\Hook.class.php 第 103 行.
NOTIC: [8192] mysql_connect(): The mysql extension is deprecated and will be removed in the future: use mysqli or PDO instead D:\wamp\www\myCMS\ThinkPHP\Library\Think\Db\Driver\Mysql.class.php 第 52 行.
SQL: SHOW COLUMNS FROM `my_guest_book` [ RunTime:0.003000s ]
NOTIC: [8] Undefined index: MESSAGEARR D:\wamp\www\myCMS\ThinkPHP\Common\functions.php 第 165 行.
ERR: Think\Controller:ajax_check方法不存在！

