[ 2015-12-19T16:02:21+08:00 ] ::1 /myCMS/skin/blue/skin.css
INFO: [ app_init ] --START--
INFO: Run Behavior\BuildLiteBehavior [ RunTime:0.000000s ]
INFO: [ app_init ] --END-- [ RunTime:0.001000s ]
NOTIC: [8] Undefined variable: result D:\wamp\www\myCMS\ThinkPHP\Library\Think\Hook.class.php 第 103 行.
NOTIC: [8] Undefined variable: result D:\wamp\www\myCMS\ThinkPHP\Library\Think\Hook.class.php 第 103 行.
NOTIC: [8] Undefined variable: result D:\wamp\www\myCMS\ThinkPHP\Library\Think\Hook.class.php 第 103 行.
INFO: [ app_begin ] --START--
INFO: Run Behavior\ReadHtmlCacheBehavior [ RunTime:0.000000s ]
INFO: Run Behavior\CheckLangBehavior [ RunTime:0.001000s ]
INFO: Run Common\Behavior\InitHookBehavior [ RunTime:0.002000s ]
INFO: [ app_begin ] --END-- [ RunTime:0.003000s ]
ERR: 无法加载控制器:Skin

[ 2015-12-19T16:02:37+08:00 ] ::1 /myCMS/skin/blue/skin.css
INFO: [ app_init ] --START--
INFO: Run Behavior\BuildLiteBehavior [ RunTime:0.000000s ]
INFO: [ app_init ] --END-- [ RunTime:0.001000s ]
NOTIC: [8] Undefined variable: result D:\wamp\www\myCMS\ThinkPHP\Library\Think\Hook.class.php 第 103 行.
NOTIC: [8] Undefined variable: result D:\wamp\www\myCMS\ThinkPHP\Library\Think\Hook.class.php 第 103 行.
NOTIC: [8] Undefined variable: result D:\wamp\www\myCMS\ThinkPHP\Library\Think\Hook.class.php 第 103 行.
INFO: [ app_begin ] --START--
INFO: Run Behavior\ReadHtmlCacheBehavior [ RunTime:0.000000s ]
INFO: Run Behavior\CheckLangBehavior [ RunTime:0.001001s ]
INFO: Run Common\Behavior\InitHookBehavior [ RunTime:0.003000s ]
INFO: [ app_begin ] --END-- [ RunTime:0.005001s ]
ERR: 无法加载控制器:Skin

[ 2015-12-19T16:02:54+08:00 ] ::1 /myCMS/skin/blue/skin.css
INFO: [ app_init ] --START--
INFO: Run Behavior\BuildLiteBehavior [ RunTime:0.000000s ]
INFO: [ app_init ] --END-- [ RunTime:0.000000s ]
NOTIC: [8] Undefined variable: result D:\wamp\www\myCMS\ThinkPHP\Library\Think\Hook.class.php 第 103 行.
NOTIC: [8] Undefined variable: result D:\wamp\www\myCMS\ThinkPHP\Library\Think\Hook.class.php 第 103 行.
NOTIC: [8] Undefined variable: result D:\wamp\www\myCMS\ThinkPHP\Library\Think\Hook.class.php 第 103 行.
INFO: [ app_begin ] --START--
INFO: Run Behavior\ReadHtmlCacheBehavior [ RunTime:0.000000s ]
INFO: Run Behavior\CheckLangBehavior [ RunTime:0.001000s ]
INFO: Run Common\Behavior\InitHookBehavior [ RunTime:0.001001s ]
INFO: [ app_begin ] --END-- [ RunTime:0.002001s ]
ERR: 无法加载控制器:Skin

[ 2015-12-19T16:02:59+08:00 ] ::1 /myCMS/skin/blue/skin.css
INFO: [ app_init ] --START--
INFO: Run Behavior\BuildLiteBehavior [ RunTime:0.000000s ]
INFO: [ app_init ] --END-- [ RunTime:0.001000s ]
NOTIC: [8] Undefined variable: result D:\wamp\www\myCMS\ThinkPHP\Library\Think\Hook.class.php 第 103 行.
NOTIC: [8] Undefined variable: result D:\wamp\www\myCMS\ThinkPHP\Library\Think\Hook.class.php 第 103 行.
NOTIC: [8] Undefined variable: result D:\wamp\www\myCMS\ThinkPHP\Library\Think\Hook.class.php 第 103 行.
INFO: [ app_begin ] --START--
INFO: Run Behavior\ReadHtmlCacheBehavior [ RunTime:0.000000s ]
INFO: Run Behavior\CheckLangBehavior [ RunTime:0.000000s ]
INFO: Run Common\Behavior\InitHookBehavior [ RunTime:0.002000s ]
INFO: [ app_begin ] --END-- [ RunTime:0.003000s ]
ERR: 无法加载控制器:Skin

