[ 2015-12-14T08:19:37+08:00 ] ::1 /myCMS/skin/blue/skin.css
INFO: [ app_init ] --START--
INFO: Run Behavior\BuildLiteBehavior [ RunTime:0.000000s ]
INFO: [ app_init ] --END-- [ RunTime:0.001000s ]
NOTIC: [8] Undefined variable: result D:\wamp\www\myCMS\ThinkPHP\Library\Think\Hook.class.php 第 103 行.
NOTIC: [8] Undefined variable: result D:\wamp\www\myCMS\ThinkPHP\Library\Think\Hook.class.php 第 103 行.
NOTIC: [8] Undefined variable: result D:\wamp\www\myCMS\ThinkPHP\Library\Think\Hook.class.php 第 103 行.
INFO: [ app_begin ] --START--
INFO: Run Behavior\ReadHtmlCacheBehavior [ RunTime:0.000000s ]
INFO: Run Behavior\CheckLangBehavior [ RunTime:0.001000s ]
INFO: Run Common\Behavior\InitHookBehavior [ RunTime:0.002000s ]
INFO: [ app_begin ] --END-- [ RunTime:0.003000s ]
ERR: 无法加载控制器:Skin

[ 2015-12-14T08:19:47+08:00 ] ::1 /myCMS/skin/blue/skin.css
INFO: [ app_init ] --START--
INFO: Run Behavior\BuildLiteBehavior [ RunTime:0.000000s ]
INFO: [ app_init ] --END-- [ RunTime:0.001000s ]
NOTIC: [8] Undefined variable: result D:\wamp\www\myCMS\ThinkPHP\Library\Think\Hook.class.php 第 103 行.
NOTIC: [8] Undefined variable: result D:\wamp\www\myCMS\ThinkPHP\Library\Think\Hook.class.php 第 103 行.
NOTIC: [8] Undefined variable: result D:\wamp\www\myCMS\ThinkPHP\Library\Think\Hook.class.php 第 103 行.
INFO: [ app_begin ] --START--
INFO: Run Behavior\ReadHtmlCacheBehavior [ RunTime:0.000000s ]
INFO: Run Behavior\CheckLangBehavior [ RunTime:0.000000s ]
INFO: Run Common\Behavior\InitHookBehavior [ RunTime:0.001000s ]
INFO: [ app_begin ] --END-- [ RunTime:0.003000s ]
ERR: 无法加载控制器:Skin

[ 2015-12-14T08:19:54+08:00 ] ::1 /myCMS/skin/blue/skin.css
INFO: [ app_init ] --START--
INFO: Run Behavior\BuildLiteBehavior [ RunTime:0.000000s ]
INFO: [ app_init ] --END-- [ RunTime:0.000000s ]
NOTIC: [8] Undefined variable: result D:\wamp\www\myCMS\ThinkPHP\Library\Think\Hook.class.php 第 103 行.
NOTIC: [8] Undefined variable: result D:\wamp\www\myCMS\ThinkPHP\Library\Think\Hook.class.php 第 103 行.
NOTIC: [8] Undefined variable: result D:\wamp\www\myCMS\ThinkPHP\Library\Think\Hook.class.php 第 103 行.
INFO: [ app_begin ] --START--
INFO: Run Behavior\ReadHtmlCacheBehavior [ RunTime:0.001000s ]
INFO: Run Behavior\CheckLangBehavior [ RunTime:0.001000s ]
INFO: Run Common\Behavior\InitHookBehavior [ RunTime:0.002000s ]
INFO: [ app_begin ] --END-- [ RunTime:0.004000s ]
ERR: 无法加载控制器:Skin

[ 2015-12-14T08:19:54+08:00 ] ::1 /myCMS/skin/blue/skin.css
INFO: [ app_init ] --START--
INFO: Run Behavior\BuildLiteBehavior [ RunTime:0.000000s ]
INFO: [ app_init ] --END-- [ RunTime:0.000000s ]
NOTIC: [8] Undefined variable: result D:\wamp\www\myCMS\ThinkPHP\Library\Think\Hook.class.php 第 103 行.
NOTIC: [8] Undefined variable: result D:\wamp\www\myCMS\ThinkPHP\Library\Think\Hook.class.php 第 103 行.
NOTIC: [8] Undefined variable: result D:\wamp\www\myCMS\ThinkPHP\Library\Think\Hook.class.php 第 103 行.
INFO: [ app_begin ] --START--
INFO: Run Behavior\ReadHtmlCacheBehavior [ RunTime:0.000000s ]
INFO: Run Behavior\CheckLangBehavior [ RunTime:0.000000s ]
INFO: Run Common\Behavior\InitHookBehavior [ RunTime:0.001000s ]
INFO: [ app_begin ] --END-- [ RunTime:0.002000s ]
ERR: 无法加载控制器:Skin

[ 2015-12-14T08:37:18+08:00 ] ::1 /myCMS/skin/blue/skin.css
INFO: [ app_init ] --START--
INFO: Run Behavior\BuildLiteBehavior [ RunTime:0.000000s ]
INFO: [ app_init ] --END-- [ RunTime:0.001000s ]
NOTIC: [8] Undefined variable: result D:\wamp\www\myCMS\ThinkPHP\Library\Think\Hook.class.php 第 103 行.
NOTIC: [8] Undefined variable: result D:\wamp\www\myCMS\ThinkPHP\Library\Think\Hook.class.php 第 103 行.
NOTIC: [8] Undefined variable: result D:\wamp\www\myCMS\ThinkPHP\Library\Think\Hook.class.php 第 103 行.
INFO: [ app_begin ] --START--
INFO: Run Behavior\ReadHtmlCacheBehavior [ RunTime:0.000000s ]
INFO: Run Behavior\CheckLangBehavior [ RunTime:0.000000s ]
INFO: Run Common\Behavior\InitHookBehavior [ RunTime:0.002000s ]
INFO: [ app_begin ] --END-- [ RunTime:0.002000s ]
ERR: 无法加载控制器:Skin

[ 2015-12-14T08:40:56+08:00 ] ::1 /myCMS/skin/blue/skin.css
INFO: [ app_init ] --START--
INFO: Run Behavior\BuildLiteBehavior [ RunTime:0.000000s ]
INFO: [ app_init ] --END-- [ RunTime:0.000000s ]
NOTIC: [8] Undefined variable: result D:\wamp\www\myCMS\ThinkPHP\Library\Think\Hook.class.php 第 103 行.
NOTIC: [8] Undefined variable: result D:\wamp\www\myCMS\ThinkPHP\Library\Think\Hook.class.php 第 103 行.
NOTIC: [8] Undefined variable: result D:\wamp\www\myCMS\ThinkPHP\Library\Think\Hook.class.php 第 103 行.
INFO: [ app_begin ] --START--
INFO: Run Behavior\ReadHtmlCacheBehavior [ RunTime:0.001000s ]
INFO: Run Behavior\CheckLangBehavior [ RunTime:0.000000s ]
INFO: Run Common\Behavior\InitHookBehavior [ RunTime:0.001000s ]
INFO: [ app_begin ] --END-- [ RunTime:0.003000s ]
ERR: 无法加载控制器:Skin

[ 2015-12-14T08:41:00+08:00 ] ::1 /myCMS/skin/blue/skin.css
INFO: [ app_init ] --START--
INFO: Run Behavior\BuildLiteBehavior [ RunTime:0.000000s ]
INFO: [ app_init ] --END-- [ RunTime:0.000000s ]
NOTIC: [8] Undefined variable: result D:\wamp\www\myCMS\ThinkPHP\Library\Think\Hook.class.php 第 103 行.
NOTIC: [8] Undefined variable: result D:\wamp\www\myCMS\ThinkPHP\Library\Think\Hook.class.php 第 103 行.
NOTIC: [8] Undefined variable: result D:\wamp\www\myCMS\ThinkPHP\Library\Think\Hook.class.php 第 103 行.
INFO: [ app_begin ] --START--
INFO: Run Behavior\ReadHtmlCacheBehavior [ RunTime:0.000000s ]
INFO: Run Behavior\CheckLangBehavior [ RunTime:0.000000s ]
INFO: Run Common\Behavior\InitHookBehavior [ RunTime:0.001000s ]
INFO: [ app_begin ] --END-- [ RunTime:0.002000s ]
ERR: 无法加载控制器:Skin

[ 2015-12-14T08:43:31+08:00 ] ::1 /myCMS/skin/blue/skin.css
INFO: [ app_init ] --START--
INFO: Run Behavior\BuildLiteBehavior [ RunTime:0.000000s ]
INFO: [ app_init ] --END-- [ RunTime:0.000000s ]
NOTIC: [8] Undefined variable: result D:\wamp\www\myCMS\ThinkPHP\Library\Think\Hook.class.php 第 103 行.
NOTIC: [8] Undefined variable: result D:\wamp\www\myCMS\ThinkPHP\Library\Think\Hook.class.php 第 103 行.
NOTIC: [8] Undefined variable: result D:\wamp\www\myCMS\ThinkPHP\Library\Think\Hook.class.php 第 103 行.
INFO: [ app_begin ] --START--
INFO: Run Behavior\ReadHtmlCacheBehavior [ RunTime:0.000000s ]
INFO: Run Behavior\CheckLangBehavior [ RunTime:0.001000s ]
INFO: Run Common\Behavior\InitHookBehavior [ RunTime:0.001000s ]
INFO: [ app_begin ] --END-- [ RunTime:0.003000s ]
ERR: 无法加载控制器:Skin

[ 2015-12-14T08:43:33+08:00 ] ::1 /myCMS/skin/blue/skin.css
INFO: [ app_init ] --START--
INFO: Run Behavior\BuildLiteBehavior [ RunTime:0.000000s ]
INFO: [ app_init ] --END-- [ RunTime:0.001000s ]
NOTIC: [8] Undefined variable: result D:\wamp\www\myCMS\ThinkPHP\Library\Think\Hook.class.php 第 103 行.
NOTIC: [8] Undefined variable: result D:\wamp\www\myCMS\ThinkPHP\Library\Think\Hook.class.php 第 103 行.
NOTIC: [8] Undefined variable: result D:\wamp\www\myCMS\ThinkPHP\Library\Think\Hook.class.php 第 103 行.
INFO: [ app_begin ] --START--
INFO: Run Behavior\ReadHtmlCacheBehavior [ RunTime:0.000000s ]
INFO: Run Behavior\CheckLangBehavior [ RunTime:0.001000s ]
INFO: Run Common\Behavior\InitHookBehavior [ RunTime:0.001001s ]
INFO: [ app_begin ] --END-- [ RunTime:0.002001s ]
ERR: 无法加载控制器:Skin

[ 2015-12-14T08:43:36+08:00 ] ::1 /myCMS/skin/blue/skin.css
INFO: [ app_init ] --START--
INFO: Run Behavior\BuildLiteBehavior [ RunTime:0.000000s ]
INFO: [ app_init ] --END-- [ RunTime:0.001000s ]
NOTIC: [8] Undefined variable: result D:\wamp\www\myCMS\ThinkPHP\Library\Think\Hook.class.php 第 103 行.
NOTIC: [8] Undefined variable: result D:\wamp\www\myCMS\ThinkPHP\Library\Think\Hook.class.php 第 103 行.
NOTIC: [8] Undefined variable: result D:\wamp\www\myCMS\ThinkPHP\Library\Think\Hook.class.php 第 103 行.
INFO: [ app_begin ] --START--
INFO: Run Behavior\ReadHtmlCacheBehavior [ RunTime:0.001001s ]
INFO: Run Behavior\CheckLangBehavior [ RunTime:0.001000s ]
INFO: Run Common\Behavior\InitHookBehavior [ RunTime:0.001000s ]
INFO: [ app_begin ] --END-- [ RunTime:0.004001s ]
ERR: 无法加载控制器:Skin

[ 2015-12-14T08:45:36+08:00 ] ::1 /myCMS/skin/blue/skin.css
INFO: [ app_init ] --START--
INFO: Run Behavior\BuildLiteBehavior [ RunTime:0.000000s ]
INFO: [ app_init ] --END-- [ RunTime:0.000000s ]
NOTIC: [8] Undefined variable: result D:\wamp\www\myCMS\ThinkPHP\Library\Think\Hook.class.php 第 103 行.
NOTIC: [8] Undefined variable: result D:\wamp\www\myCMS\ThinkPHP\Library\Think\Hook.class.php 第 103 行.
NOTIC: [8] Undefined variable: result D:\wamp\www\myCMS\ThinkPHP\Library\Think\Hook.class.php 第 103 行.
INFO: [ app_begin ] --START--
INFO: Run Behavior\ReadHtmlCacheBehavior [ RunTime:0.000000s ]
INFO: Run Behavior\CheckLangBehavior [ RunTime:0.000000s ]
INFO: Run Common\Behavior\InitHookBehavior [ RunTime:0.002000s ]
INFO: [ app_begin ] --END-- [ RunTime:0.002000s ]
ERR: 无法加载控制器:Skin

[ 2015-12-14T08:45:38+08:00 ] ::1 /myCMS/skin/blue/skin.css
INFO: [ app_init ] --START--
INFO: Run Behavior\BuildLiteBehavior [ RunTime:0.000000s ]
INFO: [ app_init ] --END-- [ RunTime:0.000000s ]
NOTIC: [8] Undefined variable: result D:\wamp\www\myCMS\ThinkPHP\Library\Think\Hook.class.php 第 103 行.
NOTIC: [8] Undefined variable: result D:\wamp\www\myCMS\ThinkPHP\Library\Think\Hook.class.php 第 103 行.
NOTIC: [8] Undefined variable: result D:\wamp\www\myCMS\ThinkPHP\Library\Think\Hook.class.php 第 103 行.
INFO: [ app_begin ] --START--
INFO: Run Behavior\ReadHtmlCacheBehavior [ RunTime:0.000000s ]
INFO: Run Behavior\CheckLangBehavior [ RunTime:0.001000s ]
INFO: Run Common\Behavior\InitHookBehavior [ RunTime:0.001000s ]
INFO: [ app_begin ] --END-- [ RunTime:0.003000s ]
ERR: 无法加载控制器:Skin

[ 2015-12-14T08:46:05+08:00 ] ::1 /myCMS/skin/blue/skin.css
INFO: [ app_init ] --START--
INFO: Run Behavior\BuildLiteBehavior [ RunTime:0.000000s ]
INFO: [ app_init ] --END-- [ RunTime:0.001001s ]
NOTIC: [8] Undefined variable: result D:\wamp\www\myCMS\ThinkPHP\Library\Think\Hook.class.php 第 103 行.
NOTIC: [8] Undefined variable: result D:\wamp\www\myCMS\ThinkPHP\Library\Think\Hook.class.php 第 103 行.
NOTIC: [8] Undefined variable: result D:\wamp\www\myCMS\ThinkPHP\Library\Think\Hook.class.php 第 103 行.
INFO: [ app_begin ] --START--
INFO: Run Behavior\ReadHtmlCacheBehavior [ RunTime:0.001000s ]
INFO: Run Behavior\CheckLangBehavior [ RunTime:0.001000s ]
INFO: Run Common\Behavior\InitHookBehavior [ RunTime:0.001000s ]
INFO: [ app_begin ] --END-- [ RunTime:0.003000s ]
ERR: 无法加载控制器:Skin

[ 2015-12-14T08:46:10+08:00 ] ::1 /myCMS/skin/blue/skin.css
INFO: [ app_init ] --START--
INFO: Run Behavior\BuildLiteBehavior [ RunTime:0.000000s ]
INFO: [ app_init ] --END-- [ RunTime:0.000000s ]
NOTIC: [8] Undefined variable: result D:\wamp\www\myCMS\ThinkPHP\Library\Think\Hook.class.php 第 103 行.
NOTIC: [8] Undefined variable: result D:\wamp\www\myCMS\ThinkPHP\Library\Think\Hook.class.php 第 103 行.
NOTIC: [8] Undefined variable: result D:\wamp\www\myCMS\ThinkPHP\Library\Think\Hook.class.php 第 103 行.
INFO: [ app_begin ] --START--
INFO: Run Behavior\ReadHtmlCacheBehavior [ RunTime:0.001000s ]
INFO: Run Behavior\CheckLangBehavior [ RunTime:0.000000s ]
INFO: Run Common\Behavior\InitHookBehavior [ RunTime:0.002000s ]
INFO: [ app_begin ] --END-- [ RunTime:0.003000s ]
ERR: 无法加载控制器:Skin

[ 2015-12-14T08:48:39+08:00 ] ::1 /myCMS/skin/blue/skin.css
INFO: [ app_init ] --START--
INFO: Run Behavior\BuildLiteBehavior [ RunTime:0.000000s ]
INFO: [ app_init ] --END-- [ RunTime:0.000000s ]
NOTIC: [8] Undefined variable: result D:\wamp\www\myCMS\ThinkPHP\Library\Think\Hook.class.php 第 103 行.
NOTIC: [8] Undefined variable: result D:\wamp\www\myCMS\ThinkPHP\Library\Think\Hook.class.php 第 103 行.
NOTIC: [8] Undefined variable: result D:\wamp\www\myCMS\ThinkPHP\Library\Think\Hook.class.php 第 103 行.
INFO: [ app_begin ] --START--
INFO: Run Behavior\ReadHtmlCacheBehavior [ RunTime:0.001000s ]
INFO: Run Behavior\CheckLangBehavior [ RunTime:0.000000s ]
INFO: Run Common\Behavior\InitHookBehavior [ RunTime:0.002000s ]
INFO: [ app_begin ] --END-- [ RunTime:0.003000s ]
ERR: 无法加载控制器:Skin

[ 2015-12-14T08:49:07+08:00 ] ::1 /myCMS/skin/blue/skin.css
INFO: [ app_init ] --START--
INFO: Run Behavior\BuildLiteBehavior [ RunTime:0.000000s ]
INFO: [ app_init ] --END-- [ RunTime:0.001000s ]
NOTIC: [8] Undefined variable: result D:\wamp\www\myCMS\ThinkPHP\Library\Think\Hook.class.php 第 103 行.
NOTIC: [8] Undefined variable: result D:\wamp\www\myCMS\ThinkPHP\Library\Think\Hook.class.php 第 103 行.
NOTIC: [8] Undefined variable: result D:\wamp\www\myCMS\ThinkPHP\Library\Think\Hook.class.php 第 103 行.
INFO: [ app_begin ] --START--
INFO: Run Behavior\ReadHtmlCacheBehavior [ RunTime:0.001000s ]
INFO: Run Behavior\CheckLangBehavior [ RunTime:0.000000s ]
INFO: Run Common\Behavior\InitHookBehavior [ RunTime:0.001000s ]
INFO: [ app_begin ] --END-- [ RunTime:0.003000s ]
ERR: 无法加载控制器:Skin

[ 2015-12-14T08:49:24+08:00 ] ::1 /myCMS/skin/blue/skin.css
INFO: [ app_init ] --START--
INFO: Run Behavior\BuildLiteBehavior [ RunTime:0.000000s ]
INFO: [ app_init ] --END-- [ RunTime:0.000000s ]
NOTIC: [8] Undefined variable: result D:\wamp\www\myCMS\ThinkPHP\Library\Think\Hook.class.php 第 103 行.
NOTIC: [8] Undefined variable: result D:\wamp\www\myCMS\ThinkPHP\Library\Think\Hook.class.php 第 103 行.
NOTIC: [8] Undefined variable: result D:\wamp\www\myCMS\ThinkPHP\Library\Think\Hook.class.php 第 103 行.
INFO: [ app_begin ] --START--
INFO: Run Behavior\ReadHtmlCacheBehavior [ RunTime:0.000000s ]
INFO: Run Behavior\CheckLangBehavior [ RunTime:0.001000s ]
INFO: Run Common\Behavior\InitHookBehavior [ RunTime:0.002001s ]
INFO: [ app_begin ] --END-- [ RunTime:0.003001s ]
ERR: 无法加载控制器:Skin

[ 2015-12-14T08:49:25+08:00 ] ::1 /myCMS/skin/blue/skin.css
INFO: [ app_init ] --START--
INFO: Run Behavior\BuildLiteBehavior [ RunTime:0.000000s ]
INFO: [ app_init ] --END-- [ RunTime:0.000000s ]
NOTIC: [8] Undefined variable: result D:\wamp\www\myCMS\ThinkPHP\Library\Think\Hook.class.php 第 103 行.
NOTIC: [8] Undefined variable: result D:\wamp\www\myCMS\ThinkPHP\Library\Think\Hook.class.php 第 103 行.
NOTIC: [8] Undefined variable: result D:\wamp\www\myCMS\ThinkPHP\Library\Think\Hook.class.php 第 103 行.
INFO: [ app_begin ] --START--
INFO: Run Behavior\ReadHtmlCacheBehavior [ RunTime:0.000000s ]
INFO: Run Behavior\CheckLangBehavior [ RunTime:0.000000s ]
INFO: Run Common\Behavior\InitHookBehavior [ RunTime:0.002000s ]
INFO: [ app_begin ] --END-- [ RunTime:0.002000s ]
ERR: 无法加载控制器:Skin

[ 2015-12-14T08:51:39+08:00 ] ::1 /myCMS/skin/blue/skin.css
INFO: [ app_init ] --START--
INFO: Run Behavior\BuildLiteBehavior [ RunTime:0.000000s ]
INFO: [ app_init ] --END-- [ RunTime:0.000000s ]
NOTIC: [8] Undefined variable: result D:\wamp\www\myCMS\ThinkPHP\Library\Think\Hook.class.php 第 103 行.
NOTIC: [8] Undefined variable: result D:\wamp\www\myCMS\ThinkPHP\Library\Think\Hook.class.php 第 103 行.
NOTIC: [8] Undefined variable: result D:\wamp\www\myCMS\ThinkPHP\Library\Think\Hook.class.php 第 103 行.
INFO: [ app_begin ] --START--
INFO: Run Behavior\ReadHtmlCacheBehavior [ RunTime:0.000000s ]
INFO: Run Behavior\CheckLangBehavior [ RunTime:0.001000s ]
INFO: Run Common\Behavior\InitHookBehavior [ RunTime:0.001000s ]
INFO: [ app_begin ] --END-- [ RunTime:0.002000s ]
ERR: 无法加载控制器:Skin

[ 2015-12-14T08:51:42+08:00 ] ::1 /myCMS/skin/blue/skin.css
INFO: [ app_init ] --START--
INFO: Run Behavior\BuildLiteBehavior [ RunTime:0.000000s ]
INFO: [ app_init ] --END-- [ RunTime:0.001000s ]
NOTIC: [8] Undefined variable: result D:\wamp\www\myCMS\ThinkPHP\Library\Think\Hook.class.php 第 103 行.
NOTIC: [8] Undefined variable: result D:\wamp\www\myCMS\ThinkPHP\Library\Think\Hook.class.php 第 103 行.
NOTIC: [8] Undefined variable: result D:\wamp\www\myCMS\ThinkPHP\Library\Think\Hook.class.php 第 103 行.
INFO: [ app_begin ] --START--
INFO: Run Behavior\ReadHtmlCacheBehavior [ RunTime:0.001000s ]
INFO: Run Behavior\CheckLangBehavior [ RunTime:0.001000s ]
INFO: Run Common\Behavior\InitHookBehavior [ RunTime:0.002000s ]
INFO: [ app_begin ] --END-- [ RunTime:0.004000s ]
ERR: 无法加载控制器:Skin

[ 2015-12-14T08:51:54+08:00 ] ::1 /myCMS/skin/blue/skin.css
INFO: [ app_init ] --START--
INFO: Run Behavior\BuildLiteBehavior [ RunTime:0.000000s ]
INFO: [ app_init ] --END-- [ RunTime:0.000000s ]
NOTIC: [8] Undefined variable: result D:\wamp\www\myCMS\ThinkPHP\Library\Think\Hook.class.php 第 103 行.
NOTIC: [8] Undefined variable: result D:\wamp\www\myCMS\ThinkPHP\Library\Think\Hook.class.php 第 103 行.
NOTIC: [8] Undefined variable: result D:\wamp\www\myCMS\ThinkPHP\Library\Think\Hook.class.php 第 103 行.
INFO: [ app_begin ] --START--
INFO: Run Behavior\ReadHtmlCacheBehavior [ RunTime:0.001000s ]
INFO: Run Behavior\CheckLangBehavior [ RunTime:0.000000s ]
INFO: Run Common\Behavior\InitHookBehavior [ RunTime:0.003000s ]
INFO: [ app_begin ] --END-- [ RunTime:0.005000s ]
ERR: 无法加载控制器:Skin

[ 2015-12-14T08:52:02+08:00 ] ::1 /myCMS/skin/blue/skin.css
INFO: [ app_init ] --START--
INFO: Run Behavior\BuildLiteBehavior [ RunTime:0.000000s ]
INFO: [ app_init ] --END-- [ RunTime:0.001000s ]
NOTIC: [8] Undefined variable: result D:\wamp\www\myCMS\ThinkPHP\Library\Think\Hook.class.php 第 103 行.
NOTIC: [8] Undefined variable: result D:\wamp\www\myCMS\ThinkPHP\Library\Think\Hook.class.php 第 103 行.
NOTIC: [8] Undefined variable: result D:\wamp\www\myCMS\ThinkPHP\Library\Think\Hook.class.php 第 103 行.
INFO: [ app_begin ] --START--
INFO: Run Behavior\ReadHtmlCacheBehavior [ RunTime:0.000000s ]
INFO: Run Behavior\CheckLangBehavior [ RunTime:0.001000s ]
INFO: Run Common\Behavior\InitHookBehavior [ RunTime:0.001000s ]
INFO: [ app_begin ] --END-- [ RunTime:0.002000s ]
ERR: 无法加载控制器:Skin

[ 2015-12-14T08:52:22+08:00 ] ::1 /myCMS/skin/blue/skin.css
INFO: [ app_init ] --START--
INFO: Run Behavior\BuildLiteBehavior [ RunTime:0.000000s ]
INFO: [ app_init ] --END-- [ RunTime:0.000000s ]
NOTIC: [8] Undefined variable: result D:\wamp\www\myCMS\ThinkPHP\Library\Think\Hook.class.php 第 103 行.
NOTIC: [8] Undefined variable: result D:\wamp\www\myCMS\ThinkPHP\Library\Think\Hook.class.php 第 103 行.
NOTIC: [8] Undefined variable: result D:\wamp\www\myCMS\ThinkPHP\Library\Think\Hook.class.php 第 103 行.
INFO: [ app_begin ] --START--
INFO: Run Behavior\ReadHtmlCacheBehavior [ RunTime:0.000000s ]
INFO: Run Behavior\CheckLangBehavior [ RunTime:0.001000s ]
INFO: Run Common\Behavior\InitHookBehavior [ RunTime:0.001000s ]
INFO: [ app_begin ] --END-- [ RunTime:0.002000s ]
ERR: 无法加载控制器:Skin

[ 2015-12-14T08:52:24+08:00 ] ::1 /myCMS/skin/blue/skin.css
INFO: [ app_init ] --START--
INFO: Run Behavior\BuildLiteBehavior [ RunTime:0.000000s ]
INFO: [ app_init ] --END-- [ RunTime:0.001000s ]
NOTIC: [8] Undefined variable: result D:\wamp\www\myCMS\ThinkPHP\Library\Think\Hook.class.php 第 103 行.
NOTIC: [8] Undefined variable: result D:\wamp\www\myCMS\ThinkPHP\Library\Think\Hook.class.php 第 103 行.
NOTIC: [8] Undefined variable: result D:\wamp\www\myCMS\ThinkPHP\Library\Think\Hook.class.php 第 103 行.
INFO: [ app_begin ] --START--
INFO: Run Behavior\ReadHtmlCacheBehavior [ RunTime:0.001000s ]
INFO: Run Behavior\CheckLangBehavior [ RunTime:0.000000s ]
INFO: Run Common\Behavior\InitHookBehavior [ RunTime:0.001000s ]
INFO: [ app_begin ] --END-- [ RunTime:0.002000s ]
ERR: 无法加载控制器:Skin

[ 2015-12-14T08:52:39+08:00 ] ::1 /myCMS/skin/blue/skin.css
INFO: [ app_init ] --START--
INFO: Run Behavior\BuildLiteBehavior [ RunTime:0.000000s ]
INFO: [ app_init ] --END-- [ RunTime:0.001000s ]
NOTIC: [8] Undefined variable: result D:\wamp\www\myCMS\ThinkPHP\Library\Think\Hook.class.php 第 103 行.
NOTIC: [8] Undefined variable: result D:\wamp\www\myCMS\ThinkPHP\Library\Think\Hook.class.php 第 103 行.
NOTIC: [8] Undefined variable: result D:\wamp\www\myCMS\ThinkPHP\Library\Think\Hook.class.php 第 103 行.
INFO: [ app_begin ] --START--
INFO: Run Behavior\ReadHtmlCacheBehavior [ RunTime:0.001000s ]
INFO: Run Behavior\CheckLangBehavior [ RunTime:0.000000s ]
INFO: Run Common\Behavior\InitHookBehavior [ RunTime:0.001000s ]
INFO: [ app_begin ] --END-- [ RunTime:0.003000s ]
ERR: 无法加载控制器:Skin

[ 2015-12-14T08:52:40+08:00 ] ::1 /myCMS/skin/blue/skin.css
INFO: [ app_init ] --START--
INFO: Run Behavior\BuildLiteBehavior [ RunTime:0.000000s ]
INFO: [ app_init ] --END-- [ RunTime:0.001000s ]
NOTIC: [8] Undefined variable: result D:\wamp\www\myCMS\ThinkPHP\Library\Think\Hook.class.php 第 103 行.
NOTIC: [8] Undefined variable: result D:\wamp\www\myCMS\ThinkPHP\Library\Think\Hook.class.php 第 103 行.
NOTIC: [8] Undefined variable: result D:\wamp\www\myCMS\ThinkPHP\Library\Think\Hook.class.php 第 103 行.
INFO: [ app_begin ] --START--
INFO: Run Behavior\ReadHtmlCacheBehavior [ RunTime:0.001000s ]
INFO: Run Behavior\CheckLangBehavior [ RunTime:0.000000s ]
INFO: Run Common\Behavior\InitHookBehavior [ RunTime:0.002000s ]
INFO: [ app_begin ] --END-- [ RunTime:0.003000s ]
ERR: 无法加载控制器:Skin

[ 2015-12-14T08:53:57+08:00 ] ::1 /myCMS/skin/blue/skin.css
INFO: [ app_init ] --START--
INFO: Run Behavior\BuildLiteBehavior [ RunTime:0.000000s ]
INFO: [ app_init ] --END-- [ RunTime:0.000000s ]
NOTIC: [8] Undefined variable: result D:\wamp\www\myCMS\ThinkPHP\Library\Think\Hook.class.php 第 103 行.
NOTIC: [8] Undefined variable: result D:\wamp\www\myCMS\ThinkPHP\Library\Think\Hook.class.php 第 103 行.
NOTIC: [8] Undefined variable: result D:\wamp\www\myCMS\ThinkPHP\Library\Think\Hook.class.php 第 103 行.
INFO: [ app_begin ] --START--
INFO: Run Behavior\ReadHtmlCacheBehavior [ RunTime:0.001000s ]
INFO: Run Behavior\CheckLangBehavior [ RunTime:0.001000s ]
INFO: Run Common\Behavior\InitHookBehavior [ RunTime:0.002000s ]
INFO: [ app_begin ] --END-- [ RunTime:0.004000s ]
ERR: 无法加载控制器:Skin

[ 2015-12-14T08:54:17+08:00 ] ::1 /myCMS/skin/blue/skin.css
INFO: [ app_init ] --START--
INFO: Run Behavior\BuildLiteBehavior [ RunTime:0.000000s ]
INFO: [ app_init ] --END-- [ RunTime:0.000000s ]
NOTIC: [8] Undefined variable: result D:\wamp\www\myCMS\ThinkPHP\Library\Think\Hook.class.php 第 103 行.
NOTIC: [8] Undefined variable: result D:\wamp\www\myCMS\ThinkPHP\Library\Think\Hook.class.php 第 103 行.
NOTIC: [8] Undefined variable: result D:\wamp\www\myCMS\ThinkPHP\Library\Think\Hook.class.php 第 103 行.
INFO: [ app_begin ] --START--
INFO: Run Behavior\ReadHtmlCacheBehavior [ RunTime:0.001000s ]
INFO: Run Behavior\CheckLangBehavior [ RunTime:0.001000s ]
INFO: Run Common\Behavior\InitHookBehavior [ RunTime:0.002000s ]
INFO: [ app_begin ] --END-- [ RunTime:0.004000s ]
ERR: 无法加载控制器:Skin

[ 2015-12-14T08:57:58+08:00 ] ::1 /myCMS/skin/blue/skin.css
INFO: [ app_init ] --START--
INFO: Run Behavior\BuildLiteBehavior [ RunTime:0.000000s ]
INFO: [ app_init ] --END-- [ RunTime:0.000000s ]
NOTIC: [8] Undefined variable: result D:\wamp\www\myCMS\ThinkPHP\Library\Think\Hook.class.php 第 103 行.
NOTIC: [8] Undefined variable: result D:\wamp\www\myCMS\ThinkPHP\Library\Think\Hook.class.php 第 103 行.
NOTIC: [8] Undefined variable: result D:\wamp\www\myCMS\ThinkPHP\Library\Think\Hook.class.php 第 103 行.
INFO: [ app_begin ] --START--
INFO: Run Behavior\ReadHtmlCacheBehavior [ RunTime:0.000000s ]
INFO: Run Behavior\CheckLangBehavior [ RunTime:0.001000s ]
INFO: Run Common\Behavior\InitHookBehavior [ RunTime:0.001000s ]
INFO: [ app_begin ] --END-- [ RunTime:0.003000s ]
ERR: 无法加载控制器:Skin

[ 2015-12-14T08:58:45+08:00 ] ::1 /myCMS/skin/blue/skin.css
INFO: [ app_init ] --START--
INFO: Run Behavior\BuildLiteBehavior [ RunTime:0.000000s ]
INFO: [ app_init ] --END-- [ RunTime:0.000000s ]
NOTIC: [8] Undefined variable: result D:\wamp\www\myCMS\ThinkPHP\Library\Think\Hook.class.php 第 103 行.
NOTIC: [8] Undefined variable: result D:\wamp\www\myCMS\ThinkPHP\Library\Think\Hook.class.php 第 103 行.
NOTIC: [8] Undefined variable: result D:\wamp\www\myCMS\ThinkPHP\Library\Think\Hook.class.php 第 103 行.
INFO: [ app_begin ] --START--
INFO: Run Behavior\ReadHtmlCacheBehavior [ RunTime:0.000000s ]
INFO: Run Behavior\CheckLangBehavior [ RunTime:0.001000s ]
INFO: Run Common\Behavior\InitHookBehavior [ RunTime:0.002000s ]
INFO: [ app_begin ] --END-- [ RunTime:0.003000s ]
ERR: 无法加载控制器:Skin

[ 2015-12-14T09:26:48+08:00 ] ::1 /myCMS/skin/blue/skin.css
INFO: [ app_init ] --START--
INFO: Run Behavior\BuildLiteBehavior [ RunTime:0.000000s ]
INFO: [ app_init ] --END-- [ RunTime:0.001000s ]
NOTIC: [8] Undefined variable: result D:\wamp\www\myCMS\ThinkPHP\Library\Think\Hook.class.php 第 103 行.
NOTIC: [8] Undefined variable: result D:\wamp\www\myCMS\ThinkPHP\Library\Think\Hook.class.php 第 103 行.
NOTIC: [8] Undefined variable: result D:\wamp\www\myCMS\ThinkPHP\Library\Think\Hook.class.php 第 103 行.
INFO: [ app_begin ] --START--
INFO: Run Behavior\ReadHtmlCacheBehavior [ RunTime:0.001000s ]
INFO: Run Behavior\CheckLangBehavior [ RunTime:0.000000s ]
INFO: Run Common\Behavior\InitHookBehavior [ RunTime:0.001000s ]
INFO: [ app_begin ] --END-- [ RunTime:0.002000s ]
ERR: 无法加载控制器:Skin

[ 2015-12-14T09:38:53+08:00 ] ::1 /myCMS/skin/blue/skin.css
INFO: [ app_init ] --START--
INFO: Run Behavior\BuildLiteBehavior [ RunTime:0.000000s ]
INFO: [ app_init ] --END-- [ RunTime:0.000000s ]
NOTIC: [8] Undefined variable: result D:\wamp\www\myCMS\ThinkPHP\Library\Think\Hook.class.php 第 103 行.
NOTIC: [8] Undefined variable: result D:\wamp\www\myCMS\ThinkPHP\Library\Think\Hook.class.php 第 103 行.
NOTIC: [8] Undefined variable: result D:\wamp\www\myCMS\ThinkPHP\Library\Think\Hook.class.php 第 103 行.
INFO: [ app_begin ] --START--
INFO: Run Behavior\ReadHtmlCacheBehavior [ RunTime:0.001000s ]
INFO: Run Behavior\CheckLangBehavior [ RunTime:0.000000s ]
INFO: Run Common\Behavior\InitHookBehavior [ RunTime:0.002000s ]
INFO: [ app_begin ] --END-- [ RunTime:0.004000s ]
ERR: 无法加载控制器:Skin

[ 2015-12-14T09:38:56+08:00 ] ::1 /myCMS/skin/blue/skin.css
INFO: [ app_init ] --START--
INFO: Run Behavior\BuildLiteBehavior [ RunTime:0.000000s ]
INFO: [ app_init ] --END-- [ RunTime:0.001000s ]
NOTIC: [8] Undefined variable: result D:\wamp\www\myCMS\ThinkPHP\Library\Think\Hook.class.php 第 103 行.
NOTIC: [8] Undefined variable: result D:\wamp\www\myCMS\ThinkPHP\Library\Think\Hook.class.php 第 103 行.
NOTIC: [8] Undefined variable: result D:\wamp\www\myCMS\ThinkPHP\Library\Think\Hook.class.php 第 103 行.
INFO: [ app_begin ] --START--
INFO: Run Behavior\ReadHtmlCacheBehavior [ RunTime:0.000000s ]
INFO: Run Behavior\CheckLangBehavior [ RunTime:0.001000s ]
INFO: Run Common\Behavior\InitHookBehavior [ RunTime:0.001000s ]
INFO: [ app_begin ] --END-- [ RunTime:0.003000s ]
ERR: 无法加载控制器:Skin

[ 2015-12-14T09:38:59+08:00 ] ::1 /myCMS/skin/blue/skin.css
INFO: [ app_init ] --START--
INFO: Run Behavior\BuildLiteBehavior [ RunTime:0.000000s ]
INFO: [ app_init ] --END-- [ RunTime:0.000000s ]
NOTIC: [8] Undefined variable: result D:\wamp\www\myCMS\ThinkPHP\Library\Think\Hook.class.php 第 103 行.
NOTIC: [8] Undefined variable: result D:\wamp\www\myCMS\ThinkPHP\Library\Think\Hook.class.php 第 103 行.
NOTIC: [8] Undefined variable: result D:\wamp\www\myCMS\ThinkPHP\Library\Think\Hook.class.php 第 103 行.
INFO: [ app_begin ] --START--
INFO: Run Behavior\ReadHtmlCacheBehavior [ RunTime:0.000000s ]
INFO: Run Behavior\CheckLangBehavior [ RunTime:0.000000s ]
INFO: Run Common\Behavior\InitHookBehavior [ RunTime:0.002000s ]
INFO: [ app_begin ] --END-- [ RunTime:0.002000s ]
ERR: 无法加载控制器:Skin

[ 2015-12-14T09:39:02+08:00 ] ::1 /myCMS/skin/blue/skin.css
INFO: [ app_init ] --START--
INFO: Run Behavior\BuildLiteBehavior [ RunTime:0.000000s ]
INFO: [ app_init ] --END-- [ RunTime:0.000000s ]
NOTIC: [8] Undefined variable: result D:\wamp\www\myCMS\ThinkPHP\Library\Think\Hook.class.php 第 103 行.
NOTIC: [8] Undefined variable: result D:\wamp\www\myCMS\ThinkPHP\Library\Think\Hook.class.php 第 103 行.
NOTIC: [8] Undefined variable: result D:\wamp\www\myCMS\ThinkPHP\Library\Think\Hook.class.php 第 103 行.
INFO: [ app_begin ] --START--
INFO: Run Behavior\ReadHtmlCacheBehavior [ RunTime:0.001000s ]
INFO: Run Behavior\CheckLangBehavior [ RunTime:0.000000s ]
INFO: Run Common\Behavior\InitHookBehavior [ RunTime:0.002000s ]
INFO: [ app_begin ] --END-- [ RunTime:0.004000s ]
ERR: 无法加载控制器:Skin

[ 2015-12-14T09:39:11+08:00 ] ::1 /myCMS/skin/blue/skin.css
INFO: [ app_init ] --START--
INFO: Run Behavior\BuildLiteBehavior [ RunTime:0.000000s ]
INFO: [ app_init ] --END-- [ RunTime:0.000000s ]
NOTIC: [8] Undefined variable: result D:\wamp\www\myCMS\ThinkPHP\Library\Think\Hook.class.php 第 103 行.
NOTIC: [8] Undefined variable: result D:\wamp\www\myCMS\ThinkPHP\Library\Think\Hook.class.php 第 103 行.
NOTIC: [8] Undefined variable: result D:\wamp\www\myCMS\ThinkPHP\Library\Think\Hook.class.php 第 103 行.
INFO: [ app_begin ] --START--
INFO: Run Behavior\ReadHtmlCacheBehavior [ RunTime:0.000000s ]
INFO: Run Behavior\CheckLangBehavior [ RunTime:0.000000s ]
INFO: Run Common\Behavior\InitHookBehavior [ RunTime:0.001000s ]
INFO: [ app_begin ] --END-- [ RunTime:0.002000s ]
ERR: 无法加载控制器:Skin

[ 2015-12-14T09:39:17+08:00 ] ::1 /myCMS/skin/blue/skin.css
INFO: [ app_init ] --START--
INFO: Run Behavior\BuildLiteBehavior [ RunTime:0.000000s ]
INFO: [ app_init ] --END-- [ RunTime:0.000000s ]
NOTIC: [8] Undefined variable: result D:\wamp\www\myCMS\ThinkPHP\Library\Think\Hook.class.php 第 103 行.
NOTIC: [8] Undefined variable: result D:\wamp\www\myCMS\ThinkPHP\Library\Think\Hook.class.php 第 103 行.
NOTIC: [8] Undefined variable: result D:\wamp\www\myCMS\ThinkPHP\Library\Think\Hook.class.php 第 103 行.
INFO: [ app_begin ] --START--
INFO: Run Behavior\ReadHtmlCacheBehavior [ RunTime:0.001001s ]
INFO: Run Behavior\CheckLangBehavior [ RunTime:0.000000s ]
INFO: Run Common\Behavior\InitHookBehavior [ RunTime:0.001000s ]
INFO: [ app_begin ] --END-- [ RunTime:0.002001s ]
ERR: 无法加载控制器:Skin

[ 2015-12-14T09:39:29+08:00 ] ::1 /myCMS/skin/blue/skin.css
INFO: [ app_init ] --START--
INFO: Run Behavior\BuildLiteBehavior [ RunTime:0.000000s ]
INFO: [ app_init ] --END-- [ RunTime:0.001000s ]
NOTIC: [8] Undefined variable: result D:\wamp\www\myCMS\ThinkPHP\Library\Think\Hook.class.php 第 103 行.
NOTIC: [8] Undefined variable: result D:\wamp\www\myCMS\ThinkPHP\Library\Think\Hook.class.php 第 103 行.
NOTIC: [8] Undefined variable: result D:\wamp\www\myCMS\ThinkPHP\Library\Think\Hook.class.php 第 103 行.
INFO: [ app_begin ] --START--
INFO: Run Behavior\ReadHtmlCacheBehavior [ RunTime:0.001000s ]
INFO: Run Behavior\CheckLangBehavior [ RunTime:0.001000s ]
INFO: Run Common\Behavior\InitHookBehavior [ RunTime:0.001000s ]
INFO: [ app_begin ] --END-- [ RunTime:0.003000s ]
ERR: 无法加载控制器:Skin

[ 2015-12-14T09:39:56+08:00 ] ::1 /myCMS/skin/blue/skin.css
INFO: [ app_init ] --START--
INFO: Run Behavior\BuildLiteBehavior [ RunTime:0.000000s ]
INFO: [ app_init ] --END-- [ RunTime:0.000000s ]
NOTIC: [8] Undefined variable: result D:\wamp\www\myCMS\ThinkPHP\Library\Think\Hook.class.php 第 103 行.
NOTIC: [8] Undefined variable: result D:\wamp\www\myCMS\ThinkPHP\Library\Think\Hook.class.php 第 103 行.
NOTIC: [8] Undefined variable: result D:\wamp\www\myCMS\ThinkPHP\Library\Think\Hook.class.php 第 103 行.
INFO: [ app_begin ] --START--
INFO: Run Behavior\ReadHtmlCacheBehavior [ RunTime:0.000000s ]
INFO: Run Behavior\CheckLangBehavior [ RunTime:0.001000s ]
INFO: Run Common\Behavior\InitHookBehavior [ RunTime:0.001000s ]
INFO: [ app_begin ] --END-- [ RunTime:0.002000s ]
ERR: 无法加载控制器:Skin

[ 2015-12-14T09:40:00+08:00 ] ::1 /myCMS/skin/blue/skin.css
INFO: [ app_init ] --START--
INFO: Run Behavior\BuildLiteBehavior [ RunTime:0.000000s ]
INFO: [ app_init ] --END-- [ RunTime:0.000000s ]
NOTIC: [8] Undefined variable: result D:\wamp\www\myCMS\ThinkPHP\Library\Think\Hook.class.php 第 103 行.
NOTIC: [8] Undefined variable: result D:\wamp\www\myCMS\ThinkPHP\Library\Think\Hook.class.php 第 103 行.
NOTIC: [8] Undefined variable: result D:\wamp\www\myCMS\ThinkPHP\Library\Think\Hook.class.php 第 103 行.
INFO: [ app_begin ] --START--
INFO: Run Behavior\ReadHtmlCacheBehavior [ RunTime:0.000000s ]
INFO: Run Behavior\CheckLangBehavior [ RunTime:0.001000s ]
INFO: Run Common\Behavior\InitHookBehavior [ RunTime:0.002000s ]
INFO: [ app_begin ] --END-- [ RunTime:0.004000s ]
ERR: 无法加载控制器:Skin

[ 2015-12-14T09:40:02+08:00 ] ::1 /myCMS/skin/blue/skin.css
INFO: [ app_init ] --START--
INFO: Run Behavior\BuildLiteBehavior [ RunTime:0.000000s ]
INFO: [ app_init ] --END-- [ RunTime:0.001001s ]
NOTIC: [8] Undefined variable: result D:\wamp\www\myCMS\ThinkPHP\Library\Think\Hook.class.php 第 103 行.
NOTIC: [8] Undefined variable: result D:\wamp\www\myCMS\ThinkPHP\Library\Think\Hook.class.php 第 103 行.
NOTIC: [8] Undefined variable: result D:\wamp\www\myCMS\ThinkPHP\Library\Think\Hook.class.php 第 103 行.
INFO: [ app_begin ] --START--
INFO: Run Behavior\ReadHtmlCacheBehavior [ RunTime:0.001000s ]
INFO: Run Behavior\CheckLangBehavior [ RunTime:0.000000s ]
INFO: Run Common\Behavior\InitHookBehavior [ RunTime:0.004000s ]
INFO: [ app_begin ] --END-- [ RunTime:0.005000s ]
ERR: 无法加载控制器:Skin

[ 2015-12-14T09:40:10+08:00 ] ::1 /myCMS/skin/blue/skin.css
INFO: [ app_init ] --START--
INFO: Run Behavior\BuildLiteBehavior [ RunTime:0.000000s ]
INFO: [ app_init ] --END-- [ RunTime:0.000000s ]
NOTIC: [8] Undefined variable: result D:\wamp\www\myCMS\ThinkPHP\Library\Think\Hook.class.php 第 103 行.
NOTIC: [8] Undefined variable: result D:\wamp\www\myCMS\ThinkPHP\Library\Think\Hook.class.php 第 103 行.
NOTIC: [8] Undefined variable: result D:\wamp\www\myCMS\ThinkPHP\Library\Think\Hook.class.php 第 103 行.
INFO: [ app_begin ] --START--
INFO: Run Behavior\ReadHtmlCacheBehavior [ RunTime:0.001000s ]
INFO: Run Behavior\CheckLangBehavior [ RunTime:0.000000s ]
INFO: Run Common\Behavior\InitHookBehavior [ RunTime:0.004000s ]
INFO: [ app_begin ] --END-- [ RunTime:0.006000s ]
ERR: 无法加载控制器:Skin

[ 2015-12-14T09:41:14+08:00 ] ::1 /myCMS/skin/blue/skin.css
INFO: [ app_init ] --START--
INFO: Run Behavior\BuildLiteBehavior [ RunTime:0.000000s ]
INFO: [ app_init ] --END-- [ RunTime:0.000000s ]
NOTIC: [8] Undefined variable: result D:\wamp\www\myCMS\ThinkPHP\Library\Think\Hook.class.php 第 103 行.
NOTIC: [8] Undefined variable: result D:\wamp\www\myCMS\ThinkPHP\Library\Think\Hook.class.php 第 103 行.
NOTIC: [8] Undefined variable: result D:\wamp\www\myCMS\ThinkPHP\Library\Think\Hook.class.php 第 103 行.
INFO: [ app_begin ] --START--
INFO: Run Behavior\ReadHtmlCacheBehavior [ RunTime:0.000000s ]
INFO: Run Behavior\CheckLangBehavior [ RunTime:0.001001s ]
INFO: Run Common\Behavior\InitHookBehavior [ RunTime:0.001000s ]
INFO: [ app_begin ] --END-- [ RunTime:0.003001s ]
ERR: 无法加载控制器:Skin

[ 2015-12-14T09:43:09+08:00 ] ::1 /myCMS/skin/blue/skin.css
INFO: [ app_init ] --START--
INFO: Run Behavior\BuildLiteBehavior [ RunTime:0.001000s ]
INFO: [ app_init ] --END-- [ RunTime:0.001000s ]
NOTIC: [8] Undefined variable: result D:\wamp\www\myCMS\ThinkPHP\Library\Think\Hook.class.php 第 103 行.
NOTIC: [8] Undefined variable: result D:\wamp\www\myCMS\ThinkPHP\Library\Think\Hook.class.php 第 103 行.
NOTIC: [8] Undefined variable: result D:\wamp\www\myCMS\ThinkPHP\Library\Think\Hook.class.php 第 103 行.
INFO: [ app_begin ] --START--
INFO: Run Behavior\ReadHtmlCacheBehavior [ RunTime:0.001000s ]
INFO: Run Behavior\CheckLangBehavior [ RunTime:0.000000s ]
INFO: Run Common\Behavior\InitHookBehavior [ RunTime:0.001000s ]
INFO: [ app_begin ] --END-- [ RunTime:0.003000s ]
ERR: 无法加载控制器:Skin

[ 2015-12-14T09:43:20+08:00 ] ::1 /myCMS/skin/blue/skin.css
INFO: [ app_init ] --START--
INFO: Run Behavior\BuildLiteBehavior [ RunTime:0.000000s ]
INFO: [ app_init ] --END-- [ RunTime:0.001000s ]
NOTIC: [8] Undefined variable: result D:\wamp\www\myCMS\ThinkPHP\Library\Think\Hook.class.php 第 103 行.
NOTIC: [8] Undefined variable: result D:\wamp\www\myCMS\ThinkPHP\Library\Think\Hook.class.php 第 103 行.
NOTIC: [8] Undefined variable: result D:\wamp\www\myCMS\ThinkPHP\Library\Think\Hook.class.php 第 103 行.
INFO: [ app_begin ] --START--
INFO: Run Behavior\ReadHtmlCacheBehavior [ RunTime:0.000000s ]
INFO: Run Behavior\CheckLangBehavior [ RunTime:0.000000s ]
INFO: Run Common\Behavior\InitHookBehavior [ RunTime:0.001000s ]
INFO: [ app_begin ] --END-- [ RunTime:0.002000s ]
ERR: 无法加载控制器:Skin

[ 2015-12-14T09:43:22+08:00 ] ::1 /myCMS/skin/blue/skin.css
INFO: [ app_init ] --START--
INFO: Run Behavior\BuildLiteBehavior [ RunTime:0.000000s ]
INFO: [ app_init ] --END-- [ RunTime:0.001000s ]
NOTIC: [8] Undefined variable: result D:\wamp\www\myCMS\ThinkPHP\Library\Think\Hook.class.php 第 103 行.
NOTIC: [8] Undefined variable: result D:\wamp\www\myCMS\ThinkPHP\Library\Think\Hook.class.php 第 103 行.
NOTIC: [8] Undefined variable: result D:\wamp\www\myCMS\ThinkPHP\Library\Think\Hook.class.php 第 103 行.
INFO: [ app_begin ] --START--
INFO: Run Behavior\ReadHtmlCacheBehavior [ RunTime:0.000000s ]
INFO: Run Behavior\CheckLangBehavior [ RunTime:0.000000s ]
INFO: Run Common\Behavior\InitHookBehavior [ RunTime:0.001000s ]
INFO: [ app_begin ] --END-- [ RunTime:0.002000s ]
ERR: 无法加载控制器:Skin

[ 2015-12-14T09:43:30+08:00 ] ::1 /myCMS/skin/blue/skin.css
INFO: [ app_init ] --START--
INFO: Run Behavior\BuildLiteBehavior [ RunTime:0.000000s ]
INFO: [ app_init ] --END-- [ RunTime:0.000000s ]
NOTIC: [8] Undefined variable: result D:\wamp\www\myCMS\ThinkPHP\Library\Think\Hook.class.php 第 103 行.
NOTIC: [8] Undefined variable: result D:\wamp\www\myCMS\ThinkPHP\Library\Think\Hook.class.php 第 103 行.
NOTIC: [8] Undefined variable: result D:\wamp\www\myCMS\ThinkPHP\Library\Think\Hook.class.php 第 103 行.
INFO: [ app_begin ] --START--
INFO: Run Behavior\ReadHtmlCacheBehavior [ RunTime:0.002001s ]
INFO: Run Behavior\CheckLangBehavior [ RunTime:0.000000s ]
INFO: Run Common\Behavior\InitHookBehavior [ RunTime:0.002000s ]
INFO: [ app_begin ] --END-- [ RunTime:0.004001s ]
ERR: 无法加载控制器:Skin

[ 2015-12-14T09:43:34+08:00 ] ::1 /myCMS/skin/blue/skin.css
INFO: [ app_init ] --START--
INFO: Run Behavior\BuildLiteBehavior [ RunTime:0.000000s ]
INFO: [ app_init ] --END-- [ RunTime:0.000000s ]
NOTIC: [8] Undefined variable: result D:\wamp\www\myCMS\ThinkPHP\Library\Think\Hook.class.php 第 103 行.
NOTIC: [8] Undefined variable: result D:\wamp\www\myCMS\ThinkPHP\Library\Think\Hook.class.php 第 103 行.
NOTIC: [8] Undefined variable: result D:\wamp\www\myCMS\ThinkPHP\Library\Think\Hook.class.php 第 103 行.
INFO: [ app_begin ] --START--
INFO: Run Behavior\ReadHtmlCacheBehavior [ RunTime:0.001000s ]
INFO: Run Behavior\CheckLangBehavior [ RunTime:0.000000s ]
INFO: Run Common\Behavior\InitHookBehavior [ RunTime:0.002000s ]
INFO: [ app_begin ] --END-- [ RunTime:0.004000s ]
ERR: 无法加载控制器:Skin

[ 2015-12-14T09:43:37+08:00 ] ::1 /myCMS/skin/blue/skin.css
INFO: [ app_init ] --START--
INFO: Run Behavior\BuildLiteBehavior [ RunTime:0.000000s ]
INFO: [ app_init ] --END-- [ RunTime:0.000000s ]
NOTIC: [8] Undefined variable: result D:\wamp\www\myCMS\ThinkPHP\Library\Think\Hook.class.php 第 103 行.
NOTIC: [8] Undefined variable: result D:\wamp\www\myCMS\ThinkPHP\Library\Think\Hook.class.php 第 103 行.
NOTIC: [8] Undefined variable: result D:\wamp\www\myCMS\ThinkPHP\Library\Think\Hook.class.php 第 103 行.
INFO: [ app_begin ] --START--
INFO: Run Behavior\ReadHtmlCacheBehavior [ RunTime:0.001000s ]
INFO: Run Behavior\CheckLangBehavior [ RunTime:0.000000s ]
INFO: Run Common\Behavior\InitHookBehavior [ RunTime:0.002000s ]
INFO: [ app_begin ] --END-- [ RunTime:0.003000s ]
ERR: 无法加载控制器:Skin

[ 2015-12-14T09:43:49+08:00 ] ::1 /myCMS/skin/blue/skin.css
INFO: [ app_init ] --START--
INFO: Run Behavior\BuildLiteBehavior [ RunTime:0.000000s ]
INFO: [ app_init ] --END-- [ RunTime:0.001000s ]
NOTIC: [8] Undefined variable: result D:\wamp\www\myCMS\ThinkPHP\Library\Think\Hook.class.php 第 103 行.
NOTIC: [8] Undefined variable: result D:\wamp\www\myCMS\ThinkPHP\Library\Think\Hook.class.php 第 103 行.
NOTIC: [8] Undefined variable: result D:\wamp\www\myCMS\ThinkPHP\Library\Think\Hook.class.php 第 103 行.
INFO: [ app_begin ] --START--
INFO: Run Behavior\ReadHtmlCacheBehavior [ RunTime:0.000000s ]
INFO: Run Behavior\CheckLangBehavior [ RunTime:0.001000s ]
INFO: Run Common\Behavior\InitHookBehavior [ RunTime:0.002001s ]
INFO: [ app_begin ] --END-- [ RunTime:0.003001s ]
ERR: 无法加载控制器:Skin

[ 2015-12-14T09:45:16+08:00 ] ::1 /myCMS/skin/blue/skin.css
INFO: [ app_init ] --START--
INFO: Run Behavior\BuildLiteBehavior [ RunTime:0.000000s ]
INFO: [ app_init ] --END-- [ RunTime:0.000000s ]
NOTIC: [8] Undefined variable: result D:\wamp\www\myCMS\ThinkPHP\Library\Think\Hook.class.php 第 103 行.
NOTIC: [8] Undefined variable: result D:\wamp\www\myCMS\ThinkPHP\Library\Think\Hook.class.php 第 103 行.
NOTIC: [8] Undefined variable: result D:\wamp\www\myCMS\ThinkPHP\Library\Think\Hook.class.php 第 103 行.
INFO: [ app_begin ] --START--
INFO: Run Behavior\ReadHtmlCacheBehavior [ RunTime:0.001000s ]
INFO: Run Behavior\CheckLangBehavior [ RunTime:0.000000s ]
INFO: Run Common\Behavior\InitHookBehavior [ RunTime:0.003000s ]
INFO: [ app_begin ] --END-- [ RunTime:0.004000s ]
ERR: 无法加载控制器:Skin

[ 2015-12-14T09:45:18+08:00 ] ::1 /myCMS/skin/blue/skin.css
INFO: [ app_init ] --START--
INFO: Run Behavior\BuildLiteBehavior [ RunTime:0.000000s ]
INFO: [ app_init ] --END-- [ RunTime:0.001000s ]
NOTIC: [8] Undefined variable: result D:\wamp\www\myCMS\ThinkPHP\Library\Think\Hook.class.php 第 103 行.
NOTIC: [8] Undefined variable: result D:\wamp\www\myCMS\ThinkPHP\Library\Think\Hook.class.php 第 103 行.
NOTIC: [8] Undefined variable: result D:\wamp\www\myCMS\ThinkPHP\Library\Think\Hook.class.php 第 103 行.
INFO: [ app_begin ] --START--
INFO: Run Behavior\ReadHtmlCacheBehavior [ RunTime:0.001000s ]
INFO: Run Behavior\CheckLangBehavior [ RunTime:0.001000s ]
INFO: Run Common\Behavior\InitHookBehavior [ RunTime:0.002000s ]
INFO: [ app_begin ] --END-- [ RunTime:0.004000s ]
ERR: 无法加载控制器:Skin

[ 2015-12-14T09:46:01+08:00 ] ::1 /myCMS/skin/blue/skin.css
INFO: [ app_init ] --START--
INFO: Run Behavior\BuildLiteBehavior [ RunTime:0.000000s ]
INFO: [ app_init ] --END-- [ RunTime:0.000000s ]
NOTIC: [8] Undefined variable: result D:\wamp\www\myCMS\ThinkPHP\Library\Think\Hook.class.php 第 103 行.
NOTIC: [8] Undefined variable: result D:\wamp\www\myCMS\ThinkPHP\Library\Think\Hook.class.php 第 103 行.
NOTIC: [8] Undefined variable: result D:\wamp\www\myCMS\ThinkPHP\Library\Think\Hook.class.php 第 103 行.
INFO: [ app_begin ] --START--
INFO: Run Behavior\ReadHtmlCacheBehavior [ RunTime:0.001000s ]
INFO: Run Behavior\CheckLangBehavior [ RunTime:0.000000s ]
INFO: Run Common\Behavior\InitHookBehavior [ RunTime:0.002001s ]
INFO: [ app_begin ] --END-- [ RunTime:0.004001s ]
ERR: 无法加载控制器:Skin

[ 2015-12-14T09:47:10+08:00 ] ::1 /myCMS/skin/blue/skin.css
INFO: [ app_init ] --START--
INFO: Run Behavior\BuildLiteBehavior [ RunTime:0.000000s ]
INFO: [ app_init ] --END-- [ RunTime:0.001000s ]
NOTIC: [8] Undefined variable: result D:\wamp\www\myCMS\ThinkPHP\Library\Think\Hook.class.php 第 103 行.
NOTIC: [8] Undefined variable: result D:\wamp\www\myCMS\ThinkPHP\Library\Think\Hook.class.php 第 103 行.
NOTIC: [8] Undefined variable: result D:\wamp\www\myCMS\ThinkPHP\Library\Think\Hook.class.php 第 103 行.
INFO: [ app_begin ] --START--
INFO: Run Behavior\ReadHtmlCacheBehavior [ RunTime:0.001000s ]
INFO: Run Behavior\CheckLangBehavior [ RunTime:0.001000s ]
INFO: Run Common\Behavior\InitHookBehavior [ RunTime:0.002000s ]
INFO: [ app_begin ] --END-- [ RunTime:0.004000s ]
ERR: 无法加载控制器:Skin

[ 2015-12-14T09:48:43+08:00 ] ::1 /myCMS/skin/blue/skin.css
INFO: [ app_init ] --START--
INFO: Run Behavior\BuildLiteBehavior [ RunTime:0.000000s ]
INFO: [ app_init ] --END-- [ RunTime:0.001000s ]
NOTIC: [8] Undefined variable: result D:\wamp\www\myCMS\ThinkPHP\Library\Think\Hook.class.php 第 103 行.
NOTIC: [8] Undefined variable: result D:\wamp\www\myCMS\ThinkPHP\Library\Think\Hook.class.php 第 103 行.
NOTIC: [8] Undefined variable: result D:\wamp\www\myCMS\ThinkPHP\Library\Think\Hook.class.php 第 103 行.
INFO: [ app_begin ] --START--
INFO: Run Behavior\ReadHtmlCacheBehavior [ RunTime:0.001000s ]
INFO: Run Behavior\CheckLangBehavior [ RunTime:0.001000s ]
INFO: Run Common\Behavior\InitHookBehavior [ RunTime:0.003000s ]
INFO: [ app_begin ] --END-- [ RunTime:0.005000s ]
ERR: 无法加载控制器:Skin

[ 2015-12-14T09:48:47+08:00 ] ::1 /myCMS/skin/blue/skin.css
INFO: [ app_init ] --START--
INFO: Run Behavior\BuildLiteBehavior [ RunTime:0.000000s ]
INFO: [ app_init ] --END-- [ RunTime:0.000000s ]
NOTIC: [8] Undefined variable: result D:\wamp\www\myCMS\ThinkPHP\Library\Think\Hook.class.php 第 103 行.
NOTIC: [8] Undefined variable: result D:\wamp\www\myCMS\ThinkPHP\Library\Think\Hook.class.php 第 103 行.
NOTIC: [8] Undefined variable: result D:\wamp\www\myCMS\ThinkPHP\Library\Think\Hook.class.php 第 103 行.
INFO: [ app_begin ] --START--
INFO: Run Behavior\ReadHtmlCacheBehavior [ RunTime:0.001000s ]
INFO: Run Behavior\CheckLangBehavior [ RunTime:0.001000s ]
INFO: Run Common\Behavior\InitHookBehavior [ RunTime:0.002001s ]
INFO: [ app_begin ] --END-- [ RunTime:0.004001s ]
ERR: 无法加载控制器:Skin

[ 2015-12-14T09:48:48+08:00 ] ::1 /myCMS/skin/blue/skin.css
INFO: [ app_init ] --START--
INFO: Run Behavior\BuildLiteBehavior [ RunTime:0.000000s ]
INFO: [ app_init ] --END-- [ RunTime:0.000000s ]
NOTIC: [8] Undefined variable: result D:\wamp\www\myCMS\ThinkPHP\Library\Think\Hook.class.php 第 103 行.
NOTIC: [8] Undefined variable: result D:\wamp\www\myCMS\ThinkPHP\Library\Think\Hook.class.php 第 103 行.
NOTIC: [8] Undefined variable: result D:\wamp\www\myCMS\ThinkPHP\Library\Think\Hook.class.php 第 103 行.
INFO: [ app_begin ] --START--
INFO: Run Behavior\ReadHtmlCacheBehavior [ RunTime:0.001000s ]
INFO: Run Behavior\CheckLangBehavior [ RunTime:0.000000s ]
INFO: Run Common\Behavior\InitHookBehavior [ RunTime:0.003000s ]
INFO: [ app_begin ] --END-- [ RunTime:0.004000s ]
ERR: 无法加载控制器:Skin

[ 2015-12-14T09:48:50+08:00 ] ::1 /myCMS/skin/blue/skin.css
INFO: [ app_init ] --START--
INFO: Run Behavior\BuildLiteBehavior [ RunTime:0.000000s ]
INFO: [ app_init ] --END-- [ RunTime:0.001001s ]
NOTIC: [8] Undefined variable: result D:\wamp\www\myCMS\ThinkPHP\Library\Think\Hook.class.php 第 103 行.
NOTIC: [8] Undefined variable: result D:\wamp\www\myCMS\ThinkPHP\Library\Think\Hook.class.php 第 103 行.
NOTIC: [8] Undefined variable: result D:\wamp\www\myCMS\ThinkPHP\Library\Think\Hook.class.php 第 103 行.
INFO: [ app_begin ] --START--
INFO: Run Behavior\ReadHtmlCacheBehavior [ RunTime:0.001000s ]
INFO: Run Behavior\CheckLangBehavior [ RunTime:0.001000s ]
INFO: Run Common\Behavior\InitHookBehavior [ RunTime:0.004000s ]
INFO: [ app_begin ] --END-- [ RunTime:0.006000s ]
ERR: 无法加载控制器:Skin

[ 2015-12-14T09:50:12+08:00 ] ::1 /myCMS/skin/blue/skin.css
INFO: [ app_init ] --START--
INFO: Run Behavior\BuildLiteBehavior [ RunTime:0.000000s ]
INFO: [ app_init ] --END-- [ RunTime:0.000000s ]
NOTIC: [8] Undefined variable: result D:\wamp\www\myCMS\ThinkPHP\Library\Think\Hook.class.php 第 103 行.
NOTIC: [8] Undefined variable: result D:\wamp\www\myCMS\ThinkPHP\Library\Think\Hook.class.php 第 103 行.
NOTIC: [8] Undefined variable: result D:\wamp\www\myCMS\ThinkPHP\Library\Think\Hook.class.php 第 103 行.
INFO: [ app_begin ] --START--
INFO: Run Behavior\ReadHtmlCacheBehavior [ RunTime:0.001000s ]
INFO: Run Behavior\CheckLangBehavior [ RunTime:0.000000s ]
INFO: Run Common\Behavior\InitHookBehavior [ RunTime:0.002000s ]
INFO: [ app_begin ] --END-- [ RunTime:0.004000s ]
ERR: 无法加载控制器:Skin

[ 2015-12-14T09:51:03+08:00 ] ::1 /myCMS/skin/blue/skin.css
INFO: [ app_init ] --START--
INFO: Run Behavior\BuildLiteBehavior [ RunTime:0.000000s ]
INFO: [ app_init ] --END-- [ RunTime:0.000000s ]
NOTIC: [8] Undefined variable: result D:\wamp\www\myCMS\ThinkPHP\Library\Think\Hook.class.php 第 103 行.
NOTIC: [8] Undefined variable: result D:\wamp\www\myCMS\ThinkPHP\Library\Think\Hook.class.php 第 103 行.
NOTIC: [8] Undefined variable: result D:\wamp\www\myCMS\ThinkPHP\Library\Think\Hook.class.php 第 103 行.
INFO: [ app_begin ] --START--
INFO: Run Behavior\ReadHtmlCacheBehavior [ RunTime:0.000000s ]
INFO: Run Behavior\CheckLangBehavior [ RunTime:0.000000s ]
INFO: Run Common\Behavior\InitHookBehavior [ RunTime:0.002000s ]
INFO: [ app_begin ] --END-- [ RunTime:0.003001s ]
ERR: 无法加载控制器:Skin

[ 2015-12-14T09:55:01+08:00 ] ::1 /myCMS/skin/blue/skin.css
INFO: [ app_init ] --START--
INFO: Run Behavior\BuildLiteBehavior [ RunTime:0.000000s ]
INFO: [ app_init ] --END-- [ RunTime:0.001000s ]
NOTIC: [8] Undefined variable: result D:\wamp\www\myCMS\ThinkPHP\Library\Think\Hook.class.php 第 103 行.
NOTIC: [8] Undefined variable: result D:\wamp\www\myCMS\ThinkPHP\Library\Think\Hook.class.php 第 103 行.
NOTIC: [8] Undefined variable: result D:\wamp\www\myCMS\ThinkPHP\Library\Think\Hook.class.php 第 103 行.
INFO: [ app_begin ] --START--
INFO: Run Behavior\ReadHtmlCacheBehavior [ RunTime:0.001000s ]
INFO: Run Behavior\CheckLangBehavior [ RunTime:0.001000s ]
INFO: Run Common\Behavior\InitHookBehavior [ RunTime:0.002000s ]
INFO: [ app_begin ] --END-- [ RunTime:0.004000s ]
ERR: 无法加载控制器:Skin

[ 2015-12-14T09:55:47+08:00 ] ::1 /myCMS/skin/blue/skin.css
INFO: [ app_init ] --START--
INFO: Run Behavior\BuildLiteBehavior [ RunTime:0.000000s ]
INFO: [ app_init ] --END-- [ RunTime:0.001000s ]
NOTIC: [8] Undefined variable: result D:\wamp\www\myCMS\ThinkPHP\Library\Think\Hook.class.php 第 103 行.
NOTIC: [8] Undefined variable: result D:\wamp\www\myCMS\ThinkPHP\Library\Think\Hook.class.php 第 103 行.
NOTIC: [8] Undefined variable: result D:\wamp\www\myCMS\ThinkPHP\Library\Think\Hook.class.php 第 103 行.
INFO: [ app_begin ] --START--
INFO: Run Behavior\ReadHtmlCacheBehavior [ RunTime:0.000000s ]
INFO: Run Behavior\CheckLangBehavior [ RunTime:0.001000s ]
INFO: Run Common\Behavior\InitHookBehavior [ RunTime:0.002000s ]
INFO: [ app_begin ] --END-- [ RunTime:0.003000s ]
ERR: 无法加载控制器:Skin

[ 2015-12-14T09:56:44+08:00 ] ::1 /myCMS/skin/blue/skin.css
INFO: [ app_init ] --START--
INFO: Run Behavior\BuildLiteBehavior [ RunTime:0.000000s ]
INFO: [ app_init ] --END-- [ RunTime:0.000000s ]
NOTIC: [8] Undefined variable: result D:\wamp\www\myCMS\ThinkPHP\Library\Think\Hook.class.php 第 103 行.
NOTIC: [8] Undefined variable: result D:\wamp\www\myCMS\ThinkPHP\Library\Think\Hook.class.php 第 103 行.
NOTIC: [8] Undefined variable: result D:\wamp\www\myCMS\ThinkPHP\Library\Think\Hook.class.php 第 103 行.
INFO: [ app_begin ] --START--
INFO: Run Behavior\ReadHtmlCacheBehavior [ RunTime:0.000000s ]
INFO: Run Behavior\CheckLangBehavior [ RunTime:0.001000s ]
INFO: Run Common\Behavior\InitHookBehavior [ RunTime:0.001000s ]
INFO: [ app_begin ] --END-- [ RunTime:0.002000s ]
ERR: 无法加载控制器:Skin

[ 2015-12-14T10:05:18+08:00 ] ::1 /myCMS/skin/blue/skin.css
INFO: [ app_init ] --START--
INFO: Run Behavior\BuildLiteBehavior [ RunTime:0.000000s ]
INFO: [ app_init ] --END-- [ RunTime:0.001000s ]
NOTIC: [8] Undefined variable: result D:\wamp\www\myCMS\ThinkPHP\Library\Think\Hook.class.php 第 103 行.
NOTIC: [8] Undefined variable: result D:\wamp\www\myCMS\ThinkPHP\Library\Think\Hook.class.php 第 103 行.
NOTIC: [8] Undefined variable: result D:\wamp\www\myCMS\ThinkPHP\Library\Think\Hook.class.php 第 103 行.
INFO: [ app_begin ] --START--
INFO: Run Behavior\ReadHtmlCacheBehavior [ RunTime:0.001000s ]
INFO: Run Behavior\CheckLangBehavior [ RunTime:0.000000s ]
INFO: Run Common\Behavior\InitHookBehavior [ RunTime:0.002000s ]
INFO: [ app_begin ] --END-- [ RunTime:0.003000s ]
ERR: 无法加载控制器:Skin

[ 2015-12-14T10:10:25+08:00 ] ::1 /myCMS/skin/blue/skin.css
INFO: [ app_init ] --START--
INFO: Run Behavior\BuildLiteBehavior [ RunTime:0.000000s ]
INFO: [ app_init ] --END-- [ RunTime:0.001000s ]
NOTIC: [8] Undefined variable: result D:\wamp\www\myCMS\ThinkPHP\Library\Think\Hook.class.php 第 103 行.
NOTIC: [8] Undefined variable: result D:\wamp\www\myCMS\ThinkPHP\Library\Think\Hook.class.php 第 103 行.
NOTIC: [8] Undefined variable: result D:\wamp\www\myCMS\ThinkPHP\Library\Think\Hook.class.php 第 103 行.
INFO: [ app_begin ] --START--
INFO: Run Behavior\ReadHtmlCacheBehavior [ RunTime:0.001000s ]
INFO: Run Behavior\CheckLangBehavior [ RunTime:0.001000s ]
INFO: Run Common\Behavior\InitHookBehavior [ RunTime:0.002000s ]
INFO: [ app_begin ] --END-- [ RunTime:0.005000s ]
ERR: 无法加载控制器:Skin

[ 2015-12-14T10:13:26+08:00 ] ::1 /myCMS/skin/blue/skin.css
INFO: [ app_init ] --START--
INFO: Run Behavior\BuildLiteBehavior [ RunTime:0.000000s ]
INFO: [ app_init ] --END-- [ RunTime:0.001000s ]
NOTIC: [8] Undefined variable: result D:\wamp\www\myCMS\ThinkPHP\Library\Think\Hook.class.php 第 103 行.
NOTIC: [8] Undefined variable: result D:\wamp\www\myCMS\ThinkPHP\Library\Think\Hook.class.php 第 103 行.
NOTIC: [8] Undefined variable: result D:\wamp\www\myCMS\ThinkPHP\Library\Think\Hook.class.php 第 103 行.
INFO: [ app_begin ] --START--
INFO: Run Behavior\ReadHtmlCacheBehavior [ RunTime:0.000000s ]
INFO: Run Behavior\CheckLangBehavior [ RunTime:0.001000s ]
INFO: Run Common\Behavior\InitHookBehavior [ RunTime:0.002000s ]
INFO: [ app_begin ] --END-- [ RunTime:0.003000s ]
ERR: 无法加载控制器:Skin

[ 2015-12-14T10:14:34+08:00 ] ::1 /myCMS/skin/blue/skin.css
INFO: [ app_init ] --START--
INFO: Run Behavior\BuildLiteBehavior [ RunTime:0.000000s ]
INFO: [ app_init ] --END-- [ RunTime:0.001000s ]
NOTIC: [8] Undefined variable: result D:\wamp\www\myCMS\ThinkPHP\Library\Think\Hook.class.php 第 103 行.
NOTIC: [8] Undefined variable: result D:\wamp\www\myCMS\ThinkPHP\Library\Think\Hook.class.php 第 103 行.
NOTIC: [8] Undefined variable: result D:\wamp\www\myCMS\ThinkPHP\Library\Think\Hook.class.php 第 103 行.
INFO: [ app_begin ] --START--
INFO: Run Behavior\ReadHtmlCacheBehavior [ RunTime:0.000000s ]
INFO: Run Behavior\CheckLangBehavior [ RunTime:0.000000s ]
INFO: Run Common\Behavior\InitHookBehavior [ RunTime:0.001000s ]
INFO: [ app_begin ] --END-- [ RunTime:0.003001s ]
ERR: 无法加载控制器:Skin

[ 2015-12-14T10:14:38+08:00 ] ::1 /myCMS/skin/blue/skin.css
INFO: [ app_init ] --START--
INFO: Run Behavior\BuildLiteBehavior [ RunTime:0.000000s ]
INFO: [ app_init ] --END-- [ RunTime:0.001000s ]
NOTIC: [8] Undefined variable: result D:\wamp\www\myCMS\ThinkPHP\Library\Think\Hook.class.php 第 103 行.
NOTIC: [8] Undefined variable: result D:\wamp\www\myCMS\ThinkPHP\Library\Think\Hook.class.php 第 103 行.
NOTIC: [8] Undefined variable: result D:\wamp\www\myCMS\ThinkPHP\Library\Think\Hook.class.php 第 103 行.
INFO: [ app_begin ] --START--
INFO: Run Behavior\ReadHtmlCacheBehavior [ RunTime:0.001000s ]
INFO: Run Behavior\CheckLangBehavior [ RunTime:0.001000s ]
INFO: Run Common\Behavior\InitHookBehavior [ RunTime:0.003001s ]
INFO: [ app_begin ] --END-- [ RunTime:0.005001s ]
ERR: 无法加载控制器:Skin

[ 2015-12-14T10:14:42+08:00 ] ::1 /myCMS/skin/blue/skin.css
INFO: [ app_init ] --START--
INFO: Run Behavior\BuildLiteBehavior [ RunTime:0.000000s ]
INFO: [ app_init ] --END-- [ RunTime:0.001000s ]
NOTIC: [8] Undefined variable: result D:\wamp\www\myCMS\ThinkPHP\Library\Think\Hook.class.php 第 103 行.
NOTIC: [8] Undefined variable: result D:\wamp\www\myCMS\ThinkPHP\Library\Think\Hook.class.php 第 103 行.
NOTIC: [8] Undefined variable: result D:\wamp\www\myCMS\ThinkPHP\Library\Think\Hook.class.php 第 103 行.
INFO: [ app_begin ] --START--
INFO: Run Behavior\ReadHtmlCacheBehavior [ RunTime:0.000000s ]
INFO: Run Behavior\CheckLangBehavior [ RunTime:0.001000s ]
INFO: Run Common\Behavior\InitHookBehavior [ RunTime:0.003000s ]
INFO: [ app_begin ] --END-- [ RunTime:0.005000s ]
ERR: 无法加载控制器:Skin

[ 2015-12-14T10:14:45+08:00 ] ::1 /myCMS/skin/blue/skin.css
INFO: [ app_init ] --START--
INFO: Run Behavior\BuildLiteBehavior [ RunTime:0.000000s ]
INFO: [ app_init ] --END-- [ RunTime:0.001000s ]
NOTIC: [8] Undefined variable: result D:\wamp\www\myCMS\ThinkPHP\Library\Think\Hook.class.php 第 103 行.
NOTIC: [8] Undefined variable: result D:\wamp\www\myCMS\ThinkPHP\Library\Think\Hook.class.php 第 103 行.
NOTIC: [8] Undefined variable: result D:\wamp\www\myCMS\ThinkPHP\Library\Think\Hook.class.php 第 103 行.
INFO: [ app_begin ] --START--
INFO: Run Behavior\ReadHtmlCacheBehavior [ RunTime:0.001000s ]
INFO: Run Behavior\CheckLangBehavior [ RunTime:0.001000s ]
INFO: Run Common\Behavior\InitHookBehavior [ RunTime:0.003000s ]
INFO: [ app_begin ] --END-- [ RunTime:0.005000s ]
ERR: 无法加载控制器:Skin

[ 2015-12-14T10:14:46+08:00 ] ::1 /myCMS/skin/blue/skin.css
INFO: [ app_init ] --START--
INFO: Run Behavior\BuildLiteBehavior [ RunTime:0.000000s ]
INFO: [ app_init ] --END-- [ RunTime:0.001000s ]
NOTIC: [8] Undefined variable: result D:\wamp\www\myCMS\ThinkPHP\Library\Think\Hook.class.php 第 103 行.
NOTIC: [8] Undefined variable: result D:\wamp\www\myCMS\ThinkPHP\Library\Think\Hook.class.php 第 103 行.
NOTIC: [8] Undefined variable: result D:\wamp\www\myCMS\ThinkPHP\Library\Think\Hook.class.php 第 103 行.
INFO: [ app_begin ] --START--
INFO: Run Behavior\ReadHtmlCacheBehavior [ RunTime:0.001000s ]
INFO: Run Behavior\CheckLangBehavior [ RunTime:0.000000s ]
INFO: Run Common\Behavior\InitHookBehavior [ RunTime:0.002000s ]
INFO: [ app_begin ] --END-- [ RunTime:0.003000s ]
ERR: 无法加载控制器:Skin

[ 2015-12-14T10:14:47+08:00 ] ::1 /myCMS/skin/blue/skin.css
INFO: [ app_init ] --START--
INFO: Run Behavior\BuildLiteBehavior [ RunTime:0.000000s ]
INFO: [ app_init ] --END-- [ RunTime:0.001000s ]
NOTIC: [8] Undefined variable: result D:\wamp\www\myCMS\ThinkPHP\Library\Think\Hook.class.php 第 103 行.
NOTIC: [8] Undefined variable: result D:\wamp\www\myCMS\ThinkPHP\Library\Think\Hook.class.php 第 103 行.
NOTIC: [8] Undefined variable: result D:\wamp\www\myCMS\ThinkPHP\Library\Think\Hook.class.php 第 103 行.
INFO: [ app_begin ] --START--
INFO: Run Behavior\ReadHtmlCacheBehavior [ RunTime:0.000000s ]
INFO: Run Behavior\CheckLangBehavior [ RunTime:0.001000s ]
INFO: Run Common\Behavior\InitHookBehavior [ RunTime:0.003000s ]
INFO: [ app_begin ] --END-- [ RunTime:0.004000s ]
ERR: 无法加载控制器:Skin

[ 2015-12-14T10:14:51+08:00 ] ::1 /myCMS/skin/blue/skin.css
INFO: [ app_init ] --START--
INFO: Run Behavior\BuildLiteBehavior [ RunTime:0.000000s ]
INFO: [ app_init ] --END-- [ RunTime:0.000000s ]
NOTIC: [8] Undefined variable: result D:\wamp\www\myCMS\ThinkPHP\Library\Think\Hook.class.php 第 103 行.
NOTIC: [8] Undefined variable: result D:\wamp\www\myCMS\ThinkPHP\Library\Think\Hook.class.php 第 103 行.
NOTIC: [8] Undefined variable: result D:\wamp\www\myCMS\ThinkPHP\Library\Think\Hook.class.php 第 103 行.
INFO: [ app_begin ] --START--
INFO: Run Behavior\ReadHtmlCacheBehavior [ RunTime:0.001000s ]
INFO: Run Behavior\CheckLangBehavior [ RunTime:0.001001s ]
INFO: Run Common\Behavior\InitHookBehavior [ RunTime:0.003000s ]
INFO: [ app_begin ] --END-- [ RunTime:0.005001s ]
ERR: 无法加载控制器:Skin

[ 2015-12-14T10:15:16+08:00 ] ::1 /myCMS/skin/blue/skin.css
INFO: [ app_init ] --START--
INFO: Run Behavior\BuildLiteBehavior [ RunTime:0.000000s ]
INFO: [ app_init ] --END-- [ RunTime:0.000000s ]
NOTIC: [8] Undefined variable: result D:\wamp\www\myCMS\ThinkPHP\Library\Think\Hook.class.php 第 103 行.
NOTIC: [8] Undefined variable: result D:\wamp\www\myCMS\ThinkPHP\Library\Think\Hook.class.php 第 103 行.
NOTIC: [8] Undefined variable: result D:\wamp\www\myCMS\ThinkPHP\Library\Think\Hook.class.php 第 103 行.
INFO: [ app_begin ] --START--
INFO: Run Behavior\ReadHtmlCacheBehavior [ RunTime:0.001000s ]
INFO: Run Behavior\CheckLangBehavior [ RunTime:0.000000s ]
INFO: Run Common\Behavior\InitHookBehavior [ RunTime:0.001000s ]
INFO: [ app_begin ] --END-- [ RunTime:0.002000s ]
ERR: 无法加载控制器:Skin

[ 2015-12-14T10:19:46+08:00 ] ::1 /myCMS/skin/blue/skin.css
INFO: [ app_init ] --START--
INFO: Run Behavior\BuildLiteBehavior [ RunTime:0.000000s ]
INFO: [ app_init ] --END-- [ RunTime:0.001000s ]
NOTIC: [8] Undefined variable: result D:\wamp\www\myCMS\ThinkPHP\Library\Think\Hook.class.php 第 103 行.
NOTIC: [8] Undefined variable: result D:\wamp\www\myCMS\ThinkPHP\Library\Think\Hook.class.php 第 103 行.
NOTIC: [8] Undefined variable: result D:\wamp\www\myCMS\ThinkPHP\Library\Think\Hook.class.php 第 103 行.
INFO: [ app_begin ] --START--
INFO: Run Behavior\ReadHtmlCacheBehavior [ RunTime:0.000000s ]
INFO: Run Behavior\CheckLangBehavior [ RunTime:0.000000s ]
INFO: Run Common\Behavior\InitHookBehavior [ RunTime:0.005000s ]
INFO: [ app_begin ] --END-- [ RunTime:0.006000s ]
ERR: 无法加载控制器:Skin

[ 2015-12-14T10:19:46+08:00 ] ::1 /myCMS/skin/blue/skin.css
INFO: [ app_init ] --START--
INFO: Run Behavior\BuildLiteBehavior [ RunTime:0.000000s ]
INFO: [ app_init ] --END-- [ RunTime:0.000000s ]
NOTIC: [8] Undefined variable: result D:\wamp\www\myCMS\ThinkPHP\Library\Think\Hook.class.php 第 103 行.
NOTIC: [8] Undefined variable: result D:\wamp\www\myCMS\ThinkPHP\Library\Think\Hook.class.php 第 103 行.
NOTIC: [8] Undefined variable: result D:\wamp\www\myCMS\ThinkPHP\Library\Think\Hook.class.php 第 103 行.
INFO: [ app_begin ] --START--
INFO: Run Behavior\ReadHtmlCacheBehavior [ RunTime:0.001000s ]
INFO: Run Behavior\CheckLangBehavior [ RunTime:0.002000s ]
INFO: Run Common\Behavior\InitHookBehavior [ RunTime:0.003000s ]
INFO: [ app_begin ] --END-- [ RunTime:0.006000s ]
ERR: 无法加载控制器:Skin

[ 2015-12-14T10:47:00+08:00 ] ::1 /myCMS/skin/blue/skin.css
INFO: [ app_init ] --START--
INFO: Run Behavior\BuildLiteBehavior [ RunTime:0.000000s ]
INFO: [ app_init ] --END-- [ RunTime:0.001000s ]
NOTIC: [8] Undefined variable: result D:\wamp\www\myCMS\ThinkPHP\Library\Think\Hook.class.php 第 103 行.
NOTIC: [8] Undefined variable: result D:\wamp\www\myCMS\ThinkPHP\Library\Think\Hook.class.php 第 103 行.
NOTIC: [8] Undefined variable: result D:\wamp\www\myCMS\ThinkPHP\Library\Think\Hook.class.php 第 103 行.
INFO: [ app_begin ] --START--
INFO: Run Behavior\ReadHtmlCacheBehavior [ RunTime:0.001000s ]
INFO: Run Behavior\CheckLangBehavior [ RunTime:0.000000s ]
INFO: Run Common\Behavior\InitHookBehavior [ RunTime:0.002000s ]
INFO: [ app_begin ] --END-- [ RunTime:0.003000s ]
ERR: 无法加载控制器:Skin

[ 2015-12-14T10:53:54+08:00 ] ::1 /myCMS/skin/blue/skin.css
INFO: [ app_init ] --START--
INFO: Run Behavior\BuildLiteBehavior [ RunTime:0.000000s ]
INFO: [ app_init ] --END-- [ RunTime:0.000000s ]
NOTIC: [8] Undefined variable: result D:\wamp\www\myCMS\ThinkPHP\Library\Think\Hook.class.php 第 103 行.
NOTIC: [8] Undefined variable: result D:\wamp\www\myCMS\ThinkPHP\Library\Think\Hook.class.php 第 103 行.
NOTIC: [8] Undefined variable: result D:\wamp\www\myCMS\ThinkPHP\Library\Think\Hook.class.php 第 103 行.
INFO: [ app_begin ] --START--
INFO: Run Behavior\ReadHtmlCacheBehavior [ RunTime:0.001000s ]
INFO: Run Behavior\CheckLangBehavior [ RunTime:0.000000s ]
INFO: Run Common\Behavior\InitHookBehavior [ RunTime:0.003000s ]
INFO: [ app_begin ] --END-- [ RunTime:0.004000s ]
ERR: 无法加载控制器:Skin

[ 2015-12-14T10:54:26+08:00 ] ::1 /myCMS/skin/blue/skin.css
INFO: [ app_init ] --START--
INFO: Run Behavior\BuildLiteBehavior [ RunTime:0.000000s ]
INFO: [ app_init ] --END-- [ RunTime:0.000000s ]
NOTIC: [8] Undefined variable: result D:\wamp\www\myCMS\ThinkPHP\Library\Think\Hook.class.php 第 103 行.
NOTIC: [8] Undefined variable: result D:\wamp\www\myCMS\ThinkPHP\Library\Think\Hook.class.php 第 103 行.
NOTIC: [8] Undefined variable: result D:\wamp\www\myCMS\ThinkPHP\Library\Think\Hook.class.php 第 103 行.
INFO: [ app_begin ] --START--
INFO: Run Behavior\ReadHtmlCacheBehavior [ RunTime:0.000000s ]
INFO: Run Behavior\CheckLangBehavior [ RunTime:0.001001s ]
INFO: Run Common\Behavior\InitHookBehavior [ RunTime:0.001000s ]
INFO: [ app_begin ] --END-- [ RunTime:0.002001s ]
ERR: 无法加载控制器:Skin

[ 2015-12-14T10:56:51+08:00 ] ::1 /myCMS/skin/blue/skin.css
INFO: [ app_init ] --START--
INFO: Run Behavior\BuildLiteBehavior [ RunTime:0.000000s ]
INFO: [ app_init ] --END-- [ RunTime:0.000000s ]
NOTIC: [8] Undefined variable: result D:\wamp\www\myCMS\ThinkPHP\Library\Think\Hook.class.php 第 103 行.
NOTIC: [8] Undefined variable: result D:\wamp\www\myCMS\ThinkPHP\Library\Think\Hook.class.php 第 103 行.
NOTIC: [8] Undefined variable: result D:\wamp\www\myCMS\ThinkPHP\Library\Think\Hook.class.php 第 103 行.
INFO: [ app_begin ] --START--
INFO: Run Behavior\ReadHtmlCacheBehavior [ RunTime:0.001000s ]
INFO: Run Behavior\CheckLangBehavior [ RunTime:0.000000s ]
INFO: Run Common\Behavior\InitHookBehavior [ RunTime:0.003000s ]
INFO: [ app_begin ] --END-- [ RunTime:0.004000s ]
ERR: 无法加载控制器:Skin

[ 2015-12-14T10:57:10+08:00 ] ::1 /myCMS/skin/blue/skin.css
INFO: [ app_init ] --START--
INFO: Run Behavior\BuildLiteBehavior [ RunTime:0.000000s ]
INFO: [ app_init ] --END-- [ RunTime:0.001000s ]
NOTIC: [8] Undefined variable: result D:\wamp\www\myCMS\ThinkPHP\Library\Think\Hook.class.php 第 103 行.
NOTIC: [8] Undefined variable: result D:\wamp\www\myCMS\ThinkPHP\Library\Think\Hook.class.php 第 103 行.
NOTIC: [8] Undefined variable: result D:\wamp\www\myCMS\ThinkPHP\Library\Think\Hook.class.php 第 103 行.
INFO: [ app_begin ] --START--
INFO: Run Behavior\ReadHtmlCacheBehavior [ RunTime:0.001000s ]
INFO: Run Behavior\CheckLangBehavior [ RunTime:0.000000s ]
INFO: Run Common\Behavior\InitHookBehavior [ RunTime:0.003000s ]
INFO: [ app_begin ] --END-- [ RunTime:0.005000s ]
ERR: 无法加载控制器:Skin

[ 2015-12-14T10:57:22+08:00 ] ::1 /myCMS/skin/blue/skin.css
INFO: [ app_init ] --START--
INFO: Run Behavior\BuildLiteBehavior [ RunTime:0.000000s ]
INFO: [ app_init ] --END-- [ RunTime:0.001000s ]
NOTIC: [8] Undefined variable: result D:\wamp\www\myCMS\ThinkPHP\Library\Think\Hook.class.php 第 103 行.
NOTIC: [8] Undefined variable: result D:\wamp\www\myCMS\ThinkPHP\Library\Think\Hook.class.php 第 103 行.
NOTIC: [8] Undefined variable: result D:\wamp\www\myCMS\ThinkPHP\Library\Think\Hook.class.php 第 103 行.
INFO: [ app_begin ] --START--
INFO: Run Behavior\ReadHtmlCacheBehavior [ RunTime:0.000000s ]
INFO: Run Behavior\CheckLangBehavior [ RunTime:0.001000s ]
INFO: Run Common\Behavior\InitHookBehavior [ RunTime:0.001001s ]
INFO: [ app_begin ] --END-- [ RunTime:0.002001s ]
ERR: 无法加载控制器:Skin

[ 2015-12-14T10:57:26+08:00 ] ::1 /myCMS/skin/blue/skin.css
INFO: [ app_init ] --START--
INFO: Run Behavior\BuildLiteBehavior [ RunTime:0.000000s ]
INFO: [ app_init ] --END-- [ RunTime:0.001000s ]
NOTIC: [8] Undefined variable: result D:\wamp\www\myCMS\ThinkPHP\Library\Think\Hook.class.php 第 103 行.
NOTIC: [8] Undefined variable: result D:\wamp\www\myCMS\ThinkPHP\Library\Think\Hook.class.php 第 103 行.
NOTIC: [8] Undefined variable: result D:\wamp\www\myCMS\ThinkPHP\Library\Think\Hook.class.php 第 103 行.
INFO: [ app_begin ] --START--
INFO: Run Behavior\ReadHtmlCacheBehavior [ RunTime:0.001000s ]
INFO: Run Behavior\CheckLangBehavior [ RunTime:0.001000s ]
INFO: Run Common\Behavior\InitHookBehavior [ RunTime:0.002000s ]
INFO: [ app_begin ] --END-- [ RunTime:0.004000s ]
ERR: 无法加载控制器:Skin

[ 2015-12-14T10:57:30+08:00 ] ::1 /myCMS/skin/blue/skin.css
INFO: [ app_init ] --START--
INFO: Run Behavior\BuildLiteBehavior [ RunTime:0.000000s ]
INFO: [ app_init ] --END-- [ RunTime:0.000000s ]
NOTIC: [8] Undefined variable: result D:\wamp\www\myCMS\ThinkPHP\Library\Think\Hook.class.php 第 103 行.
NOTIC: [8] Undefined variable: result D:\wamp\www\myCMS\ThinkPHP\Library\Think\Hook.class.php 第 103 行.
NOTIC: [8] Undefined variable: result D:\wamp\www\myCMS\ThinkPHP\Library\Think\Hook.class.php 第 103 行.
INFO: [ app_begin ] --START--
INFO: Run Behavior\ReadHtmlCacheBehavior [ RunTime:0.001000s ]
INFO: Run Behavior\CheckLangBehavior [ RunTime:0.002001s ]
INFO: Run Common\Behavior\InitHookBehavior [ RunTime:0.004000s ]
INFO: [ app_begin ] --END-- [ RunTime:0.007001s ]
ERR: 无法加载控制器:Skin

[ 2015-12-14T10:57:45+08:00 ] ::1 /myCMS/skin/blue/skin.css
INFO: [ app_init ] --START--
INFO: Run Behavior\BuildLiteBehavior [ RunTime:0.000000s ]
INFO: [ app_init ] --END-- [ RunTime:0.000000s ]
NOTIC: [8] Undefined variable: result D:\wamp\www\myCMS\ThinkPHP\Library\Think\Hook.class.php 第 103 行.
NOTIC: [8] Undefined variable: result D:\wamp\www\myCMS\ThinkPHP\Library\Think\Hook.class.php 第 103 行.
NOTIC: [8] Undefined variable: result D:\wamp\www\myCMS\ThinkPHP\Library\Think\Hook.class.php 第 103 行.
INFO: [ app_begin ] --START--
INFO: Run Behavior\ReadHtmlCacheBehavior [ RunTime:0.001000s ]
INFO: Run Behavior\CheckLangBehavior [ RunTime:0.000000s ]
INFO: Run Common\Behavior\InitHookBehavior [ RunTime:0.007001s ]
INFO: [ app_begin ] --END-- [ RunTime:0.008001s ]
ERR: 无法加载控制器:Skin

[ 2015-12-14T10:58:02+08:00 ] ::1 /myCMS/skin/blue/skin.css
INFO: [ app_init ] --START--
INFO: Run Behavior\BuildLiteBehavior [ RunTime:0.000000s ]
INFO: [ app_init ] --END-- [ RunTime:0.001000s ]
NOTIC: [8] Undefined variable: result D:\wamp\www\myCMS\ThinkPHP\Library\Think\Hook.class.php 第 103 行.
NOTIC: [8] Undefined variable: result D:\wamp\www\myCMS\ThinkPHP\Library\Think\Hook.class.php 第 103 行.
NOTIC: [8] Undefined variable: result D:\wamp\www\myCMS\ThinkPHP\Library\Think\Hook.class.php 第 103 行.
INFO: [ app_begin ] --START--
INFO: Run Behavior\ReadHtmlCacheBehavior [ RunTime:0.001000s ]
INFO: Run Behavior\CheckLangBehavior [ RunTime:0.002000s ]
INFO: Run Common\Behavior\InitHookBehavior [ RunTime:0.003001s ]
INFO: [ app_begin ] --END-- [ RunTime:0.006001s ]
ERR: 无法加载控制器:Skin

[ 2015-12-14T10:58:59+08:00 ] ::1 /myCMS/skin/blue/skin.css
INFO: [ app_init ] --START--
INFO: Run Behavior\BuildLiteBehavior [ RunTime:0.000000s ]
INFO: [ app_init ] --END-- [ RunTime:0.000000s ]
NOTIC: [8] Undefined variable: result D:\wamp\www\myCMS\ThinkPHP\Library\Think\Hook.class.php 第 103 行.
NOTIC: [8] Undefined variable: result D:\wamp\www\myCMS\ThinkPHP\Library\Think\Hook.class.php 第 103 行.
NOTIC: [8] Undefined variable: result D:\wamp\www\myCMS\ThinkPHP\Library\Think\Hook.class.php 第 103 行.
INFO: [ app_begin ] --START--
INFO: Run Behavior\ReadHtmlCacheBehavior [ RunTime:0.001000s ]
INFO: Run Behavior\CheckLangBehavior [ RunTime:0.001000s ]
INFO: Run Common\Behavior\InitHookBehavior [ RunTime:0.006000s ]
INFO: [ app_begin ] --END-- [ RunTime:0.008000s ]
ERR: 无法加载控制器:Skin

[ 2015-12-14T10:59:01+08:00 ] ::1 /myCMS/skin/blue/skin.css
INFO: [ app_init ] --START--
INFO: Run Behavior\BuildLiteBehavior [ RunTime:0.000000s ]
INFO: [ app_init ] --END-- [ RunTime:0.000000s ]
NOTIC: [8] Undefined variable: result D:\wamp\www\myCMS\ThinkPHP\Library\Think\Hook.class.php 第 103 行.
NOTIC: [8] Undefined variable: result D:\wamp\www\myCMS\ThinkPHP\Library\Think\Hook.class.php 第 103 行.
NOTIC: [8] Undefined variable: result D:\wamp\www\myCMS\ThinkPHP\Library\Think\Hook.class.php 第 103 行.
INFO: [ app_begin ] --START--
INFO: Run Behavior\ReadHtmlCacheBehavior [ RunTime:0.000000s ]
INFO: Run Behavior\CheckLangBehavior [ RunTime:0.000000s ]
INFO: Run Common\Behavior\InitHookBehavior [ RunTime:0.002000s ]
INFO: [ app_begin ] --END-- [ RunTime:0.003000s ]
ERR: 无法加载控制器:Skin

