[ 2016-01-25T08:34:59+08:00 ] ::1 /myCMS/
INFO: [ app_init ] --START--
INFO: Run Behavior\BuildLiteBehavior [ RunTime:0.000000s ]
INFO: [ app_init ] --END-- [ RunTime:0.000000s ]
NOTIC: [8] Undefined variable: result D:\wamp\www\myCMS\ThinkPHP\Library\Think\Hook.class.php 第 103 行.
NOTIC: [8] Undefined variable: result D:\wamp\www\myCMS\ThinkPHP\Library\Think\Hook.class.php 第 103 行.
INFO: [ app_begin ] --START--
INFO: Run Behavior\ReadHtmlCacheBehavior [ RunTime:0.001000s ]
INFO: Run Behavior\CheckLangBehavior [ RunTime:0.001000s ]
INFO: Run Common\Behavior\InitHookBehavior [ RunTime:0.006000s ]
INFO: [ app_begin ] --END-- [ RunTime:0.009000s ]
NOTIC: [8] Undefined variable: result D:\wamp\www\myCMS\ThinkPHP\Library\Think\Hook.class.php 第 103 行.
NOTIC: [8192] mysql_connect(): The mysql extension is deprecated and will be removed in the future: use mysqli or PDO instead D:\wamp\www\myCMS\ThinkPHP\Library\Think\Db\Driver\Mysql.class.php 第 52 行.
SQL: SHOW COLUMNS FROM `my_setting` [ RunTime:0.008001s ]
SQL: SELECT `id`,`name`,`title`,`value`,`status`,`sort` FROM `my_setting` WHERE `status` = 1 ORDER BY sort asc  [ RunTime:0.001000s ]
SQL: SELECT `id`,`name`,`title`,`value`,`status`,`sort` FROM `my_setting` WHERE `status` = 1 ORDER BY sort asc  [ RunTime:0.000000s ]
NOTIC: [2] Illegal string offset 'value' D:\wamp\www\myCMS\Application\Home\Controller\BaseController.class.php 第 28 行.
SQL: SHOW COLUMNS FROM `my_nav` [ RunTime:0.005000s ]
SQL: SELECT `id`,`pid`,`name`,`sort`,`template`,`status`,`addtime`,`edittime`,`keywords`,`description`,`modular_id`,`url` FROM `my_nav` WHERE `status` = 1 ORDER BY sort asc  [ RunTime:0.000000s ]
NOTIC: [8] Undefined variable: result D:\wamp\www\myCMS\ThinkPHP\Library\Think\Hook.class.php 第 103 行.
INFO: [ view_parse ] --START--
INFO: [ template_filter ] --START--
INFO: Run Behavior\ContentReplaceBehavior [ RunTime:0.000000s ]
INFO: [ template_filter ] --END-- [ RunTime:0.000000s ]
INFO: Run Behavior\ParseTemplateBehavior [ RunTime:0.009000s ]
INFO: [ view_parse ] --END-- [ RunTime:0.009000s ]
INFO: [ view_filter ] --START--
INFO: Run Behavior\WriteHtmlCacheBehavior [ RunTime:0.001000s ]
INFO: [ view_filter ] --END-- [ RunTime:0.001000s ]
NOTIC: [8] Undefined variable: result D:\wamp\www\myCMS\ThinkPHP\Library\Think\Hook.class.php 第 103 行.
NOTIC: [8] Undefined variable: result D:\wamp\www\myCMS\ThinkPHP\Library\Think\Hook.class.php 第 103 行.
INFO: [ app_end ] --START--
INFO: Run Behavior\ShowPageTraceBehavior [ RunTime:0.001000s ]
INFO: [ app_end ] --END-- [ RunTime:0.001000s ]

[ 2016-01-25T08:35:01+08:00 ] ::1 /myCMS/Page/about.html
INFO: [ app_init ] --START--
INFO: Run Behavior\BuildLiteBehavior [ RunTime:0.001000s ]
INFO: [ app_init ] --END-- [ RunTime:0.001000s ]
NOTIC: [8] Undefined variable: result D:\wamp\www\myCMS\ThinkPHP\Library\Think\Hook.class.php 第 103 行.
NOTIC: [8] Undefined variable: result D:\wamp\www\myCMS\ThinkPHP\Library\Think\Hook.class.php 第 103 行.
INFO: [ app_begin ] --START--
INFO: Run Behavior\ReadHtmlCacheBehavior [ RunTime:0.000000s ]
INFO: Run Behavior\CheckLangBehavior [ RunTime:0.000000s ]
INFO: Run Common\Behavior\InitHookBehavior [ RunTime:0.002000s ]
INFO: [ app_begin ] --END-- [ RunTime:0.003000s ]
NOTIC: [8] Undefined variable: result D:\wamp\www\myCMS\ThinkPHP\Library\Think\Hook.class.php 第 103 行.
NOTIC: [8192] mysql_connect(): The mysql extension is deprecated and will be removed in the future: use mysqli or PDO instead D:\wamp\www\myCMS\ThinkPHP\Library\Think\Db\Driver\Mysql.class.php 第 52 行.
SQL: SHOW COLUMNS FROM `my_setting` [ RunTime:0.004000s ]
SQL: SELECT `id`,`name`,`title`,`value`,`status`,`sort` FROM `my_setting` WHERE `status` = 1 ORDER BY sort asc  [ RunTime:0.000000s ]
SQL: SELECT `id`,`name`,`title`,`value`,`status`,`sort` FROM `my_setting` WHERE `status` = 1 ORDER BY sort asc  [ RunTime:0.000000s ]
NOTIC: [2] Illegal string offset 'value' D:\wamp\www\myCMS\Application\Home\Controller\BaseController.class.php 第 28 行.
SQL: SHOW COLUMNS FROM `my_nav` [ RunTime:0.002001s ]
SQL: SELECT `id`,`pid`,`name`,`sort`,`template`,`status`,`addtime`,`edittime`,`keywords`,`description`,`modular_id`,`url` FROM `my_nav` WHERE `status` = 1 ORDER BY sort asc  [ RunTime:0.001000s ]
SQL: SELECT `id`,`url`,`name` FROM `my_nav` WHERE `status` = 1 ORDER BY sort asc  [ RunTime:0.001000s ]
SQL: SELECT `id`,`pid`,`name`,`sort`,`template`,`status`,`addtime`,`edittime`,`keywords`,`description`,`modular_id`,`url` FROM `my_nav` WHERE `status` = 1 ORDER BY sort asc  [ RunTime:0.000000s ]
NOTIC: [8] Undefined variable: _list D:\wamp\www\myCMS\Application\Common\Common\common.php 第 520 行.
NOTIC: [8] Undefined variable: _list D:\wamp\www\myCMS\Application\Common\Common\common.php 第 520 行.
NOTIC: [8] Undefined variable: _list D:\wamp\www\myCMS\Application\Common\Common\common.php 第 520 行.
NOTIC: [8] Undefined variable: _list D:\wamp\www\myCMS\Application\Common\Common\common.php 第 520 行.
NOTIC: [8] Undefined variable: _list D:\wamp\www\myCMS\Application\Common\Common\common.php 第 520 行.
NOTIC: [8] Undefined variable: _list D:\wamp\www\myCMS\Application\Common\Common\common.php 第 520 行.
NOTIC: [8] Undefined variable: _list D:\wamp\www\myCMS\Application\Common\Common\common.php 第 520 行.
NOTIC: [8] Undefined variable: _list D:\wamp\www\myCMS\Application\Common\Common\common.php 第 520 行.
NOTIC: [8] Undefined variable: _list D:\wamp\www\myCMS\Application\Common\Common\common.php 第 520 行.
NOTIC: [8] Undefined variable: _list D:\wamp\www\myCMS\Application\Common\Common\common.php 第 520 行.
NOTIC: [8] Undefined variable: _list D:\wamp\www\myCMS\Application\Common\Common\common.php 第 520 行.
NOTIC: [8] Undefined variable: _list D:\wamp\www\myCMS\Application\Common\Common\common.php 第 520 行.
SQL: SHOW COLUMNS FROM `my_page` [ RunTime:0.006000s ]
SQL: SHOW COLUMNS FROM `my_page` [ RunTime:0.003000s ]
SQL: SHOW COLUMNS FROM `my_page` [ RunTime:0.002000s ]
SQL: SELECT n.id,n.pid,n.sort,n.template,n.status,n.addtime,n.modular_id,n.url,p.nav_id,p.title,p.content,p.keywords,p.description,p.custom FROM my_page as p right join my_nav as n on p.nav_id = n.id  WHERE n.url = 'Page/about' AND n.modular_id = 1 AND n.status = 1 LIMIT 1   [ RunTime:0.001001s ]
SQL: SELECT `id`,`pid`,`name`,`sort`,`template`,`status`,`addtime`,`edittime`,`keywords`,`description`,`modular_id`,`url` FROM `my_nav` WHERE `status` = 1 ORDER BY sort asc  [ RunTime:0.000000s ]
NOTIC: [8] Undefined variable: result D:\wamp\www\myCMS\ThinkPHP\Library\Think\Hook.class.php 第 103 行.
INFO: [ view_parse ] --START--
INFO: [ template_filter ] --START--
INFO: Run Behavior\ContentReplaceBehavior [ RunTime:0.000000s ]
INFO: [ template_filter ] --END-- [ RunTime:0.000000s ]
NOTIC: [8] Undefined index: WEB_SITE_TITLE D:\wamp\www\myCMS\Application\Runtime\Cache\Home\3045e402ccf85fe5cdb29f8e24597452.php 第 5 行.
INFO: Run Behavior\ParseTemplateBehavior [ RunTime:0.014000s ]
INFO: [ view_parse ] --END-- [ RunTime:0.014000s ]
INFO: [ view_filter ] --START--
INFO: Run Behavior\WriteHtmlCacheBehavior [ RunTime:0.000000s ]
INFO: [ view_filter ] --END-- [ RunTime:0.001000s ]
NOTIC: [8] Undefined variable: result D:\wamp\www\myCMS\ThinkPHP\Library\Think\Hook.class.php 第 103 行.
NOTIC: [8] Undefined variable: result D:\wamp\www\myCMS\ThinkPHP\Library\Think\Hook.class.php 第 103 行.
INFO: [ app_end ] --START--
INFO: Run Behavior\ShowPageTraceBehavior [ RunTime:0.001000s ]
INFO: [ app_end ] --END-- [ RunTime:0.001000s ]

