[ 2015-10-30T08:54:51+08:00 ] ::1 /myCMS/admin.php
INFO: [ app_init ] --START--
INFO: Run Behavior\BuildLiteBehavior [ RunTime:0.000000s ]
INFO: [ app_init ] --END-- [ RunTime:0.001000s ]
INFO: [ app_begin ] --START--
INFO: Run Behavior\ReadHtmlCacheBehavior [ RunTime:0.001000s ]
INFO: [ app_begin ] --END-- [ RunTime:0.001000s ]
INFO: [ view_parse ] --START--
INFO: [ template_filter ] --START--
INFO: Run Behavior\ContentReplaceBehavior [ RunTime:0.000000s ]
INFO: [ template_filter ] --END-- [ RunTime:0.000000s ]
INFO: Run Behavior\ParseTemplateBehavior [ RunTime:0.012001s ]
INFO: [ view_parse ] --END-- [ RunTime:0.012001s ]
INFO: [ view_filter ] --START--
INFO: Run Behavior\WriteHtmlCacheBehavior [ RunTime:0.000000s ]
INFO: [ view_filter ] --END-- [ RunTime:0.000000s ]
INFO: [ app_end ] --START--
INFO: Run Behavior\ShowPageTraceBehavior [ RunTime:0.001000s ]
INFO: [ app_end ] --END-- [ RunTime:0.001000s ]

[ 2015-10-30T08:54:51+08:00 ] ::1 /myCMS/admin.php?m=Admin&c=Index&a=welcome
INFO: [ app_init ] --START--
INFO: Run Behavior\BuildLiteBehavior [ RunTime:0.000000s ]
INFO: [ app_init ] --END-- [ RunTime:0.001000s ]
INFO: [ app_begin ] --START--
INFO: Run Behavior\ReadHtmlCacheBehavior [ RunTime:0.001000s ]
INFO: [ app_begin ] --END-- [ RunTime:0.001000s ]
INFO: [ view_parse ] --START--
INFO: [ template_filter ] --START--
INFO: Run Behavior\ContentReplaceBehavior [ RunTime:0.000000s ]
INFO: [ template_filter ] --END-- [ RunTime:0.000000s ]
INFO: Run Behavior\ParseTemplateBehavior [ RunTime:0.008001s ]
INFO: [ view_parse ] --END-- [ RunTime:0.010001s ]
INFO: [ view_filter ] --START--
INFO: Run Behavior\WriteHtmlCacheBehavior [ RunTime:0.000000s ]
INFO: [ view_filter ] --END-- [ RunTime:0.000000s ]
INFO: [ app_end ] --START--
INFO: Run Behavior\ShowPageTraceBehavior [ RunTime:0.000000s ]
INFO: [ app_end ] --END-- [ RunTime:0.000000s ]

[ 2015-10-30T08:54:54+08:00 ] ::1 /myCMS/admin.php?m=Admin&c=Article&a=index
INFO: [ app_init ] --START--
INFO: Run Behavior\BuildLiteBehavior [ RunTime:0.000000s ]
INFO: [ app_init ] --END-- [ RunTime:0.000000s ]
INFO: [ app_begin ] --START--
INFO: Run Behavior\ReadHtmlCacheBehavior [ RunTime:0.001000s ]
INFO: [ app_begin ] --END-- [ RunTime:0.001000s ]
NOTIC: [8192] mysql_connect(): The mysql extension is deprecated and will be removed in the future: use mysqli or PDO instead D:\wamp\www\myCMS\ThinkPHP\Library\Think\Db\Driver\Mysql.class.php 第 52 行.
SQL: SHOW COLUMNS FROM `my_article` [ RunTime:0.015001s ]
SQL: SELECT * FROM `my_article`  [ RunTime:0.001000s ]
INFO: [ view_parse ] --START--
INFO: [ template_filter ] --START--
INFO: Run Behavior\ContentReplaceBehavior [ RunTime:0.000000s ]
INFO: [ template_filter ] --END-- [ RunTime:0.000000s ]
SQL: SHOW COLUMNS FROM `my_category` [ RunTime:0.007000s ]
SQL: SELECT `name` FROM `my_category` WHERE `id` = 8 LIMIT 1   [ RunTime:0.001000s ]
NOTIC: [8] Use of undefined constant full - assumed 'full' D:\wamp\www\myCMS\Application\Runtime\Cache\Admin\7a4184ffe8f804b12b2e7f8851dd8f7d.php 第 95 行.
SQL: SELECT `name` FROM `my_category` WHERE `id` = 0 LIMIT 1   [ RunTime:0.000000s ]
NOTIC: [8] Use of undefined constant full - assumed 'full' D:\wamp\www\myCMS\Application\Runtime\Cache\Admin\7a4184ffe8f804b12b2e7f8851dd8f7d.php 第 95 行.
SQL: SELECT `name` FROM `my_category` WHERE `id` = 0 LIMIT 1   [ RunTime:0.000000s ]
NOTIC: [8] Use of undefined constant full - assumed 'full' D:\wamp\www\myCMS\Application\Runtime\Cache\Admin\7a4184ffe8f804b12b2e7f8851dd8f7d.php 第 95 行.
SQL: SELECT `name` FROM `my_category` WHERE `id` = 0 LIMIT 1   [ RunTime:0.000000s ]
NOTIC: [8] Use of undefined constant full - assumed 'full' D:\wamp\www\myCMS\Application\Runtime\Cache\Admin\7a4184ffe8f804b12b2e7f8851dd8f7d.php 第 95 行.
SQL: SELECT `name` FROM `my_category` WHERE `id` = 0 LIMIT 1   [ RunTime:0.000000s ]
NOTIC: [8] Use of undefined constant full - assumed 'full' D:\wamp\www\myCMS\Application\Runtime\Cache\Admin\7a4184ffe8f804b12b2e7f8851dd8f7d.php 第 95 行.
SQL: SELECT `name` FROM `my_category` WHERE `id` = 0 LIMIT 1   [ RunTime:0.000000s ]
NOTIC: [8] Use of undefined constant full - assumed 'full' D:\wamp\www\myCMS\Application\Runtime\Cache\Admin\7a4184ffe8f804b12b2e7f8851dd8f7d.php 第 95 行.
SQL: SELECT `name` FROM `my_category` WHERE `id` = 2 LIMIT 1   [ RunTime:0.000000s ]
NOTIC: [8] Use of undefined constant full - assumed 'full' D:\wamp\www\myCMS\Application\Runtime\Cache\Admin\7a4184ffe8f804b12b2e7f8851dd8f7d.php 第 95 行.
SQL: SELECT `name` FROM `my_category` WHERE `id` = 8 LIMIT 1   [ RunTime:0.000000s ]
NOTIC: [8] Use of undefined constant full - assumed 'full' D:\wamp\www\myCMS\Application\Runtime\Cache\Admin\7a4184ffe8f804b12b2e7f8851dd8f7d.php 第 95 行.
SQL: SELECT `name` FROM `my_category` WHERE `id` = 8 LIMIT 1   [ RunTime:0.000000s ]
NOTIC: [8] Use of undefined constant full - assumed 'full' D:\wamp\www\myCMS\Application\Runtime\Cache\Admin\7a4184ffe8f804b12b2e7f8851dd8f7d.php 第 95 行.
INFO: Run Behavior\ParseTemplateBehavior [ RunTime:0.035002s ]
INFO: [ view_parse ] --END-- [ RunTime:0.035002s ]
INFO: [ view_filter ] --START--
INFO: Run Behavior\WriteHtmlCacheBehavior [ RunTime:0.000000s ]
INFO: [ view_filter ] --END-- [ RunTime:0.000000s ]
INFO: [ app_end ] --START--
INFO: Run Behavior\ShowPageTraceBehavior [ RunTime:0.000000s ]
INFO: [ app_end ] --END-- [ RunTime:0.000000s ]

[ 2015-10-30T08:54:56+08:00 ] ::1 /myCMS/admin.php?m=Admin&c=Article&a=add
INFO: [ app_init ] --START--
INFO: Run Behavior\BuildLiteBehavior [ RunTime:0.000000s ]
INFO: [ app_init ] --END-- [ RunTime:0.001000s ]
INFO: [ app_begin ] --START--
INFO: Run Behavior\ReadHtmlCacheBehavior [ RunTime:0.001000s ]
INFO: [ app_begin ] --END-- [ RunTime:0.001000s ]
NOTIC: [8192] mysql_connect(): The mysql extension is deprecated and will be removed in the future: use mysqli or PDO instead D:\wamp\www\myCMS\ThinkPHP\Library\Think\Db\Driver\Mysql.class.php 第 52 行.
SQL: SHOW COLUMNS FROM `my_article` [ RunTime:0.004000s ]
SQL: SHOW COLUMNS FROM `my_category` [ RunTime:0.003000s ]
SQL: SELECT * FROM `my_category` WHERE `type` = 1 ORDER BY sort asc,id asc  [ RunTime:0.000000s ]
NOTIC: [8] Undefined variable: data D:\wamp\www\myCMS\Application\Admin\Controller\ArticleController.class.php 第 73 行.
INFO: [ view_parse ] --START--
INFO: [ template_filter ] --START--
INFO: Run Behavior\ContentReplaceBehavior [ RunTime:0.000000s ]
INFO: [ template_filter ] --END-- [ RunTime:0.000000s ]
SQL: SELECT * FROM `my_category` WHERE `type` = 1 ORDER BY sort asc,id asc  [ RunTime:0.001000s ]
NOTIC: [8] Undefined variable: selected D:\wamp\www\myCMS\Application\Common\Common\common.php 第 53 行.
NOTIC: [8] Undefined variable: selected D:\wamp\www\myCMS\Application\Common\Common\common.php 第 53 行.
NOTIC: [8] Undefined variable: selected D:\wamp\www\myCMS\Application\Common\Common\common.php 第 53 行.
NOTIC: [8] Undefined variable: selected D:\wamp\www\myCMS\Application\Common\Common\common.php 第 53 行.
NOTIC: [8] Undefined variable: selected D:\wamp\www\myCMS\Application\Common\Common\common.php 第 53 行.
NOTIC: [8] Undefined variable: selected D:\wamp\www\myCMS\Application\Common\Common\common.php 第 53 行.
NOTIC: [8] Undefined variable: selected D:\wamp\www\myCMS\Application\Common\Common\common.php 第 53 行.
INFO: Run Behavior\ParseTemplateBehavior [ RunTime:0.024001s ]
INFO: [ view_parse ] --END-- [ RunTime:0.025001s ]
INFO: [ view_filter ] --START--
INFO: Run Behavior\WriteHtmlCacheBehavior [ RunTime:0.001000s ]
INFO: [ view_filter ] --END-- [ RunTime:0.001000s ]
INFO: [ app_end ] --START--
INFO: Run Behavior\ShowPageTraceBehavior [ RunTime:0.001000s ]
INFO: [ app_end ] --END-- [ RunTime:0.001000s ]

[ 2015-10-30T09:10:52+08:00 ] ::1 /myCMS/admin.php
INFO: [ app_init ] --START--
INFO: Run Behavior\BuildLiteBehavior [ RunTime:0.000000s ]
INFO: [ app_init ] --END-- [ RunTime:0.003000s ]
INFO: [ app_begin ] --START--
INFO: Run Behavior\ReadHtmlCacheBehavior [ RunTime:0.001000s ]
INFO: [ app_begin ] --END-- [ RunTime:0.001000s ]
INFO: [ view_parse ] --START--
INFO: [ template_filter ] --START--
INFO: Run Behavior\ContentReplaceBehavior [ RunTime:0.000000s ]
INFO: [ template_filter ] --END-- [ RunTime:0.000000s ]
INFO: Run Behavior\ParseTemplateBehavior [ RunTime:0.010001s ]
INFO: [ view_parse ] --END-- [ RunTime:0.010001s ]
INFO: [ view_filter ] --START--
INFO: Run Behavior\WriteHtmlCacheBehavior [ RunTime:0.001000s ]
INFO: [ view_filter ] --END-- [ RunTime:0.001000s ]
INFO: [ app_end ] --START--
INFO: Run Behavior\ShowPageTraceBehavior [ RunTime:0.001000s ]
INFO: [ app_end ] --END-- [ RunTime:0.002000s ]

[ 2015-10-30T09:10:52+08:00 ] ::1 /myCMS/admin.php?m=Admin&c=Index&a=welcome
INFO: [ app_init ] --START--
INFO: Run Behavior\BuildLiteBehavior [ RunTime:0.000000s ]
INFO: [ app_init ] --END-- [ RunTime:0.000000s ]
INFO: [ app_begin ] --START--
INFO: Run Behavior\ReadHtmlCacheBehavior [ RunTime:0.000000s ]
INFO: [ app_begin ] --END-- [ RunTime:0.000000s ]
INFO: [ view_parse ] --START--
INFO: [ template_filter ] --START--
INFO: Run Behavior\ContentReplaceBehavior [ RunTime:0.000000s ]
INFO: [ template_filter ] --END-- [ RunTime:0.000000s ]
INFO: Run Behavior\ParseTemplateBehavior [ RunTime:0.006001s ]
INFO: [ view_parse ] --END-- [ RunTime:0.006001s ]
INFO: [ view_filter ] --START--
INFO: Run Behavior\WriteHtmlCacheBehavior [ RunTime:0.000000s ]
INFO: [ view_filter ] --END-- [ RunTime:0.000000s ]
INFO: [ app_end ] --START--
INFO: Run Behavior\ShowPageTraceBehavior [ RunTime:0.000000s ]
INFO: [ app_end ] --END-- [ RunTime:0.000000s ]

[ 2015-10-30T09:10:54+08:00 ] ::1 /myCMS/admin.php?m=Admin&c=Article&a=index
INFO: [ app_init ] --START--
INFO: Run Behavior\BuildLiteBehavior [ RunTime:0.000000s ]
INFO: [ app_init ] --END-- [ RunTime:0.001000s ]
INFO: [ app_begin ] --START--
INFO: Run Behavior\ReadHtmlCacheBehavior [ RunTime:0.000000s ]
INFO: [ app_begin ] --END-- [ RunTime:0.001000s ]
NOTIC: [8192] mysql_connect(): The mysql extension is deprecated and will be removed in the future: use mysqli or PDO instead D:\wamp\www\myCMS\ThinkPHP\Library\Think\Db\Driver\Mysql.class.php 第 52 行.
SQL: SHOW COLUMNS FROM `my_article` [ RunTime:0.003000s ]
SQL: SELECT * FROM `my_article`  [ RunTime:0.000000s ]
INFO: [ view_parse ] --START--
INFO: [ template_filter ] --START--
INFO: Run Behavior\ContentReplaceBehavior [ RunTime:0.000000s ]
INFO: [ template_filter ] --END-- [ RunTime:0.000000s ]
SQL: SHOW COLUMNS FROM `my_category` [ RunTime:0.005000s ]
SQL: SELECT `name` FROM `my_category` WHERE `id` = 8 LIMIT 1   [ RunTime:0.001000s ]
NOTIC: [8] Use of undefined constant full - assumed 'full' D:\wamp\www\myCMS\Application\Runtime\Cache\Admin\7a4184ffe8f804b12b2e7f8851dd8f7d.php 第 95 行.
SQL: SELECT `name` FROM `my_category` WHERE `id` = 0 LIMIT 1   [ RunTime:0.001000s ]
NOTIC: [8] Use of undefined constant full - assumed 'full' D:\wamp\www\myCMS\Application\Runtime\Cache\Admin\7a4184ffe8f804b12b2e7f8851dd8f7d.php 第 95 行.
SQL: SELECT `name` FROM `my_category` WHERE `id` = 0 LIMIT 1   [ RunTime:0.001000s ]
NOTIC: [8] Use of undefined constant full - assumed 'full' D:\wamp\www\myCMS\Application\Runtime\Cache\Admin\7a4184ffe8f804b12b2e7f8851dd8f7d.php 第 95 行.
SQL: SELECT `name` FROM `my_category` WHERE `id` = 0 LIMIT 1   [ RunTime:0.000000s ]
NOTIC: [8] Use of undefined constant full - assumed 'full' D:\wamp\www\myCMS\Application\Runtime\Cache\Admin\7a4184ffe8f804b12b2e7f8851dd8f7d.php 第 95 行.
SQL: SELECT `name` FROM `my_category` WHERE `id` = 0 LIMIT 1   [ RunTime:0.000000s ]
NOTIC: [8] Use of undefined constant full - assumed 'full' D:\wamp\www\myCMS\Application\Runtime\Cache\Admin\7a4184ffe8f804b12b2e7f8851dd8f7d.php 第 95 行.
SQL: SELECT `name` FROM `my_category` WHERE `id` = 0 LIMIT 1   [ RunTime:0.000000s ]
NOTIC: [8] Use of undefined constant full - assumed 'full' D:\wamp\www\myCMS\Application\Runtime\Cache\Admin\7a4184ffe8f804b12b2e7f8851dd8f7d.php 第 95 行.
SQL: SELECT `name` FROM `my_category` WHERE `id` = 2 LIMIT 1   [ RunTime:0.000000s ]
NOTIC: [8] Use of undefined constant full - assumed 'full' D:\wamp\www\myCMS\Application\Runtime\Cache\Admin\7a4184ffe8f804b12b2e7f8851dd8f7d.php 第 95 行.
SQL: SELECT `name` FROM `my_category` WHERE `id` = 8 LIMIT 1   [ RunTime:0.000000s ]
NOTIC: [8] Use of undefined constant full - assumed 'full' D:\wamp\www\myCMS\Application\Runtime\Cache\Admin\7a4184ffe8f804b12b2e7f8851dd8f7d.php 第 95 行.
SQL: SELECT `name` FROM `my_category` WHERE `id` = 8 LIMIT 1   [ RunTime:0.003001s ]
NOTIC: [8] Use of undefined constant full - assumed 'full' D:\wamp\www\myCMS\Application\Runtime\Cache\Admin\7a4184ffe8f804b12b2e7f8851dd8f7d.php 第 95 行.
INFO: Run Behavior\ParseTemplateBehavior [ RunTime:0.032002s ]
INFO: [ view_parse ] --END-- [ RunTime:0.033002s ]
INFO: [ view_filter ] --START--
INFO: Run Behavior\WriteHtmlCacheBehavior [ RunTime:0.001000s ]
INFO: [ view_filter ] --END-- [ RunTime:0.001000s ]
INFO: [ app_end ] --START--
INFO: Run Behavior\ShowPageTraceBehavior [ RunTime:0.000000s ]
INFO: [ app_end ] --END-- [ RunTime:0.000000s ]

[ 2015-10-30T09:10:54+08:00 ] ::1 /myCMS/admin.php?m=Admin&c=Article&a=add
INFO: [ app_init ] --START--
INFO: Run Behavior\BuildLiteBehavior [ RunTime:0.000000s ]
INFO: [ app_init ] --END-- [ RunTime:0.000000s ]
INFO: [ app_begin ] --START--
INFO: Run Behavior\ReadHtmlCacheBehavior [ RunTime:0.000000s ]
INFO: [ app_begin ] --END-- [ RunTime:0.000000s ]
NOTIC: [8192] mysql_connect(): The mysql extension is deprecated and will be removed in the future: use mysqli or PDO instead D:\wamp\www\myCMS\ThinkPHP\Library\Think\Db\Driver\Mysql.class.php 第 52 行.
SQL: SHOW COLUMNS FROM `my_article` [ RunTime:0.002000s ]
SQL: SHOW COLUMNS FROM `my_category` [ RunTime:0.002001s ]
SQL: SELECT * FROM `my_category` WHERE `type` = 1 ORDER BY sort asc,id asc  [ RunTime:0.001000s ]
NOTIC: [8] Undefined variable: data D:\wamp\www\myCMS\Application\Admin\Controller\ArticleController.class.php 第 73 行.
INFO: [ view_parse ] --START--
INFO: [ template_filter ] --START--
INFO: Run Behavior\ContentReplaceBehavior [ RunTime:0.000000s ]
INFO: [ template_filter ] --END-- [ RunTime:0.000000s ]
SQL: SELECT * FROM `my_category` WHERE `type` = 1 ORDER BY sort asc,id asc  [ RunTime:0.000000s ]
NOTIC: [8] Undefined variable: selected D:\wamp\www\myCMS\Application\Common\Common\common.php 第 53 行.
NOTIC: [8] Undefined variable: selected D:\wamp\www\myCMS\Application\Common\Common\common.php 第 53 行.
NOTIC: [8] Undefined variable: selected D:\wamp\www\myCMS\Application\Common\Common\common.php 第 53 行.
NOTIC: [8] Undefined variable: selected D:\wamp\www\myCMS\Application\Common\Common\common.php 第 53 行.
NOTIC: [8] Undefined variable: selected D:\wamp\www\myCMS\Application\Common\Common\common.php 第 53 行.
NOTIC: [8] Undefined variable: selected D:\wamp\www\myCMS\Application\Common\Common\common.php 第 53 行.
NOTIC: [8] Undefined variable: selected D:\wamp\www\myCMS\Application\Common\Common\common.php 第 53 行.
INFO: Run Behavior\ParseTemplateBehavior [ RunTime:0.016001s ]
INFO: [ view_parse ] --END-- [ RunTime:0.017001s ]
INFO: [ view_filter ] --START--
INFO: Run Behavior\WriteHtmlCacheBehavior [ RunTime:0.000000s ]
INFO: [ view_filter ] --END-- [ RunTime:0.001000s ]
INFO: [ app_end ] --START--
INFO: Run Behavior\ShowPageTraceBehavior [ RunTime:0.001000s ]
INFO: [ app_end ] --END-- [ RunTime:0.001000s ]

[ 2015-10-30T09:58:25+08:00 ] ::1 /myCMS/admin.php
INFO: [ app_init ] --START--
INFO: Run Behavior\BuildLiteBehavior [ RunTime:0.000000s ]
INFO: [ app_init ] --END-- [ RunTime:0.000000s ]
INFO: [ app_begin ] --START--
INFO: Run Behavior\ReadHtmlCacheBehavior [ RunTime:0.001000s ]
INFO: [ app_begin ] --END-- [ RunTime:0.001000s ]
INFO: [ view_parse ] --START--
INFO: [ template_filter ] --START--
INFO: Run Behavior\ContentReplaceBehavior [ RunTime:0.001001s ]
INFO: [ template_filter ] --END-- [ RunTime:0.001001s ]
INFO: Run Behavior\ParseTemplateBehavior [ RunTime:0.011001s ]
INFO: [ view_parse ] --END-- [ RunTime:0.011001s ]
INFO: [ view_filter ] --START--
INFO: Run Behavior\WriteHtmlCacheBehavior [ RunTime:0.000000s ]
INFO: [ view_filter ] --END-- [ RunTime:0.000000s ]
INFO: [ app_end ] --START--
INFO: Run Behavior\ShowPageTraceBehavior [ RunTime:0.002000s ]
INFO: [ app_end ] --END-- [ RunTime:0.002000s ]

[ 2015-10-30T09:58:25+08:00 ] ::1 /myCMS/admin.php?m=Admin&c=Index&a=welcome
INFO: [ app_init ] --START--
INFO: Run Behavior\BuildLiteBehavior [ RunTime:0.000000s ]
INFO: [ app_init ] --END-- [ RunTime:0.001001s ]
INFO: [ app_begin ] --START--
INFO: Run Behavior\ReadHtmlCacheBehavior [ RunTime:0.000000s ]
INFO: [ app_begin ] --END-- [ RunTime:0.000000s ]
INFO: [ view_parse ] --START--
INFO: [ template_filter ] --START--
INFO: Run Behavior\ContentReplaceBehavior [ RunTime:0.000000s ]
INFO: [ template_filter ] --END-- [ RunTime:0.000000s ]
INFO: Run Behavior\ParseTemplateBehavior [ RunTime:0.007000s ]
INFO: [ view_parse ] --END-- [ RunTime:0.007000s ]
INFO: [ view_filter ] --START--
INFO: Run Behavior\WriteHtmlCacheBehavior [ RunTime:0.001000s ]
INFO: [ view_filter ] --END-- [ RunTime:0.001000s ]
INFO: [ app_end ] --START--
INFO: Run Behavior\ShowPageTraceBehavior [ RunTime:0.001000s ]
INFO: [ app_end ] --END-- [ RunTime:0.001000s ]

[ 2015-10-30T09:58:27+08:00 ] ::1 /myCMS/admin.php?m=Admin&c=Article&a=index
INFO: [ app_init ] --START--
INFO: Run Behavior\BuildLiteBehavior [ RunTime:0.000000s ]
INFO: [ app_init ] --END-- [ RunTime:0.001000s ]
INFO: [ app_begin ] --START--
INFO: Run Behavior\ReadHtmlCacheBehavior [ RunTime:0.000000s ]
INFO: [ app_begin ] --END-- [ RunTime:0.000000s ]
NOTIC: [8192] mysql_connect(): The mysql extension is deprecated and will be removed in the future: use mysqli or PDO instead D:\wamp\www\myCMS\ThinkPHP\Library\Think\Db\Driver\Mysql.class.php 第 52 行.
SQL: SHOW COLUMNS FROM `my_article` [ RunTime:0.002000s ]
SQL: SELECT * FROM `my_article`  [ RunTime:0.000000s ]
INFO: [ view_parse ] --START--
INFO: [ template_filter ] --START--
INFO: Run Behavior\ContentReplaceBehavior [ RunTime:0.001000s ]
INFO: [ template_filter ] --END-- [ RunTime:0.001000s ]
SQL: SHOW COLUMNS FROM `my_category` [ RunTime:0.002000s ]
SQL: SELECT `name` FROM `my_category` WHERE `id` = 8 LIMIT 1   [ RunTime:0.000000s ]
NOTIC: [8] Use of undefined constant full - assumed 'full' D:\wamp\www\myCMS\Application\Runtime\Cache\Admin\7a4184ffe8f804b12b2e7f8851dd8f7d.php 第 95 行.
SQL: SELECT `name` FROM `my_category` WHERE `id` = 0 LIMIT 1   [ RunTime:0.000000s ]
NOTIC: [8] Use of undefined constant full - assumed 'full' D:\wamp\www\myCMS\Application\Runtime\Cache\Admin\7a4184ffe8f804b12b2e7f8851dd8f7d.php 第 95 行.
SQL: SELECT `name` FROM `my_category` WHERE `id` = 0 LIMIT 1   [ RunTime:0.000000s ]
NOTIC: [8] Use of undefined constant full - assumed 'full' D:\wamp\www\myCMS\Application\Runtime\Cache\Admin\7a4184ffe8f804b12b2e7f8851dd8f7d.php 第 95 行.
SQL: SELECT `name` FROM `my_category` WHERE `id` = 0 LIMIT 1   [ RunTime:0.002000s ]
NOTIC: [8] Use of undefined constant full - assumed 'full' D:\wamp\www\myCMS\Application\Runtime\Cache\Admin\7a4184ffe8f804b12b2e7f8851dd8f7d.php 第 95 行.
SQL: SELECT `name` FROM `my_category` WHERE `id` = 0 LIMIT 1   [ RunTime:0.002000s ]
NOTIC: [8] Use of undefined constant full - assumed 'full' D:\wamp\www\myCMS\Application\Runtime\Cache\Admin\7a4184ffe8f804b12b2e7f8851dd8f7d.php 第 95 行.
SQL: SELECT `name` FROM `my_category` WHERE `id` = 0 LIMIT 1   [ RunTime:0.001000s ]
NOTIC: [8] Use of undefined constant full - assumed 'full' D:\wamp\www\myCMS\Application\Runtime\Cache\Admin\7a4184ffe8f804b12b2e7f8851dd8f7d.php 第 95 行.
SQL: SELECT `name` FROM `my_category` WHERE `id` = 2 LIMIT 1   [ RunTime:0.000000s ]
NOTIC: [8] Use of undefined constant full - assumed 'full' D:\wamp\www\myCMS\Application\Runtime\Cache\Admin\7a4184ffe8f804b12b2e7f8851dd8f7d.php 第 95 行.
SQL: SELECT `name` FROM `my_category` WHERE `id` = 8 LIMIT 1   [ RunTime:0.000000s ]
NOTIC: [8] Use of undefined constant full - assumed 'full' D:\wamp\www\myCMS\Application\Runtime\Cache\Admin\7a4184ffe8f804b12b2e7f8851dd8f7d.php 第 95 行.
SQL: SELECT `name` FROM `my_category` WHERE `id` = 8 LIMIT 1   [ RunTime:0.000000s ]
NOTIC: [8] Use of undefined constant full - assumed 'full' D:\wamp\www\myCMS\Application\Runtime\Cache\Admin\7a4184ffe8f804b12b2e7f8851dd8f7d.php 第 95 行.
INFO: Run Behavior\ParseTemplateBehavior [ RunTime:0.032001s ]
INFO: [ view_parse ] --END-- [ RunTime:0.032001s ]
INFO: [ view_filter ] --START--
INFO: Run Behavior\WriteHtmlCacheBehavior [ RunTime:0.000000s ]
INFO: [ view_filter ] --END-- [ RunTime:0.000000s ]
INFO: [ app_end ] --START--
INFO: Run Behavior\ShowPageTraceBehavior [ RunTime:0.000000s ]
INFO: [ app_end ] --END-- [ RunTime:0.000000s ]

[ 2015-10-30T09:58:28+08:00 ] ::1 /myCMS/admin.php?m=Admin&c=Article&a=add
INFO: [ app_init ] --START--
INFO: Run Behavior\BuildLiteBehavior [ RunTime:0.000000s ]
INFO: [ app_init ] --END-- [ RunTime:0.001000s ]
INFO: [ app_begin ] --START--
INFO: Run Behavior\ReadHtmlCacheBehavior [ RunTime:0.001000s ]
INFO: [ app_begin ] --END-- [ RunTime:0.001000s ]
NOTIC: [8192] mysql_connect(): The mysql extension is deprecated and will be removed in the future: use mysqli or PDO instead D:\wamp\www\myCMS\ThinkPHP\Library\Think\Db\Driver\Mysql.class.php 第 52 行.
SQL: SHOW COLUMNS FROM `my_article` [ RunTime:0.002000s ]
SQL: SHOW COLUMNS FROM `my_category` [ RunTime:0.001000s ]
SQL: SELECT * FROM `my_category` WHERE `type` = 1 ORDER BY sort asc,id asc  [ RunTime:0.000000s ]
NOTIC: [8] Undefined variable: data D:\wamp\www\myCMS\Application\Admin\Controller\ArticleController.class.php 第 73 行.
INFO: [ view_parse ] --START--
INFO: [ template_filter ] --START--
INFO: Run Behavior\ContentReplaceBehavior [ RunTime:0.000000s ]
INFO: [ template_filter ] --END-- [ RunTime:0.000000s ]
SQL: SELECT * FROM `my_category` WHERE `type` = 1 ORDER BY sort asc,id asc  [ RunTime:0.000000s ]
NOTIC: [8] Undefined variable: selected D:\wamp\www\myCMS\Application\Common\Common\common.php 第 53 行.
NOTIC: [8] Undefined variable: selected D:\wamp\www\myCMS\Application\Common\Common\common.php 第 53 行.
NOTIC: [8] Undefined variable: selected D:\wamp\www\myCMS\Application\Common\Common\common.php 第 53 行.
NOTIC: [8] Undefined variable: selected D:\wamp\www\myCMS\Application\Common\Common\common.php 第 53 行.
NOTIC: [8] Undefined variable: selected D:\wamp\www\myCMS\Application\Common\Common\common.php 第 53 行.
NOTIC: [8] Undefined variable: selected D:\wamp\www\myCMS\Application\Common\Common\common.php 第 53 行.
NOTIC: [8] Undefined variable: selected D:\wamp\www\myCMS\Application\Common\Common\common.php 第 53 行.
INFO: Run Behavior\ParseTemplateBehavior [ RunTime:0.015001s ]
INFO: [ view_parse ] --END-- [ RunTime:0.015001s ]
INFO: [ view_filter ] --START--
INFO: Run Behavior\WriteHtmlCacheBehavior [ RunTime:0.001000s ]
INFO: [ view_filter ] --END-- [ RunTime:0.001000s ]
INFO: [ app_end ] --START--
INFO: Run Behavior\ShowPageTraceBehavior [ RunTime:0.001000s ]
INFO: [ app_end ] --END-- [ RunTime:0.001000s ]

[ 2015-10-30T10:03:58+08:00 ] ::1 /myCMS/admin.php?m=Admin&c=Article&a=add
INFO: [ app_init ] --START--
INFO: Run Behavior\BuildLiteBehavior [ RunTime:0.000000s ]
INFO: [ app_init ] --END-- [ RunTime:0.000000s ]
INFO: [ app_begin ] --START--
INFO: Run Behavior\ReadHtmlCacheBehavior [ RunTime:0.000000s ]
INFO: [ app_begin ] --END-- [ RunTime:0.001000s ]
NOTIC: [8192] mysql_connect(): The mysql extension is deprecated and will be removed in the future: use mysqli or PDO instead D:\wamp\www\myCMS\ThinkPHP\Library\Think\Db\Driver\Mysql.class.php 第 52 行.
SQL: SHOW COLUMNS FROM `my_article` [ RunTime:0.002000s ]
SQL: SHOW COLUMNS FROM `my_category` [ RunTime:0.002000s ]
SQL: SELECT * FROM `my_category` WHERE `type` = 1 ORDER BY sort asc,id asc  [ RunTime:0.000000s ]
NOTIC: [8] Undefined variable: data D:\wamp\www\myCMS\Application\Admin\Controller\ArticleController.class.php 第 73 行.
INFO: [ view_parse ] --START--
INFO: [ template_filter ] --START--
INFO: Run Behavior\ContentReplaceBehavior [ RunTime:0.000000s ]
INFO: [ template_filter ] --END-- [ RunTime:0.000000s ]
SQL: SELECT * FROM `my_category` WHERE `type` = 1 ORDER BY sort asc,id asc  [ RunTime:0.000000s ]
NOTIC: [8] Undefined variable: selected D:\wamp\www\myCMS\Application\Common\Common\common.php 第 53 行.
NOTIC: [8] Undefined variable: selected D:\wamp\www\myCMS\Application\Common\Common\common.php 第 53 行.
NOTIC: [8] Undefined variable: selected D:\wamp\www\myCMS\Application\Common\Common\common.php 第 53 行.
NOTIC: [8] Undefined variable: selected D:\wamp\www\myCMS\Application\Common\Common\common.php 第 53 行.
NOTIC: [8] Undefined variable: selected D:\wamp\www\myCMS\Application\Common\Common\common.php 第 53 行.
NOTIC: [8] Undefined variable: selected D:\wamp\www\myCMS\Application\Common\Common\common.php 第 53 行.
NOTIC: [8] Undefined variable: selected D:\wamp\www\myCMS\Application\Common\Common\common.php 第 53 行.
INFO: Run Behavior\ParseTemplateBehavior [ RunTime:0.011001s ]
INFO: [ view_parse ] --END-- [ RunTime:0.011001s ]
INFO: [ view_filter ] --START--
INFO: Run Behavior\WriteHtmlCacheBehavior [ RunTime:0.000000s ]
INFO: [ view_filter ] --END-- [ RunTime:0.001000s ]
INFO: [ app_end ] --START--
INFO: Run Behavior\ShowPageTraceBehavior [ RunTime:0.000000s ]
INFO: [ app_end ] --END-- [ RunTime:0.000000s ]

[ 2015-10-30T14:02:09+08:00 ] ::1 /myCMS/admin.php
INFO: [ app_init ] --START--
INFO: Run Behavior\BuildLiteBehavior [ RunTime:0.000000s ]
INFO: [ app_init ] --END-- [ RunTime:0.001000s ]
INFO: [ app_begin ] --START--
INFO: Run Behavior\ReadHtmlCacheBehavior [ RunTime:0.001000s ]
INFO: [ app_begin ] --END-- [ RunTime:0.001000s ]
INFO: [ view_parse ] --START--
INFO: [ template_filter ] --START--
INFO: Run Behavior\ContentReplaceBehavior [ RunTime:0.000000s ]
INFO: [ template_filter ] --END-- [ RunTime:0.000000s ]
INFO: Run Behavior\ParseTemplateBehavior [ RunTime:0.018001s ]
INFO: [ view_parse ] --END-- [ RunTime:0.018001s ]
INFO: [ view_filter ] --START--
INFO: Run Behavior\WriteHtmlCacheBehavior [ RunTime:0.001000s ]
INFO: [ view_filter ] --END-- [ RunTime:0.001000s ]
INFO: [ app_end ] --START--
INFO: Run Behavior\ShowPageTraceBehavior [ RunTime:0.000000s ]
INFO: [ app_end ] --END-- [ RunTime:0.000000s ]

[ 2015-10-30T14:02:09+08:00 ] ::1 /myCMS/admin.php?m=Admin&c=Index&a=welcome
INFO: [ app_init ] --START--
INFO: Run Behavior\BuildLiteBehavior [ RunTime:0.000000s ]
INFO: [ app_init ] --END-- [ RunTime:0.001000s ]
INFO: [ app_begin ] --START--
INFO: Run Behavior\ReadHtmlCacheBehavior [ RunTime:0.001000s ]
INFO: [ app_begin ] --END-- [ RunTime:0.001000s ]
INFO: [ view_parse ] --START--
INFO: [ template_filter ] --START--
INFO: Run Behavior\ContentReplaceBehavior [ RunTime:0.000000s ]
INFO: [ template_filter ] --END-- [ RunTime:0.000000s ]
INFO: Run Behavior\ParseTemplateBehavior [ RunTime:0.015000s ]
INFO: [ view_parse ] --END-- [ RunTime:0.015000s ]
INFO: [ view_filter ] --START--
INFO: Run Behavior\WriteHtmlCacheBehavior [ RunTime:0.001001s ]
INFO: [ view_filter ] --END-- [ RunTime:0.001001s ]
INFO: [ app_end ] --START--
INFO: Run Behavior\ShowPageTraceBehavior [ RunTime:0.000000s ]
INFO: [ app_end ] --END-- [ RunTime:0.001000s ]

[ 2015-10-30T14:02:11+08:00 ] ::1 /myCMS/admin.php?m=Admin&c=Article&a=index
INFO: [ app_init ] --START--
INFO: Run Behavior\BuildLiteBehavior [ RunTime:0.000000s ]
INFO: [ app_init ] --END-- [ RunTime:0.000000s ]
INFO: [ app_begin ] --START--
INFO: Run Behavior\ReadHtmlCacheBehavior [ RunTime:0.000000s ]
INFO: [ app_begin ] --END-- [ RunTime:0.000000s ]
NOTIC: [8192] mysql_connect(): The mysql extension is deprecated and will be removed in the future: use mysqli or PDO instead D:\wamp\www\myCMS\ThinkPHP\Library\Think\Db\Driver\Mysql.class.php 第 52 行.
SQL: SHOW COLUMNS FROM `my_article` [ RunTime:0.024002s ]
SQL: SELECT * FROM `my_article`  [ RunTime:0.001000s ]
INFO: [ view_parse ] --START--
INFO: [ template_filter ] --START--
INFO: Run Behavior\ContentReplaceBehavior [ RunTime:0.000000s ]
INFO: [ template_filter ] --END-- [ RunTime:0.000000s ]
SQL: SHOW COLUMNS FROM `my_category` [ RunTime:0.007001s ]
SQL: SELECT `name` FROM `my_category` WHERE `id` = 8 LIMIT 1   [ RunTime:0.003000s ]
NOTIC: [8] Use of undefined constant full - assumed 'full' D:\wamp\www\myCMS\Application\Runtime\Cache\Admin\7a4184ffe8f804b12b2e7f8851dd8f7d.php 第 95 行.
SQL: SELECT `name` FROM `my_category` WHERE `id` = 0 LIMIT 1   [ RunTime:0.001000s ]
NOTIC: [8] Use of undefined constant full - assumed 'full' D:\wamp\www\myCMS\Application\Runtime\Cache\Admin\7a4184ffe8f804b12b2e7f8851dd8f7d.php 第 95 行.
SQL: SELECT `name` FROM `my_category` WHERE `id` = 0 LIMIT 1   [ RunTime:0.000000s ]
NOTIC: [8] Use of undefined constant full - assumed 'full' D:\wamp\www\myCMS\Application\Runtime\Cache\Admin\7a4184ffe8f804b12b2e7f8851dd8f7d.php 第 95 行.
SQL: SELECT `name` FROM `my_category` WHERE `id` = 0 LIMIT 1   [ RunTime:0.000000s ]
NOTIC: [8] Use of undefined constant full - assumed 'full' D:\wamp\www\myCMS\Application\Runtime\Cache\Admin\7a4184ffe8f804b12b2e7f8851dd8f7d.php 第 95 行.
SQL: SELECT `name` FROM `my_category` WHERE `id` = 0 LIMIT 1   [ RunTime:0.001000s ]
NOTIC: [8] Use of undefined constant full - assumed 'full' D:\wamp\www\myCMS\Application\Runtime\Cache\Admin\7a4184ffe8f804b12b2e7f8851dd8f7d.php 第 95 行.
SQL: SELECT `name` FROM `my_category` WHERE `id` = 0 LIMIT 1   [ RunTime:0.000000s ]
NOTIC: [8] Use of undefined constant full - assumed 'full' D:\wamp\www\myCMS\Application\Runtime\Cache\Admin\7a4184ffe8f804b12b2e7f8851dd8f7d.php 第 95 行.
SQL: SELECT `name` FROM `my_category` WHERE `id` = 2 LIMIT 1   [ RunTime:0.000000s ]
NOTIC: [8] Use of undefined constant full - assumed 'full' D:\wamp\www\myCMS\Application\Runtime\Cache\Admin\7a4184ffe8f804b12b2e7f8851dd8f7d.php 第 95 行.
SQL: SELECT `name` FROM `my_category` WHERE `id` = 8 LIMIT 1   [ RunTime:0.000000s ]
NOTIC: [8] Use of undefined constant full - assumed 'full' D:\wamp\www\myCMS\Application\Runtime\Cache\Admin\7a4184ffe8f804b12b2e7f8851dd8f7d.php 第 95 行.
SQL: SELECT `name` FROM `my_category` WHERE `id` = 8 LIMIT 1   [ RunTime:0.000000s ]
NOTIC: [8] Use of undefined constant full - assumed 'full' D:\wamp\www\myCMS\Application\Runtime\Cache\Admin\7a4184ffe8f804b12b2e7f8851dd8f7d.php 第 95 行.
INFO: Run Behavior\ParseTemplateBehavior [ RunTime:0.047003s ]
INFO: [ view_parse ] --END-- [ RunTime:0.047003s ]
INFO: [ view_filter ] --START--
INFO: Run Behavior\WriteHtmlCacheBehavior [ RunTime:0.000000s ]
INFO: [ view_filter ] --END-- [ RunTime:0.001000s ]
INFO: [ app_end ] --START--
INFO: Run Behavior\ShowPageTraceBehavior [ RunTime:0.001000s ]
INFO: [ app_end ] --END-- [ RunTime:0.001000s ]

[ 2015-10-30T14:02:11+08:00 ] ::1 /myCMS/admin.php?m=Admin&c=Article&a=index
INFO: [ app_init ] --START--
INFO: Run Behavior\BuildLiteBehavior [ RunTime:0.000000s ]
INFO: [ app_init ] --END-- [ RunTime:0.000000s ]
INFO: [ app_begin ] --START--
INFO: Run Behavior\ReadHtmlCacheBehavior [ RunTime:0.002000s ]
INFO: [ app_begin ] --END-- [ RunTime:0.002000s ]
NOTIC: [8192] mysql_connect(): The mysql extension is deprecated and will be removed in the future: use mysqli or PDO instead D:\wamp\www\myCMS\ThinkPHP\Library\Think\Db\Driver\Mysql.class.php 第 52 行.
SQL: SHOW COLUMNS FROM `my_article` [ RunTime:0.003000s ]
SQL: SELECT * FROM `my_article`  [ RunTime:0.001000s ]
INFO: [ view_parse ] --START--
INFO: [ template_filter ] --START--
INFO: Run Behavior\ContentReplaceBehavior [ RunTime:0.000000s ]
INFO: [ template_filter ] --END-- [ RunTime:0.000000s ]
SQL: SHOW COLUMNS FROM `my_category` [ RunTime:0.006000s ]
SQL: SELECT `name` FROM `my_category` WHERE `id` = 8 LIMIT 1   [ RunTime:0.000000s ]
NOTIC: [8] Use of undefined constant full - assumed 'full' D:\wamp\www\myCMS\Application\Runtime\Cache\Admin\7a4184ffe8f804b12b2e7f8851dd8f7d.php 第 95 行.
SQL: SELECT `name` FROM `my_category` WHERE `id` = 0 LIMIT 1   [ RunTime:0.000000s ]
NOTIC: [8] Use of undefined constant full - assumed 'full' D:\wamp\www\myCMS\Application\Runtime\Cache\Admin\7a4184ffe8f804b12b2e7f8851dd8f7d.php 第 95 行.
SQL: SELECT `name` FROM `my_category` WHERE `id` = 0 LIMIT 1   [ RunTime:0.000000s ]
NOTIC: [8] Use of undefined constant full - assumed 'full' D:\wamp\www\myCMS\Application\Runtime\Cache\Admin\7a4184ffe8f804b12b2e7f8851dd8f7d.php 第 95 行.
SQL: SELECT `name` FROM `my_category` WHERE `id` = 0 LIMIT 1   [ RunTime:0.000000s ]
NOTIC: [8] Use of undefined constant full - assumed 'full' D:\wamp\www\myCMS\Application\Runtime\Cache\Admin\7a4184ffe8f804b12b2e7f8851dd8f7d.php 第 95 行.
SQL: SELECT `name` FROM `my_category` WHERE `id` = 0 LIMIT 1   [ RunTime:0.001001s ]
NOTIC: [8] Use of undefined constant full - assumed 'full' D:\wamp\www\myCMS\Application\Runtime\Cache\Admin\7a4184ffe8f804b12b2e7f8851dd8f7d.php 第 95 行.
SQL: SELECT `name` FROM `my_category` WHERE `id` = 0 LIMIT 1   [ RunTime:0.000000s ]
NOTIC: [8] Use of undefined constant full - assumed 'full' D:\wamp\www\myCMS\Application\Runtime\Cache\Admin\7a4184ffe8f804b12b2e7f8851dd8f7d.php 第 95 行.
SQL: SELECT `name` FROM `my_category` WHERE `id` = 2 LIMIT 1   [ RunTime:0.000000s ]
NOTIC: [8] Use of undefined constant full - assumed 'full' D:\wamp\www\myCMS\Application\Runtime\Cache\Admin\7a4184ffe8f804b12b2e7f8851dd8f7d.php 第 95 行.
SQL: SELECT `name` FROM `my_category` WHERE `id` = 8 LIMIT 1   [ RunTime:0.000000s ]
NOTIC: [8] Use of undefined constant full - assumed 'full' D:\wamp\www\myCMS\Application\Runtime\Cache\Admin\7a4184ffe8f804b12b2e7f8851dd8f7d.php 第 95 行.
SQL: SELECT `name` FROM `my_category` WHERE `id` = 8 LIMIT 1   [ RunTime:0.002000s ]
NOTIC: [8] Use of undefined constant full - assumed 'full' D:\wamp\www\myCMS\Application\Runtime\Cache\Admin\7a4184ffe8f804b12b2e7f8851dd8f7d.php 第 95 行.
INFO: Run Behavior\ParseTemplateBehavior [ RunTime:0.037002s ]
INFO: [ view_parse ] --END-- [ RunTime:0.037002s ]
INFO: [ view_filter ] --START--
INFO: Run Behavior\WriteHtmlCacheBehavior [ RunTime:0.001000s ]
INFO: [ view_filter ] --END-- [ RunTime:0.002000s ]
INFO: [ app_end ] --START--
INFO: Run Behavior\ShowPageTraceBehavior [ RunTime:0.001000s ]
INFO: [ app_end ] --END-- [ RunTime:0.001000s ]

[ 2015-10-30T14:02:14+08:00 ] ::1 /myCMS/admin.php?m=Admin&c=Article&a=add
INFO: [ app_init ] --START--
INFO: Run Behavior\BuildLiteBehavior [ RunTime:0.000000s ]
INFO: [ app_init ] --END-- [ RunTime:0.000000s ]
INFO: [ app_begin ] --START--
INFO: Run Behavior\ReadHtmlCacheBehavior [ RunTime:0.000000s ]
INFO: [ app_begin ] --END-- [ RunTime:0.000000s ]
NOTIC: [8192] mysql_connect(): The mysql extension is deprecated and will be removed in the future: use mysqli or PDO instead D:\wamp\www\myCMS\ThinkPHP\Library\Think\Db\Driver\Mysql.class.php 第 52 行.
SQL: SHOW COLUMNS FROM `my_article` [ RunTime:0.002000s ]
SQL: SHOW COLUMNS FROM `my_category` [ RunTime:0.003001s ]
SQL: SELECT * FROM `my_category` WHERE `type` = 1 ORDER BY sort asc,id asc  [ RunTime:0.000000s ]
NOTIC: [8] Undefined variable: data D:\wamp\www\myCMS\Application\Admin\Controller\ArticleController.class.php 第 73 行.
INFO: [ view_parse ] --START--
INFO: [ template_filter ] --START--
INFO: Run Behavior\ContentReplaceBehavior [ RunTime:0.001000s ]
INFO: [ template_filter ] --END-- [ RunTime:0.001000s ]
SQL: SELECT * FROM `my_category` WHERE `type` = 1 ORDER BY sort asc,id asc  [ RunTime:0.003001s ]
NOTIC: [8] Undefined variable: selected D:\wamp\www\myCMS\Application\Common\Common\common.php 第 53 行.
NOTIC: [8] Undefined variable: selected D:\wamp\www\myCMS\Application\Common\Common\common.php 第 53 行.
NOTIC: [8] Undefined variable: selected D:\wamp\www\myCMS\Application\Common\Common\common.php 第 53 行.
NOTIC: [8] Undefined variable: selected D:\wamp\www\myCMS\Application\Common\Common\common.php 第 53 行.
NOTIC: [8] Undefined variable: selected D:\wamp\www\myCMS\Application\Common\Common\common.php 第 53 行.
NOTIC: [8] Undefined variable: selected D:\wamp\www\myCMS\Application\Common\Common\common.php 第 53 行.
NOTIC: [8] Undefined variable: selected D:\wamp\www\myCMS\Application\Common\Common\common.php 第 53 行.
INFO: Run Behavior\ParseTemplateBehavior [ RunTime:0.018001s ]
INFO: [ view_parse ] --END-- [ RunTime:0.018001s ]
INFO: [ view_filter ] --START--
INFO: Run Behavior\WriteHtmlCacheBehavior [ RunTime:0.000000s ]
INFO: [ view_filter ] --END-- [ RunTime:0.001000s ]
INFO: [ app_end ] --START--
INFO: Run Behavior\ShowPageTraceBehavior [ RunTime:0.000000s ]
INFO: [ app_end ] --END-- [ RunTime:0.001000s ]

[ 2015-10-30T14:17:07+08:00 ] ::1 /myCMS/admin.php
INFO: [ app_init ] --START--
INFO: Run Behavior\BuildLiteBehavior [ RunTime:0.000000s ]
INFO: [ app_init ] --END-- [ RunTime:0.001000s ]
INFO: [ app_begin ] --START--
INFO: Run Behavior\ReadHtmlCacheBehavior [ RunTime:0.000000s ]
INFO: [ app_begin ] --END-- [ RunTime:0.001000s ]
INFO: [ view_parse ] --START--
INFO: [ template_filter ] --START--
INFO: Run Behavior\ContentReplaceBehavior [ RunTime:0.000000s ]
INFO: [ template_filter ] --END-- [ RunTime:0.000000s ]
INFO: Run Behavior\ParseTemplateBehavior [ RunTime:0.012001s ]
INFO: [ view_parse ] --END-- [ RunTime:0.012001s ]
INFO: [ view_filter ] --START--
INFO: Run Behavior\WriteHtmlCacheBehavior [ RunTime:0.000000s ]
INFO: [ view_filter ] --END-- [ RunTime:0.001000s ]
INFO: [ app_end ] --START--
INFO: Run Behavior\ShowPageTraceBehavior [ RunTime:0.001000s ]
INFO: [ app_end ] --END-- [ RunTime:0.001000s ]

[ 2015-10-30T14:17:07+08:00 ] ::1 /myCMS/admin.php?m=Admin&c=Index&a=welcome
INFO: [ app_init ] --START--
INFO: Run Behavior\BuildLiteBehavior [ RunTime:0.000000s ]
INFO: [ app_init ] --END-- [ RunTime:0.002000s ]
INFO: [ app_begin ] --START--
INFO: Run Behavior\ReadHtmlCacheBehavior [ RunTime:0.001000s ]
INFO: [ app_begin ] --END-- [ RunTime:0.002000s ]
INFO: [ view_parse ] --START--
INFO: [ template_filter ] --START--
INFO: Run Behavior\ContentReplaceBehavior [ RunTime:0.000000s ]
INFO: [ template_filter ] --END-- [ RunTime:0.000000s ]
INFO: Run Behavior\ParseTemplateBehavior [ RunTime:0.005000s ]
INFO: [ view_parse ] --END-- [ RunTime:0.006000s ]
INFO: [ view_filter ] --START--
INFO: Run Behavior\WriteHtmlCacheBehavior [ RunTime:0.001000s ]
INFO: [ view_filter ] --END-- [ RunTime:0.001000s ]
INFO: [ app_end ] --START--
INFO: Run Behavior\ShowPageTraceBehavior [ RunTime:0.000000s ]
INFO: [ app_end ] --END-- [ RunTime:0.000000s ]

[ 2015-10-30T14:17:09+08:00 ] ::1 /myCMS/admin.php?m=Admin&c=Article&a=index
INFO: [ app_init ] --START--
INFO: Run Behavior\BuildLiteBehavior [ RunTime:0.000000s ]
INFO: [ app_init ] --END-- [ RunTime:0.000000s ]
INFO: [ app_begin ] --START--
INFO: Run Behavior\ReadHtmlCacheBehavior [ RunTime:0.000000s ]
INFO: [ app_begin ] --END-- [ RunTime:0.000000s ]
NOTIC: [8192] mysql_connect(): The mysql extension is deprecated and will be removed in the future: use mysqli or PDO instead D:\wamp\www\myCMS\ThinkPHP\Library\Think\Db\Driver\Mysql.class.php 第 52 行.
SQL: SHOW COLUMNS FROM `my_article` [ RunTime:0.006000s ]
SQL: SELECT * FROM `my_article`  [ RunTime:0.001000s ]
INFO: [ view_parse ] --START--
INFO: [ template_filter ] --START--
INFO: Run Behavior\ContentReplaceBehavior [ RunTime:0.000000s ]
INFO: [ template_filter ] --END-- [ RunTime:0.000000s ]
SQL: SHOW COLUMNS FROM `my_category` [ RunTime:0.005001s ]
SQL: SELECT `name` FROM `my_category` WHERE `id` = 8 LIMIT 1   [ RunTime:0.001000s ]
NOTIC: [8] Use of undefined constant full - assumed 'full' D:\wamp\www\myCMS\Application\Runtime\Cache\Admin\7a4184ffe8f804b12b2e7f8851dd8f7d.php 第 95 行.
SQL: SELECT `name` FROM `my_category` WHERE `id` = 0 LIMIT 1   [ RunTime:0.002000s ]
NOTIC: [8] Use of undefined constant full - assumed 'full' D:\wamp\www\myCMS\Application\Runtime\Cache\Admin\7a4184ffe8f804b12b2e7f8851dd8f7d.php 第 95 行.
SQL: SELECT `name` FROM `my_category` WHERE `id` = 0 LIMIT 1   [ RunTime:0.002000s ]
NOTIC: [8] Use of undefined constant full - assumed 'full' D:\wamp\www\myCMS\Application\Runtime\Cache\Admin\7a4184ffe8f804b12b2e7f8851dd8f7d.php 第 95 行.
SQL: SELECT `name` FROM `my_category` WHERE `id` = 0 LIMIT 1   [ RunTime:0.001000s ]
NOTIC: [8] Use of undefined constant full - assumed 'full' D:\wamp\www\myCMS\Application\Runtime\Cache\Admin\7a4184ffe8f804b12b2e7f8851dd8f7d.php 第 95 行.
SQL: SELECT `name` FROM `my_category` WHERE `id` = 0 LIMIT 1   [ RunTime:0.002000s ]
NOTIC: [8] Use of undefined constant full - assumed 'full' D:\wamp\www\myCMS\Application\Runtime\Cache\Admin\7a4184ffe8f804b12b2e7f8851dd8f7d.php 第 95 行.
SQL: SELECT `name` FROM `my_category` WHERE `id` = 0 LIMIT 1   [ RunTime:0.000000s ]
NOTIC: [8] Use of undefined constant full - assumed 'full' D:\wamp\www\myCMS\Application\Runtime\Cache\Admin\7a4184ffe8f804b12b2e7f8851dd8f7d.php 第 95 行.
SQL: SELECT `name` FROM `my_category` WHERE `id` = 2 LIMIT 1   [ RunTime:0.001000s ]
NOTIC: [8] Use of undefined constant full - assumed 'full' D:\wamp\www\myCMS\Application\Runtime\Cache\Admin\7a4184ffe8f804b12b2e7f8851dd8f7d.php 第 95 行.
SQL: SELECT `name` FROM `my_category` WHERE `id` = 8 LIMIT 1   [ RunTime:0.000000s ]
NOTIC: [8] Use of undefined constant full - assumed 'full' D:\wamp\www\myCMS\Application\Runtime\Cache\Admin\7a4184ffe8f804b12b2e7f8851dd8f7d.php 第 95 行.
SQL: SELECT `name` FROM `my_category` WHERE `id` = 8 LIMIT 1   [ RunTime:0.001000s ]
NOTIC: [8] Use of undefined constant full - assumed 'full' D:\wamp\www\myCMS\Application\Runtime\Cache\Admin\7a4184ffe8f804b12b2e7f8851dd8f7d.php 第 95 行.
INFO: Run Behavior\ParseTemplateBehavior [ RunTime:0.042003s ]
INFO: [ view_parse ] --END-- [ RunTime:0.042003s ]
INFO: [ view_filter ] --START--
INFO: Run Behavior\WriteHtmlCacheBehavior [ RunTime:0.001000s ]
INFO: [ view_filter ] --END-- [ RunTime:0.001000s ]
INFO: [ app_end ] --START--
INFO: Run Behavior\ShowPageTraceBehavior [ RunTime:0.001000s ]
INFO: [ app_end ] --END-- [ RunTime:0.001000s ]

[ 2015-10-30T14:17:09+08:00 ] ::1 /myCMS/admin.php?m=Admin&c=Article&a=index
INFO: [ app_init ] --START--
INFO: Run Behavior\BuildLiteBehavior [ RunTime:0.000000s ]
INFO: [ app_init ] --END-- [ RunTime:0.000000s ]
INFO: [ app_begin ] --START--
INFO: Run Behavior\ReadHtmlCacheBehavior [ RunTime:0.000000s ]
INFO: [ app_begin ] --END-- [ RunTime:0.000000s ]
NOTIC: [8192] mysql_connect(): The mysql extension is deprecated and will be removed in the future: use mysqli or PDO instead D:\wamp\www\myCMS\ThinkPHP\Library\Think\Db\Driver\Mysql.class.php 第 52 行.
SQL: SHOW COLUMNS FROM `my_article` [ RunTime:0.003000s ]
SQL: SELECT * FROM `my_article`  [ RunTime:0.004000s ]
INFO: [ view_parse ] --START--
INFO: [ template_filter ] --START--
INFO: Run Behavior\ContentReplaceBehavior [ RunTime:0.000000s ]
INFO: [ template_filter ] --END-- [ RunTime:0.000000s ]
SQL: SHOW COLUMNS FROM `my_category` [ RunTime:0.002000s ]
SQL: SELECT `name` FROM `my_category` WHERE `id` = 8 LIMIT 1   [ RunTime:0.000000s ]
NOTIC: [8] Use of undefined constant full - assumed 'full' D:\wamp\www\myCMS\Application\Runtime\Cache\Admin\7a4184ffe8f804b12b2e7f8851dd8f7d.php 第 95 行.
SQL: SELECT `name` FROM `my_category` WHERE `id` = 0 LIMIT 1   [ RunTime:0.000000s ]
NOTIC: [8] Use of undefined constant full - assumed 'full' D:\wamp\www\myCMS\Application\Runtime\Cache\Admin\7a4184ffe8f804b12b2e7f8851dd8f7d.php 第 95 行.
SQL: SELECT `name` FROM `my_category` WHERE `id` = 0 LIMIT 1   [ RunTime:0.000000s ]
NOTIC: [8] Use of undefined constant full - assumed 'full' D:\wamp\www\myCMS\Application\Runtime\Cache\Admin\7a4184ffe8f804b12b2e7f8851dd8f7d.php 第 95 行.
SQL: SELECT `name` FROM `my_category` WHERE `id` = 0 LIMIT 1   [ RunTime:0.000000s ]
NOTIC: [8] Use of undefined constant full - assumed 'full' D:\wamp\www\myCMS\Application\Runtime\Cache\Admin\7a4184ffe8f804b12b2e7f8851dd8f7d.php 第 95 行.
SQL: SELECT `name` FROM `my_category` WHERE `id` = 0 LIMIT 1   [ RunTime:0.000000s ]
NOTIC: [8] Use of undefined constant full - assumed 'full' D:\wamp\www\myCMS\Application\Runtime\Cache\Admin\7a4184ffe8f804b12b2e7f8851dd8f7d.php 第 95 行.
SQL: SELECT `name` FROM `my_category` WHERE `id` = 0 LIMIT 1   [ RunTime:0.000000s ]
NOTIC: [8] Use of undefined constant full - assumed 'full' D:\wamp\www\myCMS\Application\Runtime\Cache\Admin\7a4184ffe8f804b12b2e7f8851dd8f7d.php 第 95 行.
SQL: SELECT `name` FROM `my_category` WHERE `id` = 2 LIMIT 1   [ RunTime:0.000000s ]
NOTIC: [8] Use of undefined constant full - assumed 'full' D:\wamp\www\myCMS\Application\Runtime\Cache\Admin\7a4184ffe8f804b12b2e7f8851dd8f7d.php 第 95 行.
SQL: SELECT `name` FROM `my_category` WHERE `id` = 8 LIMIT 1   [ RunTime:0.000000s ]
NOTIC: [8] Use of undefined constant full - assumed 'full' D:\wamp\www\myCMS\Application\Runtime\Cache\Admin\7a4184ffe8f804b12b2e7f8851dd8f7d.php 第 95 行.
SQL: SELECT `name` FROM `my_category` WHERE `id` = 8 LIMIT 1   [ RunTime:0.000000s ]
NOTIC: [8] Use of undefined constant full - assumed 'full' D:\wamp\www\myCMS\Application\Runtime\Cache\Admin\7a4184ffe8f804b12b2e7f8851dd8f7d.php 第 95 行.
INFO: Run Behavior\ParseTemplateBehavior [ RunTime:0.028002s ]
INFO: [ view_parse ] --END-- [ RunTime:0.028002s ]
INFO: [ view_filter ] --START--
INFO: Run Behavior\WriteHtmlCacheBehavior [ RunTime:0.001000s ]
INFO: [ view_filter ] --END-- [ RunTime:0.001000s ]
INFO: [ app_end ] --START--
INFO: Run Behavior\ShowPageTraceBehavior [ RunTime:0.001000s ]
INFO: [ app_end ] --END-- [ RunTime:0.001000s ]

[ 2015-10-30T14:17:10+08:00 ] ::1 /myCMS/admin.php?m=Admin&c=Article&a=add
INFO: [ app_init ] --START--
INFO: Run Behavior\BuildLiteBehavior [ RunTime:0.000000s ]
INFO: [ app_init ] --END-- [ RunTime:0.000000s ]
INFO: [ app_begin ] --START--
INFO: Run Behavior\ReadHtmlCacheBehavior [ RunTime:0.001000s ]
INFO: [ app_begin ] --END-- [ RunTime:0.001000s ]
NOTIC: [8192] mysql_connect(): The mysql extension is deprecated and will be removed in the future: use mysqli or PDO instead D:\wamp\www\myCMS\ThinkPHP\Library\Think\Db\Driver\Mysql.class.php 第 52 行.
SQL: SHOW COLUMNS FROM `my_article` [ RunTime:0.005000s ]
SQL: SHOW COLUMNS FROM `my_category` [ RunTime:0.004000s ]
SQL: SELECT * FROM `my_category` WHERE `type` = 1 ORDER BY sort asc,id asc  [ RunTime:0.001000s ]
NOTIC: [8] Undefined variable: data D:\wamp\www\myCMS\Application\Admin\Controller\ArticleController.class.php 第 73 行.
INFO: [ view_parse ] --START--
INFO: [ template_filter ] --START--
INFO: Run Behavior\ContentReplaceBehavior [ RunTime:0.000000s ]
INFO: [ template_filter ] --END-- [ RunTime:0.000000s ]
SQL: SELECT * FROM `my_category` WHERE `type` = 1 ORDER BY sort asc,id asc  [ RunTime:0.000000s ]
NOTIC: [8] Undefined variable: selected D:\wamp\www\myCMS\Application\Common\Common\common.php 第 53 行.
NOTIC: [8] Undefined variable: selected D:\wamp\www\myCMS\Application\Common\Common\common.php 第 53 行.
NOTIC: [8] Undefined variable: selected D:\wamp\www\myCMS\Application\Common\Common\common.php 第 53 行.
NOTIC: [8] Undefined variable: selected D:\wamp\www\myCMS\Application\Common\Common\common.php 第 53 行.
NOTIC: [8] Undefined variable: selected D:\wamp\www\myCMS\Application\Common\Common\common.php 第 53 行.
NOTIC: [8] Undefined variable: selected D:\wamp\www\myCMS\Application\Common\Common\common.php 第 53 行.
NOTIC: [8] Undefined variable: selected D:\wamp\www\myCMS\Application\Common\Common\common.php 第 53 行.
INFO: Run Behavior\ParseTemplateBehavior [ RunTime:0.012001s ]
INFO: [ view_parse ] --END-- [ RunTime:0.012001s ]
INFO: [ view_filter ] --START--
INFO: Run Behavior\WriteHtmlCacheBehavior [ RunTime:0.001000s ]
INFO: [ view_filter ] --END-- [ RunTime:0.001000s ]
INFO: [ app_end ] --START--
INFO: Run Behavior\ShowPageTraceBehavior [ RunTime:0.001000s ]
INFO: [ app_end ] --END-- [ RunTime:0.001000s ]

[ 2015-10-30T14:18:50+08:00 ] ::1 /myCMS/admin.php?m=Admin&c=Article&a=add
INFO: [ app_init ] --START--
INFO: Run Behavior\BuildLiteBehavior [ RunTime:0.000000s ]
INFO: [ app_init ] --END-- [ RunTime:0.001000s ]
INFO: [ app_begin ] --START--
INFO: Run Behavior\ReadHtmlCacheBehavior [ RunTime:0.000000s ]
INFO: [ app_begin ] --END-- [ RunTime:0.001000s ]
NOTIC: [8192] mysql_connect(): The mysql extension is deprecated and will be removed in the future: use mysqli or PDO instead D:\wamp\www\myCMS\ThinkPHP\Library\Think\Db\Driver\Mysql.class.php 第 52 行.
SQL: SHOW COLUMNS FROM `my_article` [ RunTime:0.002000s ]
SQL: SHOW COLUMNS FROM `my_category` [ RunTime:0.002000s ]
SQL: SELECT * FROM `my_category` WHERE `type` = 1 ORDER BY sort asc,id asc  [ RunTime:0.001000s ]
NOTIC: [8] Undefined variable: data D:\wamp\www\myCMS\Application\Admin\Controller\ArticleController.class.php 第 73 行.
INFO: [ view_parse ] --START--
INFO: [ template_filter ] --START--
INFO: Run Behavior\ContentReplaceBehavior [ RunTime:0.000000s ]
INFO: [ template_filter ] --END-- [ RunTime:0.001000s ]
SQL: SELECT * FROM `my_category` WHERE `type` = 1 ORDER BY sort asc,id asc  [ RunTime:0.000000s ]
NOTIC: [8] Undefined variable: selected D:\wamp\www\myCMS\Application\Common\Common\common.php 第 53 行.
NOTIC: [8] Undefined variable: selected D:\wamp\www\myCMS\Application\Common\Common\common.php 第 53 行.
NOTIC: [8] Undefined variable: selected D:\wamp\www\myCMS\Application\Common\Common\common.php 第 53 行.
NOTIC: [8] Undefined variable: selected D:\wamp\www\myCMS\Application\Common\Common\common.php 第 53 行.
NOTIC: [8] Undefined variable: selected D:\wamp\www\myCMS\Application\Common\Common\common.php 第 53 行.
NOTIC: [8] Undefined variable: selected D:\wamp\www\myCMS\Application\Common\Common\common.php 第 53 行.
NOTIC: [8] Undefined variable: selected D:\wamp\www\myCMS\Application\Common\Common\common.php 第 53 行.
INFO: Run Behavior\ParseTemplateBehavior [ RunTime:0.013001s ]
INFO: [ view_parse ] --END-- [ RunTime:0.013001s ]
INFO: [ view_filter ] --START--
INFO: Run Behavior\WriteHtmlCacheBehavior [ RunTime:0.001000s ]
INFO: [ view_filter ] --END-- [ RunTime:0.001000s ]
INFO: [ app_end ] --START--
INFO: Run Behavior\ShowPageTraceBehavior [ RunTime:0.001000s ]
INFO: [ app_end ] --END-- [ RunTime:0.001000s ]

