[ 2015-11-21T14:33:17+08:00 ] ::1 /myCMS/admin.php
INFO: [ app_init ] --START--
INFO: Run Behavior\BuildLiteBehavior [ RunTime:0.000000s ]
INFO: [ app_init ] --END-- [ RunTime:0.002000s ]
INFO: [ app_begin ] --START--
INFO: Run Behavior\ReadHtmlCacheBehavior [ RunTime:0.001001s ]
INFO: [ app_begin ] --END-- [ RunTime:0.001001s ]

[ 2015-11-21T14:33:17+08:00 ] ::1 /myCMS/admin.php?m=Admin&c=Login&a=login
INFO: [ app_init ] --START--
INFO: Run Behavior\BuildLiteBehavior [ RunTime:0.000000s ]
INFO: [ app_init ] --END-- [ RunTime:0.000000s ]
INFO: [ app_begin ] --START--
INFO: Run Behavior\ReadHtmlCacheBehavior [ RunTime:0.001000s ]
INFO: [ app_begin ] --END-- [ RunTime:0.002000s ]
INFO: [ view_parse ] --START--
INFO: [ template_filter ] --START--
INFO: Run Behavior\ContentReplaceBehavior [ RunTime:0.000000s ]
INFO: [ template_filter ] --END-- [ RunTime:0.000000s ]
INFO: Run Behavior\ParseTemplateBehavior [ RunTime:0.016000s ]
INFO: [ view_parse ] --END-- [ RunTime:0.016000s ]
INFO: [ view_filter ] --START--
INFO: Run Behavior\WriteHtmlCacheBehavior [ RunTime:0.000000s ]
INFO: [ view_filter ] --END-- [ RunTime:0.001001s ]
INFO: [ app_end ] --START--
INFO: Run Behavior\ShowPageTraceBehavior [ RunTime:0.001000s ]
INFO: [ app_end ] --END-- [ RunTime:0.001000s ]

[ 2015-11-21T14:33:17+08:00 ] ::1 /myCMS/admin.php?m=Admin&c=Login&a=getVerify
INFO: [ app_init ] --START--
INFO: Run Behavior\BuildLiteBehavior [ RunTime:0.000000s ]
INFO: [ app_init ] --END-- [ RunTime:0.000000s ]
INFO: [ app_begin ] --START--
INFO: Run Behavior\ReadHtmlCacheBehavior [ RunTime:0.000000s ]
INFO: [ app_begin ] --END-- [ RunTime:0.001000s ]
INFO: [ app_end ] --START--
INFO: Run Behavior\ShowPageTraceBehavior [ RunTime:0.000000s ]
INFO: [ app_end ] --END-- [ RunTime:0.001000s ]

[ 2015-11-21T14:33:21+08:00 ] ::1 /myCMS/admin.php?m=Admin&c=Login&a=login
INFO: [ app_init ] --START--
INFO: Run Behavior\BuildLiteBehavior [ RunTime:0.000000s ]
INFO: [ app_init ] --END-- [ RunTime:0.000000s ]
INFO: [ app_begin ] --START--
INFO: Run Behavior\ReadHtmlCacheBehavior [ RunTime:0.000000s ]
INFO: [ app_begin ] --END-- [ RunTime:0.000000s ]
NOTIC: [8192] mysql_connect(): The mysql extension is deprecated and will be removed in the future: use mysqli or PDO instead D:\wamp\www\myCMS\ThinkPHP\Library\Think\Db\Driver\Mysql.class.php 第 52 行.
SQL: SHOW COLUMNS FROM `my_admin` [ RunTime:0.030001s ]
SQL: SELECT * FROM `my_admin` WHERE `username` = 'admin' LIMIT 1   [ RunTime:0.002001s ]
SQL: SELECT * FROM `my_admin` WHERE `username` = 'admin' LIMIT 1   [ RunTime:0.000000s ]
SQL: SHOW COLUMNS FROM `my_auth` [ RunTime:0.005000s ]
SQL: SELECT `auth` FROM `my_auth` WHERE ( id=1 ) LIMIT 1   [ RunTime:0.000000s ]
SQL: UPDATE `my_admin` SET `count`=46,`lasttime`=1447892999,`logintime`=1448087601 WHERE `username` = 'admin' [ RunTime:0.008000s ]
SQL: SHOW COLUMNS FROM `my_adminlog` [ RunTime:0.006001s ]
SQL: INSERT INTO `my_adminlog` (`ip`,`username`,`action`,`createtime`) VALUES ('0.0.0.0','admin','登录成功!',1448087601) [ RunTime:0.004000s ]

[ 2015-11-21T14:33:23+08:00 ] ::1 /myCMS/admin.php?m=Admin&c=Index&a=index
INFO: [ app_init ] --START--
INFO: Run Behavior\BuildLiteBehavior [ RunTime:0.000000s ]
INFO: [ app_init ] --END-- [ RunTime:0.000000s ]
INFO: [ app_begin ] --START--
INFO: Run Behavior\ReadHtmlCacheBehavior [ RunTime:0.001000s ]
INFO: [ app_begin ] --END-- [ RunTime:0.001000s ]
NOTIC: [8] Undefined index: logintime D:\wamp\www\myCMS\Application\Admin\Controller\BaseController.class.php 第 17 行.
NOTIC: [8192] mysql_connect(): The mysql extension is deprecated and will be removed in the future: use mysqli or PDO instead D:\wamp\www\myCMS\ThinkPHP\Library\Think\Db\Driver\Mysql.class.php 第 52 行.
SQL: SHOW COLUMNS FROM `my_menu` [ RunTime:0.006000s ]
SQL: SELECT * FROM `my_menu` WHERE `status` = 1 AND `is_left` = 1 ORDER BY sort asc,id asc  [ RunTime:0.002000s ]
INFO: [ view_parse ] --START--
INFO: [ template_filter ] --START--
INFO: Run Behavior\ContentReplaceBehavior [ RunTime:0.000000s ]
INFO: [ template_filter ] --END-- [ RunTime:0.001000s ]
INFO: Run Behavior\ParseTemplateBehavior [ RunTime:0.018001s ]
INFO: [ view_parse ] --END-- [ RunTime:0.018001s ]
INFO: [ view_filter ] --START--
INFO: Run Behavior\WriteHtmlCacheBehavior [ RunTime:0.000000s ]
INFO: [ view_filter ] --END-- [ RunTime:0.000000s ]
INFO: [ app_end ] --START--
INFO: Run Behavior\ShowPageTraceBehavior [ RunTime:0.001000s ]
INFO: [ app_end ] --END-- [ RunTime:0.001000s ]

[ 2015-11-21T14:33:23+08:00 ] ::1 /myCMS/admin.php?m=Admin&c=Index&a=welcome
INFO: [ app_init ] --START--
INFO: Run Behavior\BuildLiteBehavior [ RunTime:0.001000s ]
INFO: [ app_init ] --END-- [ RunTime:0.001000s ]
INFO: [ app_begin ] --START--
INFO: Run Behavior\ReadHtmlCacheBehavior [ RunTime:0.000000s ]
INFO: [ app_begin ] --END-- [ RunTime:0.001000s ]
NOTIC: [8] Undefined index: logintime D:\wamp\www\myCMS\Application\Admin\Controller\BaseController.class.php 第 17 行.
INFO: [ view_parse ] --START--
INFO: [ template_filter ] --START--
INFO: Run Behavior\ContentReplaceBehavior [ RunTime:0.000000s ]
INFO: [ template_filter ] --END-- [ RunTime:0.001000s ]
INFO: Run Behavior\ParseTemplateBehavior [ RunTime:0.013000s ]
INFO: [ view_parse ] --END-- [ RunTime:0.013000s ]
INFO: [ view_filter ] --START--
INFO: Run Behavior\WriteHtmlCacheBehavior [ RunTime:0.001000s ]
INFO: [ view_filter ] --END-- [ RunTime:0.002000s ]
INFO: [ app_end ] --START--
INFO: Run Behavior\ShowPageTraceBehavior [ RunTime:0.001001s ]
INFO: [ app_end ] --END-- [ RunTime:0.001001s ]

[ 2015-11-21T14:33:34+08:00 ] ::1 /myCMS/admin.php?m=Admin&c=Database&a=index
INFO: [ app_init ] --START--
INFO: Run Behavior\BuildLiteBehavior [ RunTime:0.000000s ]
INFO: [ app_init ] --END-- [ RunTime:0.001001s ]
INFO: [ app_begin ] --START--
INFO: Run Behavior\ReadHtmlCacheBehavior [ RunTime:0.002000s ]
INFO: [ app_begin ] --END-- [ RunTime:0.002000s ]
NOTIC: [8] Undefined index: logintime D:\wamp\www\myCMS\Application\Admin\Controller\BaseController.class.php 第 17 行.
NOTIC: [8192] mysql_connect(): The mysql extension is deprecated and will be removed in the future: use mysqli or PDO instead D:\wamp\www\myCMS\ThinkPHP\Library\Think\Db\Driver\Mysql.class.php 第 52 行.
SQL: SHOW COLUMNS FROM `my_database` [ RunTime:0.002000s ]
ERR: 1146:Table 'mycms.my_database' doesn't exist
 [ SQL语句 ] : SHOW COLUMNS FROM `my_database`
SQL: SHOW TABLE STATUS FROM mycms [ RunTime:0.043003s ]
INFO: [ view_parse ] --START--
INFO: [ template_filter ] --START--
INFO: Run Behavior\ContentReplaceBehavior [ RunTime:0.001000s ]
INFO: [ template_filter ] --END-- [ RunTime:0.001000s ]
NOTIC: [8] Undefined index: count D:\wamp\www\myCMS\Application\Runtime\Cache\Admin\ccc7b197a1af74c5328156e7d3a8fe0b.php 第 45 行.
NOTIC: [8] Undefined index: id D:\wamp\www\myCMS\Application\Runtime\Cache\Admin\ccc7b197a1af74c5328156e7d3a8fe0b.php 第 71 行.
NOTIC: [8] Undefined index: id D:\wamp\www\myCMS\Application\Runtime\Cache\Admin\ccc7b197a1af74c5328156e7d3a8fe0b.php 第 88 行.
NOTIC: [8] Undefined index: id D:\wamp\www\myCMS\Application\Runtime\Cache\Admin\ccc7b197a1af74c5328156e7d3a8fe0b.php 第 71 行.
NOTIC: [8] Undefined index: id D:\wamp\www\myCMS\Application\Runtime\Cache\Admin\ccc7b197a1af74c5328156e7d3a8fe0b.php 第 88 行.
NOTIC: [8] Undefined index: id D:\wamp\www\myCMS\Application\Runtime\Cache\Admin\ccc7b197a1af74c5328156e7d3a8fe0b.php 第 71 行.
NOTIC: [8] Undefined index: id D:\wamp\www\myCMS\Application\Runtime\Cache\Admin\ccc7b197a1af74c5328156e7d3a8fe0b.php 第 88 行.
NOTIC: [8] Undefined index: id D:\wamp\www\myCMS\Application\Runtime\Cache\Admin\ccc7b197a1af74c5328156e7d3a8fe0b.php 第 71 行.
NOTIC: [8] Undefined index: id D:\wamp\www\myCMS\Application\Runtime\Cache\Admin\ccc7b197a1af74c5328156e7d3a8fe0b.php 第 88 行.
NOTIC: [8] Undefined index: id D:\wamp\www\myCMS\Application\Runtime\Cache\Admin\ccc7b197a1af74c5328156e7d3a8fe0b.php 第 71 行.
NOTIC: [8] Undefined index: id D:\wamp\www\myCMS\Application\Runtime\Cache\Admin\ccc7b197a1af74c5328156e7d3a8fe0b.php 第 88 行.
NOTIC: [8] Undefined index: id D:\wamp\www\myCMS\Application\Runtime\Cache\Admin\ccc7b197a1af74c5328156e7d3a8fe0b.php 第 71 行.
NOTIC: [8] Undefined index: id D:\wamp\www\myCMS\Application\Runtime\Cache\Admin\ccc7b197a1af74c5328156e7d3a8fe0b.php 第 88 行.
NOTIC: [8] Undefined index: id D:\wamp\www\myCMS\Application\Runtime\Cache\Admin\ccc7b197a1af74c5328156e7d3a8fe0b.php 第 71 行.
NOTIC: [8] Undefined index: id D:\wamp\www\myCMS\Application\Runtime\Cache\Admin\ccc7b197a1af74c5328156e7d3a8fe0b.php 第 88 行.
NOTIC: [8] Undefined index: id D:\wamp\www\myCMS\Application\Runtime\Cache\Admin\ccc7b197a1af74c5328156e7d3a8fe0b.php 第 71 行.
NOTIC: [8] Undefined index: id D:\wamp\www\myCMS\Application\Runtime\Cache\Admin\ccc7b197a1af74c5328156e7d3a8fe0b.php 第 88 行.
NOTIC: [8] Undefined index: id D:\wamp\www\myCMS\Application\Runtime\Cache\Admin\ccc7b197a1af74c5328156e7d3a8fe0b.php 第 71 行.
NOTIC: [8] Undefined index: id D:\wamp\www\myCMS\Application\Runtime\Cache\Admin\ccc7b197a1af74c5328156e7d3a8fe0b.php 第 88 行.
NOTIC: [8] Undefined index: id D:\wamp\www\myCMS\Application\Runtime\Cache\Admin\ccc7b197a1af74c5328156e7d3a8fe0b.php 第 71 行.
NOTIC: [8] Undefined index: id D:\wamp\www\myCMS\Application\Runtime\Cache\Admin\ccc7b197a1af74c5328156e7d3a8fe0b.php 第 88 行.
NOTIC: [8] Undefined index: id D:\wamp\www\myCMS\Application\Runtime\Cache\Admin\ccc7b197a1af74c5328156e7d3a8fe0b.php 第 71 行.
NOTIC: [8] Undefined index: id D:\wamp\www\myCMS\Application\Runtime\Cache\Admin\ccc7b197a1af74c5328156e7d3a8fe0b.php 第 88 行.
NOTIC: [8] Undefined index: id D:\wamp\www\myCMS\Application\Runtime\Cache\Admin\ccc7b197a1af74c5328156e7d3a8fe0b.php 第 71 行.
NOTIC: [8] Undefined index: id D:\wamp\www\myCMS\Application\Runtime\Cache\Admin\ccc7b197a1af74c5328156e7d3a8fe0b.php 第 88 行.
INFO: Run Behavior\ParseTemplateBehavior [ RunTime:0.018001s ]
INFO: [ view_parse ] --END-- [ RunTime:0.018001s ]
INFO: [ view_filter ] --START--
INFO: Run Behavior\WriteHtmlCacheBehavior [ RunTime:0.000000s ]
INFO: [ view_filter ] --END-- [ RunTime:0.000000s ]
INFO: [ app_end ] --START--
INFO: Run Behavior\ShowPageTraceBehavior [ RunTime:0.000000s ]
INFO: [ app_end ] --END-- [ RunTime:0.000000s ]

[ 2015-11-21T14:33:34+08:00 ] ::1 /myCMS/admin.php?m=Admin&c=Database&a=index
INFO: [ app_init ] --START--
INFO: Run Behavior\BuildLiteBehavior [ RunTime:0.000000s ]
INFO: [ app_init ] --END-- [ RunTime:0.001000s ]
INFO: [ app_begin ] --START--
INFO: Run Behavior\ReadHtmlCacheBehavior [ RunTime:0.001000s ]
INFO: [ app_begin ] --END-- [ RunTime:0.001000s ]
NOTIC: [8] Undefined index: logintime D:\wamp\www\myCMS\Application\Admin\Controller\BaseController.class.php 第 17 行.
NOTIC: [8192] mysql_connect(): The mysql extension is deprecated and will be removed in the future: use mysqli or PDO instead D:\wamp\www\myCMS\ThinkPHP\Library\Think\Db\Driver\Mysql.class.php 第 52 行.
SQL: SHOW COLUMNS FROM `my_database` [ RunTime:0.002000s ]
ERR: 1146:Table 'mycms.my_database' doesn't exist
 [ SQL语句 ] : SHOW COLUMNS FROM `my_database`
SQL: SHOW TABLE STATUS FROM mycms [ RunTime:0.002000s ]
INFO: [ view_parse ] --START--
INFO: [ template_filter ] --START--
INFO: Run Behavior\ContentReplaceBehavior [ RunTime:0.000000s ]
INFO: [ template_filter ] --END-- [ RunTime:0.000000s ]
NOTIC: [8] Undefined index: count D:\wamp\www\myCMS\Application\Runtime\Cache\Admin\ccc7b197a1af74c5328156e7d3a8fe0b.php 第 45 行.
NOTIC: [8] Undefined index: id D:\wamp\www\myCMS\Application\Runtime\Cache\Admin\ccc7b197a1af74c5328156e7d3a8fe0b.php 第 71 行.
NOTIC: [8] Undefined index: id D:\wamp\www\myCMS\Application\Runtime\Cache\Admin\ccc7b197a1af74c5328156e7d3a8fe0b.php 第 88 行.
NOTIC: [8] Undefined index: id D:\wamp\www\myCMS\Application\Runtime\Cache\Admin\ccc7b197a1af74c5328156e7d3a8fe0b.php 第 71 行.
NOTIC: [8] Undefined index: id D:\wamp\www\myCMS\Application\Runtime\Cache\Admin\ccc7b197a1af74c5328156e7d3a8fe0b.php 第 88 行.
NOTIC: [8] Undefined index: id D:\wamp\www\myCMS\Application\Runtime\Cache\Admin\ccc7b197a1af74c5328156e7d3a8fe0b.php 第 71 行.
NOTIC: [8] Undefined index: id D:\wamp\www\myCMS\Application\Runtime\Cache\Admin\ccc7b197a1af74c5328156e7d3a8fe0b.php 第 88 行.
NOTIC: [8] Undefined index: id D:\wamp\www\myCMS\Application\Runtime\Cache\Admin\ccc7b197a1af74c5328156e7d3a8fe0b.php 第 71 行.
NOTIC: [8] Undefined index: id D:\wamp\www\myCMS\Application\Runtime\Cache\Admin\ccc7b197a1af74c5328156e7d3a8fe0b.php 第 88 行.
NOTIC: [8] Undefined index: id D:\wamp\www\myCMS\Application\Runtime\Cache\Admin\ccc7b197a1af74c5328156e7d3a8fe0b.php 第 71 行.
NOTIC: [8] Undefined index: id D:\wamp\www\myCMS\Application\Runtime\Cache\Admin\ccc7b197a1af74c5328156e7d3a8fe0b.php 第 88 行.
NOTIC: [8] Undefined index: id D:\wamp\www\myCMS\Application\Runtime\Cache\Admin\ccc7b197a1af74c5328156e7d3a8fe0b.php 第 71 行.
NOTIC: [8] Undefined index: id D:\wamp\www\myCMS\Application\Runtime\Cache\Admin\ccc7b197a1af74c5328156e7d3a8fe0b.php 第 88 行.
NOTIC: [8] Undefined index: id D:\wamp\www\myCMS\Application\Runtime\Cache\Admin\ccc7b197a1af74c5328156e7d3a8fe0b.php 第 71 行.
NOTIC: [8] Undefined index: id D:\wamp\www\myCMS\Application\Runtime\Cache\Admin\ccc7b197a1af74c5328156e7d3a8fe0b.php 第 88 行.
NOTIC: [8] Undefined index: id D:\wamp\www\myCMS\Application\Runtime\Cache\Admin\ccc7b197a1af74c5328156e7d3a8fe0b.php 第 71 行.
NOTIC: [8] Undefined index: id D:\wamp\www\myCMS\Application\Runtime\Cache\Admin\ccc7b197a1af74c5328156e7d3a8fe0b.php 第 88 行.
NOTIC: [8] Undefined index: id D:\wamp\www\myCMS\Application\Runtime\Cache\Admin\ccc7b197a1af74c5328156e7d3a8fe0b.php 第 71 行.
NOTIC: [8] Undefined index: id D:\wamp\www\myCMS\Application\Runtime\Cache\Admin\ccc7b197a1af74c5328156e7d3a8fe0b.php 第 88 行.
NOTIC: [8] Undefined index: id D:\wamp\www\myCMS\Application\Runtime\Cache\Admin\ccc7b197a1af74c5328156e7d3a8fe0b.php 第 71 行.
NOTIC: [8] Undefined index: id D:\wamp\www\myCMS\Application\Runtime\Cache\Admin\ccc7b197a1af74c5328156e7d3a8fe0b.php 第 88 行.
NOTIC: [8] Undefined index: id D:\wamp\www\myCMS\Application\Runtime\Cache\Admin\ccc7b197a1af74c5328156e7d3a8fe0b.php 第 71 行.
NOTIC: [8] Undefined index: id D:\wamp\www\myCMS\Application\Runtime\Cache\Admin\ccc7b197a1af74c5328156e7d3a8fe0b.php 第 88 行.
NOTIC: [8] Undefined index: id D:\wamp\www\myCMS\Application\Runtime\Cache\Admin\ccc7b197a1af74c5328156e7d3a8fe0b.php 第 71 行.
NOTIC: [8] Undefined index: id D:\wamp\www\myCMS\Application\Runtime\Cache\Admin\ccc7b197a1af74c5328156e7d3a8fe0b.php 第 88 行.
INFO: Run Behavior\ParseTemplateBehavior [ RunTime:0.014001s ]
INFO: [ view_parse ] --END-- [ RunTime:0.014001s ]
INFO: [ view_filter ] --START--
INFO: Run Behavior\WriteHtmlCacheBehavior [ RunTime:0.001000s ]
INFO: [ view_filter ] --END-- [ RunTime:0.001000s ]
INFO: [ app_end ] --START--
INFO: Run Behavior\ShowPageTraceBehavior [ RunTime:0.001000s ]
INFO: [ app_end ] --END-- [ RunTime:0.001000s ]

[ 2015-11-21T14:33:34+08:00 ] ::1 /myCMS/admin.php?m=Admin&c=Database&a=querySql
INFO: [ app_init ] --START--
INFO: Run Behavior\BuildLiteBehavior [ RunTime:0.000000s ]
INFO: [ app_init ] --END-- [ RunTime:0.000000s ]
INFO: [ app_begin ] --START--
INFO: Run Behavior\ReadHtmlCacheBehavior [ RunTime:0.001000s ]
INFO: [ app_begin ] --END-- [ RunTime:0.001000s ]
NOTIC: [8] Undefined index: logintime D:\wamp\www\myCMS\Application\Admin\Controller\BaseController.class.php 第 17 行.
NOTIC: [8192] mysql_connect(): The mysql extension is deprecated and will be removed in the future: use mysqli or PDO instead D:\wamp\www\myCMS\ThinkPHP\Library\Think\Db\Driver\Mysql.class.php 第 52 行.
SQL: SHOW COLUMNS FROM `my_database` [ RunTime:0.002000s ]
ERR: 1146:Table 'mycms.my_database' doesn't exist
 [ SQL语句 ] : SHOW COLUMNS FROM `my_database`
INFO: [ view_parse ] --START--
INFO: [ template_filter ] --START--
INFO: Run Behavior\ContentReplaceBehavior [ RunTime:0.001000s ]
INFO: [ template_filter ] --END-- [ RunTime:0.001000s ]
NOTIC: [8] Undefined variable: data D:\wamp\www\myCMS\Application\Runtime\Cache\Admin\ad839aca1393cc50ce98554dbf583725.php 第 45 行.
INFO: Run Behavior\ParseTemplateBehavior [ RunTime:0.009001s ]
INFO: [ view_parse ] --END-- [ RunTime:0.009001s ]
INFO: [ view_filter ] --START--
INFO: Run Behavior\WriteHtmlCacheBehavior [ RunTime:0.001000s ]
INFO: [ view_filter ] --END-- [ RunTime:0.001000s ]
INFO: [ app_end ] --START--
INFO: Run Behavior\ShowPageTraceBehavior [ RunTime:0.001000s ]
INFO: [ app_end ] --END-- [ RunTime:0.001000s ]

[ 2015-11-21T14:37:13+08:00 ] ::1 /myCMS/admin.php?m=Admin&c=Database&a=querySql
INFO: [ app_init ] --START--
INFO: Run Behavior\BuildLiteBehavior [ RunTime:0.001000s ]
INFO: [ app_init ] --END-- [ RunTime:0.001000s ]
INFO: [ app_begin ] --START--
INFO: Run Behavior\ReadHtmlCacheBehavior [ RunTime:0.001000s ]
INFO: [ app_begin ] --END-- [ RunTime:0.001000s ]
NOTIC: [8] Undefined index: logintime D:\wamp\www\myCMS\Application\Admin\Controller\BaseController.class.php 第 17 行.
NOTIC: [8192] mysql_connect(): The mysql extension is deprecated and will be removed in the future: use mysqli or PDO instead D:\wamp\www\myCMS\ThinkPHP\Library\Think\Db\Driver\Mysql.class.php 第 52 行.
SQL: SHOW COLUMNS FROM `my_database` [ RunTime:0.002000s ]
ERR: 1146:Table 'mycms.my_database' doesn't exist
 [ SQL语句 ] : SHOW COLUMNS FROM `my_database`
INFO: [ view_parse ] --START--
INFO: [ template_filter ] --START--
INFO: Run Behavior\ContentReplaceBehavior [ RunTime:0.000000s ]
INFO: [ template_filter ] --END-- [ RunTime:0.000000s ]
NOTIC: [8] Undefined variable: data D:\wamp\www\myCMS\Application\Runtime\Cache\Admin\ad839aca1393cc50ce98554dbf583725.php 第 45 行.
INFO: Run Behavior\ParseTemplateBehavior [ RunTime:0.008001s ]
INFO: [ view_parse ] --END-- [ RunTime:0.008001s ]
INFO: [ view_filter ] --START--
INFO: Run Behavior\WriteHtmlCacheBehavior [ RunTime:0.000000s ]
INFO: [ view_filter ] --END-- [ RunTime:0.000000s ]
INFO: [ app_end ] --START--
INFO: Run Behavior\ShowPageTraceBehavior [ RunTime:0.001000s ]
INFO: [ app_end ] --END-- [ RunTime:0.001000s ]

[ 2015-11-21T14:37:26+08:00 ] ::1 /myCMS/admin.php?m=Admin&c=Database&a=querySql
INFO: [ app_init ] --START--
INFO: Run Behavior\BuildLiteBehavior [ RunTime:0.000000s ]
INFO: [ app_init ] --END-- [ RunTime:0.000000s ]
INFO: [ app_begin ] --START--
INFO: Run Behavior\ReadHtmlCacheBehavior [ RunTime:0.001000s ]
INFO: [ app_begin ] --END-- [ RunTime:0.001000s ]
NOTIC: [8] Undefined index: logintime D:\wamp\www\myCMS\Application\Admin\Controller\BaseController.class.php 第 17 行.
NOTIC: [8192] mysql_connect(): The mysql extension is deprecated and will be removed in the future: use mysqli or PDO instead D:\wamp\www\myCMS\ThinkPHP\Library\Think\Db\Driver\Mysql.class.php 第 52 行.
SQL: SHOW COLUMNS FROM `my_database` [ RunTime:0.002000s ]
ERR: 1146:Table 'mycms.my_database' doesn't exist
 [ SQL语句 ] : SHOW COLUMNS FROM `my_database`
INFO: [ view_parse ] --START--
INFO: [ template_filter ] --START--
INFO: Run Behavior\ContentReplaceBehavior [ RunTime:0.000000s ]
INFO: [ template_filter ] --END-- [ RunTime:0.000000s ]
NOTIC: [8] Undefined variable: data D:\wamp\www\myCMS\Application\Runtime\Cache\Admin\ad839aca1393cc50ce98554dbf583725.php 第 45 行.
INFO: Run Behavior\ParseTemplateBehavior [ RunTime:0.023001s ]
INFO: [ view_parse ] --END-- [ RunTime:0.023001s ]
INFO: [ view_filter ] --START--
INFO: Run Behavior\WriteHtmlCacheBehavior [ RunTime:0.001000s ]
INFO: [ view_filter ] --END-- [ RunTime:0.001000s ]
INFO: [ app_end ] --START--
INFO: Run Behavior\ShowPageTraceBehavior [ RunTime:0.000000s ]
INFO: [ app_end ] --END-- [ RunTime:0.000000s ]

[ 2015-11-21T14:38:04+08:00 ] ::1 /myCMS/admin.php?m=Admin&c=Database&a=querySql
INFO: [ app_init ] --START--
INFO: Run Behavior\BuildLiteBehavior [ RunTime:0.000000s ]
INFO: [ app_init ] --END-- [ RunTime:0.001000s ]
INFO: [ app_begin ] --START--
INFO: Run Behavior\ReadHtmlCacheBehavior [ RunTime:0.001000s ]
INFO: [ app_begin ] --END-- [ RunTime:0.001000s ]
NOTIC: [8] Undefined index: logintime D:\wamp\www\myCMS\Application\Admin\Controller\BaseController.class.php 第 17 行.
NOTIC: [8192] mysql_connect(): The mysql extension is deprecated and will be removed in the future: use mysqli or PDO instead D:\wamp\www\myCMS\ThinkPHP\Library\Think\Db\Driver\Mysql.class.php 第 52 行.
SQL: SHOW COLUMNS FROM `my_database` [ RunTime:0.002001s ]
ERR: 1146:Table 'mycms.my_database' doesn't exist
 [ SQL语句 ] : SHOW COLUMNS FROM `my_database`
INFO: [ view_parse ] --START--
INFO: [ template_filter ] --START--
INFO: Run Behavior\ContentReplaceBehavior [ RunTime:0.000000s ]
INFO: [ template_filter ] --END-- [ RunTime:0.000000s ]
NOTIC: [8] Undefined variable: data D:\wamp\www\myCMS\Application\Runtime\Cache\Admin\ad839aca1393cc50ce98554dbf583725.php 第 45 行.
INFO: Run Behavior\ParseTemplateBehavior [ RunTime:0.009000s ]
INFO: [ view_parse ] --END-- [ RunTime:0.009000s ]
INFO: [ view_filter ] --START--
INFO: Run Behavior\WriteHtmlCacheBehavior [ RunTime:0.000000s ]
INFO: [ view_filter ] --END-- [ RunTime:0.000000s ]
INFO: [ app_end ] --START--
INFO: Run Behavior\ShowPageTraceBehavior [ RunTime:0.001000s ]
INFO: [ app_end ] --END-- [ RunTime:0.001000s ]

[ 2015-11-21T14:38:16+08:00 ] ::1 /myCMS/admin.php?m=Admin&c=Database&a=querySql
INFO: [ app_init ] --START--
INFO: Run Behavior\BuildLiteBehavior [ RunTime:0.000000s ]
INFO: [ app_init ] --END-- [ RunTime:0.001000s ]
INFO: [ app_begin ] --START--
INFO: Run Behavior\ReadHtmlCacheBehavior [ RunTime:0.000000s ]
INFO: [ app_begin ] --END-- [ RunTime:0.000000s ]
NOTIC: [8] Undefined index: logintime D:\wamp\www\myCMS\Application\Admin\Controller\BaseController.class.php 第 17 行.
NOTIC: [8192] mysql_connect(): The mysql extension is deprecated and will be removed in the future: use mysqli or PDO instead D:\wamp\www\myCMS\ThinkPHP\Library\Think\Db\Driver\Mysql.class.php 第 52 行.
SQL: SHOW COLUMNS FROM `my_database` [ RunTime:0.003001s ]
ERR: 1146:Table 'mycms.my_database' doesn't exist
 [ SQL语句 ] : SHOW COLUMNS FROM `my_database`
INFO: [ view_parse ] --START--
INFO: [ template_filter ] --START--
INFO: Run Behavior\ContentReplaceBehavior [ RunTime:0.000000s ]
INFO: [ template_filter ] --END-- [ RunTime:0.000000s ]
NOTIC: [8] Undefined variable: data D:\wamp\www\myCMS\Application\Runtime\Cache\Admin\ad839aca1393cc50ce98554dbf583725.php 第 45 行.
INFO: Run Behavior\ParseTemplateBehavior [ RunTime:0.008000s ]
INFO: [ view_parse ] --END-- [ RunTime:0.008000s ]
INFO: [ view_filter ] --START--
INFO: Run Behavior\WriteHtmlCacheBehavior [ RunTime:0.000000s ]
INFO: [ view_filter ] --END-- [ RunTime:0.000000s ]
INFO: [ app_end ] --START--
INFO: Run Behavior\ShowPageTraceBehavior [ RunTime:0.001000s ]
INFO: [ app_end ] --END-- [ RunTime:0.001000s ]

