[ 2015-12-19T16:02:21+08:00 ] ::1 /myCMS/admin.php
INFO: [ app_init ] --START--
INFO: Run Behavior\BuildLiteBehavior [ RunTime:0.000000s ]
INFO: [ app_init ] --END-- [ RunTime:0.000000s ]
NOTIC: [8] Undefined variable: result D:\wamp\www\myCMS\ThinkPHP\Library\Think\Hook.class.php 第 103 行.
NOTIC: [8] Undefined variable: result D:\wamp\www\myCMS\ThinkPHP\Library\Think\Hook.class.php 第 103 行.
INFO: [ app_begin ] --START--
INFO: Run Behavior\ReadHtmlCacheBehavior [ RunTime:0.001000s ]
INFO: Run Behavior\CheckLangBehavior [ RunTime:0.000000s ]
INFO: Run Common\Behavior\InitHookBehavior [ RunTime:0.004001s ]
INFO: [ app_begin ] --END-- [ RunTime:0.007001s ]
NOTIC: [8] Undefined variable: result D:\wamp\www\myCMS\ThinkPHP\Library\Think\Hook.class.php 第 103 行.

[ 2015-12-19T16:02:21+08:00 ] ::1 /myCMS/admin.php?m=Admin&c=Login&a=login
INFO: [ app_init ] --START--
INFO: Run Behavior\BuildLiteBehavior [ RunTime:0.000000s ]
INFO: [ app_init ] --END-- [ RunTime:0.000000s ]
NOTIC: [8] Undefined variable: result D:\wamp\www\myCMS\ThinkPHP\Library\Think\Hook.class.php 第 103 行.
NOTIC: [8] Undefined variable: result D:\wamp\www\myCMS\ThinkPHP\Library\Think\Hook.class.php 第 103 行.
INFO: [ app_begin ] --START--
INFO: Run Behavior\ReadHtmlCacheBehavior [ RunTime:0.000000s ]
INFO: Run Behavior\CheckLangBehavior [ RunTime:0.001000s ]
INFO: Run Common\Behavior\InitHookBehavior [ RunTime:0.001000s ]
INFO: [ app_begin ] --END-- [ RunTime:0.002000s ]
NOTIC: [8] Undefined variable: result D:\wamp\www\myCMS\ThinkPHP\Library\Think\Hook.class.php 第 103 行.
NOTIC: [8] Undefined variable: result D:\wamp\www\myCMS\ThinkPHP\Library\Think\Hook.class.php 第 103 行.
INFO: [ view_parse ] --START--
INFO: [ template_filter ] --START--
INFO: Run Behavior\ContentReplaceBehavior [ RunTime:0.000000s ]
INFO: [ template_filter ] --END-- [ RunTime:0.000000s ]
INFO: Run Behavior\ParseTemplateBehavior [ RunTime:0.010001s ]
INFO: [ view_parse ] --END-- [ RunTime:0.010001s ]
INFO: [ view_filter ] --START--
INFO: Run Behavior\WriteHtmlCacheBehavior [ RunTime:0.001000s ]
INFO: [ view_filter ] --END-- [ RunTime:0.001000s ]
NOTIC: [8] Undefined variable: result D:\wamp\www\myCMS\ThinkPHP\Library\Think\Hook.class.php 第 103 行.
NOTIC: [8] Undefined variable: result D:\wamp\www\myCMS\ThinkPHP\Library\Think\Hook.class.php 第 103 行.
INFO: [ app_end ] --START--
INFO: Run Behavior\ShowPageTraceBehavior [ RunTime:0.001000s ]
INFO: [ app_end ] --END-- [ RunTime:0.001000s ]

[ 2015-12-19T16:02:21+08:00 ] ::1 /myCMS/admin.php?m=Admin&c=Login&a=getVerify
INFO: [ app_init ] --START--
INFO: Run Behavior\BuildLiteBehavior [ RunTime:0.000000s ]
INFO: [ app_init ] --END-- [ RunTime:0.001000s ]
NOTIC: [8] Undefined variable: result D:\wamp\www\myCMS\ThinkPHP\Library\Think\Hook.class.php 第 103 行.
NOTIC: [8] Undefined variable: result D:\wamp\www\myCMS\ThinkPHP\Library\Think\Hook.class.php 第 103 行.
INFO: [ app_begin ] --START--
INFO: Run Behavior\ReadHtmlCacheBehavior [ RunTime:0.002000s ]
INFO: Run Behavior\CheckLangBehavior [ RunTime:0.003000s ]
INFO: Run Common\Behavior\InitHookBehavior [ RunTime:0.003001s ]
INFO: [ app_begin ] --END-- [ RunTime:0.008001s ]
NOTIC: [8] Undefined variable: result D:\wamp\www\myCMS\ThinkPHP\Library\Think\Hook.class.php 第 103 行.
NOTIC: [8] Undefined variable: result D:\wamp\www\myCMS\ThinkPHP\Library\Think\Hook.class.php 第 103 行.
INFO: [ app_end ] --START--
INFO: Run Behavior\ShowPageTraceBehavior [ RunTime:0.003000s ]
INFO: [ app_end ] --END-- [ RunTime:0.003000s ]

[ 2015-12-19T16:02:25+08:00 ] ::1 /myCMS/admin.php?m=Admin&c=Login&a=login
INFO: [ app_init ] --START--
INFO: Run Behavior\BuildLiteBehavior [ RunTime:0.000000s ]
INFO: [ app_init ] --END-- [ RunTime:0.001000s ]
NOTIC: [8] Undefined variable: result D:\wamp\www\myCMS\ThinkPHP\Library\Think\Hook.class.php 第 103 行.
NOTIC: [8] Undefined variable: result D:\wamp\www\myCMS\ThinkPHP\Library\Think\Hook.class.php 第 103 行.
INFO: [ app_begin ] --START--
INFO: Run Behavior\ReadHtmlCacheBehavior [ RunTime:0.001000s ]
INFO: Run Behavior\CheckLangBehavior [ RunTime:0.000000s ]
INFO: Run Common\Behavior\InitHookBehavior [ RunTime:0.003000s ]
INFO: [ app_begin ] --END-- [ RunTime:0.005000s ]
NOTIC: [8] Undefined variable: result D:\wamp\www\myCMS\ThinkPHP\Library\Think\Hook.class.php 第 103 行.
NOTIC: [8192] mysql_connect(): The mysql extension is deprecated and will be removed in the future: use mysqli or PDO instead D:\wamp\www\myCMS\ThinkPHP\Library\Think\Db\Driver\Mysql.class.php 第 52 行.
SQL: SHOW COLUMNS FROM `my_admin` [ RunTime:0.024001s ]
SQL: SELECT * FROM `my_admin` WHERE `username` = 'admin' LIMIT 1   [ RunTime:0.001001s ]
SQL: SELECT * FROM `my_admin` WHERE `username` = 'admin' LIMIT 1   [ RunTime:0.001000s ]

[ 2015-12-19T16:02:31+08:00 ] ::1 /myCMS/admin.php?m=Admin&c=Login&a=login
INFO: [ app_init ] --START--
INFO: Run Behavior\BuildLiteBehavior [ RunTime:0.000000s ]
INFO: [ app_init ] --END-- [ RunTime:0.000000s ]
NOTIC: [8] Undefined variable: result D:\wamp\www\myCMS\ThinkPHP\Library\Think\Hook.class.php 第 103 行.
NOTIC: [8] Undefined variable: result D:\wamp\www\myCMS\ThinkPHP\Library\Think\Hook.class.php 第 103 行.
INFO: [ app_begin ] --START--
INFO: Run Behavior\ReadHtmlCacheBehavior [ RunTime:0.000000s ]
INFO: Run Behavior\CheckLangBehavior [ RunTime:0.000000s ]
INFO: Run Common\Behavior\InitHookBehavior [ RunTime:0.003000s ]
INFO: [ app_begin ] --END-- [ RunTime:0.004000s ]
NOTIC: [8] Undefined variable: result D:\wamp\www\myCMS\ThinkPHP\Library\Think\Hook.class.php 第 103 行.

[ 2015-12-19T16:02:32+08:00 ] ::1 /myCMS/admin.php?m=Admin&c=Login&a=getVerify
INFO: [ app_init ] --START--
INFO: Run Behavior\BuildLiteBehavior [ RunTime:0.000000s ]
INFO: [ app_init ] --END-- [ RunTime:0.000000s ]
NOTIC: [8] Undefined variable: result D:\wamp\www\myCMS\ThinkPHP\Library\Think\Hook.class.php 第 103 行.
NOTIC: [8] Undefined variable: result D:\wamp\www\myCMS\ThinkPHP\Library\Think\Hook.class.php 第 103 行.
INFO: [ app_begin ] --START--
INFO: Run Behavior\ReadHtmlCacheBehavior [ RunTime:0.000000s ]
INFO: Run Behavior\CheckLangBehavior [ RunTime:0.000000s ]
INFO: Run Common\Behavior\InitHookBehavior [ RunTime:0.001000s ]
INFO: [ app_begin ] --END-- [ RunTime:0.003000s ]
NOTIC: [8] Undefined variable: result D:\wamp\www\myCMS\ThinkPHP\Library\Think\Hook.class.php 第 103 行.
NOTIC: [8] Undefined variable: result D:\wamp\www\myCMS\ThinkPHP\Library\Think\Hook.class.php 第 103 行.
INFO: [ app_end ] --START--
INFO: Run Behavior\ShowPageTraceBehavior [ RunTime:0.001000s ]
INFO: [ app_end ] --END-- [ RunTime:0.001000s ]

[ 2015-12-19T16:02:35+08:00 ] ::1 /myCMS/admin.php?m=Admin&c=Login&a=login
INFO: [ app_init ] --START--
INFO: Run Behavior\BuildLiteBehavior [ RunTime:0.000000s ]
INFO: [ app_init ] --END-- [ RunTime:0.001000s ]
NOTIC: [8] Undefined variable: result D:\wamp\www\myCMS\ThinkPHP\Library\Think\Hook.class.php 第 103 行.
NOTIC: [8] Undefined variable: result D:\wamp\www\myCMS\ThinkPHP\Library\Think\Hook.class.php 第 103 行.
INFO: [ app_begin ] --START--
INFO: Run Behavior\ReadHtmlCacheBehavior [ RunTime:0.000000s ]
INFO: Run Behavior\CheckLangBehavior [ RunTime:0.000000s ]
INFO: Run Common\Behavior\InitHookBehavior [ RunTime:0.002001s ]
INFO: [ app_begin ] --END-- [ RunTime:0.003001s ]
NOTIC: [8] Undefined variable: result D:\wamp\www\myCMS\ThinkPHP\Library\Think\Hook.class.php 第 103 行.
NOTIC: [8192] mysql_connect(): The mysql extension is deprecated and will be removed in the future: use mysqli or PDO instead D:\wamp\www\myCMS\ThinkPHP\Library\Think\Db\Driver\Mysql.class.php 第 52 行.
SQL: SHOW COLUMNS FROM `my_admin` [ RunTime:0.003000s ]
SQL: SELECT * FROM `my_admin` WHERE `username` = 'admin' LIMIT 1   [ RunTime:0.000000s ]
SQL: SELECT * FROM `my_admin` WHERE `username` = 'admin' LIMIT 1   [ RunTime:0.001000s ]
SQL: SHOW COLUMNS FROM `my_auth` [ RunTime:0.008000s ]
SQL: SELECT `auth` FROM `my_auth` WHERE ( id=1 ) LIMIT 1   [ RunTime:0.001000s ]
SQL: UPDATE `my_admin` SET `count`=60,`lasttime`=1450138808,`logintime`=1450512155 WHERE `username` = 'admin' [ RunTime:0.006000s ]
SQL: SHOW COLUMNS FROM `my_adminlog` [ RunTime:0.006000s ]
SQL: INSERT INTO `my_adminlog` (`ip`,`username`,`action`,`createtime`) VALUES ('0.0.0.0','admin','登录成功!',1450512155) [ RunTime:0.005001s ]

[ 2015-12-19T16:02:37+08:00 ] ::1 /myCMS/admin.php?m=Admin&c=Index&a=index
INFO: [ app_init ] --START--
INFO: Run Behavior\BuildLiteBehavior [ RunTime:0.000000s ]
INFO: [ app_init ] --END-- [ RunTime:0.001000s ]
NOTIC: [8] Undefined variable: result D:\wamp\www\myCMS\ThinkPHP\Library\Think\Hook.class.php 第 103 行.
NOTIC: [8] Undefined variable: result D:\wamp\www\myCMS\ThinkPHP\Library\Think\Hook.class.php 第 103 行.
INFO: [ app_begin ] --START--
INFO: Run Behavior\ReadHtmlCacheBehavior [ RunTime:0.001000s ]
INFO: Run Behavior\CheckLangBehavior [ RunTime:0.000000s ]
INFO: Run Common\Behavior\InitHookBehavior [ RunTime:0.002000s ]
INFO: [ app_begin ] --END-- [ RunTime:0.004000s ]
NOTIC: [8] Undefined variable: result D:\wamp\www\myCMS\ThinkPHP\Library\Think\Hook.class.php 第 103 行.
NOTIC: [8] Undefined index: logintime D:\wamp\www\myCMS\Application\Admin\Controller\BaseController.class.php 第 19 行.
NOTIC: [8192] mysql_connect(): The mysql extension is deprecated and will be removed in the future: use mysqli or PDO instead D:\wamp\www\myCMS\ThinkPHP\Library\Think\Db\Driver\Mysql.class.php 第 52 行.
SQL: SHOW COLUMNS FROM `my_menu` [ RunTime:0.009001s ]
SQL: SELECT * FROM `my_menu` WHERE `status` = 1 AND `is_left` = 1 ORDER BY sort asc,id asc  [ RunTime:0.001000s ]
SQL: SHOW COLUMNS FROM `my_addons` [ RunTime:0.007000s ]
SQL: SELECT `id`,`name`,`title` FROM `my_addons` WHERE ( status=1 )  [ RunTime:0.000000s ]
NOTIC: [8] Undefined variable: result D:\wamp\www\myCMS\ThinkPHP\Library\Think\Hook.class.php 第 103 行.
INFO: [ view_parse ] --START--
INFO: [ template_filter ] --START--
INFO: Run Behavior\ContentReplaceBehavior [ RunTime:0.000000s ]
INFO: [ template_filter ] --END-- [ RunTime:0.000000s ]
INFO: Run Behavior\ParseTemplateBehavior [ RunTime:0.016001s ]
INFO: [ view_parse ] --END-- [ RunTime:0.016001s ]
INFO: [ view_filter ] --START--
INFO: Run Behavior\WriteHtmlCacheBehavior [ RunTime:0.000000s ]
INFO: [ view_filter ] --END-- [ RunTime:0.000000s ]
NOTIC: [8] Undefined variable: result D:\wamp\www\myCMS\ThinkPHP\Library\Think\Hook.class.php 第 103 行.
NOTIC: [8] Undefined variable: result D:\wamp\www\myCMS\ThinkPHP\Library\Think\Hook.class.php 第 103 行.
INFO: [ app_end ] --START--
INFO: Run Behavior\ShowPageTraceBehavior [ RunTime:0.000000s ]
INFO: [ app_end ] --END-- [ RunTime:0.000000s ]

[ 2015-12-19T16:02:37+08:00 ] ::1 /myCMS/admin.php?m=Admin&c=Index&a=welcome
INFO: [ app_init ] --START--
INFO: Run Behavior\BuildLiteBehavior [ RunTime:0.000000s ]
INFO: [ app_init ] --END-- [ RunTime:0.000000s ]
NOTIC: [8] Undefined variable: result D:\wamp\www\myCMS\ThinkPHP\Library\Think\Hook.class.php 第 103 行.
NOTIC: [8] Undefined variable: result D:\wamp\www\myCMS\ThinkPHP\Library\Think\Hook.class.php 第 103 行.
INFO: [ app_begin ] --START--
INFO: Run Behavior\ReadHtmlCacheBehavior [ RunTime:0.000000s ]
INFO: Run Behavior\CheckLangBehavior [ RunTime:0.001000s ]
INFO: Run Common\Behavior\InitHookBehavior [ RunTime:0.001000s ]
INFO: [ app_begin ] --END-- [ RunTime:0.002000s ]
NOTIC: [8] Undefined variable: result D:\wamp\www\myCMS\ThinkPHP\Library\Think\Hook.class.php 第 103 行.
NOTIC: [8] Undefined index: logintime D:\wamp\www\myCMS\Application\Admin\Controller\BaseController.class.php 第 19 行.
NOTIC: [8] Undefined variable: result D:\wamp\www\myCMS\ThinkPHP\Library\Think\Hook.class.php 第 103 行.
INFO: [ view_parse ] --START--
INFO: [ template_filter ] --START--
INFO: Run Behavior\ContentReplaceBehavior [ RunTime:0.000000s ]
INFO: [ template_filter ] --END-- [ RunTime:0.001000s ]
INFO: Run Behavior\ParseTemplateBehavior [ RunTime:0.010001s ]
INFO: [ view_parse ] --END-- [ RunTime:0.011001s ]
INFO: [ view_filter ] --START--
INFO: Run Behavior\WriteHtmlCacheBehavior [ RunTime:0.000000s ]
INFO: [ view_filter ] --END-- [ RunTime:0.000000s ]
NOTIC: [8] Undefined variable: result D:\wamp\www\myCMS\ThinkPHP\Library\Think\Hook.class.php 第 103 行.
NOTIC: [8] Undefined variable: result D:\wamp\www\myCMS\ThinkPHP\Library\Think\Hook.class.php 第 103 行.
INFO: [ app_end ] --START--
INFO: Run Behavior\ShowPageTraceBehavior [ RunTime:0.000000s ]
INFO: [ app_end ] --END-- [ RunTime:0.001000s ]

[ 2015-12-19T16:02:54+08:00 ] ::1 /myCMS/admin.php?m=Admin&c=Menu&a=index
INFO: [ app_init ] --START--
INFO: Run Behavior\BuildLiteBehavior [ RunTime:0.000000s ]
INFO: [ app_init ] --END-- [ RunTime:0.000000s ]
NOTIC: [8] Undefined variable: result D:\wamp\www\myCMS\ThinkPHP\Library\Think\Hook.class.php 第 103 行.
NOTIC: [8] Undefined variable: result D:\wamp\www\myCMS\ThinkPHP\Library\Think\Hook.class.php 第 103 行.
INFO: [ app_begin ] --START--
INFO: Run Behavior\ReadHtmlCacheBehavior [ RunTime:0.001000s ]
INFO: Run Behavior\CheckLangBehavior [ RunTime:0.000000s ]
INFO: Run Common\Behavior\InitHookBehavior [ RunTime:0.002000s ]
INFO: [ app_begin ] --END-- [ RunTime:0.003000s ]
NOTIC: [8] Undefined variable: result D:\wamp\www\myCMS\ThinkPHP\Library\Think\Hook.class.php 第 103 行.
NOTIC: [8] Undefined index: logintime D:\wamp\www\myCMS\Application\Admin\Controller\BaseController.class.php 第 19 行.
NOTIC: [8192] mysql_connect(): The mysql extension is deprecated and will be removed in the future: use mysqli or PDO instead D:\wamp\www\myCMS\ThinkPHP\Library\Think\Db\Driver\Mysql.class.php 第 52 行.
SQL: SHOW COLUMNS FROM `my_menu` [ RunTime:0.003000s ]
NOTIC: [8] Undefined variable: where D:\wamp\www\myCMS\Application\Common\Common\common.php 第 24 行.
SQL: SELECT * FROM `my_menu` ORDER BY sort asc,id asc  [ RunTime:0.001000s ]
SQL: SELECT COUNT(*) AS tp_count FROM `my_menu` LIMIT 1   [ RunTime:0.002000s ]
NOTIC: [8] Undefined variable: result D:\wamp\www\myCMS\ThinkPHP\Library\Think\Hook.class.php 第 103 行.
INFO: [ view_parse ] --START--
INFO: [ template_filter ] --START--
INFO: Run Behavior\ContentReplaceBehavior [ RunTime:0.001000s ]
INFO: [ template_filter ] --END-- [ RunTime:0.001000s ]
NOTIC: [8] Use of undefined constant full - assumed 'full' D:\wamp\www\myCMS\Application\Runtime\Cache\Admin\b956215329b6f9aca22277599a4efdfc.php 第 77 行.
NOTIC: [8] Use of undefined constant full - assumed 'full' D:\wamp\www\myCMS\Application\Runtime\Cache\Admin\b956215329b6f9aca22277599a4efdfc.php 第 77 行.
NOTIC: [8] Use of undefined constant full - assumed 'full' D:\wamp\www\myCMS\Application\Runtime\Cache\Admin\b956215329b6f9aca22277599a4efdfc.php 第 77 行.
NOTIC: [8] Use of undefined constant full - assumed 'full' D:\wamp\www\myCMS\Application\Runtime\Cache\Admin\b956215329b6f9aca22277599a4efdfc.php 第 77 行.
NOTIC: [8] Use of undefined constant full - assumed 'full' D:\wamp\www\myCMS\Application\Runtime\Cache\Admin\b956215329b6f9aca22277599a4efdfc.php 第 77 行.
NOTIC: [8] Use of undefined constant full - assumed 'full' D:\wamp\www\myCMS\Application\Runtime\Cache\Admin\b956215329b6f9aca22277599a4efdfc.php 第 77 行.
NOTIC: [8] Use of undefined constant full - assumed 'full' D:\wamp\www\myCMS\Application\Runtime\Cache\Admin\b956215329b6f9aca22277599a4efdfc.php 第 77 行.
NOTIC: [8] Use of undefined constant full - assumed 'full' D:\wamp\www\myCMS\Application\Runtime\Cache\Admin\b956215329b6f9aca22277599a4efdfc.php 第 77 行.
NOTIC: [8] Use of undefined constant full - assumed 'full' D:\wamp\www\myCMS\Application\Runtime\Cache\Admin\b956215329b6f9aca22277599a4efdfc.php 第 77 行.
NOTIC: [8] Use of undefined constant full - assumed 'full' D:\wamp\www\myCMS\Application\Runtime\Cache\Admin\b956215329b6f9aca22277599a4efdfc.php 第 77 行.
NOTIC: [8] Use of undefined constant full - assumed 'full' D:\wamp\www\myCMS\Application\Runtime\Cache\Admin\b956215329b6f9aca22277599a4efdfc.php 第 77 行.
NOTIC: [8] Use of undefined constant full - assumed 'full' D:\wamp\www\myCMS\Application\Runtime\Cache\Admin\b956215329b6f9aca22277599a4efdfc.php 第 77 行.
NOTIC: [8] Use of undefined constant full - assumed 'full' D:\wamp\www\myCMS\Application\Runtime\Cache\Admin\b956215329b6f9aca22277599a4efdfc.php 第 77 行.
NOTIC: [8] Use of undefined constant full - assumed 'full' D:\wamp\www\myCMS\Application\Runtime\Cache\Admin\b956215329b6f9aca22277599a4efdfc.php 第 77 行.
NOTIC: [8] Use of undefined constant full - assumed 'full' D:\wamp\www\myCMS\Application\Runtime\Cache\Admin\b956215329b6f9aca22277599a4efdfc.php 第 77 行.
NOTIC: [8] Use of undefined constant full - assumed 'full' D:\wamp\www\myCMS\Application\Runtime\Cache\Admin\b956215329b6f9aca22277599a4efdfc.php 第 77 行.
NOTIC: [8] Use of undefined constant full - assumed 'full' D:\wamp\www\myCMS\Application\Runtime\Cache\Admin\b956215329b6f9aca22277599a4efdfc.php 第 77 行.
NOTIC: [8] Use of undefined constant full - assumed 'full' D:\wamp\www\myCMS\Application\Runtime\Cache\Admin\b956215329b6f9aca22277599a4efdfc.php 第 77 行.
NOTIC: [8] Use of undefined constant full - assumed 'full' D:\wamp\www\myCMS\Application\Runtime\Cache\Admin\b956215329b6f9aca22277599a4efdfc.php 第 77 行.
NOTIC: [8] Use of undefined constant full - assumed 'full' D:\wamp\www\myCMS\Application\Runtime\Cache\Admin\b956215329b6f9aca22277599a4efdfc.php 第 77 行.
NOTIC: [8] Use of undefined constant full - assumed 'full' D:\wamp\www\myCMS\Application\Runtime\Cache\Admin\b956215329b6f9aca22277599a4efdfc.php 第 77 行.
NOTIC: [8] Use of undefined constant full - assumed 'full' D:\wamp\www\myCMS\Application\Runtime\Cache\Admin\b956215329b6f9aca22277599a4efdfc.php 第 77 行.
NOTIC: [8] Use of undefined constant full - assumed 'full' D:\wamp\www\myCMS\Application\Runtime\Cache\Admin\b956215329b6f9aca22277599a4efdfc.php 第 77 行.
NOTIC: [8] Use of undefined constant full - assumed 'full' D:\wamp\www\myCMS\Application\Runtime\Cache\Admin\b956215329b6f9aca22277599a4efdfc.php 第 77 行.
NOTIC: [8] Use of undefined constant full - assumed 'full' D:\wamp\www\myCMS\Application\Runtime\Cache\Admin\b956215329b6f9aca22277599a4efdfc.php 第 77 行.
NOTIC: [8] Use of undefined constant full - assumed 'full' D:\wamp\www\myCMS\Application\Runtime\Cache\Admin\b956215329b6f9aca22277599a4efdfc.php 第 77 行.
NOTIC: [8] Use of undefined constant full - assumed 'full' D:\wamp\www\myCMS\Application\Runtime\Cache\Admin\b956215329b6f9aca22277599a4efdfc.php 第 77 行.
INFO: Run Behavior\ParseTemplateBehavior [ RunTime:0.023001s ]
INFO: [ view_parse ] --END-- [ RunTime:0.023001s ]
INFO: [ view_filter ] --START--
INFO: Run Behavior\WriteHtmlCacheBehavior [ RunTime:0.000000s ]
INFO: [ view_filter ] --END-- [ RunTime:0.001000s ]
NOTIC: [8] Undefined variable: result D:\wamp\www\myCMS\ThinkPHP\Library\Think\Hook.class.php 第 103 行.
NOTIC: [8] Undefined variable: result D:\wamp\www\myCMS\ThinkPHP\Library\Think\Hook.class.php 第 103 行.
INFO: [ app_end ] --START--
INFO: Run Behavior\ShowPageTraceBehavior [ RunTime:0.001000s ]
INFO: [ app_end ] --END-- [ RunTime:0.001000s ]

[ 2015-12-19T16:02:59+08:00 ] ::1 /myCMS/admin.php?m=Admin&c=System&a=baseSetting
INFO: [ app_init ] --START--
INFO: Run Behavior\BuildLiteBehavior [ RunTime:0.000000s ]
INFO: [ app_init ] --END-- [ RunTime:0.001001s ]
NOTIC: [8] Undefined variable: result D:\wamp\www\myCMS\ThinkPHP\Library\Think\Hook.class.php 第 103 行.
NOTIC: [8] Undefined variable: result D:\wamp\www\myCMS\ThinkPHP\Library\Think\Hook.class.php 第 103 行.
INFO: [ app_begin ] --START--
INFO: Run Behavior\ReadHtmlCacheBehavior [ RunTime:0.001000s ]
INFO: Run Behavior\CheckLangBehavior [ RunTime:0.000000s ]
INFO: Run Common\Behavior\InitHookBehavior [ RunTime:0.007000s ]
INFO: [ app_begin ] --END-- [ RunTime:0.009000s ]
NOTIC: [8] Undefined variable: result D:\wamp\www\myCMS\ThinkPHP\Library\Think\Hook.class.php 第 103 行.
NOTIC: [8] Undefined index: logintime D:\wamp\www\myCMS\Application\Admin\Controller\BaseController.class.php 第 19 行.
NOTIC: [8192] mysql_connect(): The mysql extension is deprecated and will be removed in the future: use mysqli or PDO instead D:\wamp\www\myCMS\ThinkPHP\Library\Think\Db\Driver\Mysql.class.php 第 52 行.
SQL: SHOW COLUMNS FROM `my_setting` [ RunTime:0.012000s ]
SQL: SELECT * FROM `my_setting` WHERE `status` = 1 ORDER BY groups asc,sort asc,type asc  [ RunTime:0.001001s ]
NOTIC: [8] Undefined variable: result D:\wamp\www\myCMS\ThinkPHP\Library\Think\Hook.class.php 第 103 行.
INFO: [ view_parse ] --START--
INFO: [ template_filter ] --START--
INFO: Run Behavior\ContentReplaceBehavior [ RunTime:0.000000s ]
INFO: [ template_filter ] --END-- [ RunTime:0.001000s ]
INFO: Run Behavior\ParseTemplateBehavior [ RunTime:0.025001s ]
INFO: [ view_parse ] --END-- [ RunTime:0.025001s ]
INFO: [ view_filter ] --START--
INFO: Run Behavior\WriteHtmlCacheBehavior [ RunTime:0.000000s ]
INFO: [ view_filter ] --END-- [ RunTime:0.000000s ]
NOTIC: [8] Undefined variable: result D:\wamp\www\myCMS\ThinkPHP\Library\Think\Hook.class.php 第 103 行.
NOTIC: [8] Undefined variable: result D:\wamp\www\myCMS\ThinkPHP\Library\Think\Hook.class.php 第 103 行.
INFO: [ app_end ] --START--
INFO: Run Behavior\ShowPageTraceBehavior [ RunTime:0.000000s ]
INFO: [ app_end ] --END-- [ RunTime:0.001000s ]

