[ 2015-12-03T09:03:56+08:00 ] ::1 /myCMS/admin.php
INFO: [ app_init ] --START--
INFO: Run Behavior\BuildLiteBehavior [ RunTime:0.000000s ]
INFO: [ app_init ] --END-- [ RunTime:0.001000s ]
INFO: [ app_begin ] --START--
INFO: Run Behavior\ReadHtmlCacheBehavior [ RunTime:0.001000s ]
INFO: [ app_begin ] --END-- [ RunTime:0.001000s ]

[ 2015-12-03T09:03:56+08:00 ] ::1 /myCMS/admin.php?m=Admin&c=Login&a=login
INFO: [ app_init ] --START--
INFO: Run Behavior\BuildLiteBehavior [ RunTime:0.001000s ]
INFO: [ app_init ] --END-- [ RunTime:0.001000s ]
INFO: [ app_begin ] --START--
INFO: Run Behavior\ReadHtmlCacheBehavior [ RunTime:0.000000s ]
INFO: [ app_begin ] --END-- [ RunTime:0.000000s ]
INFO: [ view_parse ] --START--
INFO: [ template_filter ] --START--
INFO: Run Behavior\ContentReplaceBehavior [ RunTime:0.001000s ]
INFO: [ template_filter ] --END-- [ RunTime:0.001000s ]
INFO: Run Behavior\ParseTemplateBehavior [ RunTime:0.009000s ]
INFO: [ view_parse ] --END-- [ RunTime:0.009000s ]
INFO: [ view_filter ] --START--
INFO: Run Behavior\WriteHtmlCacheBehavior [ RunTime:0.000000s ]
INFO: [ view_filter ] --END-- [ RunTime:0.000000s ]
INFO: [ app_end ] --START--
INFO: Run Behavior\ShowPageTraceBehavior [ RunTime:0.000000s ]
INFO: [ app_end ] --END-- [ RunTime:0.001000s ]

[ 2015-12-03T09:03:56+08:00 ] ::1 /myCMS/admin.php?m=Admin&c=Login&a=getVerify
INFO: [ app_init ] --START--
INFO: Run Behavior\BuildLiteBehavior [ RunTime:0.000000s ]
INFO: [ app_init ] --END-- [ RunTime:0.001000s ]
INFO: [ app_begin ] --START--
INFO: Run Behavior\ReadHtmlCacheBehavior [ RunTime:0.000000s ]
INFO: [ app_begin ] --END-- [ RunTime:0.001001s ]
INFO: [ app_end ] --START--
INFO: Run Behavior\ShowPageTraceBehavior [ RunTime:0.001000s ]
INFO: [ app_end ] --END-- [ RunTime:0.001000s ]

[ 2015-12-03T09:04:00+08:00 ] ::1 /myCMS/admin.php?m=Admin&c=Login&a=login
INFO: [ app_init ] --START--
INFO: Run Behavior\BuildLiteBehavior [ RunTime:0.000000s ]
INFO: [ app_init ] --END-- [ RunTime:0.001000s ]
INFO: [ app_begin ] --START--
INFO: Run Behavior\ReadHtmlCacheBehavior [ RunTime:0.000000s ]
INFO: [ app_begin ] --END-- [ RunTime:0.000000s ]
NOTIC: [8192] mysql_connect(): The mysql extension is deprecated and will be removed in the future: use mysqli or PDO instead D:\wamp\www\myCMS\ThinkPHP\Library\Think\Db\Driver\Mysql.class.php 第 52 行.
SQL: SHOW COLUMNS FROM `my_admin` [ RunTime:0.006001s ]
SQL: SELECT * FROM `my_admin` WHERE `username` = 'admin' LIMIT 1   [ RunTime:0.000000s ]
SQL: SELECT * FROM `my_admin` WHERE `username` = 'admin' LIMIT 1   [ RunTime:0.000000s ]
SQL: SHOW COLUMNS FROM `my_auth` [ RunTime:0.005000s ]
SQL: SELECT `auth` FROM `my_auth` WHERE ( id=1 ) LIMIT 1   [ RunTime:0.000000s ]
SQL: UPDATE `my_admin` SET `count`=51,`lasttime`=1449025408,`logintime`=1449104640 WHERE `username` = 'admin' [ RunTime:0.004000s ]
SQL: SHOW COLUMNS FROM `my_adminlog` [ RunTime:0.006001s ]
SQL: INSERT INTO `my_adminlog` (`ip`,`username`,`action`,`createtime`) VALUES ('0.0.0.0','admin','登录成功!',1449104640) [ RunTime:0.005000s ]

[ 2015-12-03T09:04:00+08:00 ] ::1 /myCMS/admin.php?m=Admin&c=Login&a=login
INFO: [ app_init ] --START--
INFO: Run Behavior\BuildLiteBehavior [ RunTime:0.000000s ]
INFO: [ app_init ] --END-- [ RunTime:0.001000s ]
INFO: [ app_begin ] --START--
INFO: Run Behavior\ReadHtmlCacheBehavior [ RunTime:0.000000s ]
INFO: [ app_begin ] --END-- [ RunTime:0.000000s ]

[ 2015-12-03T09:04:00+08:00 ] ::1 /myCMS/admin.php?m=Admin&c=Index&a=index
INFO: [ app_init ] --START--
INFO: Run Behavior\BuildLiteBehavior [ RunTime:0.000000s ]
INFO: [ app_init ] --END-- [ RunTime:0.001000s ]
INFO: [ app_begin ] --START--
INFO: Run Behavior\ReadHtmlCacheBehavior [ RunTime:0.000000s ]
INFO: [ app_begin ] --END-- [ RunTime:0.001000s ]
NOTIC: [8] Undefined index: logintime D:\wamp\www\myCMS\Application\Admin\Controller\BaseController.class.php 第 17 行.
NOTIC: [8192] mysql_connect(): The mysql extension is deprecated and will be removed in the future: use mysqli or PDO instead D:\wamp\www\myCMS\ThinkPHP\Library\Think\Db\Driver\Mysql.class.php 第 52 行.
SQL: SHOW COLUMNS FROM `my_menu` [ RunTime:0.004000s ]
SQL: SELECT * FROM `my_menu` WHERE `status` = 1 AND `is_left` = 1 ORDER BY sort asc,id asc  [ RunTime:0.001000s ]
INFO: [ view_parse ] --START--
INFO: [ template_filter ] --START--
INFO: Run Behavior\ContentReplaceBehavior [ RunTime:0.000000s ]
INFO: [ template_filter ] --END-- [ RunTime:0.000000s ]
INFO: Run Behavior\ParseTemplateBehavior [ RunTime:0.016001s ]
INFO: [ view_parse ] --END-- [ RunTime:0.016001s ]
INFO: [ view_filter ] --START--
INFO: Run Behavior\WriteHtmlCacheBehavior [ RunTime:0.000000s ]
INFO: [ view_filter ] --END-- [ RunTime:0.000000s ]
INFO: [ app_end ] --START--
INFO: Run Behavior\ShowPageTraceBehavior [ RunTime:0.000000s ]
INFO: [ app_end ] --END-- [ RunTime:0.001000s ]

[ 2015-12-03T09:04:00+08:00 ] ::1 /myCMS/admin.php?m=Admin&c=Index&a=welcome
INFO: [ app_init ] --START--
INFO: Run Behavior\BuildLiteBehavior [ RunTime:0.001000s ]
INFO: [ app_init ] --END-- [ RunTime:0.001000s ]
INFO: [ app_begin ] --START--
INFO: Run Behavior\ReadHtmlCacheBehavior [ RunTime:0.001000s ]
INFO: [ app_begin ] --END-- [ RunTime:0.001000s ]
NOTIC: [8] Undefined index: logintime D:\wamp\www\myCMS\Application\Admin\Controller\BaseController.class.php 第 17 行.
INFO: [ view_parse ] --START--
INFO: [ template_filter ] --START--
INFO: Run Behavior\ContentReplaceBehavior [ RunTime:0.000000s ]
INFO: [ template_filter ] --END-- [ RunTime:0.000000s ]
INFO: Run Behavior\ParseTemplateBehavior [ RunTime:0.011001s ]
INFO: [ view_parse ] --END-- [ RunTime:0.011001s ]
INFO: [ view_filter ] --START--
INFO: Run Behavior\WriteHtmlCacheBehavior [ RunTime:0.000000s ]
INFO: [ view_filter ] --END-- [ RunTime:0.000000s ]
INFO: [ app_end ] --START--
INFO: Run Behavior\ShowPageTraceBehavior [ RunTime:0.000000s ]
INFO: [ app_end ] --END-- [ RunTime:0.000000s ]

[ 2015-12-03T09:04:25+08:00 ] ::1 /myCMS/admin.php?m=Admin&c=Addons&a=index
INFO: [ app_init ] --START--
INFO: Run Behavior\BuildLiteBehavior [ RunTime:0.000000s ]
INFO: [ app_init ] --END-- [ RunTime:0.001000s ]
INFO: [ app_begin ] --START--
INFO: Run Behavior\ReadHtmlCacheBehavior [ RunTime:0.001000s ]
INFO: [ app_begin ] --END-- [ RunTime:0.001000s ]
NOTIC: [8192] mysql_connect(): The mysql extension is deprecated and will be removed in the future: use mysqli or PDO instead D:\wamp\www\myCMS\ThinkPHP\Library\Think\Db\Driver\Mysql.class.php 第 52 行.
SQL: SHOW COLUMNS FROM `my_admin` [ RunTime:0.003000s ]
SQL: SHOW COLUMNS FROM `my_addons` [ RunTime:0.010000s ]
NOTIC: [8] Undefined variable: addon_dir D:\wamp\www\myCMS\Application\Admin\Model\AddonsModel.class.php 第 11 行.
SQL: SELECT `id`,`name`,`title`,`description`,`status`,`config`,`auth`,`version`,`create_time` FROM `my_addons` WHERE `name` IN ('GuestBook','Job')  [ RunTime:0.000000s ]
INFO: [ view_parse ] --START--
INFO: [ template_filter ] --START--
INFO: Run Behavior\ContentReplaceBehavior [ RunTime:0.000000s ]
INFO: [ template_filter ] --END-- [ RunTime:0.000000s ]
NOTIC: [8] Undefined index: count D:\wamp\www\myCMS\Application\Runtime\Cache\Admin\50122fa2bddc1c4a2751081bf5f0b5dc.php 第 39 行.
INFO: Run Behavior\ParseTemplateBehavior [ RunTime:0.010000s ]
INFO: [ view_parse ] --END-- [ RunTime:0.011001s ]
INFO: [ view_filter ] --START--
INFO: Run Behavior\WriteHtmlCacheBehavior [ RunTime:0.000000s ]
INFO: [ view_filter ] --END-- [ RunTime:0.000000s ]
INFO: [ app_end ] --START--
INFO: Run Behavior\ShowPageTraceBehavior [ RunTime:0.000000s ]
INFO: [ app_end ] --END-- [ RunTime:0.000000s ]

[ 2015-12-03T09:04:31+08:00 ] ::1 /myCMS/admin.php?m=Admin&c=Addons&a=install&addon_id=10&addon_name=Job
INFO: [ app_init ] --START--
INFO: Run Behavior\BuildLiteBehavior [ RunTime:0.001001s ]
INFO: [ app_init ] --END-- [ RunTime:0.001001s ]
INFO: [ app_begin ] --START--
INFO: Run Behavior\ReadHtmlCacheBehavior [ RunTime:0.001000s ]
INFO: [ app_begin ] --END-- [ RunTime:0.001000s ]
NOTIC: [8192] mysql_connect(): The mysql extension is deprecated and will be removed in the future: use mysqli or PDO instead D:\wamp\www\myCMS\ThinkPHP\Library\Think\Db\Driver\Mysql.class.php 第 52 行.
SQL: SHOW COLUMNS FROM `my_admin` [ RunTime:0.003001s ]
SQL: DROP TABLE IF EXISTS `my_job` [ RunTime:0.001000s ]
SQL: CREATE TABLE `my_job` (

  `id` smallint(5) unsigned NOT NULL AUTO_INCREMENT,

  `nid` smallint(5) unsigned NOT NULL DEFAULT '0',

  `lang` varchar(10) NOT NULL DEFAULT 'zh-cn' COMMENT '语言',

  `title` varchar(50) NOT NULL,

  `count` smallint(4) unsigned NOT NULL DEFAULT '0',

  `place` varchar(20) NOT NULL DEFAULT '',

  `deal` varchar(20) NOT NULL DEFAULT '',

  `content` text NOT NULL,

  `lifedays` smallint(4) unsigned NOT NULL DEFAULT '0',

  `url` varchar(100) NOT NULL DEFAULT '',

  `addtime` int(10) unsigned NOT NULL DEFAULT '0',

  `edittime` int(10) unsigned NOT NULL DEFAULT '0',

  `display` tinyint(1) unsigned NOT NULL DEFAULT '1',

  `iswap` tinyint(1) unsigned NOT NULL DEFAULT '1',

  `istop` tinyint(1) unsigned NOT NULL DEFAULT '0',

  `islink` tinyint(1) unsigned NOT NULL DEFAULT '0',

  `views` mediumint(8) unsigned NOT NULL DEFAULT '0',

  PRIMARY KEY (`id`),

  KEY `list` (`nid`,`lang`,`display`,`istop`,`id`)

) ENGINE=MyISAM DEFAULT CHARSET=utf8 COMMENT='招聘表'; [ RunTime:0.003000s ]
SQL: SHOW COLUMNS FROM `my_hooks` [ RunTime:0.005000s ]
SQL: REPLACE INTO `my_hooks` (`name`,`description`,`type`,`update_time`,`addons`) VALUES ('HomeJobList','人才招聘管理钩子',1,1449104671,'Job') [ RunTime:0.003000s ]
SQL: SHOW COLUMNS FROM `my_addons` [ RunTime:0.002000s ]
SQL: INSERT INTO `my_addons` (`name`,`title`,`description`,`status`,`version`) VALUES ('Job','人才招聘管理','人才招聘管理',1,'1.0') [ RunTime:0.005001s ]
SQL: SHOW COLUMNS FROM `my_addons` [ RunTime:0.002000s ]
SQL: SELECT `config` FROM `my_addons` WHERE `name` = 'Job' AND `status` = 1 LIMIT 1   [ RunTime:0.000000s ]
NOTIC: [2] include_once(./addons/Job/config.php): failed to open stream: No such file or directory D:\wamp\www\myCMS\Application\Common\Common\common.php 第 283 行.
NOTIC: [2] include_once(): Failed opening './addons/Job/config.php' for inclusion (include_path='.;C:\php\pear') D:\wamp\www\myCMS\Application\Common\Common\common.php 第 283 行.
NOTIC: [2] Invalid argument supplied for foreach() D:\wamp\www\myCMS\Application\Common\Common\common.php 第 284 行.
SQL: UPDATE `my_addons` SET `config`='null' WHERE ( name='Job' ) [ RunTime:0.004000s ]
SQL: SHOW COLUMNS FROM `my_hooks` [ RunTime:0.002000s ]
SQL: SELECT `name` FROM `my_hooks`  [ RunTime:0.000000s ]
SQL: SELECT `addons` FROM `my_hooks` WHERE ( name='HomeJobList' ) LIMIT 1   [ RunTime:0.000000s ]
SQL: UPDATE `my_hooks` SET `addons`='Job' WHERE ( name='HomeJobList' ) [ RunTime:0.004001s ]
SQL: SELECT `addons` FROM `my_hooks` WHERE ( name='HomeJobList' ) LIMIT 1   [ RunTime:0.000000s ]
SQL: UPDATE `my_hooks` SET `addons`='Job' WHERE ( name='HomeJobList' ) [ RunTime:0.003000s ]
SQL: SELECT `addons` FROM `my_hooks` WHERE ( name='HomeJobList' ) LIMIT 1   [ RunTime:0.000000s ]
SQL: UPDATE `my_hooks` SET `addons`='Job' WHERE ( name='HomeJobList' ) [ RunTime:0.005000s ]
SQL: SELECT `addons` FROM `my_hooks` WHERE ( name='HomeJobList' ) LIMIT 1   [ RunTime:0.001000s ]
SQL: UPDATE `my_hooks` SET `addons`='Job' WHERE ( name='HomeJobList' ) [ RunTime:0.005001s ]
SQL: SELECT `addons` FROM `my_hooks` WHERE ( name='HomeJobList' ) LIMIT 1   [ RunTime:0.000000s ]
SQL: UPDATE `my_hooks` SET `addons`='Job' WHERE ( name='HomeJobList' ) [ RunTime:0.003000s ]
SQL: SELECT `addons` FROM `my_hooks` WHERE ( name='HomeJobList' ) LIMIT 1   [ RunTime:0.000000s ]
SQL: UPDATE `my_hooks` SET `addons`='Job' WHERE ( name='HomeJobList' ) [ RunTime:0.003000s ]
SQL: SELECT `addons` FROM `my_hooks` WHERE ( name='HomeJobList' ) LIMIT 1   [ RunTime:0.000000s ]
SQL: UPDATE `my_hooks` SET `addons`='Job' WHERE ( name='HomeJobList' ) [ RunTime:0.005000s ]
SQL: SELECT `addons` FROM `my_hooks` WHERE ( name='HomeJobList' ) LIMIT 1   [ RunTime:0.000000s ]
SQL: UPDATE `my_hooks` SET `addons`='Job' WHERE ( name='HomeJobList' ) [ RunTime:0.005001s ]
SQL: SELECT `addons` FROM `my_hooks` WHERE ( name='HomeJobList' ) LIMIT 1   [ RunTime:0.000000s ]
SQL: UPDATE `my_hooks` SET `addons`='Job' WHERE ( name='HomeJobList' ) [ RunTime:0.003000s ]
SQL: SELECT `addons` FROM `my_hooks` WHERE ( name='HomeJobList' ) LIMIT 1   [ RunTime:0.000000s ]
SQL: UPDATE `my_hooks` SET `addons`='Job' WHERE ( name='HomeJobList' ) [ RunTime:0.003000s ]
SQL: SELECT `addons` FROM `my_hooks` WHERE ( name='HomeJobList' ) LIMIT 1   [ RunTime:0.000000s ]
SQL: UPDATE `my_hooks` SET `addons`='Job' WHERE ( name='HomeJobList' ) [ RunTime:0.005001s ]
SQL: SELECT `addons` FROM `my_hooks` WHERE ( name='HomeJobList' ) LIMIT 1   [ RunTime:0.000000s ]
SQL: UPDATE `my_hooks` SET `addons`='Job' WHERE ( name='HomeJobList' ) [ RunTime:0.005000s ]
SQL: SELECT `addons` FROM `my_hooks` WHERE ( name='HomeJobList' ) LIMIT 1   [ RunTime:0.000000s ]
SQL: UPDATE `my_hooks` SET `addons`='Job' WHERE ( name='HomeJobList' ) [ RunTime:0.003000s ]
SQL: SELECT `addons` FROM `my_hooks` WHERE ( name='HomeJobList' ) LIMIT 1   [ RunTime:0.000000s ]
SQL: UPDATE `my_hooks` SET `addons`='Job' WHERE ( name='HomeJobList' ) [ RunTime:0.003000s ]
SQL: SELECT `addons` FROM `my_hooks` WHERE ( name='HomeJobList' ) LIMIT 1   [ RunTime:0.000000s ]
SQL: UPDATE `my_hooks` SET `addons`='Job' WHERE ( name='HomeJobList' ) [ RunTime:0.005000s ]
SQL: SELECT `addons` FROM `my_hooks` WHERE ( name='HomeJobList' ) LIMIT 1   [ RunTime:0.000000s ]
SQL: UPDATE `my_hooks` SET `addons`='Job' WHERE ( name='HomeJobList' ) [ RunTime:0.005000s ]
NOTIC: [2] unlink(./Application/Runtime/Temp/4e819c837d54a6ed09abc77a8560a66f.php): No such file or directory D:\wamp\www\myCMS\ThinkPHP\Library\Think\Cache\Driver\File.class.php 第 157 行.
INFO: [ view_parse ] --START--
INFO: [ template_filter ] --START--
INFO: Run Behavior\ContentReplaceBehavior [ RunTime:0.000000s ]
INFO: [ template_filter ] --END-- [ RunTime:0.000000s ]
INFO: Run Behavior\ParseTemplateBehavior [ RunTime:0.005001s ]
INFO: [ view_parse ] --END-- [ RunTime:0.005001s ]
INFO: [ view_filter ] --START--
INFO: Run Behavior\WriteHtmlCacheBehavior [ RunTime:0.000000s ]
INFO: [ view_filter ] --END-- [ RunTime:0.000000s ]
INFO: [ app_end ] --START--
INFO: Run Behavior\ShowPageTraceBehavior [ RunTime:0.000000s ]
INFO: [ app_end ] --END-- [ RunTime:0.000000s ]

[ 2015-12-03T09:04:32+08:00 ] ::1 /myCMS/admin.php?m=Admin&c=Addons&a=index
INFO: [ app_init ] --START--
INFO: Run Behavior\BuildLiteBehavior [ RunTime:0.000000s ]
INFO: [ app_init ] --END-- [ RunTime:0.001000s ]
INFO: [ app_begin ] --START--
INFO: Run Behavior\ReadHtmlCacheBehavior [ RunTime:0.000000s ]
INFO: [ app_begin ] --END-- [ RunTime:0.000000s ]
NOTIC: [8192] mysql_connect(): The mysql extension is deprecated and will be removed in the future: use mysqli or PDO instead D:\wamp\www\myCMS\ThinkPHP\Library\Think\Db\Driver\Mysql.class.php 第 52 行.
SQL: SHOW COLUMNS FROM `my_admin` [ RunTime:0.002000s ]
SQL: SHOW COLUMNS FROM `my_addons` [ RunTime:0.004000s ]
NOTIC: [8] Undefined variable: addon_dir D:\wamp\www\myCMS\Application\Admin\Model\AddonsModel.class.php 第 11 行.
SQL: SELECT `id`,`name`,`title`,`description`,`status`,`config`,`auth`,`version`,`create_time` FROM `my_addons` WHERE `name` IN ('GuestBook','Job')  [ RunTime:0.001000s ]
INFO: [ view_parse ] --START--
INFO: [ template_filter ] --START--
INFO: Run Behavior\ContentReplaceBehavior [ RunTime:0.001000s ]
INFO: [ template_filter ] --END-- [ RunTime:0.001000s ]
NOTIC: [8] Undefined index: count D:\wamp\www\myCMS\Application\Runtime\Cache\Admin\50122fa2bddc1c4a2751081bf5f0b5dc.php 第 39 行.
INFO: Run Behavior\ParseTemplateBehavior [ RunTime:0.011001s ]
INFO: [ view_parse ] --END-- [ RunTime:0.011001s ]
INFO: [ view_filter ] --START--
INFO: Run Behavior\WriteHtmlCacheBehavior [ RunTime:0.001000s ]
INFO: [ view_filter ] --END-- [ RunTime:0.001000s ]
INFO: [ app_end ] --START--
INFO: Run Behavior\ShowPageTraceBehavior [ RunTime:0.001000s ]
INFO: [ app_end ] --END-- [ RunTime:0.001000s ]

[ 2015-12-03T09:04:36+08:00 ] ::1 /myCMS/admin.php?m=Admin&c=Addons&a=index
INFO: [ app_init ] --START--
INFO: Run Behavior\BuildLiteBehavior [ RunTime:0.000000s ]
INFO: [ app_init ] --END-- [ RunTime:0.001000s ]
INFO: [ app_begin ] --START--
INFO: Run Behavior\ReadHtmlCacheBehavior [ RunTime:0.001001s ]
INFO: [ app_begin ] --END-- [ RunTime:0.001001s ]
NOTIC: [8192] mysql_connect(): The mysql extension is deprecated and will be removed in the future: use mysqli or PDO instead D:\wamp\www\myCMS\ThinkPHP\Library\Think\Db\Driver\Mysql.class.php 第 52 行.
SQL: SHOW COLUMNS FROM `my_admin` [ RunTime:0.003000s ]
SQL: SHOW COLUMNS FROM `my_addons` [ RunTime:0.002000s ]
NOTIC: [8] Undefined variable: addon_dir D:\wamp\www\myCMS\Application\Admin\Model\AddonsModel.class.php 第 11 行.
SQL: SELECT `id`,`name`,`title`,`description`,`status`,`config`,`auth`,`version`,`create_time` FROM `my_addons` WHERE `name` IN ('GuestBook','Job')  [ RunTime:0.000000s ]
INFO: [ view_parse ] --START--
INFO: [ template_filter ] --START--
INFO: Run Behavior\ContentReplaceBehavior [ RunTime:0.000000s ]
INFO: [ template_filter ] --END-- [ RunTime:0.000000s ]
NOTIC: [8] Undefined index: count D:\wamp\www\myCMS\Application\Runtime\Cache\Admin\50122fa2bddc1c4a2751081bf5f0b5dc.php 第 39 行.
INFO: Run Behavior\ParseTemplateBehavior [ RunTime:0.011001s ]
INFO: [ view_parse ] --END-- [ RunTime:0.011001s ]
INFO: [ view_filter ] --START--
INFO: Run Behavior\WriteHtmlCacheBehavior [ RunTime:0.000000s ]
INFO: [ view_filter ] --END-- [ RunTime:0.000000s ]
INFO: [ app_end ] --START--
INFO: Run Behavior\ShowPageTraceBehavior [ RunTime:0.000000s ]
INFO: [ app_end ] --END-- [ RunTime:0.001000s ]

[ 2015-12-03T09:43:13+08:00 ] ::1 /myCMS/admin.php?m=Admin&c=Addons&a=index
INFO: [ app_init ] --START--
INFO: Run Behavior\BuildLiteBehavior [ RunTime:0.000000s ]
INFO: [ app_init ] --END-- [ RunTime:0.001000s ]
INFO: [ app_begin ] --START--
INFO: Run Behavior\ReadHtmlCacheBehavior [ RunTime:0.001000s ]
INFO: [ app_begin ] --END-- [ RunTime:0.001000s ]
NOTIC: [8192] mysql_connect(): The mysql extension is deprecated and will be removed in the future: use mysqli or PDO instead D:\wamp\www\myCMS\ThinkPHP\Library\Think\Db\Driver\Mysql.class.php 第 52 行.
SQL: SHOW COLUMNS FROM `my_admin` [ RunTime:0.002000s ]
SQL: SHOW COLUMNS FROM `my_addons` [ RunTime:0.003001s ]
NOTIC: [8] Undefined variable: addon_dir D:\wamp\www\myCMS\Application\Admin\Model\AddonsModel.class.php 第 11 行.
SQL: SELECT `id`,`name`,`title`,`description`,`status`,`config`,`auth`,`version`,`create_time` FROM `my_addons` WHERE `name` IN ('GuestBook','Job')  [ RunTime:0.000000s ]
INFO: [ view_parse ] --START--
INFO: [ template_filter ] --START--
INFO: Run Behavior\ContentReplaceBehavior [ RunTime:0.000000s ]
INFO: [ template_filter ] --END-- [ RunTime:0.000000s ]
NOTIC: [8] Undefined index: count D:\wamp\www\myCMS\Application\Runtime\Cache\Admin\50122fa2bddc1c4a2751081bf5f0b5dc.php 第 39 行.
INFO: Run Behavior\ParseTemplateBehavior [ RunTime:0.013000s ]
INFO: [ view_parse ] --END-- [ RunTime:0.013000s ]
INFO: [ view_filter ] --START--
INFO: Run Behavior\WriteHtmlCacheBehavior [ RunTime:0.000000s ]
INFO: [ view_filter ] --END-- [ RunTime:0.000000s ]
INFO: [ app_end ] --START--
INFO: Run Behavior\ShowPageTraceBehavior [ RunTime:0.001000s ]
INFO: [ app_end ] --END-- [ RunTime:0.001000s ]

[ 2015-12-03T09:43:16+08:00 ] ::1 /myCMS/admin.php?m=Admin&c=Addons&a=uninstall&addon_id=2&addon_name=Job
INFO: [ app_init ] --START--
INFO: Run Behavior\BuildLiteBehavior [ RunTime:0.000000s ]
INFO: [ app_init ] --END-- [ RunTime:0.001000s ]
INFO: [ app_begin ] --START--
INFO: Run Behavior\ReadHtmlCacheBehavior [ RunTime:0.002000s ]
INFO: [ app_begin ] --END-- [ RunTime:0.002000s ]
NOTIC: [8192] mysql_connect(): The mysql extension is deprecated and will be removed in the future: use mysqli or PDO instead D:\wamp\www\myCMS\ThinkPHP\Library\Think\Db\Driver\Mysql.class.php 第 52 行.
SQL: SHOW COLUMNS FROM `my_admin` [ RunTime:0.002000s ]
SQL: DROP TABLE IF EXISTS `my_job`; [ RunTime:0.001000s ]
SQL: SHOW COLUMNS FROM `my_hooks` [ RunTime:0.002000s ]
SQL: DELETE FROM `my_hooks` WHERE `name` IN ('HomeJobList') [ RunTime:0.003001s ]
SQL: SHOW COLUMNS FROM `my_addons` [ RunTime:0.002000s ]
SQL: DELETE FROM `my_addons` WHERE `id` = 2 [ RunTime:0.005000s ]
NOTIC: [2] unlink(./Application/Runtime/Temp/4e819c837d54a6ed09abc77a8560a66f.php): No such file or directory D:\wamp\www\myCMS\ThinkPHP\Library\Think\Cache\Driver\File.class.php 第 157 行.
SQL: SHOW COLUMNS FROM `my_hooks` [ RunTime:0.003000s ]
SQL: DELETE FROM `my_hooks` WHERE ( name=Job ) [ RunTime:0.000000s ]
ERR: 1054:Unknown column 'Job' in 'where clause'
 [ SQL语句 ] : DELETE FROM `my_hooks` WHERE ( name=Job )
INFO: [ app_end ] --START--
INFO: Run Behavior\ShowPageTraceBehavior [ RunTime:0.001000s ]
INFO: [ app_end ] --END-- [ RunTime:0.001000s ]

[ 2015-12-03T09:43:19+08:00 ] ::1 /myCMS/admin.php?m=Admin&c=Addons&a=uninstall&addon_id=2&addon_name=Job
INFO: [ app_init ] --START--
INFO: Run Behavior\BuildLiteBehavior [ RunTime:0.000000s ]
INFO: [ app_init ] --END-- [ RunTime:0.001000s ]
INFO: [ app_begin ] --START--
INFO: Run Behavior\ReadHtmlCacheBehavior [ RunTime:0.001000s ]
INFO: [ app_begin ] --END-- [ RunTime:0.001000s ]
NOTIC: [8192] mysql_connect(): The mysql extension is deprecated and will be removed in the future: use mysqli or PDO instead D:\wamp\www\myCMS\ThinkPHP\Library\Think\Db\Driver\Mysql.class.php 第 52 行.
SQL: SHOW COLUMNS FROM `my_admin` [ RunTime:0.003000s ]
SQL: DROP TABLE IF EXISTS `my_job`; [ RunTime:0.001000s ]
SQL: SHOW COLUMNS FROM `my_hooks` [ RunTime:0.002000s ]
SQL: DELETE FROM `my_hooks` WHERE `name` IN ('HomeJobList') [ RunTime:0.000000s ]
INFO: [ view_parse ] --START--
INFO: [ template_filter ] --START--
INFO: Run Behavior\ContentReplaceBehavior [ RunTime:0.000000s ]
INFO: [ template_filter ] --END-- [ RunTime:0.000000s ]
INFO: Run Behavior\ParseTemplateBehavior [ RunTime:0.008001s ]
INFO: [ view_parse ] --END-- [ RunTime:0.009001s ]
INFO: [ view_filter ] --START--
INFO: Run Behavior\WriteHtmlCacheBehavior [ RunTime:0.000000s ]
INFO: [ view_filter ] --END-- [ RunTime:0.000000s ]

[ 2015-12-03T09:43:48+08:00 ] ::1 /myCMS/admin.php?m=Admin&c=Addons&a=index
INFO: [ app_init ] --START--
INFO: Run Behavior\BuildLiteBehavior [ RunTime:0.000000s ]
INFO: [ app_init ] --END-- [ RunTime:0.001000s ]
INFO: [ app_begin ] --START--
INFO: Run Behavior\ReadHtmlCacheBehavior [ RunTime:0.000000s ]
INFO: [ app_begin ] --END-- [ RunTime:0.000000s ]
NOTIC: [8192] mysql_connect(): The mysql extension is deprecated and will be removed in the future: use mysqli or PDO instead D:\wamp\www\myCMS\ThinkPHP\Library\Think\Db\Driver\Mysql.class.php 第 52 行.
SQL: SHOW COLUMNS FROM `my_admin` [ RunTime:0.002000s ]
SQL: SHOW COLUMNS FROM `my_addons` [ RunTime:0.002000s ]
NOTIC: [8] Undefined variable: addon_dir D:\wamp\www\myCMS\Application\Admin\Model\AddonsModel.class.php 第 11 行.
SQL: SELECT `id`,`name`,`title`,`description`,`status`,`config`,`auth`,`version`,`create_time` FROM `my_addons` WHERE `name` IN ('GuestBook','Job')  [ RunTime:0.000000s ]
NOTIC: [8] Undefined index: status D:\wamp\www\myCMS\Application\Admin\Model\AddonsModel.class.php 第 51 行.
INFO: [ view_parse ] --START--
INFO: [ template_filter ] --START--
INFO: Run Behavior\ContentReplaceBehavior [ RunTime:0.000000s ]
INFO: [ template_filter ] --END-- [ RunTime:0.000000s ]
NOTIC: [8] Undefined index: count D:\wamp\www\myCMS\Application\Runtime\Cache\Admin\50122fa2bddc1c4a2751081bf5f0b5dc.php 第 39 行.
NOTIC: [8] Undefined index: auth D:\wamp\www\myCMS\Application\Runtime\Cache\Admin\50122fa2bddc1c4a2751081bf5f0b5dc.php 第 61 行.
NOTIC: [8] Undefined index: id D:\wamp\www\myCMS\Application\Runtime\Cache\Admin\50122fa2bddc1c4a2751081bf5f0b5dc.php 第 66 行.
INFO: Run Behavior\ParseTemplateBehavior [ RunTime:0.015001s ]
INFO: [ view_parse ] --END-- [ RunTime:0.015001s ]
INFO: [ view_filter ] --START--
INFO: Run Behavior\WriteHtmlCacheBehavior [ RunTime:0.001000s ]
INFO: [ view_filter ] --END-- [ RunTime:0.001000s ]
INFO: [ app_end ] --START--
INFO: Run Behavior\ShowPageTraceBehavior [ RunTime:0.001000s ]
INFO: [ app_end ] --END-- [ RunTime:0.001000s ]

[ 2015-12-03T09:44:19+08:00 ] ::1 /myCMS/admin.php?m=Admin&c=Addons&a=index
INFO: [ app_init ] --START--
INFO: Run Behavior\BuildLiteBehavior [ RunTime:0.000000s ]
INFO: [ app_init ] --END-- [ RunTime:0.000000s ]
INFO: [ app_begin ] --START--
INFO: Run Behavior\ReadHtmlCacheBehavior [ RunTime:0.001000s ]
INFO: [ app_begin ] --END-- [ RunTime:0.001000s ]
NOTIC: [8192] mysql_connect(): The mysql extension is deprecated and will be removed in the future: use mysqli or PDO instead D:\wamp\www\myCMS\ThinkPHP\Library\Think\Db\Driver\Mysql.class.php 第 52 行.
SQL: SHOW COLUMNS FROM `my_admin` [ RunTime:0.003001s ]
SQL: SHOW COLUMNS FROM `my_addons` [ RunTime:0.002000s ]
NOTIC: [8] Undefined variable: addon_dir D:\wamp\www\myCMS\Application\Admin\Model\AddonsModel.class.php 第 11 行.
SQL: SELECT `id`,`name`,`title`,`description`,`status`,`config`,`auth`,`version`,`create_time` FROM `my_addons` WHERE `name` IN ('GuestBook','Job')  [ RunTime:0.001000s ]
NOTIC: [8] Undefined index: status D:\wamp\www\myCMS\Application\Admin\Model\AddonsModel.class.php 第 51 行.
INFO: [ view_parse ] --START--
INFO: [ template_filter ] --START--
INFO: Run Behavior\ContentReplaceBehavior [ RunTime:0.000000s ]
INFO: [ template_filter ] --END-- [ RunTime:0.000000s ]
NOTIC: [8] Undefined index: count D:\wamp\www\myCMS\Application\Runtime\Cache\Admin\50122fa2bddc1c4a2751081bf5f0b5dc.php 第 39 行.
NOTIC: [8] Undefined index: auth D:\wamp\www\myCMS\Application\Runtime\Cache\Admin\50122fa2bddc1c4a2751081bf5f0b5dc.php 第 61 行.
NOTIC: [8] Undefined index: id D:\wamp\www\myCMS\Application\Runtime\Cache\Admin\50122fa2bddc1c4a2751081bf5f0b5dc.php 第 66 行.
INFO: Run Behavior\ParseTemplateBehavior [ RunTime:0.012001s ]
INFO: [ view_parse ] --END-- [ RunTime:0.012001s ]
INFO: [ view_filter ] --START--
INFO: Run Behavior\WriteHtmlCacheBehavior [ RunTime:0.000000s ]
INFO: [ view_filter ] --END-- [ RunTime:0.000000s ]
INFO: [ app_end ] --START--
INFO: Run Behavior\ShowPageTraceBehavior [ RunTime:0.001000s ]
INFO: [ app_end ] --END-- [ RunTime:0.001000s ]

[ 2015-12-03T09:44:42+08:00 ] ::1 /myCMS/admin.php?m=Admin&c=Addons&a=index
INFO: [ app_init ] --START--
INFO: Run Behavior\BuildLiteBehavior [ RunTime:0.000000s ]
INFO: [ app_init ] --END-- [ RunTime:0.001000s ]
INFO: [ app_begin ] --START--
INFO: Run Behavior\ReadHtmlCacheBehavior [ RunTime:0.001000s ]
INFO: [ app_begin ] --END-- [ RunTime:0.001000s ]
NOTIC: [8192] mysql_connect(): The mysql extension is deprecated and will be removed in the future: use mysqli or PDO instead D:\wamp\www\myCMS\ThinkPHP\Library\Think\Db\Driver\Mysql.class.php 第 52 行.
SQL: SHOW COLUMNS FROM `my_admin` [ RunTime:0.005001s ]
SQL: SHOW COLUMNS FROM `my_addons` [ RunTime:0.003000s ]
NOTIC: [8] Undefined variable: addon_dir D:\wamp\www\myCMS\Application\Admin\Model\AddonsModel.class.php 第 11 行.
SQL: SELECT `id`,`name`,`title`,`description`,`status`,`config`,`auth`,`version`,`create_time` FROM `my_addons` WHERE `name` IN ('GuestBook','Job')  [ RunTime:0.001000s ]
NOTIC: [8] Undefined index: status D:\wamp\www\myCMS\Application\Admin\Model\AddonsModel.class.php 第 51 行.
INFO: [ view_parse ] --START--
INFO: [ template_filter ] --START--
INFO: Run Behavior\ContentReplaceBehavior [ RunTime:0.000000s ]
INFO: [ template_filter ] --END-- [ RunTime:0.000000s ]
NOTIC: [8] Undefined index: count D:\wamp\www\myCMS\Application\Runtime\Cache\Admin\50122fa2bddc1c4a2751081bf5f0b5dc.php 第 39 行.
NOTIC: [8] Undefined index: auth D:\wamp\www\myCMS\Application\Runtime\Cache\Admin\50122fa2bddc1c4a2751081bf5f0b5dc.php 第 61 行.
NOTIC: [8] Undefined index: id D:\wamp\www\myCMS\Application\Runtime\Cache\Admin\50122fa2bddc1c4a2751081bf5f0b5dc.php 第 66 行.
INFO: Run Behavior\ParseTemplateBehavior [ RunTime:0.016001s ]
INFO: [ view_parse ] --END-- [ RunTime:0.016001s ]
INFO: [ view_filter ] --START--
INFO: Run Behavior\WriteHtmlCacheBehavior [ RunTime:0.000000s ]
INFO: [ view_filter ] --END-- [ RunTime:0.000000s ]
INFO: [ app_end ] --START--
INFO: Run Behavior\ShowPageTraceBehavior [ RunTime:0.001000s ]
INFO: [ app_end ] --END-- [ RunTime:0.001000s ]

[ 2015-12-03T09:44:59+08:00 ] ::1 /myCMS/admin.php?m=Admin&c=Addons&a=index
INFO: [ app_init ] --START--
INFO: Run Behavior\BuildLiteBehavior [ RunTime:0.000000s ]
INFO: [ app_init ] --END-- [ RunTime:0.001000s ]
INFO: [ app_begin ] --START--
INFO: Run Behavior\ReadHtmlCacheBehavior [ RunTime:0.001000s ]
INFO: [ app_begin ] --END-- [ RunTime:0.001000s ]
NOTIC: [8192] mysql_connect(): The mysql extension is deprecated and will be removed in the future: use mysqli or PDO instead D:\wamp\www\myCMS\ThinkPHP\Library\Think\Db\Driver\Mysql.class.php 第 52 行.
SQL: SHOW COLUMNS FROM `my_admin` [ RunTime:0.002001s ]
SQL: SHOW COLUMNS FROM `my_addons` [ RunTime:0.002000s ]
NOTIC: [8] Undefined variable: addon_dir D:\wamp\www\myCMS\Application\Admin\Model\AddonsModel.class.php 第 11 行.
SQL: SELECT `id`,`name`,`title`,`description`,`status`,`config`,`auth`,`version`,`create_time` FROM `my_addons` WHERE `name` IN ('GuestBook','Job')  [ RunTime:0.000000s ]
NOTIC: [8] Undefined index: status D:\wamp\www\myCMS\Application\Admin\Model\AddonsModel.class.php 第 51 行.
INFO: [ view_parse ] --START--
INFO: [ template_filter ] --START--
INFO: Run Behavior\ContentReplaceBehavior [ RunTime:0.000000s ]
INFO: [ template_filter ] --END-- [ RunTime:0.000000s ]
NOTIC: [8] Undefined index: count D:\wamp\www\myCMS\Application\Runtime\Cache\Admin\50122fa2bddc1c4a2751081bf5f0b5dc.php 第 39 行.
NOTIC: [8] Undefined index: auth D:\wamp\www\myCMS\Application\Runtime\Cache\Admin\50122fa2bddc1c4a2751081bf5f0b5dc.php 第 61 行.
NOTIC: [8] Undefined index: id D:\wamp\www\myCMS\Application\Runtime\Cache\Admin\50122fa2bddc1c4a2751081bf5f0b5dc.php 第 66 行.
INFO: Run Behavior\ParseTemplateBehavior [ RunTime:0.011000s ]
INFO: [ view_parse ] --END-- [ RunTime:0.011000s ]
INFO: [ view_filter ] --START--
INFO: Run Behavior\WriteHtmlCacheBehavior [ RunTime:0.001001s ]
INFO: [ view_filter ] --END-- [ RunTime:0.001001s ]
INFO: [ app_end ] --START--
INFO: Run Behavior\ShowPageTraceBehavior [ RunTime:0.000000s ]
INFO: [ app_end ] --END-- [ RunTime:0.001000s ]

[ 2015-12-03T09:45:06+08:00 ] ::1 /myCMS/admin.php?m=Admin&c=Addons&a=index
INFO: [ app_init ] --START--
INFO: Run Behavior\BuildLiteBehavior [ RunTime:0.000000s ]
INFO: [ app_init ] --END-- [ RunTime:0.000000s ]
INFO: [ app_begin ] --START--
INFO: Run Behavior\ReadHtmlCacheBehavior [ RunTime:0.001000s ]
INFO: [ app_begin ] --END-- [ RunTime:0.001000s ]
NOTIC: [8192] mysql_connect(): The mysql extension is deprecated and will be removed in the future: use mysqli or PDO instead D:\wamp\www\myCMS\ThinkPHP\Library\Think\Db\Driver\Mysql.class.php 第 52 行.
SQL: SHOW COLUMNS FROM `my_admin` [ RunTime:0.002000s ]
SQL: SHOW COLUMNS FROM `my_addons` [ RunTime:0.004000s ]
NOTIC: [8] Undefined variable: addon_dir D:\wamp\www\myCMS\Application\Admin\Model\AddonsModel.class.php 第 11 行.
SQL: SELECT `id`,`name`,`title`,`description`,`status`,`config`,`auth`,`version`,`create_time` FROM `my_addons` WHERE `name` IN ('GuestBook','Job')  [ RunTime:0.001000s ]
NOTIC: [8] Undefined index: status D:\wamp\www\myCMS\Application\Admin\Model\AddonsModel.class.php 第 51 行.
INFO: [ view_parse ] --START--
INFO: [ template_filter ] --START--
INFO: Run Behavior\ContentReplaceBehavior [ RunTime:0.000000s ]
INFO: [ template_filter ] --END-- [ RunTime:0.000000s ]
NOTIC: [8] Undefined index: count D:\wamp\www\myCMS\Application\Runtime\Cache\Admin\50122fa2bddc1c4a2751081bf5f0b5dc.php 第 39 行.
NOTIC: [8] Undefined index: auth D:\wamp\www\myCMS\Application\Runtime\Cache\Admin\50122fa2bddc1c4a2751081bf5f0b5dc.php 第 61 行.
NOTIC: [8] Undefined index: id D:\wamp\www\myCMS\Application\Runtime\Cache\Admin\50122fa2bddc1c4a2751081bf5f0b5dc.php 第 66 行.
INFO: Run Behavior\ParseTemplateBehavior [ RunTime:0.010001s ]
INFO: [ view_parse ] --END-- [ RunTime:0.010001s ]
INFO: [ view_filter ] --START--
INFO: Run Behavior\WriteHtmlCacheBehavior [ RunTime:0.001000s ]
INFO: [ view_filter ] --END-- [ RunTime:0.001000s ]
INFO: [ app_end ] --START--
INFO: Run Behavior\ShowPageTraceBehavior [ RunTime:0.001000s ]
INFO: [ app_end ] --END-- [ RunTime:0.001000s ]

[ 2015-12-03T09:45:38+08:00 ] ::1 /myCMS/admin.php?m=Admin&c=Addons&a=index
INFO: [ app_init ] --START--
INFO: Run Behavior\BuildLiteBehavior [ RunTime:0.000000s ]
INFO: [ app_init ] --END-- [ RunTime:0.001000s ]
INFO: [ app_begin ] --START--
INFO: Run Behavior\ReadHtmlCacheBehavior [ RunTime:0.001000s ]
INFO: [ app_begin ] --END-- [ RunTime:0.001000s ]
NOTIC: [8192] mysql_connect(): The mysql extension is deprecated and will be removed in the future: use mysqli or PDO instead D:\wamp\www\myCMS\ThinkPHP\Library\Think\Db\Driver\Mysql.class.php 第 52 行.
SQL: SHOW COLUMNS FROM `my_admin` [ RunTime:0.003000s ]
SQL: SHOW COLUMNS FROM `my_addons` [ RunTime:0.003000s ]
NOTIC: [8] Undefined variable: addon_dir D:\wamp\www\myCMS\Application\Admin\Model\AddonsModel.class.php 第 11 行.
SQL: SELECT `id`,`name`,`title`,`description`,`status`,`config`,`auth`,`version`,`create_time` FROM `my_addons` WHERE `name` IN ('GuestBook','Job')  [ RunTime:0.000000s ]
NOTIC: [8] Undefined index: status D:\wamp\www\myCMS\Application\Admin\Model\AddonsModel.class.php 第 51 行.
INFO: [ view_parse ] --START--
INFO: [ template_filter ] --START--
INFO: Run Behavior\ContentReplaceBehavior [ RunTime:0.000000s ]
INFO: [ template_filter ] --END-- [ RunTime:0.000000s ]
NOTIC: [8] Undefined index: count D:\wamp\www\myCMS\Application\Runtime\Cache\Admin\50122fa2bddc1c4a2751081bf5f0b5dc.php 第 39 行.
NOTIC: [8] Undefined index: auth D:\wamp\www\myCMS\Application\Runtime\Cache\Admin\50122fa2bddc1c4a2751081bf5f0b5dc.php 第 61 行.
NOTIC: [8] Undefined index: id D:\wamp\www\myCMS\Application\Runtime\Cache\Admin\50122fa2bddc1c4a2751081bf5f0b5dc.php 第 66 行.
INFO: Run Behavior\ParseTemplateBehavior [ RunTime:0.018001s ]
INFO: [ view_parse ] --END-- [ RunTime:0.018001s ]
INFO: [ view_filter ] --START--
INFO: Run Behavior\WriteHtmlCacheBehavior [ RunTime:0.000000s ]
INFO: [ view_filter ] --END-- [ RunTime:0.001000s ]
INFO: [ app_end ] --START--
INFO: Run Behavior\ShowPageTraceBehavior [ RunTime:0.001000s ]
INFO: [ app_end ] --END-- [ RunTime:0.001000s ]

[ 2015-12-03T09:59:47+08:00 ] ::1 /myCMS/admin.php?m=Admin&c=Addons&a=index
INFO: [ app_init ] --START--
INFO: Run Behavior\BuildLiteBehavior [ RunTime:0.000000s ]
INFO: [ app_init ] --END-- [ RunTime:0.001000s ]
INFO: [ app_begin ] --START--
INFO: Run Behavior\ReadHtmlCacheBehavior [ RunTime:0.001000s ]
INFO: [ app_begin ] --END-- [ RunTime:0.001000s ]
NOTIC: [8192] mysql_connect(): The mysql extension is deprecated and will be removed in the future: use mysqli or PDO instead D:\wamp\www\myCMS\ThinkPHP\Library\Think\Db\Driver\Mysql.class.php 第 52 行.
SQL: SHOW COLUMNS FROM `my_admin` [ RunTime:0.003000s ]
SQL: SHOW COLUMNS FROM `my_addons` [ RunTime:0.003000s ]
NOTIC: [8] Undefined variable: addon_dir D:\wamp\www\myCMS\Application\Admin\Model\AddonsModel.class.php 第 11 行.
SQL: SELECT `id`,`name`,`title`,`description`,`status`,`config`,`auth`,`version`,`create_time` FROM `my_addons` WHERE `name` IN ('GuestBook','Job')  [ RunTime:0.000000s ]
NOTIC: [8] Undefined index: status D:\wamp\www\myCMS\Application\Admin\Model\AddonsModel.class.php 第 51 行.
INFO: [ view_parse ] --START--
INFO: [ template_filter ] --START--
INFO: Run Behavior\ContentReplaceBehavior [ RunTime:0.001000s ]
INFO: [ template_filter ] --END-- [ RunTime:0.001000s ]
NOTIC: [8] Undefined index: count D:\wamp\www\myCMS\Application\Runtime\Cache\Admin\50122fa2bddc1c4a2751081bf5f0b5dc.php 第 39 行.
NOTIC: [8] Undefined index: auth D:\wamp\www\myCMS\Application\Runtime\Cache\Admin\50122fa2bddc1c4a2751081bf5f0b5dc.php 第 61 行.
NOTIC: [8] Undefined index: id D:\wamp\www\myCMS\Application\Runtime\Cache\Admin\50122fa2bddc1c4a2751081bf5f0b5dc.php 第 66 行.
INFO: Run Behavior\ParseTemplateBehavior [ RunTime:0.009001s ]
INFO: [ view_parse ] --END-- [ RunTime:0.009001s ]
INFO: [ view_filter ] --START--
INFO: Run Behavior\WriteHtmlCacheBehavior [ RunTime:0.001000s ]
INFO: [ view_filter ] --END-- [ RunTime:0.001000s ]
INFO: [ app_end ] --START--
INFO: Run Behavior\ShowPageTraceBehavior [ RunTime:0.001000s ]
INFO: [ app_end ] --END-- [ RunTime:0.001000s ]

[ 2015-12-03T10:00:06+08:00 ] ::1 /myCMS/admin.php?m=Admin&c=Addons&a=index
INFO: [ app_init ] --START--
INFO: Run Behavior\BuildLiteBehavior [ RunTime:0.000000s ]
INFO: [ app_init ] --END-- [ RunTime:0.000000s ]
INFO: [ app_begin ] --START--
INFO: Run Behavior\ReadHtmlCacheBehavior [ RunTime:0.001000s ]
INFO: [ app_begin ] --END-- [ RunTime:0.001000s ]
NOTIC: [8192] mysql_connect(): The mysql extension is deprecated and will be removed in the future: use mysqli or PDO instead D:\wamp\www\myCMS\ThinkPHP\Library\Think\Db\Driver\Mysql.class.php 第 52 行.
SQL: SHOW COLUMNS FROM `my_admin` [ RunTime:0.002000s ]
SQL: SHOW COLUMNS FROM `my_addons` [ RunTime:0.002000s ]
NOTIC: [8] Undefined variable: addon_dir D:\wamp\www\myCMS\Application\Admin\Model\AddonsModel.class.php 第 11 行.
SQL: SELECT `id`,`name`,`title`,`description`,`status`,`config`,`auth`,`version`,`create_time` FROM `my_addons` WHERE `name` IN ('GuestBook','Job')  [ RunTime:0.000000s ]
NOTIC: [8] Undefined index: status D:\wamp\www\myCMS\Application\Admin\Model\AddonsModel.class.php 第 51 行.
INFO: [ view_parse ] --START--
INFO: [ template_filter ] --START--
INFO: Run Behavior\ContentReplaceBehavior [ RunTime:0.000000s ]
INFO: [ template_filter ] --END-- [ RunTime:0.000000s ]
NOTIC: [8] Undefined index: count D:\wamp\www\myCMS\Application\Runtime\Cache\Admin\50122fa2bddc1c4a2751081bf5f0b5dc.php 第 39 行.
NOTIC: [8] Undefined index: auth D:\wamp\www\myCMS\Application\Runtime\Cache\Admin\50122fa2bddc1c4a2751081bf5f0b5dc.php 第 61 行.
NOTIC: [8] Undefined index: id D:\wamp\www\myCMS\Application\Runtime\Cache\Admin\50122fa2bddc1c4a2751081bf5f0b5dc.php 第 66 行.
INFO: Run Behavior\ParseTemplateBehavior [ RunTime:0.011001s ]
INFO: [ view_parse ] --END-- [ RunTime:0.011001s ]
INFO: [ view_filter ] --START--
INFO: Run Behavior\WriteHtmlCacheBehavior [ RunTime:0.001000s ]
INFO: [ view_filter ] --END-- [ RunTime:0.001000s ]
INFO: [ app_end ] --START--
INFO: Run Behavior\ShowPageTraceBehavior [ RunTime:0.001000s ]
INFO: [ app_end ] --END-- [ RunTime:0.001000s ]

[ 2015-12-03T10:12:46+08:00 ] ::1 /myCMS/admin.php?m=Admin&c=Addons&a=index
INFO: [ app_init ] --START--
INFO: Run Behavior\BuildLiteBehavior [ RunTime:0.000000s ]
INFO: [ app_init ] --END-- [ RunTime:0.001000s ]
INFO: [ app_begin ] --START--
INFO: Run Behavior\ReadHtmlCacheBehavior [ RunTime:0.001000s ]
INFO: [ app_begin ] --END-- [ RunTime:0.001000s ]
NOTIC: [8192] mysql_connect(): The mysql extension is deprecated and will be removed in the future: use mysqli or PDO instead D:\wamp\www\myCMS\ThinkPHP\Library\Think\Db\Driver\Mysql.class.php 第 52 行.
SQL: SHOW COLUMNS FROM `my_admin` [ RunTime:0.003000s ]
SQL: SHOW COLUMNS FROM `my_addons` [ RunTime:0.002000s ]
NOTIC: [8] Undefined variable: addon_dir D:\wamp\www\myCMS\Application\Admin\Model\AddonsModel.class.php 第 11 行.
SQL: SELECT `id`,`name`,`title`,`description`,`status`,`config`,`auth`,`version`,`create_time` FROM `my_addons` WHERE `name` IN ('GuestBook','Job')  [ RunTime:0.000000s ]
NOTIC: [8] Undefined index: status D:\wamp\www\myCMS\Application\Admin\Model\AddonsModel.class.php 第 51 行.
INFO: [ view_parse ] --START--
INFO: [ template_filter ] --START--
INFO: Run Behavior\ContentReplaceBehavior [ RunTime:0.000000s ]
INFO: [ template_filter ] --END-- [ RunTime:0.000000s ]
NOTIC: [8] Undefined index: count D:\wamp\www\myCMS\Application\Runtime\Cache\Admin\50122fa2bddc1c4a2751081bf5f0b5dc.php 第 39 行.
NOTIC: [8] Undefined index: auth D:\wamp\www\myCMS\Application\Runtime\Cache\Admin\50122fa2bddc1c4a2751081bf5f0b5dc.php 第 61 行.
NOTIC: [8] Undefined index: id D:\wamp\www\myCMS\Application\Runtime\Cache\Admin\50122fa2bddc1c4a2751081bf5f0b5dc.php 第 66 行.
INFO: Run Behavior\ParseTemplateBehavior [ RunTime:0.009000s ]
INFO: [ view_parse ] --END-- [ RunTime:0.010000s ]
INFO: [ view_filter ] --START--
INFO: Run Behavior\WriteHtmlCacheBehavior [ RunTime:0.001000s ]
INFO: [ view_filter ] --END-- [ RunTime:0.001000s ]
INFO: [ app_end ] --START--
INFO: Run Behavior\ShowPageTraceBehavior [ RunTime:0.001000s ]
INFO: [ app_end ] --END-- [ RunTime:0.001000s ]

[ 2015-12-03T10:12:58+08:00 ] ::1 /myCMS/admin.php?m=Admin&c=Addons&a=index
INFO: [ app_init ] --START--
INFO: Run Behavior\BuildLiteBehavior [ RunTime:0.000000s ]
INFO: [ app_init ] --END-- [ RunTime:0.001000s ]
INFO: [ app_begin ] --START--
INFO: Run Behavior\ReadHtmlCacheBehavior [ RunTime:0.001000s ]
INFO: [ app_begin ] --END-- [ RunTime:0.001000s ]
NOTIC: [8192] mysql_connect(): The mysql extension is deprecated and will be removed in the future: use mysqli or PDO instead D:\wamp\www\myCMS\ThinkPHP\Library\Think\Db\Driver\Mysql.class.php 第 52 行.
SQL: SHOW COLUMNS FROM `my_admin` [ RunTime:0.003001s ]
SQL: SHOW COLUMNS FROM `my_addons` [ RunTime:0.001000s ]
NOTIC: [8] Undefined variable: addon_dir D:\wamp\www\myCMS\Application\Admin\Model\AddonsModel.class.php 第 11 行.
SQL: SELECT `id`,`name`,`title`,`description`,`status`,`config`,`auth`,`version`,`create_time` FROM `my_addons` WHERE `name` IN ('GuestBook','Job')  [ RunTime:0.001000s ]
NOTIC: [8] Undefined index: status D:\wamp\www\myCMS\Application\Admin\Model\AddonsModel.class.php 第 51 行.
INFO: [ view_parse ] --START--
INFO: [ template_filter ] --START--
INFO: Run Behavior\ContentReplaceBehavior [ RunTime:0.000000s ]
INFO: [ template_filter ] --END-- [ RunTime:0.000000s ]
NOTIC: [8] Undefined index: count D:\wamp\www\myCMS\Application\Runtime\Cache\Admin\50122fa2bddc1c4a2751081bf5f0b5dc.php 第 39 行.
NOTIC: [8] Undefined index: auth D:\wamp\www\myCMS\Application\Runtime\Cache\Admin\50122fa2bddc1c4a2751081bf5f0b5dc.php 第 61 行.
INFO: Run Behavior\ParseTemplateBehavior [ RunTime:0.010001s ]
INFO: [ view_parse ] --END-- [ RunTime:0.010001s ]
INFO: [ view_filter ] --START--
INFO: Run Behavior\WriteHtmlCacheBehavior [ RunTime:0.000000s ]
INFO: [ view_filter ] --END-- [ RunTime:0.000000s ]
INFO: [ app_end ] --START--
INFO: Run Behavior\ShowPageTraceBehavior [ RunTime:0.000000s ]
INFO: [ app_end ] --END-- [ RunTime:0.000000s ]

[ 2015-12-03T14:56:32+08:00 ] ::1 /myCMS/admin.php?m=Admin&c=Index&a=index
INFO: [ app_init ] --START--
INFO: Run Behavior\BuildLiteBehavior [ RunTime:0.000000s ]
INFO: [ app_init ] --END-- [ RunTime:0.001000s ]
INFO: [ app_begin ] --START--
INFO: Run Behavior\ReadHtmlCacheBehavior [ RunTime:0.001000s ]
INFO: [ app_begin ] --END-- [ RunTime:0.001000s ]
NOTIC: [8] Undefined index: logintime D:\wamp\www\myCMS\Application\Admin\Controller\BaseController.class.php 第 17 行.
NOTIC: [8192] mysql_connect(): The mysql extension is deprecated and will be removed in the future: use mysqli or PDO instead D:\wamp\www\myCMS\ThinkPHP\Library\Think\Db\Driver\Mysql.class.php 第 52 行.
SQL: SHOW COLUMNS FROM `my_menu` [ RunTime:0.004000s ]
SQL: SELECT * FROM `my_menu` WHERE `status` = 1 AND `is_left` = 1 ORDER BY sort asc,id asc  [ RunTime:0.001001s ]
INFO: [ view_parse ] --START--
INFO: [ template_filter ] --START--
INFO: Run Behavior\ContentReplaceBehavior [ RunTime:0.000000s ]
INFO: [ template_filter ] --END-- [ RunTime:0.000000s ]
INFO: Run Behavior\ParseTemplateBehavior [ RunTime:0.018001s ]
INFO: [ view_parse ] --END-- [ RunTime:0.019001s ]
INFO: [ view_filter ] --START--
INFO: Run Behavior\WriteHtmlCacheBehavior [ RunTime:0.000000s ]
INFO: [ view_filter ] --END-- [ RunTime:0.000000s ]
INFO: [ app_end ] --START--
INFO: Run Behavior\ShowPageTraceBehavior [ RunTime:0.001000s ]
INFO: [ app_end ] --END-- [ RunTime:0.001000s ]

[ 2015-12-03T14:56:32+08:00 ] ::1 /myCMS/admin.php?m=Admin&c=Index&a=welcome
INFO: [ app_init ] --START--
INFO: Run Behavior\BuildLiteBehavior [ RunTime:0.000000s ]
INFO: [ app_init ] --END-- [ RunTime:0.000000s ]
INFO: [ app_begin ] --START--
INFO: Run Behavior\ReadHtmlCacheBehavior [ RunTime:0.001000s ]
INFO: [ app_begin ] --END-- [ RunTime:0.001000s ]
NOTIC: [8] Undefined index: logintime D:\wamp\www\myCMS\Application\Admin\Controller\BaseController.class.php 第 17 行.
INFO: [ view_parse ] --START--
INFO: [ template_filter ] --START--
INFO: Run Behavior\ContentReplaceBehavior [ RunTime:0.001000s ]
INFO: [ template_filter ] --END-- [ RunTime:0.001000s ]
INFO: Run Behavior\ParseTemplateBehavior [ RunTime:0.012001s ]
INFO: [ view_parse ] --END-- [ RunTime:0.012001s ]
INFO: [ view_filter ] --START--
INFO: Run Behavior\WriteHtmlCacheBehavior [ RunTime:0.001000s ]
INFO: [ view_filter ] --END-- [ RunTime:0.001000s ]
INFO: [ app_end ] --START--
INFO: Run Behavior\ShowPageTraceBehavior [ RunTime:0.001000s ]
INFO: [ app_end ] --END-- [ RunTime:0.001000s ]

[ 2015-12-03T14:56:51+08:00 ] ::1 /myCMS/admin.php?m=Admin&c=Index&a=index
INFO: [ app_init ] --START--
INFO: Run Behavior\BuildLiteBehavior [ RunTime:0.000000s ]
INFO: [ app_init ] --END-- [ RunTime:0.001000s ]
INFO: [ app_begin ] --START--
INFO: Run Behavior\ReadHtmlCacheBehavior [ RunTime:0.000000s ]
INFO: [ app_begin ] --END-- [ RunTime:0.000000s ]
NOTIC: [8] Undefined index: logintime D:\wamp\www\myCMS\Application\Admin\Controller\BaseController.class.php 第 17 行.
NOTIC: [8192] mysql_connect(): The mysql extension is deprecated and will be removed in the future: use mysqli or PDO instead D:\wamp\www\myCMS\ThinkPHP\Library\Think\Db\Driver\Mysql.class.php 第 52 行.
SQL: SHOW COLUMNS FROM `my_menu` [ RunTime:0.002000s ]
SQL: SELECT * FROM `my_menu` WHERE `status` = 1 AND `is_left` = 1 ORDER BY sort asc,id asc  [ RunTime:0.000000s ]
INFO: [ view_parse ] --START--
INFO: [ template_filter ] --START--
INFO: Run Behavior\ContentReplaceBehavior [ RunTime:0.000000s ]
INFO: [ template_filter ] --END-- [ RunTime:0.001000s ]
INFO: Run Behavior\ParseTemplateBehavior [ RunTime:0.017001s ]
INFO: [ view_parse ] --END-- [ RunTime:0.018001s ]
INFO: [ view_filter ] --START--
INFO: Run Behavior\WriteHtmlCacheBehavior [ RunTime:0.001000s ]
INFO: [ view_filter ] --END-- [ RunTime:0.001000s ]
INFO: [ app_end ] --START--
INFO: Run Behavior\ShowPageTraceBehavior [ RunTime:0.001000s ]
INFO: [ app_end ] --END-- [ RunTime:0.001000s ]

[ 2015-12-03T14:56:51+08:00 ] ::1 /myCMS/admin.php?m=Admin&c=Index&a=welcome
INFO: [ app_init ] --START--
INFO: Run Behavior\BuildLiteBehavior [ RunTime:0.000000s ]
INFO: [ app_init ] --END-- [ RunTime:0.000000s ]
INFO: [ app_begin ] --START--
INFO: Run Behavior\ReadHtmlCacheBehavior [ RunTime:0.001000s ]
INFO: [ app_begin ] --END-- [ RunTime:0.001000s ]
NOTIC: [8] Undefined index: logintime D:\wamp\www\myCMS\Application\Admin\Controller\BaseController.class.php 第 17 行.
INFO: [ view_parse ] --START--
INFO: [ template_filter ] --START--
INFO: Run Behavior\ContentReplaceBehavior [ RunTime:0.000000s ]
INFO: [ template_filter ] --END-- [ RunTime:0.000000s ]
INFO: Run Behavior\ParseTemplateBehavior [ RunTime:0.007000s ]
INFO: [ view_parse ] --END-- [ RunTime:0.007000s ]
INFO: [ view_filter ] --START--
INFO: Run Behavior\WriteHtmlCacheBehavior [ RunTime:0.000000s ]
INFO: [ view_filter ] --END-- [ RunTime:0.000000s ]
INFO: [ app_end ] --START--
INFO: Run Behavior\ShowPageTraceBehavior [ RunTime:0.001000s ]
INFO: [ app_end ] --END-- [ RunTime:0.001000s ]

[ 2015-12-03T14:57:05+08:00 ] ::1 /myCMS/admin.php?m=Admin&c=Index&a=index
INFO: [ app_init ] --START--
INFO: Run Behavior\BuildLiteBehavior [ RunTime:0.000000s ]
INFO: [ app_init ] --END-- [ RunTime:0.001000s ]
INFO: [ app_begin ] --START--
INFO: Run Behavior\ReadHtmlCacheBehavior [ RunTime:0.001000s ]
INFO: [ app_begin ] --END-- [ RunTime:0.001000s ]
NOTIC: [8] Undefined index: logintime D:\wamp\www\myCMS\Application\Admin\Controller\BaseController.class.php 第 17 行.
NOTIC: [8192] mysql_connect(): The mysql extension is deprecated and will be removed in the future: use mysqli or PDO instead D:\wamp\www\myCMS\ThinkPHP\Library\Think\Db\Driver\Mysql.class.php 第 52 行.
SQL: SHOW COLUMNS FROM `my_menu` [ RunTime:0.003000s ]
SQL: SELECT * FROM `my_menu` WHERE `status` = 1 AND `is_left` = 1 ORDER BY sort asc,id asc  [ RunTime:0.000000s ]
INFO: [ view_parse ] --START--
INFO: [ template_filter ] --START--
INFO: Run Behavior\ContentReplaceBehavior [ RunTime:0.000000s ]
INFO: [ template_filter ] --END-- [ RunTime:0.001000s ]
INFO: Run Behavior\ParseTemplateBehavior [ RunTime:0.016000s ]
INFO: [ view_parse ] --END-- [ RunTime:0.016000s ]
INFO: [ view_filter ] --START--
INFO: Run Behavior\WriteHtmlCacheBehavior [ RunTime:0.001001s ]
INFO: [ view_filter ] --END-- [ RunTime:0.001001s ]
INFO: [ app_end ] --START--
INFO: Run Behavior\ShowPageTraceBehavior [ RunTime:0.000000s ]
INFO: [ app_end ] --END-- [ RunTime:0.000000s ]

[ 2015-12-03T14:57:05+08:00 ] ::1 /myCMS/admin.php?m=Admin&c=Index&a=welcome
INFO: [ app_init ] --START--
INFO: Run Behavior\BuildLiteBehavior [ RunTime:0.000000s ]
INFO: [ app_init ] --END-- [ RunTime:0.000000s ]
INFO: [ app_begin ] --START--
INFO: Run Behavior\ReadHtmlCacheBehavior [ RunTime:0.002001s ]
INFO: [ app_begin ] --END-- [ RunTime:0.002001s ]
NOTIC: [8] Undefined index: logintime D:\wamp\www\myCMS\Application\Admin\Controller\BaseController.class.php 第 17 行.
INFO: [ view_parse ] --START--
INFO: [ template_filter ] --START--
INFO: Run Behavior\ContentReplaceBehavior [ RunTime:0.000000s ]
INFO: [ template_filter ] --END-- [ RunTime:0.001000s ]
INFO: Run Behavior\ParseTemplateBehavior [ RunTime:0.015001s ]
INFO: [ view_parse ] --END-- [ RunTime:0.015001s ]
INFO: [ view_filter ] --START--
INFO: Run Behavior\WriteHtmlCacheBehavior [ RunTime:0.000000s ]
INFO: [ view_filter ] --END-- [ RunTime:0.001000s ]
INFO: [ app_end ] --START--
INFO: Run Behavior\ShowPageTraceBehavior [ RunTime:0.001000s ]
INFO: [ app_end ] --END-- [ RunTime:0.001000s ]

[ 2015-12-03T14:57:27+08:00 ] ::1 /myCMS/admin.php?m=Admin&c=Index&a=index
INFO: [ app_init ] --START--
INFO: Run Behavior\BuildLiteBehavior [ RunTime:0.000000s ]
INFO: [ app_init ] --END-- [ RunTime:0.001000s ]
INFO: [ app_begin ] --START--
INFO: Run Behavior\ReadHtmlCacheBehavior [ RunTime:0.000000s ]
INFO: [ app_begin ] --END-- [ RunTime:0.002000s ]
NOTIC: [8] Undefined index: logintime D:\wamp\www\myCMS\Application\Admin\Controller\BaseController.class.php 第 17 行.
NOTIC: [8192] mysql_connect(): The mysql extension is deprecated and will be removed in the future: use mysqli or PDO instead D:\wamp\www\myCMS\ThinkPHP\Library\Think\Db\Driver\Mysql.class.php 第 52 行.
SQL: SHOW COLUMNS FROM `my_menu` [ RunTime:0.002000s ]
SQL: SELECT * FROM `my_menu` WHERE `status` = 1 AND `is_left` = 1 ORDER BY sort asc,id asc  [ RunTime:0.000000s ]
INFO: [ view_parse ] --START--
INFO: [ template_filter ] --START--
INFO: Run Behavior\ContentReplaceBehavior [ RunTime:0.000000s ]
INFO: [ template_filter ] --END-- [ RunTime:0.001000s ]
INFO: Run Behavior\ParseTemplateBehavior [ RunTime:0.018001s ]
INFO: [ view_parse ] --END-- [ RunTime:0.018001s ]
INFO: [ view_filter ] --START--
INFO: Run Behavior\WriteHtmlCacheBehavior [ RunTime:0.000000s ]
INFO: [ view_filter ] --END-- [ RunTime:0.000000s ]
INFO: [ app_end ] --START--
INFO: Run Behavior\ShowPageTraceBehavior [ RunTime:0.001000s ]
INFO: [ app_end ] --END-- [ RunTime:0.001000s ]

[ 2015-12-03T14:57:27+08:00 ] ::1 /myCMS/admin.php?m=Admin&c=Index&a=welcome
INFO: [ app_init ] --START--
INFO: Run Behavior\BuildLiteBehavior [ RunTime:0.000000s ]
INFO: [ app_init ] --END-- [ RunTime:0.001000s ]
INFO: [ app_begin ] --START--
INFO: Run Behavior\ReadHtmlCacheBehavior [ RunTime:0.001000s ]
INFO: [ app_begin ] --END-- [ RunTime:0.001000s ]
NOTIC: [8] Undefined index: logintime D:\wamp\www\myCMS\Application\Admin\Controller\BaseController.class.php 第 17 行.
INFO: [ view_parse ] --START--
INFO: [ template_filter ] --START--
INFO: Run Behavior\ContentReplaceBehavior [ RunTime:0.000000s ]
INFO: [ template_filter ] --END-- [ RunTime:0.000000s ]
INFO: Run Behavior\ParseTemplateBehavior [ RunTime:0.012001s ]
INFO: [ view_parse ] --END-- [ RunTime:0.012001s ]
INFO: [ view_filter ] --START--
INFO: Run Behavior\WriteHtmlCacheBehavior [ RunTime:0.001000s ]
INFO: [ view_filter ] --END-- [ RunTime:0.001000s ]
INFO: [ app_end ] --START--
INFO: Run Behavior\ShowPageTraceBehavior [ RunTime:0.001000s ]
INFO: [ app_end ] --END-- [ RunTime:0.001000s ]

[ 2015-12-03T14:57:36+08:00 ] ::1 /myCMS/admin.php?m=Admin&c=Index&a=index
INFO: [ app_init ] --START--
INFO: Run Behavior\BuildLiteBehavior [ RunTime:0.000000s ]
INFO: [ app_init ] --END-- [ RunTime:0.001000s ]
INFO: [ app_begin ] --START--
INFO: Run Behavior\ReadHtmlCacheBehavior [ RunTime:0.000000s ]
INFO: [ app_begin ] --END-- [ RunTime:0.000000s ]
NOTIC: [8] Undefined index: logintime D:\wamp\www\myCMS\Application\Admin\Controller\BaseController.class.php 第 17 行.
NOTIC: [8192] mysql_connect(): The mysql extension is deprecated and will be removed in the future: use mysqli or PDO instead D:\wamp\www\myCMS\ThinkPHP\Library\Think\Db\Driver\Mysql.class.php 第 52 行.
SQL: SHOW COLUMNS FROM `my_menu` [ RunTime:0.003001s ]
SQL: SELECT * FROM `my_menu` WHERE `status` = 1 AND `is_left` = 1 ORDER BY sort asc,id asc  [ RunTime:0.000000s ]
INFO: [ view_parse ] --START--
INFO: [ template_filter ] --START--
INFO: Run Behavior\ContentReplaceBehavior [ RunTime:0.000000s ]
INFO: [ template_filter ] --END-- [ RunTime:0.000000s ]
INFO: Run Behavior\ParseTemplateBehavior [ RunTime:0.024001s ]
INFO: [ view_parse ] --END-- [ RunTime:0.024001s ]
INFO: [ view_filter ] --START--
INFO: Run Behavior\WriteHtmlCacheBehavior [ RunTime:0.000000s ]
INFO: [ view_filter ] --END-- [ RunTime:0.000000s ]
INFO: [ app_end ] --START--
INFO: Run Behavior\ShowPageTraceBehavior [ RunTime:0.000000s ]
INFO: [ app_end ] --END-- [ RunTime:0.001000s ]

[ 2015-12-03T14:57:36+08:00 ] ::1 /myCMS/admin.php?m=Admin&c=Index&a=welcome
INFO: [ app_init ] --START--
INFO: Run Behavior\BuildLiteBehavior [ RunTime:0.000000s ]
INFO: [ app_init ] --END-- [ RunTime:0.000000s ]
INFO: [ app_begin ] --START--
INFO: Run Behavior\ReadHtmlCacheBehavior [ RunTime:0.000000s ]
INFO: [ app_begin ] --END-- [ RunTime:0.000000s ]
NOTIC: [8] Undefined index: logintime D:\wamp\www\myCMS\Application\Admin\Controller\BaseController.class.php 第 17 行.
INFO: [ view_parse ] --START--
INFO: [ template_filter ] --START--
INFO: Run Behavior\ContentReplaceBehavior [ RunTime:0.001000s ]
INFO: [ template_filter ] --END-- [ RunTime:0.001000s ]
INFO: Run Behavior\ParseTemplateBehavior [ RunTime:0.016001s ]
INFO: [ view_parse ] --END-- [ RunTime:0.016001s ]
INFO: [ view_filter ] --START--
INFO: Run Behavior\WriteHtmlCacheBehavior [ RunTime:0.000000s ]
INFO: [ view_filter ] --END-- [ RunTime:0.001000s ]
INFO: [ app_end ] --START--
INFO: Run Behavior\ShowPageTraceBehavior [ RunTime:0.000000s ]
INFO: [ app_end ] --END-- [ RunTime:0.001000s ]

[ 2015-12-03T15:13:27+08:00 ] ::1 /myCMS/admin.php?m=Admin&c=Index&a=index
INFO: [ app_init ] --START--
INFO: Run Behavior\BuildLiteBehavior [ RunTime:0.000000s ]
INFO: [ app_init ] --END-- [ RunTime:0.000000s ]
INFO: [ app_begin ] --START--
INFO: Run Behavior\ReadHtmlCacheBehavior [ RunTime:0.001000s ]
INFO: [ app_begin ] --END-- [ RunTime:0.001000s ]
NOTIC: [8] Undefined index: logintime D:\wamp\www\myCMS\Application\Admin\Controller\BaseController.class.php 第 17 行.
NOTIC: [8192] mysql_connect(): The mysql extension is deprecated and will be removed in the future: use mysqli or PDO instead D:\wamp\www\myCMS\ThinkPHP\Library\Think\Db\Driver\Mysql.class.php 第 52 行.
SQL: SHOW COLUMNS FROM `my_menu` [ RunTime:0.003000s ]
SQL: SELECT * FROM `my_menu` WHERE `status` = 1 AND `is_left` = 1 ORDER BY sort asc,id asc  [ RunTime:0.000000s ]
INFO: [ view_parse ] --START--
INFO: [ template_filter ] --START--
INFO: Run Behavior\ContentReplaceBehavior [ RunTime:0.000000s ]
INFO: [ template_filter ] --END-- [ RunTime:0.000000s ]
NOTIC: [8] Undefined variable: addon_list D:\wamp\www\myCMS\Application\Runtime\Cache\Admin\b595b808c2ebeeeb0478ffc30bb4e87a.php 第 88 行.
INFO: Run Behavior\ParseTemplateBehavior [ RunTime:0.018001s ]
INFO: [ view_parse ] --END-- [ RunTime:0.018001s ]
INFO: [ view_filter ] --START--
INFO: Run Behavior\WriteHtmlCacheBehavior [ RunTime:0.001000s ]
INFO: [ view_filter ] --END-- [ RunTime:0.001000s ]
INFO: [ app_end ] --START--
INFO: Run Behavior\ShowPageTraceBehavior [ RunTime:0.003000s ]
INFO: [ app_end ] --END-- [ RunTime:0.003000s ]

[ 2015-12-03T15:13:27+08:00 ] ::1 /myCMS/admin.php?m=Admin&c=Index&a=welcome
INFO: [ app_init ] --START--
INFO: Run Behavior\BuildLiteBehavior [ RunTime:0.000000s ]
INFO: [ app_init ] --END-- [ RunTime:0.001000s ]
INFO: [ app_begin ] --START--
INFO: Run Behavior\ReadHtmlCacheBehavior [ RunTime:0.001000s ]
INFO: [ app_begin ] --END-- [ RunTime:0.001000s ]
NOTIC: [8] Undefined index: logintime D:\wamp\www\myCMS\Application\Admin\Controller\BaseController.class.php 第 17 行.
NOTIC: [8192] mysql_connect(): The mysql extension is deprecated and will be removed in the future: use mysqli or PDO instead D:\wamp\www\myCMS\ThinkPHP\Library\Think\Db\Driver\Mysql.class.php 第 52 行.
SQL: SHOW COLUMNS FROM `my_addons` [ RunTime:0.008001s ]
SQL: SELECT * FROM `my_addons` WHERE ( status=1 )  [ RunTime:0.001000s ]
INFO: [ view_parse ] --START--
INFO: [ template_filter ] --START--
INFO: Run Behavior\ContentReplaceBehavior [ RunTime:0.000000s ]
INFO: [ template_filter ] --END-- [ RunTime:0.000000s ]
INFO: Run Behavior\ParseTemplateBehavior [ RunTime:0.017001s ]
INFO: [ view_parse ] --END-- [ RunTime:0.017001s ]
INFO: [ view_filter ] --START--
INFO: Run Behavior\WriteHtmlCacheBehavior [ RunTime:0.001000s ]
INFO: [ view_filter ] --END-- [ RunTime:0.001000s ]
INFO: [ app_end ] --START--
INFO: Run Behavior\ShowPageTraceBehavior [ RunTime:0.000000s ]
INFO: [ app_end ] --END-- [ RunTime:0.000000s ]

[ 2015-12-03T15:13:55+08:00 ] ::1 /myCMS/admin.php?m=Admin&c=Index&a=index
INFO: [ app_init ] --START--
INFO: Run Behavior\BuildLiteBehavior [ RunTime:0.000000s ]
INFO: [ app_init ] --END-- [ RunTime:0.001000s ]
INFO: [ app_begin ] --START--
INFO: Run Behavior\ReadHtmlCacheBehavior [ RunTime:0.001000s ]
INFO: [ app_begin ] --END-- [ RunTime:0.002000s ]
NOTIC: [8] Undefined index: logintime D:\wamp\www\myCMS\Application\Admin\Controller\BaseController.class.php 第 17 行.
NOTIC: [8192] mysql_connect(): The mysql extension is deprecated and will be removed in the future: use mysqli or PDO instead D:\wamp\www\myCMS\ThinkPHP\Library\Think\Db\Driver\Mysql.class.php 第 52 行.
SQL: SHOW COLUMNS FROM `my_menu` [ RunTime:0.002000s ]
SQL: SELECT * FROM `my_menu` WHERE `status` = 1 AND `is_left` = 1 ORDER BY sort asc,id asc  [ RunTime:0.001000s ]
INFO: [ view_parse ] --START--
INFO: [ template_filter ] --START--
INFO: Run Behavior\ContentReplaceBehavior [ RunTime:0.000000s ]
INFO: [ template_filter ] --END-- [ RunTime:0.001001s ]
NOTIC: [8] Undefined variable: addon_list D:\wamp\www\myCMS\Application\Runtime\Cache\Admin\b595b808c2ebeeeb0478ffc30bb4e87a.php 第 88 行.
INFO: Run Behavior\ParseTemplateBehavior [ RunTime:0.017001s ]
INFO: [ view_parse ] --END-- [ RunTime:0.017001s ]
INFO: [ view_filter ] --START--
INFO: Run Behavior\WriteHtmlCacheBehavior [ RunTime:0.000000s ]
INFO: [ view_filter ] --END-- [ RunTime:0.001000s ]
INFO: [ app_end ] --START--
INFO: Run Behavior\ShowPageTraceBehavior [ RunTime:0.000000s ]
INFO: [ app_end ] --END-- [ RunTime:0.001000s ]

[ 2015-12-03T15:13:55+08:00 ] ::1 /myCMS/admin.php?m=Admin&c=Index&a=welcome
INFO: [ app_init ] --START--
INFO: Run Behavior\BuildLiteBehavior [ RunTime:0.001000s ]
INFO: [ app_init ] --END-- [ RunTime:0.002000s ]
INFO: [ app_begin ] --START--
INFO: Run Behavior\ReadHtmlCacheBehavior [ RunTime:0.001000s ]
INFO: [ app_begin ] --END-- [ RunTime:0.001000s ]
NOTIC: [8] Undefined index: logintime D:\wamp\www\myCMS\Application\Admin\Controller\BaseController.class.php 第 17 行.
NOTIC: [8192] mysql_connect(): The mysql extension is deprecated and will be removed in the future: use mysqli or PDO instead D:\wamp\www\myCMS\ThinkPHP\Library\Think\Db\Driver\Mysql.class.php 第 52 行.
SQL: SHOW COLUMNS FROM `my_addons` [ RunTime:0.004000s ]
SQL: SELECT * FROM `my_addons` WHERE ( status=1 )  [ RunTime:0.001001s ]
INFO: [ view_parse ] --START--
INFO: [ template_filter ] --START--
INFO: Run Behavior\ContentReplaceBehavior [ RunTime:0.000000s ]
INFO: [ template_filter ] --END-- [ RunTime:0.001000s ]
INFO: Run Behavior\ParseTemplateBehavior [ RunTime:0.014000s ]
INFO: [ view_parse ] --END-- [ RunTime:0.014000s ]
INFO: [ view_filter ] --START--
INFO: Run Behavior\WriteHtmlCacheBehavior [ RunTime:0.000000s ]
INFO: [ view_filter ] --END-- [ RunTime:0.001000s ]
INFO: [ app_end ] --START--
INFO: Run Behavior\ShowPageTraceBehavior [ RunTime:0.001000s ]
INFO: [ app_end ] --END-- [ RunTime:0.001000s ]

