[ 2015-11-17T10:16:52+08:00 ] ::1 /myCMS/admin.php
INFO: [ app_init ] --START--
INFO: Run Behavior\BuildLiteBehavior [ RunTime:0.000000s ]
INFO: [ app_init ] --END-- [ RunTime:0.001000s ]
INFO: [ app_begin ] --START--
INFO: Run Behavior\ReadHtmlCacheBehavior [ RunTime:0.001000s ]
INFO: [ app_begin ] --END-- [ RunTime:0.001000s ]

[ 2015-11-17T10:16:52+08:00 ] ::1 /myCMS/admin.php?m=Admin&c=Login&a=login
INFO: [ app_init ] --START--
INFO: Run Behavior\BuildLiteBehavior [ RunTime:0.000000s ]
INFO: [ app_init ] --END-- [ RunTime:0.001000s ]
INFO: [ app_begin ] --START--
INFO: Run Behavior\ReadHtmlCacheBehavior [ RunTime:0.001000s ]
INFO: [ app_begin ] --END-- [ RunTime:0.001000s ]
INFO: [ view_parse ] --START--
INFO: [ template_filter ] --START--
INFO: Run Behavior\ContentReplaceBehavior [ RunTime:0.000000s ]
INFO: [ template_filter ] --END-- [ RunTime:0.000000s ]
INFO: Run Behavior\ParseTemplateBehavior [ RunTime:0.009001s ]
INFO: [ view_parse ] --END-- [ RunTime:0.009001s ]
INFO: [ view_filter ] --START--
INFO: Run Behavior\WriteHtmlCacheBehavior [ RunTime:0.000000s ]
INFO: [ view_filter ] --END-- [ RunTime:0.000000s ]
INFO: [ app_end ] --START--
INFO: Run Behavior\ShowPageTraceBehavior [ RunTime:0.000000s ]
INFO: [ app_end ] --END-- [ RunTime:0.000000s ]

[ 2015-11-17T10:16:52+08:00 ] ::1 /myCMS/admin.php?m=Admin&c=Login&a=getVerify
INFO: [ app_init ] --START--
INFO: Run Behavior\BuildLiteBehavior [ RunTime:0.000000s ]
INFO: [ app_init ] --END-- [ RunTime:0.001000s ]
INFO: [ app_begin ] --START--
INFO: Run Behavior\ReadHtmlCacheBehavior [ RunTime:0.001000s ]
INFO: [ app_begin ] --END-- [ RunTime:0.001000s ]
INFO: [ app_end ] --START--
INFO: Run Behavior\ShowPageTraceBehavior [ RunTime:0.000000s ]
INFO: [ app_end ] --END-- [ RunTime:0.001001s ]

[ 2015-11-17T10:16:55+08:00 ] ::1 /myCMS/admin.php?m=Admin&c=Login&a=login
INFO: [ app_init ] --START--
INFO: Run Behavior\BuildLiteBehavior [ RunTime:0.000000s ]
INFO: [ app_init ] --END-- [ RunTime:0.001000s ]
INFO: [ app_begin ] --START--
INFO: Run Behavior\ReadHtmlCacheBehavior [ RunTime:0.001000s ]
INFO: [ app_begin ] --END-- [ RunTime:0.001000s ]
NOTIC: [8192] mysql_connect(): The mysql extension is deprecated and will be removed in the future: use mysqli or PDO instead D:\wamp\www\myCMS\ThinkPHP\Library\Think\Db\Driver\Mysql.class.php 第 52 行.
SQL: SHOW COLUMNS FROM `my_admin` [ RunTime:0.010000s ]
SQL: SELECT * FROM `my_admin` WHERE `username` = 'admin' LIMIT 1   [ RunTime:0.000000s ]
SQL: SELECT * FROM `my_admin` WHERE `username` = 'admin' LIMIT 1   [ RunTime:0.000000s ]
SQL: SHOW COLUMNS FROM `my_auth` [ RunTime:0.004000s ]
SQL: SELECT `auth` FROM `my_auth` WHERE ( id=1 ) LIMIT 1   [ RunTime:0.000000s ]
SQL: UPDATE `my_admin` SET `count`=43,`lasttime`=1447633577,`logintime`=1447726615 WHERE `username` = 'admin' [ RunTime:0.004000s ]
SQL: SHOW COLUMNS FROM `my_adminlog` [ RunTime:0.004000s ]
SQL: INSERT INTO `my_adminlog` (`ip`,`username`,`action`,`createtime`) VALUES ('0.0.0.0','admin','登录成功!',1447726615) [ RunTime:0.005001s ]

[ 2015-11-17T10:16:57+08:00 ] ::1 /myCMS/admin.php?m=Admin&c=Index&a=index
INFO: [ app_init ] --START--
INFO: Run Behavior\BuildLiteBehavior [ RunTime:0.000000s ]
INFO: [ app_init ] --END-- [ RunTime:0.001000s ]
INFO: [ app_begin ] --START--
INFO: Run Behavior\ReadHtmlCacheBehavior [ RunTime:0.000000s ]
INFO: [ app_begin ] --END-- [ RunTime:0.001000s ]
NOTIC: [8] Undefined index: logintime D:\wamp\www\myCMS\Application\Admin\Controller\BaseController.class.php 第 17 行.
NOTIC: [8192] mysql_connect(): The mysql extension is deprecated and will be removed in the future: use mysqli or PDO instead D:\wamp\www\myCMS\ThinkPHP\Library\Think\Db\Driver\Mysql.class.php 第 52 行.
SQL: SHOW COLUMNS FROM `my_menu` [ RunTime:0.006000s ]
SQL: SELECT * FROM `my_menu` WHERE `status` = 1 AND `is_left` = 1 ORDER BY sort asc,id asc  [ RunTime:0.000000s ]
INFO: [ view_parse ] --START--
INFO: [ template_filter ] --START--
INFO: Run Behavior\ContentReplaceBehavior [ RunTime:0.000000s ]
INFO: [ template_filter ] --END-- [ RunTime:0.000000s ]
INFO: Run Behavior\ParseTemplateBehavior [ RunTime:0.016001s ]
INFO: [ view_parse ] --END-- [ RunTime:0.016001s ]
INFO: [ view_filter ] --START--
INFO: Run Behavior\WriteHtmlCacheBehavior [ RunTime:0.001000s ]
INFO: [ view_filter ] --END-- [ RunTime:0.001000s ]
INFO: [ app_end ] --START--
INFO: Run Behavior\ShowPageTraceBehavior [ RunTime:0.001000s ]
INFO: [ app_end ] --END-- [ RunTime:0.001000s ]

[ 2015-11-17T10:16:57+08:00 ] ::1 /myCMS/admin.php?m=Admin&c=Index&a=welcome
INFO: [ app_init ] --START--
INFO: Run Behavior\BuildLiteBehavior [ RunTime:0.000000s ]
INFO: [ app_init ] --END-- [ RunTime:0.000000s ]
INFO: [ app_begin ] --START--
INFO: Run Behavior\ReadHtmlCacheBehavior [ RunTime:0.001000s ]
INFO: [ app_begin ] --END-- [ RunTime:0.001000s ]
NOTIC: [8] Undefined index: logintime D:\wamp\www\myCMS\Application\Admin\Controller\BaseController.class.php 第 17 行.
INFO: [ view_parse ] --START--
INFO: [ template_filter ] --START--
INFO: Run Behavior\ContentReplaceBehavior [ RunTime:0.001000s ]
INFO: [ template_filter ] --END-- [ RunTime:0.001000s ]
INFO: Run Behavior\ParseTemplateBehavior [ RunTime:0.010001s ]
INFO: [ view_parse ] --END-- [ RunTime:0.010001s ]
INFO: [ view_filter ] --START--
INFO: Run Behavior\WriteHtmlCacheBehavior [ RunTime:0.000000s ]
INFO: [ view_filter ] --END-- [ RunTime:0.001000s ]
INFO: [ app_end ] --START--
INFO: Run Behavior\ShowPageTraceBehavior [ RunTime:0.001000s ]
INFO: [ app_end ] --END-- [ RunTime:0.001000s ]

[ 2015-11-17T10:16:59+08:00 ] ::1 /myCMS/admin.php?m=Admin&c=Nav&a=content
INFO: [ app_init ] --START--
INFO: Run Behavior\BuildLiteBehavior [ RunTime:0.000000s ]
INFO: [ app_init ] --END-- [ RunTime:0.000000s ]
INFO: [ app_begin ] --START--
INFO: Run Behavior\ReadHtmlCacheBehavior [ RunTime:0.001000s ]
INFO: [ app_begin ] --END-- [ RunTime:0.001000s ]
NOTIC: [8] Undefined index: logintime D:\wamp\www\myCMS\Application\Admin\Controller\BaseController.class.php 第 17 行.
NOTIC: [8192] mysql_connect(): The mysql extension is deprecated and will be removed in the future: use mysqli or PDO instead D:\wamp\www\myCMS\ThinkPHP\Library\Think\Db\Driver\Mysql.class.php 第 52 行.
SQL: SHOW COLUMNS FROM `my_nav` [ RunTime:0.008001s ]
SQL: SHOW COLUMNS FROM `my_nav` [ RunTime:0.002000s ]
SQL: SELECT n.*,m.table,m.url,m.modular FROM my_nav as n left join my_modular as m on n.modular_id = m.id  WHERE n.status = 1 ORDER BY id asc  [ RunTime:0.003000s ]
INFO: [ view_parse ] --START--
INFO: [ template_filter ] --START--
INFO: Run Behavior\ContentReplaceBehavior [ RunTime:0.000000s ]
INFO: [ template_filter ] --END-- [ RunTime:0.000000s ]
INFO: Run Behavior\ParseTemplateBehavior [ RunTime:0.013001s ]
INFO: [ view_parse ] --END-- [ RunTime:0.013001s ]
INFO: [ view_filter ] --START--
INFO: Run Behavior\WriteHtmlCacheBehavior [ RunTime:0.000000s ]
INFO: [ view_filter ] --END-- [ RunTime:0.001000s ]
INFO: [ app_end ] --START--
INFO: Run Behavior\ShowPageTraceBehavior [ RunTime:0.001000s ]
INFO: [ app_end ] --END-- [ RunTime:0.001000s ]

[ 2015-11-17T13:23:31+08:00 ] ::1 /myCMS/admin.php?m=Admin&c=Menu&a=index
INFO: [ app_init ] --START--
INFO: Run Behavior\BuildLiteBehavior [ RunTime:0.001000s ]
INFO: [ app_init ] --END-- [ RunTime:0.001000s ]
INFO: [ app_begin ] --START--
INFO: Run Behavior\ReadHtmlCacheBehavior [ RunTime:0.001000s ]
INFO: [ app_begin ] --END-- [ RunTime:0.001000s ]
NOTIC: [8] Undefined index: logintime D:\wamp\www\myCMS\Application\Admin\Controller\BaseController.class.php 第 17 行.
NOTIC: [8192] mysql_connect(): The mysql extension is deprecated and will be removed in the future: use mysqli or PDO instead D:\wamp\www\myCMS\ThinkPHP\Library\Think\Db\Driver\Mysql.class.php 第 52 行.
SQL: SHOW COLUMNS FROM `my_menu` [ RunTime:0.024001s ]
NOTIC: [8] Undefined variable: where D:\wamp\www\myCMS\Application\Common\Common\common.php 第 24 行.
SQL: SELECT * FROM `my_menu` ORDER BY sort asc,id asc  [ RunTime:0.009001s ]
SQL: SELECT COUNT(*) AS tp_count FROM `my_menu` LIMIT 1   [ RunTime:0.002000s ]
INFO: [ view_parse ] --START--
INFO: [ template_filter ] --START--
INFO: Run Behavior\ContentReplaceBehavior [ RunTime:0.000000s ]
INFO: [ template_filter ] --END-- [ RunTime:0.001000s ]
NOTIC: [8] Use of undefined constant full - assumed 'full' D:\wamp\www\myCMS\Application\Runtime\Cache\Admin\b956215329b6f9aca22277599a4efdfc.php 第 77 行.
NOTIC: [8] Use of undefined constant full - assumed 'full' D:\wamp\www\myCMS\Application\Runtime\Cache\Admin\b956215329b6f9aca22277599a4efdfc.php 第 77 行.
NOTIC: [8] Use of undefined constant full - assumed 'full' D:\wamp\www\myCMS\Application\Runtime\Cache\Admin\b956215329b6f9aca22277599a4efdfc.php 第 77 行.
NOTIC: [8] Use of undefined constant full - assumed 'full' D:\wamp\www\myCMS\Application\Runtime\Cache\Admin\b956215329b6f9aca22277599a4efdfc.php 第 77 行.
NOTIC: [8] Use of undefined constant full - assumed 'full' D:\wamp\www\myCMS\Application\Runtime\Cache\Admin\b956215329b6f9aca22277599a4efdfc.php 第 77 行.
NOTIC: [8] Use of undefined constant full - assumed 'full' D:\wamp\www\myCMS\Application\Runtime\Cache\Admin\b956215329b6f9aca22277599a4efdfc.php 第 77 行.
NOTIC: [8] Use of undefined constant full - assumed 'full' D:\wamp\www\myCMS\Application\Runtime\Cache\Admin\b956215329b6f9aca22277599a4efdfc.php 第 77 行.
NOTIC: [8] Use of undefined constant full - assumed 'full' D:\wamp\www\myCMS\Application\Runtime\Cache\Admin\b956215329b6f9aca22277599a4efdfc.php 第 77 行.
NOTIC: [8] Use of undefined constant full - assumed 'full' D:\wamp\www\myCMS\Application\Runtime\Cache\Admin\b956215329b6f9aca22277599a4efdfc.php 第 77 行.
NOTIC: [8] Use of undefined constant full - assumed 'full' D:\wamp\www\myCMS\Application\Runtime\Cache\Admin\b956215329b6f9aca22277599a4efdfc.php 第 77 行.
NOTIC: [8] Use of undefined constant full - assumed 'full' D:\wamp\www\myCMS\Application\Runtime\Cache\Admin\b956215329b6f9aca22277599a4efdfc.php 第 77 行.
NOTIC: [8] Use of undefined constant full - assumed 'full' D:\wamp\www\myCMS\Application\Runtime\Cache\Admin\b956215329b6f9aca22277599a4efdfc.php 第 77 行.
NOTIC: [8] Use of undefined constant full - assumed 'full' D:\wamp\www\myCMS\Application\Runtime\Cache\Admin\b956215329b6f9aca22277599a4efdfc.php 第 77 行.
NOTIC: [8] Use of undefined constant full - assumed 'full' D:\wamp\www\myCMS\Application\Runtime\Cache\Admin\b956215329b6f9aca22277599a4efdfc.php 第 77 行.
NOTIC: [8] Use of undefined constant full - assumed 'full' D:\wamp\www\myCMS\Application\Runtime\Cache\Admin\b956215329b6f9aca22277599a4efdfc.php 第 77 行.
NOTIC: [8] Use of undefined constant full - assumed 'full' D:\wamp\www\myCMS\Application\Runtime\Cache\Admin\b956215329b6f9aca22277599a4efdfc.php 第 77 行.
NOTIC: [8] Use of undefined constant full - assumed 'full' D:\wamp\www\myCMS\Application\Runtime\Cache\Admin\b956215329b6f9aca22277599a4efdfc.php 第 77 行.
NOTIC: [8] Use of undefined constant full - assumed 'full' D:\wamp\www\myCMS\Application\Runtime\Cache\Admin\b956215329b6f9aca22277599a4efdfc.php 第 77 行.
NOTIC: [8] Use of undefined constant full - assumed 'full' D:\wamp\www\myCMS\Application\Runtime\Cache\Admin\b956215329b6f9aca22277599a4efdfc.php 第 77 行.
NOTIC: [8] Use of undefined constant full - assumed 'full' D:\wamp\www\myCMS\Application\Runtime\Cache\Admin\b956215329b6f9aca22277599a4efdfc.php 第 77 行.
NOTIC: [8] Use of undefined constant full - assumed 'full' D:\wamp\www\myCMS\Application\Runtime\Cache\Admin\b956215329b6f9aca22277599a4efdfc.php 第 77 行.
NOTIC: [8] Use of undefined constant full - assumed 'full' D:\wamp\www\myCMS\Application\Runtime\Cache\Admin\b956215329b6f9aca22277599a4efdfc.php 第 77 行.
NOTIC: [8] Use of undefined constant full - assumed 'full' D:\wamp\www\myCMS\Application\Runtime\Cache\Admin\b956215329b6f9aca22277599a4efdfc.php 第 77 行.
NOTIC: [8] Use of undefined constant full - assumed 'full' D:\wamp\www\myCMS\Application\Runtime\Cache\Admin\b956215329b6f9aca22277599a4efdfc.php 第 77 行.
NOTIC: [8] Use of undefined constant full - assumed 'full' D:\wamp\www\myCMS\Application\Runtime\Cache\Admin\b956215329b6f9aca22277599a4efdfc.php 第 77 行.
INFO: Run Behavior\ParseTemplateBehavior [ RunTime:0.039002s ]
INFO: [ view_parse ] --END-- [ RunTime:0.040002s ]
INFO: [ view_filter ] --START--
INFO: Run Behavior\WriteHtmlCacheBehavior [ RunTime:0.001000s ]
INFO: [ view_filter ] --END-- [ RunTime:0.002000s ]
INFO: [ app_end ] --START--
INFO: Run Behavior\ShowPageTraceBehavior [ RunTime:0.001000s ]
INFO: [ app_end ] --END-- [ RunTime:0.001000s ]

[ 2015-11-17T13:23:34+08:00 ] ::1 /myCMS/admin.php?m=Admin&c=Menu&a=add
INFO: [ app_init ] --START--
INFO: Run Behavior\BuildLiteBehavior [ RunTime:0.001000s ]
INFO: [ app_init ] --END-- [ RunTime:0.001000s ]
INFO: [ app_begin ] --START--
INFO: Run Behavior\ReadHtmlCacheBehavior [ RunTime:0.001000s ]
INFO: [ app_begin ] --END-- [ RunTime:0.001000s ]
NOTIC: [8] Undefined index: logintime D:\wamp\www\myCMS\Application\Admin\Controller\BaseController.class.php 第 17 行.
NOTIC: [8192] mysql_connect(): The mysql extension is deprecated and will be removed in the future: use mysqli or PDO instead D:\wamp\www\myCMS\ThinkPHP\Library\Think\Db\Driver\Mysql.class.php 第 52 行.
SQL: SHOW COLUMNS FROM `my_menu` [ RunTime:0.009001s ]
SQL: SELECT * FROM `my_menu` ORDER BY sort asc,id asc  [ RunTime:0.000000s ]
NOTIC: [8] Undefined variable: data D:\wamp\www\myCMS\Application\Admin\Controller\MenuController.class.php 第 64 行.
INFO: [ view_parse ] --START--
INFO: [ template_filter ] --START--
INFO: Run Behavior\ContentReplaceBehavior [ RunTime:0.000000s ]
INFO: [ template_filter ] --END-- [ RunTime:0.001001s ]
INFO: Run Behavior\ParseTemplateBehavior [ RunTime:0.022001s ]
INFO: [ view_parse ] --END-- [ RunTime:0.022001s ]
INFO: [ view_filter ] --START--
INFO: Run Behavior\WriteHtmlCacheBehavior [ RunTime:0.001000s ]
INFO: [ view_filter ] --END-- [ RunTime:0.001000s ]
INFO: [ app_end ] --START--
INFO: Run Behavior\ShowPageTraceBehavior [ RunTime:0.001000s ]
INFO: [ app_end ] --END-- [ RunTime:0.001000s ]

[ 2015-11-17T13:24:11+08:00 ] ::1 /myCMS/admin.php?m=Admin&c=Menu&a=edit
INFO: [ app_init ] --START--
INFO: Run Behavior\BuildLiteBehavior [ RunTime:0.000000s ]
INFO: [ app_init ] --END-- [ RunTime:0.000000s ]
INFO: [ app_begin ] --START--
INFO: Run Behavior\ReadHtmlCacheBehavior [ RunTime:0.000000s ]
INFO: [ app_begin ] --END-- [ RunTime:0.000000s ]
NOTIC: [8] Undefined index: logintime D:\wamp\www\myCMS\Application\Admin\Controller\BaseController.class.php 第 17 行.
NOTIC: [8192] mysql_connect(): The mysql extension is deprecated and will be removed in the future: use mysqli or PDO instead D:\wamp\www\myCMS\ThinkPHP\Library\Think\Db\Driver\Mysql.class.php 第 52 行.
SQL: SHOW COLUMNS FROM `my_menu` [ RunTime:0.003000s ]
SQL: INSERT INTO `my_menu` (`name`,`url`,`pid`,`sort`,`is_left`,`status`,`css`,`note`,`id`,`edittime`) VALUES ('数据库管理','Database/index',6,'0',1,1,'','',0,1447737851) [ RunTime:0.010001s ]

[ 2015-11-17T13:24:12+08:00 ] ::1 /myCMS/admin.php?m=Admin&c=Menu&a=index
INFO: [ app_init ] --START--
INFO: Run Behavior\BuildLiteBehavior [ RunTime:0.000000s ]
INFO: [ app_init ] --END-- [ RunTime:0.001000s ]
INFO: [ app_begin ] --START--
INFO: Run Behavior\ReadHtmlCacheBehavior [ RunTime:0.001000s ]
INFO: [ app_begin ] --END-- [ RunTime:0.001000s ]
NOTIC: [8] Undefined index: logintime D:\wamp\www\myCMS\Application\Admin\Controller\BaseController.class.php 第 17 行.
NOTIC: [8192] mysql_connect(): The mysql extension is deprecated and will be removed in the future: use mysqli or PDO instead D:\wamp\www\myCMS\ThinkPHP\Library\Think\Db\Driver\Mysql.class.php 第 52 行.
SQL: SHOW COLUMNS FROM `my_menu` [ RunTime:0.003000s ]
NOTIC: [8] Undefined variable: where D:\wamp\www\myCMS\Application\Common\Common\common.php 第 24 行.
SQL: SELECT * FROM `my_menu` ORDER BY sort asc,id asc  [ RunTime:0.001000s ]
SQL: SELECT COUNT(*) AS tp_count FROM `my_menu` LIMIT 1   [ RunTime:0.000000s ]
INFO: [ view_parse ] --START--
INFO: [ template_filter ] --START--
INFO: Run Behavior\ContentReplaceBehavior [ RunTime:0.000000s ]
INFO: [ template_filter ] --END-- [ RunTime:0.000000s ]
NOTIC: [8] Use of undefined constant full - assumed 'full' D:\wamp\www\myCMS\Application\Runtime\Cache\Admin\b956215329b6f9aca22277599a4efdfc.php 第 77 行.
NOTIC: [8] Use of undefined constant full - assumed 'full' D:\wamp\www\myCMS\Application\Runtime\Cache\Admin\b956215329b6f9aca22277599a4efdfc.php 第 77 行.
NOTIC: [8] Use of undefined constant full - assumed 'full' D:\wamp\www\myCMS\Application\Runtime\Cache\Admin\b956215329b6f9aca22277599a4efdfc.php 第 77 行.
NOTIC: [8] Use of undefined constant full - assumed 'full' D:\wamp\www\myCMS\Application\Runtime\Cache\Admin\b956215329b6f9aca22277599a4efdfc.php 第 77 行.
NOTIC: [8] Use of undefined constant full - assumed 'full' D:\wamp\www\myCMS\Application\Runtime\Cache\Admin\b956215329b6f9aca22277599a4efdfc.php 第 77 行.
NOTIC: [8] Use of undefined constant full - assumed 'full' D:\wamp\www\myCMS\Application\Runtime\Cache\Admin\b956215329b6f9aca22277599a4efdfc.php 第 77 行.
NOTIC: [8] Use of undefined constant full - assumed 'full' D:\wamp\www\myCMS\Application\Runtime\Cache\Admin\b956215329b6f9aca22277599a4efdfc.php 第 77 行.
NOTIC: [8] Use of undefined constant full - assumed 'full' D:\wamp\www\myCMS\Application\Runtime\Cache\Admin\b956215329b6f9aca22277599a4efdfc.php 第 77 行.
NOTIC: [8] Use of undefined constant full - assumed 'full' D:\wamp\www\myCMS\Application\Runtime\Cache\Admin\b956215329b6f9aca22277599a4efdfc.php 第 77 行.
NOTIC: [8] Use of undefined constant full - assumed 'full' D:\wamp\www\myCMS\Application\Runtime\Cache\Admin\b956215329b6f9aca22277599a4efdfc.php 第 77 行.
NOTIC: [8] Use of undefined constant full - assumed 'full' D:\wamp\www\myCMS\Application\Runtime\Cache\Admin\b956215329b6f9aca22277599a4efdfc.php 第 77 行.
NOTIC: [8] Use of undefined constant full - assumed 'full' D:\wamp\www\myCMS\Application\Runtime\Cache\Admin\b956215329b6f9aca22277599a4efdfc.php 第 77 行.
NOTIC: [8] Use of undefined constant full - assumed 'full' D:\wamp\www\myCMS\Application\Runtime\Cache\Admin\b956215329b6f9aca22277599a4efdfc.php 第 77 行.
NOTIC: [8] Use of undefined constant full - assumed 'full' D:\wamp\www\myCMS\Application\Runtime\Cache\Admin\b956215329b6f9aca22277599a4efdfc.php 第 77 行.
NOTIC: [8] Use of undefined constant full - assumed 'full' D:\wamp\www\myCMS\Application\Runtime\Cache\Admin\b956215329b6f9aca22277599a4efdfc.php 第 77 行.
NOTIC: [8] Use of undefined constant full - assumed 'full' D:\wamp\www\myCMS\Application\Runtime\Cache\Admin\b956215329b6f9aca22277599a4efdfc.php 第 77 行.
NOTIC: [8] Use of undefined constant full - assumed 'full' D:\wamp\www\myCMS\Application\Runtime\Cache\Admin\b956215329b6f9aca22277599a4efdfc.php 第 77 行.
NOTIC: [8] Use of undefined constant full - assumed 'full' D:\wamp\www\myCMS\Application\Runtime\Cache\Admin\b956215329b6f9aca22277599a4efdfc.php 第 77 行.
NOTIC: [8] Use of undefined constant full - assumed 'full' D:\wamp\www\myCMS\Application\Runtime\Cache\Admin\b956215329b6f9aca22277599a4efdfc.php 第 77 行.
NOTIC: [8] Use of undefined constant full - assumed 'full' D:\wamp\www\myCMS\Application\Runtime\Cache\Admin\b956215329b6f9aca22277599a4efdfc.php 第 77 行.
NOTIC: [8] Use of undefined constant full - assumed 'full' D:\wamp\www\myCMS\Application\Runtime\Cache\Admin\b956215329b6f9aca22277599a4efdfc.php 第 77 行.
NOTIC: [8] Use of undefined constant full - assumed 'full' D:\wamp\www\myCMS\Application\Runtime\Cache\Admin\b956215329b6f9aca22277599a4efdfc.php 第 77 行.
NOTIC: [8] Use of undefined constant full - assumed 'full' D:\wamp\www\myCMS\Application\Runtime\Cache\Admin\b956215329b6f9aca22277599a4efdfc.php 第 77 行.
NOTIC: [8] Use of undefined constant full - assumed 'full' D:\wamp\www\myCMS\Application\Runtime\Cache\Admin\b956215329b6f9aca22277599a4efdfc.php 第 77 行.
NOTIC: [8] Use of undefined constant full - assumed 'full' D:\wamp\www\myCMS\Application\Runtime\Cache\Admin\b956215329b6f9aca22277599a4efdfc.php 第 77 行.
NOTIC: [8] Use of undefined constant full - assumed 'full' D:\wamp\www\myCMS\Application\Runtime\Cache\Admin\b956215329b6f9aca22277599a4efdfc.php 第 77 行.
INFO: Run Behavior\ParseTemplateBehavior [ RunTime:0.016001s ]
INFO: [ view_parse ] --END-- [ RunTime:0.017001s ]
INFO: [ view_filter ] --START--
INFO: Run Behavior\WriteHtmlCacheBehavior [ RunTime:0.000000s ]
INFO: [ view_filter ] --END-- [ RunTime:0.000000s ]
INFO: [ app_end ] --START--
INFO: Run Behavior\ShowPageTraceBehavior [ RunTime:0.000000s ]
INFO: [ app_end ] --END-- [ RunTime:0.002000s ]

[ 2015-11-17T13:24:15+08:00 ] ::1 /myCMS/admin.php?m=Admin&c=Index&a=index
INFO: [ app_init ] --START--
INFO: Run Behavior\BuildLiteBehavior [ RunTime:0.000000s ]
INFO: [ app_init ] --END-- [ RunTime:0.001000s ]
INFO: [ app_begin ] --START--
INFO: Run Behavior\ReadHtmlCacheBehavior [ RunTime:0.001000s ]
INFO: [ app_begin ] --END-- [ RunTime:0.002001s ]
NOTIC: [8] Undefined index: logintime D:\wamp\www\myCMS\Application\Admin\Controller\BaseController.class.php 第 17 行.
NOTIC: [8192] mysql_connect(): The mysql extension is deprecated and will be removed in the future: use mysqli or PDO instead D:\wamp\www\myCMS\ThinkPHP\Library\Think\Db\Driver\Mysql.class.php 第 52 行.
SQL: SHOW COLUMNS FROM `my_menu` [ RunTime:0.003000s ]
SQL: SELECT * FROM `my_menu` WHERE `status` = 1 AND `is_left` = 1 ORDER BY sort asc,id asc  [ RunTime:0.002000s ]
INFO: [ view_parse ] --START--
INFO: [ template_filter ] --START--
INFO: Run Behavior\ContentReplaceBehavior [ RunTime:0.000000s ]
INFO: [ template_filter ] --END-- [ RunTime:0.000000s ]
INFO: Run Behavior\ParseTemplateBehavior [ RunTime:0.016000s ]
INFO: [ view_parse ] --END-- [ RunTime:0.018002s ]
INFO: [ view_filter ] --START--
INFO: Run Behavior\WriteHtmlCacheBehavior [ RunTime:0.000000s ]
INFO: [ view_filter ] --END-- [ RunTime:0.000000s ]
INFO: [ app_end ] --START--
INFO: Run Behavior\ShowPageTraceBehavior [ RunTime:0.001000s ]
INFO: [ app_end ] --END-- [ RunTime:0.001000s ]

[ 2015-11-17T13:24:15+08:00 ] ::1 /myCMS/admin.php?m=Admin&c=Index&a=welcome
INFO: [ app_init ] --START--
INFO: Run Behavior\BuildLiteBehavior [ RunTime:0.000000s ]
INFO: [ app_init ] --END-- [ RunTime:0.001000s ]
INFO: [ app_begin ] --START--
INFO: Run Behavior\ReadHtmlCacheBehavior [ RunTime:0.001000s ]
INFO: [ app_begin ] --END-- [ RunTime:0.001000s ]
NOTIC: [8] Undefined index: logintime D:\wamp\www\myCMS\Application\Admin\Controller\BaseController.class.php 第 17 行.
INFO: [ view_parse ] --START--
INFO: [ template_filter ] --START--
INFO: Run Behavior\ContentReplaceBehavior [ RunTime:0.001000s ]
INFO: [ template_filter ] --END-- [ RunTime:0.001000s ]
INFO: Run Behavior\ParseTemplateBehavior [ RunTime:0.017001s ]
INFO: [ view_parse ] --END-- [ RunTime:0.017001s ]
INFO: [ view_filter ] --START--
INFO: Run Behavior\WriteHtmlCacheBehavior [ RunTime:0.001000s ]
INFO: [ view_filter ] --END-- [ RunTime:0.001000s ]
INFO: [ app_end ] --START--
INFO: Run Behavior\ShowPageTraceBehavior [ RunTime:0.001000s ]
INFO: [ app_end ] --END-- [ RunTime:0.001000s ]

[ 2015-11-17T13:24:17+08:00 ] ::1 /myCMS/admin.php?m=Admin&c=Database&a=index
INFO: [ app_init ] --START--
INFO: Run Behavior\BuildLiteBehavior [ RunTime:0.000000s ]
INFO: [ app_init ] --END-- [ RunTime:0.000000s ]
INFO: [ app_begin ] --START--
INFO: Run Behavior\ReadHtmlCacheBehavior [ RunTime:0.000000s ]
INFO: [ app_begin ] --END-- [ RunTime:0.000000s ]
ERR: 无法加载控制器:Database

[ 2015-11-17T13:28:26+08:00 ] ::1 /myCMS/admin.php?m=Admin&c=Database&a=index
INFO: [ app_init ] --START--
INFO: Run Behavior\BuildLiteBehavior [ RunTime:0.000000s ]
INFO: [ app_init ] --END-- [ RunTime:0.000000s ]
INFO: [ app_begin ] --START--
INFO: Run Behavior\ReadHtmlCacheBehavior [ RunTime:0.001000s ]
INFO: [ app_begin ] --END-- [ RunTime:0.001000s ]
NOTIC: [8] Undefined index: logintime D:\wamp\www\myCMS\Application\Admin\Controller\BaseController.class.php 第 17 行.
NOTIC: [8192] mysql_connect(): The mysql extension is deprecated and will be removed in the future: use mysqli or PDO instead D:\wamp\www\myCMS\ThinkPHP\Library\Think\Db\Driver\Mysql.class.php 第 52 行.
SQL: SHOW COLUMNS FROM `my_database` [ RunTime:0.003000s ]
ERR: 1146:Table 'mycms.my_database' doesn't exist
 [ SQL语句 ] : SHOW COLUMNS FROM `my_database`
SQL: SHOW TABLE STATUS FROM mycms [ RunTime:0.037002s ]
INFO: [ view_parse ] --START--
INFO: [ template_filter ] --START--
INFO: Run Behavior\ContentReplaceBehavior [ RunTime:0.001000s ]
INFO: [ template_filter ] --END-- [ RunTime:0.001000s ]
NOTIC: [8] Undefined index: count D:\wamp\www\myCMS\Application\Runtime\Cache\Admin\ccc7b197a1af74c5328156e7d3a8fe0b.php 第 45 行.
NOTIC: [8] Undefined index: data D:\wamp\www\myCMS\Application\Runtime\Cache\Admin\ccc7b197a1af74c5328156e7d3a8fe0b.php 第 66 行.
INFO: Run Behavior\ParseTemplateBehavior [ RunTime:0.012001s ]
INFO: [ view_parse ] --END-- [ RunTime:0.012001s ]
INFO: [ view_filter ] --START--
INFO: Run Behavior\WriteHtmlCacheBehavior [ RunTime:0.001000s ]
INFO: [ view_filter ] --END-- [ RunTime:0.001000s ]
INFO: [ app_end ] --START--
INFO: Run Behavior\ShowPageTraceBehavior [ RunTime:0.000000s ]
INFO: [ app_end ] --END-- [ RunTime:0.000000s ]

[ 2015-11-17T13:33:43+08:00 ] ::1 /myCMS/admin.php?m=Admin&c=Database&a=index
INFO: [ app_init ] --START--
INFO: Run Behavior\BuildLiteBehavior [ RunTime:0.000000s ]
INFO: [ app_init ] --END-- [ RunTime:0.000000s ]
INFO: [ app_begin ] --START--
INFO: Run Behavior\ReadHtmlCacheBehavior [ RunTime:0.001000s ]
INFO: [ app_begin ] --END-- [ RunTime:0.001000s ]
NOTIC: [8] Undefined index: logintime D:\wamp\www\myCMS\Application\Admin\Controller\BaseController.class.php 第 17 行.
NOTIC: [8192] mysql_connect(): The mysql extension is deprecated and will be removed in the future: use mysqli or PDO instead D:\wamp\www\myCMS\ThinkPHP\Library\Think\Db\Driver\Mysql.class.php 第 52 行.
SQL: SHOW COLUMNS FROM `my_database` [ RunTime:0.003000s ]
ERR: 1146:Table 'mycms.my_database' doesn't exist
 [ SQL语句 ] : SHOW COLUMNS FROM `my_database`
SQL: SHOW TABLE STATUS FROM mycms [ RunTime:0.001000s ]
INFO: [ view_parse ] --START--
INFO: [ template_filter ] --START--
INFO: Run Behavior\ContentReplaceBehavior [ RunTime:0.000000s ]
INFO: [ template_filter ] --END-- [ RunTime:0.000000s ]
NOTIC: [8] Undefined index: count D:\wamp\www\myCMS\Application\Runtime\Cache\Admin\ccc7b197a1af74c5328156e7d3a8fe0b.php 第 45 行.
NOTIC: [8] Undefined index: id D:\wamp\www\myCMS\Application\Runtime\Cache\Admin\ccc7b197a1af74c5328156e7d3a8fe0b.php 第 67 行.

[ 2015-11-17T13:34:02+08:00 ] ::1 /myCMS/admin.php?m=Admin&c=Database&a=index
INFO: [ app_init ] --START--
INFO: Run Behavior\BuildLiteBehavior [ RunTime:0.000000s ]
INFO: [ app_init ] --END-- [ RunTime:0.001000s ]
INFO: [ app_begin ] --START--
INFO: Run Behavior\ReadHtmlCacheBehavior [ RunTime:0.001001s ]
INFO: [ app_begin ] --END-- [ RunTime:0.001001s ]
NOTIC: [8] Undefined index: logintime D:\wamp\www\myCMS\Application\Admin\Controller\BaseController.class.php 第 17 行.
NOTIC: [8192] mysql_connect(): The mysql extension is deprecated and will be removed in the future: use mysqli or PDO instead D:\wamp\www\myCMS\ThinkPHP\Library\Think\Db\Driver\Mysql.class.php 第 52 行.
SQL: SHOW COLUMNS FROM `my_database` [ RunTime:0.001000s ]
ERR: 1146:Table 'mycms.my_database' doesn't exist
 [ SQL语句 ] : SHOW COLUMNS FROM `my_database`
SQL: SHOW TABLE STATUS FROM mycms [ RunTime:0.001000s ]
INFO: [ view_parse ] --START--
INFO: [ template_filter ] --START--
INFO: Run Behavior\ContentReplaceBehavior [ RunTime:0.000000s ]
INFO: [ template_filter ] --END-- [ RunTime:0.000000s ]
NOTIC: [8] Undefined index: count D:\wamp\www\myCMS\Application\Runtime\Cache\Admin\ccc7b197a1af74c5328156e7d3a8fe0b.php 第 45 行.
NOTIC: [8] Undefined index: id D:\wamp\www\myCMS\Application\Runtime\Cache\Admin\ccc7b197a1af74c5328156e7d3a8fe0b.php 第 67 行.
NOTIC: [8] Undefined index: id D:\wamp\www\myCMS\Application\Runtime\Cache\Admin\ccc7b197a1af74c5328156e7d3a8fe0b.php 第 80 行.
NOTIC: [8] Undefined index: id D:\wamp\www\myCMS\Application\Runtime\Cache\Admin\ccc7b197a1af74c5328156e7d3a8fe0b.php 第 67 行.
NOTIC: [8] Undefined index: id D:\wamp\www\myCMS\Application\Runtime\Cache\Admin\ccc7b197a1af74c5328156e7d3a8fe0b.php 第 80 行.
NOTIC: [8] Undefined index: id D:\wamp\www\myCMS\Application\Runtime\Cache\Admin\ccc7b197a1af74c5328156e7d3a8fe0b.php 第 67 行.
NOTIC: [8] Undefined index: id D:\wamp\www\myCMS\Application\Runtime\Cache\Admin\ccc7b197a1af74c5328156e7d3a8fe0b.php 第 80 行.
NOTIC: [8] Undefined index: id D:\wamp\www\myCMS\Application\Runtime\Cache\Admin\ccc7b197a1af74c5328156e7d3a8fe0b.php 第 67 行.
NOTIC: [8] Undefined index: id D:\wamp\www\myCMS\Application\Runtime\Cache\Admin\ccc7b197a1af74c5328156e7d3a8fe0b.php 第 80 行.
NOTIC: [8] Undefined index: id D:\wamp\www\myCMS\Application\Runtime\Cache\Admin\ccc7b197a1af74c5328156e7d3a8fe0b.php 第 67 行.
NOTIC: [8] Undefined index: id D:\wamp\www\myCMS\Application\Runtime\Cache\Admin\ccc7b197a1af74c5328156e7d3a8fe0b.php 第 80 行.
NOTIC: [8] Undefined index: id D:\wamp\www\myCMS\Application\Runtime\Cache\Admin\ccc7b197a1af74c5328156e7d3a8fe0b.php 第 67 行.
NOTIC: [8] Undefined index: id D:\wamp\www\myCMS\Application\Runtime\Cache\Admin\ccc7b197a1af74c5328156e7d3a8fe0b.php 第 80 行.
NOTIC: [8] Undefined index: id D:\wamp\www\myCMS\Application\Runtime\Cache\Admin\ccc7b197a1af74c5328156e7d3a8fe0b.php 第 67 行.
NOTIC: [8] Undefined index: id D:\wamp\www\myCMS\Application\Runtime\Cache\Admin\ccc7b197a1af74c5328156e7d3a8fe0b.php 第 80 行.
NOTIC: [8] Undefined index: id D:\wamp\www\myCMS\Application\Runtime\Cache\Admin\ccc7b197a1af74c5328156e7d3a8fe0b.php 第 67 行.
NOTIC: [8] Undefined index: id D:\wamp\www\myCMS\Application\Runtime\Cache\Admin\ccc7b197a1af74c5328156e7d3a8fe0b.php 第 80 行.
NOTIC: [8] Undefined index: id D:\wamp\www\myCMS\Application\Runtime\Cache\Admin\ccc7b197a1af74c5328156e7d3a8fe0b.php 第 67 行.
NOTIC: [8] Undefined index: id D:\wamp\www\myCMS\Application\Runtime\Cache\Admin\ccc7b197a1af74c5328156e7d3a8fe0b.php 第 80 行.
NOTIC: [8] Undefined index: id D:\wamp\www\myCMS\Application\Runtime\Cache\Admin\ccc7b197a1af74c5328156e7d3a8fe0b.php 第 67 行.
NOTIC: [8] Undefined index: id D:\wamp\www\myCMS\Application\Runtime\Cache\Admin\ccc7b197a1af74c5328156e7d3a8fe0b.php 第 80 行.
NOTIC: [8] Undefined index: id D:\wamp\www\myCMS\Application\Runtime\Cache\Admin\ccc7b197a1af74c5328156e7d3a8fe0b.php 第 67 行.
NOTIC: [8] Undefined index: id D:\wamp\www\myCMS\Application\Runtime\Cache\Admin\ccc7b197a1af74c5328156e7d3a8fe0b.php 第 80 行.
NOTIC: [8] Undefined index: id D:\wamp\www\myCMS\Application\Runtime\Cache\Admin\ccc7b197a1af74c5328156e7d3a8fe0b.php 第 67 行.
NOTIC: [8] Undefined index: id D:\wamp\www\myCMS\Application\Runtime\Cache\Admin\ccc7b197a1af74c5328156e7d3a8fe0b.php 第 80 行.
INFO: Run Behavior\ParseTemplateBehavior [ RunTime:0.011001s ]
INFO: [ view_parse ] --END-- [ RunTime:0.011001s ]
INFO: [ view_filter ] --START--
INFO: Run Behavior\WriteHtmlCacheBehavior [ RunTime:0.001000s ]
INFO: [ view_filter ] --END-- [ RunTime:0.001000s ]
INFO: [ app_end ] --START--
INFO: Run Behavior\ShowPageTraceBehavior [ RunTime:0.001000s ]
INFO: [ app_end ] --END-- [ RunTime:0.001000s ]

[ 2015-11-17T13:36:12+08:00 ] ::1 /myCMS/admin.php?m=Admin&c=Database&a=index
INFO: [ app_init ] --START--
INFO: Run Behavior\BuildLiteBehavior [ RunTime:0.000000s ]
INFO: [ app_init ] --END-- [ RunTime:0.000000s ]
INFO: [ app_begin ] --START--
INFO: Run Behavior\ReadHtmlCacheBehavior [ RunTime:0.001000s ]
INFO: [ app_begin ] --END-- [ RunTime:0.001000s ]
NOTIC: [8] Undefined index: logintime D:\wamp\www\myCMS\Application\Admin\Controller\BaseController.class.php 第 17 行.
NOTIC: [8192] mysql_connect(): The mysql extension is deprecated and will be removed in the future: use mysqli or PDO instead D:\wamp\www\myCMS\ThinkPHP\Library\Think\Db\Driver\Mysql.class.php 第 52 行.
SQL: SHOW COLUMNS FROM `my_database` [ RunTime:0.003000s ]
ERR: 1146:Table 'mycms.my_database' doesn't exist
 [ SQL语句 ] : SHOW COLUMNS FROM `my_database`
SQL: SHOW TABLE STATUS FROM mycms [ RunTime:0.001000s ]
INFO: [ view_parse ] --START--
INFO: [ template_filter ] --START--
INFO: Run Behavior\ContentReplaceBehavior [ RunTime:0.001000s ]
INFO: [ template_filter ] --END-- [ RunTime:0.001000s ]
NOTIC: [8] Undefined index: count D:\wamp\www\myCMS\Application\Runtime\Cache\Admin\ccc7b197a1af74c5328156e7d3a8fe0b.php 第 45 行.
NOTIC: [8] Undefined index: id D:\wamp\www\myCMS\Application\Runtime\Cache\Admin\ccc7b197a1af74c5328156e7d3a8fe0b.php 第 67 行.
NOTIC: [8] Undefined index: id D:\wamp\www\myCMS\Application\Runtime\Cache\Admin\ccc7b197a1af74c5328156e7d3a8fe0b.php 第 80 行.
NOTIC: [8] Undefined index: id D:\wamp\www\myCMS\Application\Runtime\Cache\Admin\ccc7b197a1af74c5328156e7d3a8fe0b.php 第 67 行.
NOTIC: [8] Undefined index: id D:\wamp\www\myCMS\Application\Runtime\Cache\Admin\ccc7b197a1af74c5328156e7d3a8fe0b.php 第 80 行.
NOTIC: [8] Undefined index: id D:\wamp\www\myCMS\Application\Runtime\Cache\Admin\ccc7b197a1af74c5328156e7d3a8fe0b.php 第 67 行.
NOTIC: [8] Undefined index: id D:\wamp\www\myCMS\Application\Runtime\Cache\Admin\ccc7b197a1af74c5328156e7d3a8fe0b.php 第 80 行.
NOTIC: [8] Undefined index: id D:\wamp\www\myCMS\Application\Runtime\Cache\Admin\ccc7b197a1af74c5328156e7d3a8fe0b.php 第 67 行.
NOTIC: [8] Undefined index: id D:\wamp\www\myCMS\Application\Runtime\Cache\Admin\ccc7b197a1af74c5328156e7d3a8fe0b.php 第 80 行.
NOTIC: [8] Undefined index: id D:\wamp\www\myCMS\Application\Runtime\Cache\Admin\ccc7b197a1af74c5328156e7d3a8fe0b.php 第 67 行.
NOTIC: [8] Undefined index: id D:\wamp\www\myCMS\Application\Runtime\Cache\Admin\ccc7b197a1af74c5328156e7d3a8fe0b.php 第 80 行.
NOTIC: [8] Undefined index: id D:\wamp\www\myCMS\Application\Runtime\Cache\Admin\ccc7b197a1af74c5328156e7d3a8fe0b.php 第 67 行.
NOTIC: [8] Undefined index: id D:\wamp\www\myCMS\Application\Runtime\Cache\Admin\ccc7b197a1af74c5328156e7d3a8fe0b.php 第 80 行.
NOTIC: [8] Undefined index: id D:\wamp\www\myCMS\Application\Runtime\Cache\Admin\ccc7b197a1af74c5328156e7d3a8fe0b.php 第 67 行.
NOTIC: [8] Undefined index: id D:\wamp\www\myCMS\Application\Runtime\Cache\Admin\ccc7b197a1af74c5328156e7d3a8fe0b.php 第 80 行.
NOTIC: [8] Undefined index: id D:\wamp\www\myCMS\Application\Runtime\Cache\Admin\ccc7b197a1af74c5328156e7d3a8fe0b.php 第 67 行.
NOTIC: [8] Undefined index: id D:\wamp\www\myCMS\Application\Runtime\Cache\Admin\ccc7b197a1af74c5328156e7d3a8fe0b.php 第 80 行.
NOTIC: [8] Undefined index: id D:\wamp\www\myCMS\Application\Runtime\Cache\Admin\ccc7b197a1af74c5328156e7d3a8fe0b.php 第 67 行.
NOTIC: [8] Undefined index: id D:\wamp\www\myCMS\Application\Runtime\Cache\Admin\ccc7b197a1af74c5328156e7d3a8fe0b.php 第 80 行.
NOTIC: [8] Undefined index: id D:\wamp\www\myCMS\Application\Runtime\Cache\Admin\ccc7b197a1af74c5328156e7d3a8fe0b.php 第 67 行.
NOTIC: [8] Undefined index: id D:\wamp\www\myCMS\Application\Runtime\Cache\Admin\ccc7b197a1af74c5328156e7d3a8fe0b.php 第 80 行.
NOTIC: [8] Undefined index: id D:\wamp\www\myCMS\Application\Runtime\Cache\Admin\ccc7b197a1af74c5328156e7d3a8fe0b.php 第 67 行.
NOTIC: [8] Undefined index: id D:\wamp\www\myCMS\Application\Runtime\Cache\Admin\ccc7b197a1af74c5328156e7d3a8fe0b.php 第 80 行.
NOTIC: [8] Undefined index: id D:\wamp\www\myCMS\Application\Runtime\Cache\Admin\ccc7b197a1af74c5328156e7d3a8fe0b.php 第 67 行.
NOTIC: [8] Undefined index: id D:\wamp\www\myCMS\Application\Runtime\Cache\Admin\ccc7b197a1af74c5328156e7d3a8fe0b.php 第 80 行.
INFO: Run Behavior\ParseTemplateBehavior [ RunTime:0.021001s ]
INFO: [ view_parse ] --END-- [ RunTime:0.021001s ]
INFO: [ view_filter ] --START--
INFO: Run Behavior\WriteHtmlCacheBehavior [ RunTime:0.000000s ]
INFO: [ view_filter ] --END-- [ RunTime:0.000000s ]
INFO: [ app_end ] --START--
INFO: Run Behavior\ShowPageTraceBehavior [ RunTime:0.000000s ]
INFO: [ app_end ] --END-- [ RunTime:0.001001s ]

[ 2015-11-17T13:36:47+08:00 ] ::1 /myCMS/admin.php?m=Admin&c=Database&a=index
INFO: [ app_init ] --START--
INFO: Run Behavior\BuildLiteBehavior [ RunTime:0.000000s ]
INFO: [ app_init ] --END-- [ RunTime:0.000000s ]
INFO: [ app_begin ] --START--
INFO: Run Behavior\ReadHtmlCacheBehavior [ RunTime:0.000000s ]
INFO: [ app_begin ] --END-- [ RunTime:0.001001s ]
NOTIC: [8] Undefined index: logintime D:\wamp\www\myCMS\Application\Admin\Controller\BaseController.class.php 第 17 行.
NOTIC: [8192] mysql_connect(): The mysql extension is deprecated and will be removed in the future: use mysqli or PDO instead D:\wamp\www\myCMS\ThinkPHP\Library\Think\Db\Driver\Mysql.class.php 第 52 行.
SQL: SHOW COLUMNS FROM `my_database` [ RunTime:0.002000s ]
ERR: 1146:Table 'mycms.my_database' doesn't exist
 [ SQL语句 ] : SHOW COLUMNS FROM `my_database`
SQL: SHOW TABLE STATUS FROM mycms [ RunTime:0.001000s ]
INFO: [ view_parse ] --START--
INFO: [ template_filter ] --START--
INFO: Run Behavior\ContentReplaceBehavior [ RunTime:0.000000s ]
INFO: [ template_filter ] --END-- [ RunTime:0.001000s ]
NOTIC: [8] Undefined index: count D:\wamp\www\myCMS\Application\Runtime\Cache\Admin\ccc7b197a1af74c5328156e7d3a8fe0b.php 第 45 行.
NOTIC: [8] Undefined index: id D:\wamp\www\myCMS\Application\Runtime\Cache\Admin\ccc7b197a1af74c5328156e7d3a8fe0b.php 第 67 行.
NOTIC: [8] Undefined index: id D:\wamp\www\myCMS\Application\Runtime\Cache\Admin\ccc7b197a1af74c5328156e7d3a8fe0b.php 第 80 行.
NOTIC: [8] Undefined index: id D:\wamp\www\myCMS\Application\Runtime\Cache\Admin\ccc7b197a1af74c5328156e7d3a8fe0b.php 第 67 行.
NOTIC: [8] Undefined index: id D:\wamp\www\myCMS\Application\Runtime\Cache\Admin\ccc7b197a1af74c5328156e7d3a8fe0b.php 第 80 行.
NOTIC: [8] Undefined index: id D:\wamp\www\myCMS\Application\Runtime\Cache\Admin\ccc7b197a1af74c5328156e7d3a8fe0b.php 第 67 行.
NOTIC: [8] Undefined index: id D:\wamp\www\myCMS\Application\Runtime\Cache\Admin\ccc7b197a1af74c5328156e7d3a8fe0b.php 第 80 行.
NOTIC: [8] Undefined index: id D:\wamp\www\myCMS\Application\Runtime\Cache\Admin\ccc7b197a1af74c5328156e7d3a8fe0b.php 第 67 行.
NOTIC: [8] Undefined index: id D:\wamp\www\myCMS\Application\Runtime\Cache\Admin\ccc7b197a1af74c5328156e7d3a8fe0b.php 第 80 行.
NOTIC: [8] Undefined index: id D:\wamp\www\myCMS\Application\Runtime\Cache\Admin\ccc7b197a1af74c5328156e7d3a8fe0b.php 第 67 行.
NOTIC: [8] Undefined index: id D:\wamp\www\myCMS\Application\Runtime\Cache\Admin\ccc7b197a1af74c5328156e7d3a8fe0b.php 第 80 行.
NOTIC: [8] Undefined index: id D:\wamp\www\myCMS\Application\Runtime\Cache\Admin\ccc7b197a1af74c5328156e7d3a8fe0b.php 第 67 行.
NOTIC: [8] Undefined index: id D:\wamp\www\myCMS\Application\Runtime\Cache\Admin\ccc7b197a1af74c5328156e7d3a8fe0b.php 第 80 行.
NOTIC: [8] Undefined index: id D:\wamp\www\myCMS\Application\Runtime\Cache\Admin\ccc7b197a1af74c5328156e7d3a8fe0b.php 第 67 行.
NOTIC: [8] Undefined index: id D:\wamp\www\myCMS\Application\Runtime\Cache\Admin\ccc7b197a1af74c5328156e7d3a8fe0b.php 第 80 行.
NOTIC: [8] Undefined index: id D:\wamp\www\myCMS\Application\Runtime\Cache\Admin\ccc7b197a1af74c5328156e7d3a8fe0b.php 第 67 行.
NOTIC: [8] Undefined index: id D:\wamp\www\myCMS\Application\Runtime\Cache\Admin\ccc7b197a1af74c5328156e7d3a8fe0b.php 第 80 行.
NOTIC: [8] Undefined index: id D:\wamp\www\myCMS\Application\Runtime\Cache\Admin\ccc7b197a1af74c5328156e7d3a8fe0b.php 第 67 行.
NOTIC: [8] Undefined index: id D:\wamp\www\myCMS\Application\Runtime\Cache\Admin\ccc7b197a1af74c5328156e7d3a8fe0b.php 第 80 行.
NOTIC: [8] Undefined index: id D:\wamp\www\myCMS\Application\Runtime\Cache\Admin\ccc7b197a1af74c5328156e7d3a8fe0b.php 第 67 行.
NOTIC: [8] Undefined index: id D:\wamp\www\myCMS\Application\Runtime\Cache\Admin\ccc7b197a1af74c5328156e7d3a8fe0b.php 第 80 行.
NOTIC: [8] Undefined index: id D:\wamp\www\myCMS\Application\Runtime\Cache\Admin\ccc7b197a1af74c5328156e7d3a8fe0b.php 第 67 行.
NOTIC: [8] Undefined index: id D:\wamp\www\myCMS\Application\Runtime\Cache\Admin\ccc7b197a1af74c5328156e7d3a8fe0b.php 第 80 行.
NOTIC: [8] Undefined index: id D:\wamp\www\myCMS\Application\Runtime\Cache\Admin\ccc7b197a1af74c5328156e7d3a8fe0b.php 第 67 行.
NOTIC: [8] Undefined index: id D:\wamp\www\myCMS\Application\Runtime\Cache\Admin\ccc7b197a1af74c5328156e7d3a8fe0b.php 第 80 行.
INFO: Run Behavior\ParseTemplateBehavior [ RunTime:0.011001s ]
INFO: [ view_parse ] --END-- [ RunTime:0.011001s ]
INFO: [ view_filter ] --START--
INFO: Run Behavior\WriteHtmlCacheBehavior [ RunTime:0.000000s ]
INFO: [ view_filter ] --END-- [ RunTime:0.000000s ]
INFO: [ app_end ] --START--
INFO: Run Behavior\ShowPageTraceBehavior [ RunTime:0.001000s ]
INFO: [ app_end ] --END-- [ RunTime:0.001000s ]

[ 2015-11-17T13:38:15+08:00 ] ::1 /myCMS/admin.php?m=Admin&c=Database&a=index
INFO: [ app_init ] --START--
INFO: Run Behavior\BuildLiteBehavior [ RunTime:0.000000s ]
INFO: [ app_init ] --END-- [ RunTime:0.001000s ]
INFO: [ app_begin ] --START--
INFO: Run Behavior\ReadHtmlCacheBehavior [ RunTime:0.000000s ]
INFO: [ app_begin ] --END-- [ RunTime:0.001001s ]
NOTIC: [8] Undefined index: logintime D:\wamp\www\myCMS\Application\Admin\Controller\BaseController.class.php 第 17 行.
NOTIC: [8192] mysql_connect(): The mysql extension is deprecated and will be removed in the future: use mysqli or PDO instead D:\wamp\www\myCMS\ThinkPHP\Library\Think\Db\Driver\Mysql.class.php 第 52 行.
SQL: SHOW COLUMNS FROM `my_database` [ RunTime:0.002000s ]
ERR: 1146:Table 'mycms.my_database' doesn't exist
 [ SQL语句 ] : SHOW COLUMNS FROM `my_database`
SQL: SHOW TABLE STATUS FROM mycms [ RunTime:0.001000s ]
INFO: [ view_parse ] --START--
INFO: [ template_filter ] --START--
INFO: Run Behavior\ContentReplaceBehavior [ RunTime:0.000000s ]
INFO: [ template_filter ] --END-- [ RunTime:0.000000s ]
NOTIC: [8] Undefined index: count D:\wamp\www\myCMS\Application\Runtime\Cache\Admin\ccc7b197a1af74c5328156e7d3a8fe0b.php 第 45 行.
NOTIC: [8] Undefined index: id D:\wamp\www\myCMS\Application\Runtime\Cache\Admin\ccc7b197a1af74c5328156e7d3a8fe0b.php 第 68 行.
NOTIC: [8] Undefined index: id D:\wamp\www\myCMS\Application\Runtime\Cache\Admin\ccc7b197a1af74c5328156e7d3a8fe0b.php 第 82 行.
NOTIC: [8] Undefined index: id D:\wamp\www\myCMS\Application\Runtime\Cache\Admin\ccc7b197a1af74c5328156e7d3a8fe0b.php 第 68 行.
NOTIC: [8] Undefined index: id D:\wamp\www\myCMS\Application\Runtime\Cache\Admin\ccc7b197a1af74c5328156e7d3a8fe0b.php 第 82 行.
NOTIC: [8] Undefined index: id D:\wamp\www\myCMS\Application\Runtime\Cache\Admin\ccc7b197a1af74c5328156e7d3a8fe0b.php 第 68 行.
NOTIC: [8] Undefined index: id D:\wamp\www\myCMS\Application\Runtime\Cache\Admin\ccc7b197a1af74c5328156e7d3a8fe0b.php 第 82 行.
NOTIC: [8] Undefined index: id D:\wamp\www\myCMS\Application\Runtime\Cache\Admin\ccc7b197a1af74c5328156e7d3a8fe0b.php 第 68 行.
NOTIC: [8] Undefined index: id D:\wamp\www\myCMS\Application\Runtime\Cache\Admin\ccc7b197a1af74c5328156e7d3a8fe0b.php 第 82 行.
NOTIC: [8] Undefined index: id D:\wamp\www\myCMS\Application\Runtime\Cache\Admin\ccc7b197a1af74c5328156e7d3a8fe0b.php 第 68 行.
NOTIC: [8] Undefined index: id D:\wamp\www\myCMS\Application\Runtime\Cache\Admin\ccc7b197a1af74c5328156e7d3a8fe0b.php 第 82 行.
NOTIC: [8] Undefined index: id D:\wamp\www\myCMS\Application\Runtime\Cache\Admin\ccc7b197a1af74c5328156e7d3a8fe0b.php 第 68 行.
NOTIC: [8] Undefined index: id D:\wamp\www\myCMS\Application\Runtime\Cache\Admin\ccc7b197a1af74c5328156e7d3a8fe0b.php 第 82 行.
NOTIC: [8] Undefined index: id D:\wamp\www\myCMS\Application\Runtime\Cache\Admin\ccc7b197a1af74c5328156e7d3a8fe0b.php 第 68 行.
NOTIC: [8] Undefined index: id D:\wamp\www\myCMS\Application\Runtime\Cache\Admin\ccc7b197a1af74c5328156e7d3a8fe0b.php 第 82 行.
NOTIC: [8] Undefined index: id D:\wamp\www\myCMS\Application\Runtime\Cache\Admin\ccc7b197a1af74c5328156e7d3a8fe0b.php 第 68 行.
NOTIC: [8] Undefined index: id D:\wamp\www\myCMS\Application\Runtime\Cache\Admin\ccc7b197a1af74c5328156e7d3a8fe0b.php 第 82 行.
NOTIC: [8] Undefined index: id D:\wamp\www\myCMS\Application\Runtime\Cache\Admin\ccc7b197a1af74c5328156e7d3a8fe0b.php 第 68 行.
NOTIC: [8] Undefined index: id D:\wamp\www\myCMS\Application\Runtime\Cache\Admin\ccc7b197a1af74c5328156e7d3a8fe0b.php 第 82 行.
NOTIC: [8] Undefined index: id D:\wamp\www\myCMS\Application\Runtime\Cache\Admin\ccc7b197a1af74c5328156e7d3a8fe0b.php 第 68 行.
NOTIC: [8] Undefined index: id D:\wamp\www\myCMS\Application\Runtime\Cache\Admin\ccc7b197a1af74c5328156e7d3a8fe0b.php 第 82 行.
NOTIC: [8] Undefined index: id D:\wamp\www\myCMS\Application\Runtime\Cache\Admin\ccc7b197a1af74c5328156e7d3a8fe0b.php 第 68 行.
NOTIC: [8] Undefined index: id D:\wamp\www\myCMS\Application\Runtime\Cache\Admin\ccc7b197a1af74c5328156e7d3a8fe0b.php 第 82 行.
NOTIC: [8] Undefined index: id D:\wamp\www\myCMS\Application\Runtime\Cache\Admin\ccc7b197a1af74c5328156e7d3a8fe0b.php 第 68 行.
NOTIC: [8] Undefined index: id D:\wamp\www\myCMS\Application\Runtime\Cache\Admin\ccc7b197a1af74c5328156e7d3a8fe0b.php 第 82 行.
INFO: Run Behavior\ParseTemplateBehavior [ RunTime:0.011001s ]
INFO: [ view_parse ] --END-- [ RunTime:0.011001s ]
INFO: [ view_filter ] --START--
INFO: Run Behavior\WriteHtmlCacheBehavior [ RunTime:0.000000s ]
INFO: [ view_filter ] --END-- [ RunTime:0.000000s ]
INFO: [ app_end ] --START--
INFO: Run Behavior\ShowPageTraceBehavior [ RunTime:0.001000s ]
INFO: [ app_end ] --END-- [ RunTime:0.001000s ]

[ 2015-11-17T13:40:41+08:00 ] ::1 /myCMS/admin.php?m=Admin&c=Database&a=index
INFO: [ app_init ] --START--
INFO: Run Behavior\BuildLiteBehavior [ RunTime:0.000000s ]
INFO: [ app_init ] --END-- [ RunTime:0.000000s ]
INFO: [ app_begin ] --START--
INFO: Run Behavior\ReadHtmlCacheBehavior [ RunTime:0.001000s ]
INFO: [ app_begin ] --END-- [ RunTime:0.001000s ]
NOTIC: [8] Undefined index: logintime D:\wamp\www\myCMS\Application\Admin\Controller\BaseController.class.php 第 17 行.
NOTIC: [8192] mysql_connect(): The mysql extension is deprecated and will be removed in the future: use mysqli or PDO instead D:\wamp\www\myCMS\ThinkPHP\Library\Think\Db\Driver\Mysql.class.php 第 52 行.
SQL: SHOW COLUMNS FROM `my_database` [ RunTime:0.002000s ]
ERR: 1146:Table 'mycms.my_database' doesn't exist
 [ SQL语句 ] : SHOW COLUMNS FROM `my_database`
SQL: SHOW TABLE STATUS FROM mycms [ RunTime:0.001000s ]
INFO: [ view_parse ] --START--
INFO: [ template_filter ] --START--
INFO: Run Behavior\ContentReplaceBehavior [ RunTime:0.000000s ]
INFO: [ template_filter ] --END-- [ RunTime:0.000000s ]

[ 2015-11-17T13:40:51+08:00 ] ::1 /myCMS/admin.php?m=Admin&c=Database&a=index
INFO: [ app_init ] --START--
INFO: Run Behavior\BuildLiteBehavior [ RunTime:0.000000s ]
INFO: [ app_init ] --END-- [ RunTime:0.001000s ]
INFO: [ app_begin ] --START--
INFO: Run Behavior\ReadHtmlCacheBehavior [ RunTime:0.001000s ]
INFO: [ app_begin ] --END-- [ RunTime:0.002000s ]
NOTIC: [8] Undefined index: logintime D:\wamp\www\myCMS\Application\Admin\Controller\BaseController.class.php 第 17 行.
NOTIC: [8192] mysql_connect(): The mysql extension is deprecated and will be removed in the future: use mysqli or PDO instead D:\wamp\www\myCMS\ThinkPHP\Library\Think\Db\Driver\Mysql.class.php 第 52 行.
SQL: SHOW COLUMNS FROM `my_database` [ RunTime:0.002000s ]
ERR: 1146:Table 'mycms.my_database' doesn't exist
 [ SQL语句 ] : SHOW COLUMNS FROM `my_database`
SQL: SHOW TABLE STATUS FROM mycms [ RunTime:0.001000s ]
INFO: [ view_parse ] --START--
INFO: [ template_filter ] --START--
INFO: Run Behavior\ContentReplaceBehavior [ RunTime:0.000000s ]
INFO: [ template_filter ] --END-- [ RunTime:0.000000s ]
NOTIC: [8] Undefined index: count D:\wamp\www\myCMS\Application\Runtime\Cache\Admin\ccc7b197a1af74c5328156e7d3a8fe0b.php 第 45 行.
NOTIC: [8] Undefined index: id D:\wamp\www\myCMS\Application\Runtime\Cache\Admin\ccc7b197a1af74c5328156e7d3a8fe0b.php 第 70 行.
NOTIC: [8] A non well formed numeric value encountered D:\wamp\www\myCMS\Application\Common\Common\common.php 第 89 行.
NOTIC: [8] Undefined index: id D:\wamp\www\myCMS\Application\Runtime\Cache\Admin\ccc7b197a1af74c5328156e7d3a8fe0b.php 第 86 行.
NOTIC: [8] Undefined index: id D:\wamp\www\myCMS\Application\Runtime\Cache\Admin\ccc7b197a1af74c5328156e7d3a8fe0b.php 第 70 行.
NOTIC: [8] A non well formed numeric value encountered D:\wamp\www\myCMS\Application\Common\Common\common.php 第 89 行.
NOTIC: [8] Undefined index: id D:\wamp\www\myCMS\Application\Runtime\Cache\Admin\ccc7b197a1af74c5328156e7d3a8fe0b.php 第 86 行.
NOTIC: [8] Undefined index: id D:\wamp\www\myCMS\Application\Runtime\Cache\Admin\ccc7b197a1af74c5328156e7d3a8fe0b.php 第 70 行.
NOTIC: [8] A non well formed numeric value encountered D:\wamp\www\myCMS\Application\Common\Common\common.php 第 89 行.
NOTIC: [8] Undefined index: id D:\wamp\www\myCMS\Application\Runtime\Cache\Admin\ccc7b197a1af74c5328156e7d3a8fe0b.php 第 86 行.
NOTIC: [8] Undefined index: id D:\wamp\www\myCMS\Application\Runtime\Cache\Admin\ccc7b197a1af74c5328156e7d3a8fe0b.php 第 70 行.
NOTIC: [8] A non well formed numeric value encountered D:\wamp\www\myCMS\Application\Common\Common\common.php 第 89 行.
NOTIC: [8] Undefined index: id D:\wamp\www\myCMS\Application\Runtime\Cache\Admin\ccc7b197a1af74c5328156e7d3a8fe0b.php 第 86 行.
NOTIC: [8] Undefined index: id D:\wamp\www\myCMS\Application\Runtime\Cache\Admin\ccc7b197a1af74c5328156e7d3a8fe0b.php 第 70 行.
NOTIC: [8] A non well formed numeric value encountered D:\wamp\www\myCMS\Application\Common\Common\common.php 第 89 行.
NOTIC: [8] Undefined index: id D:\wamp\www\myCMS\Application\Runtime\Cache\Admin\ccc7b197a1af74c5328156e7d3a8fe0b.php 第 86 行.
NOTIC: [8] Undefined index: id D:\wamp\www\myCMS\Application\Runtime\Cache\Admin\ccc7b197a1af74c5328156e7d3a8fe0b.php 第 70 行.
NOTIC: [8] A non well formed numeric value encountered D:\wamp\www\myCMS\Application\Common\Common\common.php 第 89 行.
NOTIC: [8] Undefined index: id D:\wamp\www\myCMS\Application\Runtime\Cache\Admin\ccc7b197a1af74c5328156e7d3a8fe0b.php 第 86 行.
NOTIC: [8] Undefined index: id D:\wamp\www\myCMS\Application\Runtime\Cache\Admin\ccc7b197a1af74c5328156e7d3a8fe0b.php 第 70 行.
NOTIC: [8] A non well formed numeric value encountered D:\wamp\www\myCMS\Application\Common\Common\common.php 第 89 行.
NOTIC: [8] Undefined index: id D:\wamp\www\myCMS\Application\Runtime\Cache\Admin\ccc7b197a1af74c5328156e7d3a8fe0b.php 第 86 行.
NOTIC: [8] Undefined index: id D:\wamp\www\myCMS\Application\Runtime\Cache\Admin\ccc7b197a1af74c5328156e7d3a8fe0b.php 第 70 行.
NOTIC: [8] A non well formed numeric value encountered D:\wamp\www\myCMS\Application\Common\Common\common.php 第 89 行.
NOTIC: [8] Undefined index: id D:\wamp\www\myCMS\Application\Runtime\Cache\Admin\ccc7b197a1af74c5328156e7d3a8fe0b.php 第 86 行.
NOTIC: [8] Undefined index: id D:\wamp\www\myCMS\Application\Runtime\Cache\Admin\ccc7b197a1af74c5328156e7d3a8fe0b.php 第 70 行.
NOTIC: [8] A non well formed numeric value encountered D:\wamp\www\myCMS\Application\Common\Common\common.php 第 89 行.
NOTIC: [8] Undefined index: id D:\wamp\www\myCMS\Application\Runtime\Cache\Admin\ccc7b197a1af74c5328156e7d3a8fe0b.php 第 86 行.
NOTIC: [8] Undefined index: id D:\wamp\www\myCMS\Application\Runtime\Cache\Admin\ccc7b197a1af74c5328156e7d3a8fe0b.php 第 70 行.
NOTIC: [8] A non well formed numeric value encountered D:\wamp\www\myCMS\Application\Common\Common\common.php 第 89 行.
NOTIC: [8] Undefined index: id D:\wamp\www\myCMS\Application\Runtime\Cache\Admin\ccc7b197a1af74c5328156e7d3a8fe0b.php 第 86 行.
NOTIC: [8] Undefined index: id D:\wamp\www\myCMS\Application\Runtime\Cache\Admin\ccc7b197a1af74c5328156e7d3a8fe0b.php 第 70 行.
NOTIC: [8] A non well formed numeric value encountered D:\wamp\www\myCMS\Application\Common\Common\common.php 第 89 行.
NOTIC: [8] Undefined index: id D:\wamp\www\myCMS\Application\Runtime\Cache\Admin\ccc7b197a1af74c5328156e7d3a8fe0b.php 第 86 行.
NOTIC: [8] Undefined index: id D:\wamp\www\myCMS\Application\Runtime\Cache\Admin\ccc7b197a1af74c5328156e7d3a8fe0b.php 第 70 行.
NOTIC: [8] A non well formed numeric value encountered D:\wamp\www\myCMS\Application\Common\Common\common.php 第 89 行.
NOTIC: [8] Undefined index: id D:\wamp\www\myCMS\Application\Runtime\Cache\Admin\ccc7b197a1af74c5328156e7d3a8fe0b.php 第 86 行.
INFO: Run Behavior\ParseTemplateBehavior [ RunTime:0.012001s ]
INFO: [ view_parse ] --END-- [ RunTime:0.013001s ]
INFO: [ view_filter ] --START--
INFO: Run Behavior\WriteHtmlCacheBehavior [ RunTime:0.000000s ]
INFO: [ view_filter ] --END-- [ RunTime:0.000000s ]
INFO: [ app_end ] --START--
INFO: Run Behavior\ShowPageTraceBehavior [ RunTime:0.001000s ]
INFO: [ app_end ] --END-- [ RunTime:0.001000s ]

[ 2015-11-17T13:41:04+08:00 ] ::1 /myCMS/admin.php?m=Admin&c=Database&a=index
INFO: [ app_init ] --START--
INFO: Run Behavior\BuildLiteBehavior [ RunTime:0.000000s ]
INFO: [ app_init ] --END-- [ RunTime:0.001000s ]
INFO: [ app_begin ] --START--
INFO: Run Behavior\ReadHtmlCacheBehavior [ RunTime:0.000000s ]
INFO: [ app_begin ] --END-- [ RunTime:0.000000s ]
NOTIC: [8] Undefined index: logintime D:\wamp\www\myCMS\Application\Admin\Controller\BaseController.class.php 第 17 行.
NOTIC: [8192] mysql_connect(): The mysql extension is deprecated and will be removed in the future: use mysqli or PDO instead D:\wamp\www\myCMS\ThinkPHP\Library\Think\Db\Driver\Mysql.class.php 第 52 行.
SQL: SHOW COLUMNS FROM `my_database` [ RunTime:0.002000s ]
ERR: 1146:Table 'mycms.my_database' doesn't exist
 [ SQL语句 ] : SHOW COLUMNS FROM `my_database`
SQL: SHOW TABLE STATUS FROM mycms [ RunTime:0.001000s ]
INFO: [ view_parse ] --START--
INFO: [ template_filter ] --START--
INFO: Run Behavior\ContentReplaceBehavior [ RunTime:0.000000s ]
INFO: [ template_filter ] --END-- [ RunTime:0.000000s ]
NOTIC: [8] Undefined index: count D:\wamp\www\myCMS\Application\Runtime\Cache\Admin\ccc7b197a1af74c5328156e7d3a8fe0b.php 第 45 行.
NOTIC: [8] Undefined index: id D:\wamp\www\myCMS\Application\Runtime\Cache\Admin\ccc7b197a1af74c5328156e7d3a8fe0b.php 第 70 行.
NOTIC: [8] A non well formed numeric value encountered D:\wamp\www\myCMS\Application\Common\Common\common.php 第 89 行.
NOTIC: [8] Undefined index: id D:\wamp\www\myCMS\Application\Runtime\Cache\Admin\ccc7b197a1af74c5328156e7d3a8fe0b.php 第 86 行.
NOTIC: [8] Undefined index: id D:\wamp\www\myCMS\Application\Runtime\Cache\Admin\ccc7b197a1af74c5328156e7d3a8fe0b.php 第 70 行.
NOTIC: [8] A non well formed numeric value encountered D:\wamp\www\myCMS\Application\Common\Common\common.php 第 89 行.
NOTIC: [8] Undefined index: id D:\wamp\www\myCMS\Application\Runtime\Cache\Admin\ccc7b197a1af74c5328156e7d3a8fe0b.php 第 86 行.
NOTIC: [8] Undefined index: id D:\wamp\www\myCMS\Application\Runtime\Cache\Admin\ccc7b197a1af74c5328156e7d3a8fe0b.php 第 70 行.
NOTIC: [8] A non well formed numeric value encountered D:\wamp\www\myCMS\Application\Common\Common\common.php 第 89 行.
NOTIC: [8] Undefined index: id D:\wamp\www\myCMS\Application\Runtime\Cache\Admin\ccc7b197a1af74c5328156e7d3a8fe0b.php 第 86 行.
NOTIC: [8] Undefined index: id D:\wamp\www\myCMS\Application\Runtime\Cache\Admin\ccc7b197a1af74c5328156e7d3a8fe0b.php 第 70 行.
NOTIC: [8] A non well formed numeric value encountered D:\wamp\www\myCMS\Application\Common\Common\common.php 第 89 行.
NOTIC: [8] Undefined index: id D:\wamp\www\myCMS\Application\Runtime\Cache\Admin\ccc7b197a1af74c5328156e7d3a8fe0b.php 第 86 行.
NOTIC: [8] Undefined index: id D:\wamp\www\myCMS\Application\Runtime\Cache\Admin\ccc7b197a1af74c5328156e7d3a8fe0b.php 第 70 行.
NOTIC: [8] A non well formed numeric value encountered D:\wamp\www\myCMS\Application\Common\Common\common.php 第 89 行.
NOTIC: [8] Undefined index: id D:\wamp\www\myCMS\Application\Runtime\Cache\Admin\ccc7b197a1af74c5328156e7d3a8fe0b.php 第 86 行.
NOTIC: [8] Undefined index: id D:\wamp\www\myCMS\Application\Runtime\Cache\Admin\ccc7b197a1af74c5328156e7d3a8fe0b.php 第 70 行.
NOTIC: [8] A non well formed numeric value encountered D:\wamp\www\myCMS\Application\Common\Common\common.php 第 89 行.
NOTIC: [8] Undefined index: id D:\wamp\www\myCMS\Application\Runtime\Cache\Admin\ccc7b197a1af74c5328156e7d3a8fe0b.php 第 86 行.
NOTIC: [8] Undefined index: id D:\wamp\www\myCMS\Application\Runtime\Cache\Admin\ccc7b197a1af74c5328156e7d3a8fe0b.php 第 70 行.
NOTIC: [8] A non well formed numeric value encountered D:\wamp\www\myCMS\Application\Common\Common\common.php 第 89 行.
NOTIC: [8] Undefined index: id D:\wamp\www\myCMS\Application\Runtime\Cache\Admin\ccc7b197a1af74c5328156e7d3a8fe0b.php 第 86 行.
NOTIC: [8] Undefined index: id D:\wamp\www\myCMS\Application\Runtime\Cache\Admin\ccc7b197a1af74c5328156e7d3a8fe0b.php 第 70 行.
NOTIC: [8] A non well formed numeric value encountered D:\wamp\www\myCMS\Application\Common\Common\common.php 第 89 行.
NOTIC: [8] Undefined index: id D:\wamp\www\myCMS\Application\Runtime\Cache\Admin\ccc7b197a1af74c5328156e7d3a8fe0b.php 第 86 行.
NOTIC: [8] Undefined index: id D:\wamp\www\myCMS\Application\Runtime\Cache\Admin\ccc7b197a1af74c5328156e7d3a8fe0b.php 第 70 行.
NOTIC: [8] A non well formed numeric value encountered D:\wamp\www\myCMS\Application\Common\Common\common.php 第 89 行.
NOTIC: [8] Undefined index: id D:\wamp\www\myCMS\Application\Runtime\Cache\Admin\ccc7b197a1af74c5328156e7d3a8fe0b.php 第 86 行.
NOTIC: [8] Undefined index: id D:\wamp\www\myCMS\Application\Runtime\Cache\Admin\ccc7b197a1af74c5328156e7d3a8fe0b.php 第 70 行.
NOTIC: [8] A non well formed numeric value encountered D:\wamp\www\myCMS\Application\Common\Common\common.php 第 89 行.
NOTIC: [8] Undefined index: id D:\wamp\www\myCMS\Application\Runtime\Cache\Admin\ccc7b197a1af74c5328156e7d3a8fe0b.php 第 86 行.
NOTIC: [8] Undefined index: id D:\wamp\www\myCMS\Application\Runtime\Cache\Admin\ccc7b197a1af74c5328156e7d3a8fe0b.php 第 70 行.
NOTIC: [8] A non well formed numeric value encountered D:\wamp\www\myCMS\Application\Common\Common\common.php 第 89 行.
NOTIC: [8] Undefined index: id D:\wamp\www\myCMS\Application\Runtime\Cache\Admin\ccc7b197a1af74c5328156e7d3a8fe0b.php 第 86 行.
NOTIC: [8] Undefined index: id D:\wamp\www\myCMS\Application\Runtime\Cache\Admin\ccc7b197a1af74c5328156e7d3a8fe0b.php 第 70 行.
NOTIC: [8] A non well formed numeric value encountered D:\wamp\www\myCMS\Application\Common\Common\common.php 第 89 行.
NOTIC: [8] Undefined index: id D:\wamp\www\myCMS\Application\Runtime\Cache\Admin\ccc7b197a1af74c5328156e7d3a8fe0b.php 第 86 行.
INFO: Run Behavior\ParseTemplateBehavior [ RunTime:0.015001s ]
INFO: [ view_parse ] --END-- [ RunTime:0.015001s ]
INFO: [ view_filter ] --START--
INFO: Run Behavior\WriteHtmlCacheBehavior [ RunTime:0.000000s ]
INFO: [ view_filter ] --END-- [ RunTime:0.001000s ]
INFO: [ app_end ] --START--
INFO: Run Behavior\ShowPageTraceBehavior [ RunTime:0.001000s ]
INFO: [ app_end ] --END-- [ RunTime:0.001000s ]

[ 2015-11-17T13:42:46+08:00 ] ::1 /myCMS/admin.php?m=Admin&c=Database&a=index
INFO: [ app_init ] --START--
INFO: Run Behavior\BuildLiteBehavior [ RunTime:0.000000s ]
INFO: [ app_init ] --END-- [ RunTime:0.000000s ]
INFO: [ app_begin ] --START--
INFO: Run Behavior\ReadHtmlCacheBehavior [ RunTime:0.001000s ]
INFO: [ app_begin ] --END-- [ RunTime:0.001000s ]
NOTIC: [8] Undefined index: logintime D:\wamp\www\myCMS\Application\Admin\Controller\BaseController.class.php 第 17 行.
NOTIC: [8192] mysql_connect(): The mysql extension is deprecated and will be removed in the future: use mysqli or PDO instead D:\wamp\www\myCMS\ThinkPHP\Library\Think\Db\Driver\Mysql.class.php 第 52 行.
SQL: SHOW COLUMNS FROM `my_database` [ RunTime:0.003000s ]
ERR: 1146:Table 'mycms.my_database' doesn't exist
 [ SQL语句 ] : SHOW COLUMNS FROM `my_database`
SQL: SHOW TABLE STATUS FROM mycms [ RunTime:0.001000s ]
INFO: [ view_parse ] --START--
INFO: [ template_filter ] --START--
INFO: Run Behavior\ContentReplaceBehavior [ RunTime:0.000000s ]
INFO: [ template_filter ] --END-- [ RunTime:0.000000s ]
NOTIC: [8] Undefined index: count D:\wamp\www\myCMS\Application\Runtime\Cache\Admin\ccc7b197a1af74c5328156e7d3a8fe0b.php 第 45 行.
NOTIC: [8] Undefined index: id D:\wamp\www\myCMS\Application\Runtime\Cache\Admin\ccc7b197a1af74c5328156e7d3a8fe0b.php 第 71 行.
NOTIC: [8] A non well formed numeric value encountered D:\wamp\www\myCMS\Application\Common\Common\common.php 第 89 行.
NOTIC: [8] Undefined index: id D:\wamp\www\myCMS\Application\Runtime\Cache\Admin\ccc7b197a1af74c5328156e7d3a8fe0b.php 第 88 行.
NOTIC: [8] Undefined index: id D:\wamp\www\myCMS\Application\Runtime\Cache\Admin\ccc7b197a1af74c5328156e7d3a8fe0b.php 第 71 行.
NOTIC: [8] A non well formed numeric value encountered D:\wamp\www\myCMS\Application\Common\Common\common.php 第 89 行.
NOTIC: [8] Undefined index: id D:\wamp\www\myCMS\Application\Runtime\Cache\Admin\ccc7b197a1af74c5328156e7d3a8fe0b.php 第 88 行.
NOTIC: [8] Undefined index: id D:\wamp\www\myCMS\Application\Runtime\Cache\Admin\ccc7b197a1af74c5328156e7d3a8fe0b.php 第 71 行.
NOTIC: [8] A non well formed numeric value encountered D:\wamp\www\myCMS\Application\Common\Common\common.php 第 89 行.
NOTIC: [8] Undefined index: id D:\wamp\www\myCMS\Application\Runtime\Cache\Admin\ccc7b197a1af74c5328156e7d3a8fe0b.php 第 88 行.
NOTIC: [8] Undefined index: id D:\wamp\www\myCMS\Application\Runtime\Cache\Admin\ccc7b197a1af74c5328156e7d3a8fe0b.php 第 71 行.
NOTIC: [8] A non well formed numeric value encountered D:\wamp\www\myCMS\Application\Common\Common\common.php 第 89 行.
NOTIC: [8] Undefined index: id D:\wamp\www\myCMS\Application\Runtime\Cache\Admin\ccc7b197a1af74c5328156e7d3a8fe0b.php 第 88 行.
NOTIC: [8] Undefined index: id D:\wamp\www\myCMS\Application\Runtime\Cache\Admin\ccc7b197a1af74c5328156e7d3a8fe0b.php 第 71 行.
NOTIC: [8] A non well formed numeric value encountered D:\wamp\www\myCMS\Application\Common\Common\common.php 第 89 行.
NOTIC: [8] Undefined index: id D:\wamp\www\myCMS\Application\Runtime\Cache\Admin\ccc7b197a1af74c5328156e7d3a8fe0b.php 第 88 行.
NOTIC: [8] Undefined index: id D:\wamp\www\myCMS\Application\Runtime\Cache\Admin\ccc7b197a1af74c5328156e7d3a8fe0b.php 第 71 行.
NOTIC: [8] A non well formed numeric value encountered D:\wamp\www\myCMS\Application\Common\Common\common.php 第 89 行.
NOTIC: [8] Undefined index: id D:\wamp\www\myCMS\Application\Runtime\Cache\Admin\ccc7b197a1af74c5328156e7d3a8fe0b.php 第 88 行.
NOTIC: [8] Undefined index: id D:\wamp\www\myCMS\Application\Runtime\Cache\Admin\ccc7b197a1af74c5328156e7d3a8fe0b.php 第 71 行.
NOTIC: [8] A non well formed numeric value encountered D:\wamp\www\myCMS\Application\Common\Common\common.php 第 89 行.
NOTIC: [8] Undefined index: id D:\wamp\www\myCMS\Application\Runtime\Cache\Admin\ccc7b197a1af74c5328156e7d3a8fe0b.php 第 88 行.
NOTIC: [8] Undefined index: id D:\wamp\www\myCMS\Application\Runtime\Cache\Admin\ccc7b197a1af74c5328156e7d3a8fe0b.php 第 71 行.
NOTIC: [8] A non well formed numeric value encountered D:\wamp\www\myCMS\Application\Common\Common\common.php 第 89 行.
NOTIC: [8] Undefined index: id D:\wamp\www\myCMS\Application\Runtime\Cache\Admin\ccc7b197a1af74c5328156e7d3a8fe0b.php 第 88 行.
NOTIC: [8] Undefined index: id D:\wamp\www\myCMS\Application\Runtime\Cache\Admin\ccc7b197a1af74c5328156e7d3a8fe0b.php 第 71 行.
NOTIC: [8] A non well formed numeric value encountered D:\wamp\www\myCMS\Application\Common\Common\common.php 第 89 行.
NOTIC: [8] Undefined index: id D:\wamp\www\myCMS\Application\Runtime\Cache\Admin\ccc7b197a1af74c5328156e7d3a8fe0b.php 第 88 行.
NOTIC: [8] Undefined index: id D:\wamp\www\myCMS\Application\Runtime\Cache\Admin\ccc7b197a1af74c5328156e7d3a8fe0b.php 第 71 行.
NOTIC: [8] A non well formed numeric value encountered D:\wamp\www\myCMS\Application\Common\Common\common.php 第 89 行.
NOTIC: [8] Undefined index: id D:\wamp\www\myCMS\Application\Runtime\Cache\Admin\ccc7b197a1af74c5328156e7d3a8fe0b.php 第 88 行.
NOTIC: [8] Undefined index: id D:\wamp\www\myCMS\Application\Runtime\Cache\Admin\ccc7b197a1af74c5328156e7d3a8fe0b.php 第 71 行.
NOTIC: [8] A non well formed numeric value encountered D:\wamp\www\myCMS\Application\Common\Common\common.php 第 89 行.
NOTIC: [8] Undefined index: id D:\wamp\www\myCMS\Application\Runtime\Cache\Admin\ccc7b197a1af74c5328156e7d3a8fe0b.php 第 88 行.
NOTIC: [8] Undefined index: id D:\wamp\www\myCMS\Application\Runtime\Cache\Admin\ccc7b197a1af74c5328156e7d3a8fe0b.php 第 71 行.
NOTIC: [8] A non well formed numeric value encountered D:\wamp\www\myCMS\Application\Common\Common\common.php 第 89 行.
NOTIC: [8] Undefined index: id D:\wamp\www\myCMS\Application\Runtime\Cache\Admin\ccc7b197a1af74c5328156e7d3a8fe0b.php 第 88 行.
INFO: Run Behavior\ParseTemplateBehavior [ RunTime:0.018001s ]
INFO: [ view_parse ] --END-- [ RunTime:0.018001s ]
INFO: [ view_filter ] --START--
INFO: Run Behavior\WriteHtmlCacheBehavior [ RunTime:0.000000s ]
INFO: [ view_filter ] --END-- [ RunTime:0.000000s ]
INFO: [ app_end ] --START--
INFO: Run Behavior\ShowPageTraceBehavior [ RunTime:0.001000s ]
INFO: [ app_end ] --END-- [ RunTime:0.001000s ]

[ 2015-11-17T13:43:24+08:00 ] ::1 /myCMS/admin.php?m=Admin&c=Database&a=index
INFO: [ app_init ] --START--
INFO: Run Behavior\BuildLiteBehavior [ RunTime:0.000000s ]
INFO: [ app_init ] --END-- [ RunTime:0.001000s ]
INFO: [ app_begin ] --START--
INFO: Run Behavior\ReadHtmlCacheBehavior [ RunTime:0.001000s ]
INFO: [ app_begin ] --END-- [ RunTime:0.001000s ]
NOTIC: [8] Undefined index: logintime D:\wamp\www\myCMS\Application\Admin\Controller\BaseController.class.php 第 17 行.
NOTIC: [8192] mysql_connect(): The mysql extension is deprecated and will be removed in the future: use mysqli or PDO instead D:\wamp\www\myCMS\ThinkPHP\Library\Think\Db\Driver\Mysql.class.php 第 52 行.
SQL: SHOW COLUMNS FROM `my_database` [ RunTime:0.002000s ]
ERR: 1146:Table 'mycms.my_database' doesn't exist
 [ SQL语句 ] : SHOW COLUMNS FROM `my_database`
SQL: SHOW TABLE STATUS FROM mycms [ RunTime:0.002000s ]
INFO: [ view_parse ] --START--
INFO: [ template_filter ] --START--
INFO: Run Behavior\ContentReplaceBehavior [ RunTime:0.000000s ]
INFO: [ template_filter ] --END-- [ RunTime:0.000000s ]
NOTIC: [8] Undefined index: count D:\wamp\www\myCMS\Application\Runtime\Cache\Admin\ccc7b197a1af74c5328156e7d3a8fe0b.php 第 45 行.
NOTIC: [8] Undefined index: id D:\wamp\www\myCMS\Application\Runtime\Cache\Admin\ccc7b197a1af74c5328156e7d3a8fe0b.php 第 71 行.
NOTIC: [8] Undefined index: id D:\wamp\www\myCMS\Application\Runtime\Cache\Admin\ccc7b197a1af74c5328156e7d3a8fe0b.php 第 88 行.
NOTIC: [8] Undefined index: id D:\wamp\www\myCMS\Application\Runtime\Cache\Admin\ccc7b197a1af74c5328156e7d3a8fe0b.php 第 71 行.
NOTIC: [8] Undefined index: id D:\wamp\www\myCMS\Application\Runtime\Cache\Admin\ccc7b197a1af74c5328156e7d3a8fe0b.php 第 88 行.
NOTIC: [8] Undefined index: id D:\wamp\www\myCMS\Application\Runtime\Cache\Admin\ccc7b197a1af74c5328156e7d3a8fe0b.php 第 71 行.
NOTIC: [8] Undefined index: id D:\wamp\www\myCMS\Application\Runtime\Cache\Admin\ccc7b197a1af74c5328156e7d3a8fe0b.php 第 88 行.
NOTIC: [8] Undefined index: id D:\wamp\www\myCMS\Application\Runtime\Cache\Admin\ccc7b197a1af74c5328156e7d3a8fe0b.php 第 71 行.
NOTIC: [8] Undefined index: id D:\wamp\www\myCMS\Application\Runtime\Cache\Admin\ccc7b197a1af74c5328156e7d3a8fe0b.php 第 88 行.
NOTIC: [8] Undefined index: id D:\wamp\www\myCMS\Application\Runtime\Cache\Admin\ccc7b197a1af74c5328156e7d3a8fe0b.php 第 71 行.
NOTIC: [8] Undefined index: id D:\wamp\www\myCMS\Application\Runtime\Cache\Admin\ccc7b197a1af74c5328156e7d3a8fe0b.php 第 88 行.
NOTIC: [8] Undefined index: id D:\wamp\www\myCMS\Application\Runtime\Cache\Admin\ccc7b197a1af74c5328156e7d3a8fe0b.php 第 71 行.
NOTIC: [8] Undefined index: id D:\wamp\www\myCMS\Application\Runtime\Cache\Admin\ccc7b197a1af74c5328156e7d3a8fe0b.php 第 88 行.
NOTIC: [8] Undefined index: id D:\wamp\www\myCMS\Application\Runtime\Cache\Admin\ccc7b197a1af74c5328156e7d3a8fe0b.php 第 71 行.
NOTIC: [8] Undefined index: id D:\wamp\www\myCMS\Application\Runtime\Cache\Admin\ccc7b197a1af74c5328156e7d3a8fe0b.php 第 88 行.
NOTIC: [8] Undefined index: id D:\wamp\www\myCMS\Application\Runtime\Cache\Admin\ccc7b197a1af74c5328156e7d3a8fe0b.php 第 71 行.
NOTIC: [8] Undefined index: id D:\wamp\www\myCMS\Application\Runtime\Cache\Admin\ccc7b197a1af74c5328156e7d3a8fe0b.php 第 88 行.
NOTIC: [8] Undefined index: id D:\wamp\www\myCMS\Application\Runtime\Cache\Admin\ccc7b197a1af74c5328156e7d3a8fe0b.php 第 71 行.
NOTIC: [8] Undefined index: id D:\wamp\www\myCMS\Application\Runtime\Cache\Admin\ccc7b197a1af74c5328156e7d3a8fe0b.php 第 88 行.
NOTIC: [8] Undefined index: id D:\wamp\www\myCMS\Application\Runtime\Cache\Admin\ccc7b197a1af74c5328156e7d3a8fe0b.php 第 71 行.
NOTIC: [8] Undefined index: id D:\wamp\www\myCMS\Application\Runtime\Cache\Admin\ccc7b197a1af74c5328156e7d3a8fe0b.php 第 88 行.
NOTIC: [8] Undefined index: id D:\wamp\www\myCMS\Application\Runtime\Cache\Admin\ccc7b197a1af74c5328156e7d3a8fe0b.php 第 71 行.
NOTIC: [8] Undefined index: id D:\wamp\www\myCMS\Application\Runtime\Cache\Admin\ccc7b197a1af74c5328156e7d3a8fe0b.php 第 88 行.
NOTIC: [8] Undefined index: id D:\wamp\www\myCMS\Application\Runtime\Cache\Admin\ccc7b197a1af74c5328156e7d3a8fe0b.php 第 71 行.
NOTIC: [8] Undefined index: id D:\wamp\www\myCMS\Application\Runtime\Cache\Admin\ccc7b197a1af74c5328156e7d3a8fe0b.php 第 88 行.
INFO: Run Behavior\ParseTemplateBehavior [ RunTime:0.013001s ]
INFO: [ view_parse ] --END-- [ RunTime:0.013001s ]
INFO: [ view_filter ] --START--
INFO: Run Behavior\WriteHtmlCacheBehavior [ RunTime:0.001000s ]
INFO: [ view_filter ] --END-- [ RunTime:0.001000s ]
INFO: [ app_end ] --START--
INFO: Run Behavior\ShowPageTraceBehavior [ RunTime:0.001000s ]
INFO: [ app_end ] --END-- [ RunTime:0.001000s ]

[ 2015-11-17T13:43:58+08:00 ] ::1 /myCMS/admin.php?m=Admin&c=Database&a=index
INFO: [ app_init ] --START--
INFO: Run Behavior\BuildLiteBehavior [ RunTime:0.000000s ]
INFO: [ app_init ] --END-- [ RunTime:0.000000s ]
INFO: [ app_begin ] --START--
INFO: Run Behavior\ReadHtmlCacheBehavior [ RunTime:0.001000s ]
INFO: [ app_begin ] --END-- [ RunTime:0.001000s ]
NOTIC: [8] Undefined index: logintime D:\wamp\www\myCMS\Application\Admin\Controller\BaseController.class.php 第 17 行.
NOTIC: [8192] mysql_connect(): The mysql extension is deprecated and will be removed in the future: use mysqli or PDO instead D:\wamp\www\myCMS\ThinkPHP\Library\Think\Db\Driver\Mysql.class.php 第 52 行.
SQL: SHOW COLUMNS FROM `my_database` [ RunTime:0.003001s ]
ERR: 1146:Table 'mycms.my_database' doesn't exist
 [ SQL语句 ] : SHOW COLUMNS FROM `my_database`
SQL: SHOW TABLE STATUS FROM mycms [ RunTime:0.002000s ]
INFO: [ view_parse ] --START--
INFO: [ template_filter ] --START--
INFO: Run Behavior\ContentReplaceBehavior [ RunTime:0.000000s ]
INFO: [ template_filter ] --END-- [ RunTime:0.000000s ]
NOTIC: [8] Undefined index: count D:\wamp\www\myCMS\Application\Runtime\Cache\Admin\ccc7b197a1af74c5328156e7d3a8fe0b.php 第 45 行.
NOTIC: [8] Undefined index: id D:\wamp\www\myCMS\Application\Runtime\Cache\Admin\ccc7b197a1af74c5328156e7d3a8fe0b.php 第 71 行.
NOTIC: [8] Undefined index: id D:\wamp\www\myCMS\Application\Runtime\Cache\Admin\ccc7b197a1af74c5328156e7d3a8fe0b.php 第 88 行.
NOTIC: [8] Undefined index: id D:\wamp\www\myCMS\Application\Runtime\Cache\Admin\ccc7b197a1af74c5328156e7d3a8fe0b.php 第 71 行.
NOTIC: [8] Undefined index: id D:\wamp\www\myCMS\Application\Runtime\Cache\Admin\ccc7b197a1af74c5328156e7d3a8fe0b.php 第 88 行.
NOTIC: [8] Undefined index: id D:\wamp\www\myCMS\Application\Runtime\Cache\Admin\ccc7b197a1af74c5328156e7d3a8fe0b.php 第 71 行.
NOTIC: [8] Undefined index: id D:\wamp\www\myCMS\Application\Runtime\Cache\Admin\ccc7b197a1af74c5328156e7d3a8fe0b.php 第 88 行.
NOTIC: [8] Undefined index: id D:\wamp\www\myCMS\Application\Runtime\Cache\Admin\ccc7b197a1af74c5328156e7d3a8fe0b.php 第 71 行.
NOTIC: [8] Undefined index: id D:\wamp\www\myCMS\Application\Runtime\Cache\Admin\ccc7b197a1af74c5328156e7d3a8fe0b.php 第 88 行.
NOTIC: [8] Undefined index: id D:\wamp\www\myCMS\Application\Runtime\Cache\Admin\ccc7b197a1af74c5328156e7d3a8fe0b.php 第 71 行.
NOTIC: [8] Undefined index: id D:\wamp\www\myCMS\Application\Runtime\Cache\Admin\ccc7b197a1af74c5328156e7d3a8fe0b.php 第 88 行.
NOTIC: [8] Undefined index: id D:\wamp\www\myCMS\Application\Runtime\Cache\Admin\ccc7b197a1af74c5328156e7d3a8fe0b.php 第 71 行.
NOTIC: [8] Undefined index: id D:\wamp\www\myCMS\Application\Runtime\Cache\Admin\ccc7b197a1af74c5328156e7d3a8fe0b.php 第 88 行.
NOTIC: [8] Undefined index: id D:\wamp\www\myCMS\Application\Runtime\Cache\Admin\ccc7b197a1af74c5328156e7d3a8fe0b.php 第 71 行.
NOTIC: [8] Undefined index: id D:\wamp\www\myCMS\Application\Runtime\Cache\Admin\ccc7b197a1af74c5328156e7d3a8fe0b.php 第 88 行.
NOTIC: [8] Undefined index: id D:\wamp\www\myCMS\Application\Runtime\Cache\Admin\ccc7b197a1af74c5328156e7d3a8fe0b.php 第 71 行.
NOTIC: [8] Undefined index: id D:\wamp\www\myCMS\Application\Runtime\Cache\Admin\ccc7b197a1af74c5328156e7d3a8fe0b.php 第 88 行.
NOTIC: [8] Undefined index: id D:\wamp\www\myCMS\Application\Runtime\Cache\Admin\ccc7b197a1af74c5328156e7d3a8fe0b.php 第 71 行.
NOTIC: [8] Undefined index: id D:\wamp\www\myCMS\Application\Runtime\Cache\Admin\ccc7b197a1af74c5328156e7d3a8fe0b.php 第 88 行.
NOTIC: [8] Undefined index: id D:\wamp\www\myCMS\Application\Runtime\Cache\Admin\ccc7b197a1af74c5328156e7d3a8fe0b.php 第 71 行.
NOTIC: [8] Undefined index: id D:\wamp\www\myCMS\Application\Runtime\Cache\Admin\ccc7b197a1af74c5328156e7d3a8fe0b.php 第 88 行.
NOTIC: [8] Undefined index: id D:\wamp\www\myCMS\Application\Runtime\Cache\Admin\ccc7b197a1af74c5328156e7d3a8fe0b.php 第 71 行.
NOTIC: [8] Undefined index: id D:\wamp\www\myCMS\Application\Runtime\Cache\Admin\ccc7b197a1af74c5328156e7d3a8fe0b.php 第 88 行.
NOTIC: [8] Undefined index: id D:\wamp\www\myCMS\Application\Runtime\Cache\Admin\ccc7b197a1af74c5328156e7d3a8fe0b.php 第 71 行.
NOTIC: [8] Undefined index: id D:\wamp\www\myCMS\Application\Runtime\Cache\Admin\ccc7b197a1af74c5328156e7d3a8fe0b.php 第 88 行.
INFO: Run Behavior\ParseTemplateBehavior [ RunTime:0.014000s ]
INFO: [ view_parse ] --END-- [ RunTime:0.014000s ]
INFO: [ view_filter ] --START--
INFO: Run Behavior\WriteHtmlCacheBehavior [ RunTime:0.001001s ]
INFO: [ view_filter ] --END-- [ RunTime:0.001001s ]
INFO: [ app_end ] --START--
INFO: Run Behavior\ShowPageTraceBehavior [ RunTime:0.001000s ]
INFO: [ app_end ] --END-- [ RunTime:0.001000s ]

[ 2015-11-17T13:46:59+08:00 ] ::1 /myCMS/admin.php?m=Admin&c=Database&a=index
INFO: [ app_init ] --START--
INFO: Run Behavior\BuildLiteBehavior [ RunTime:0.001000s ]
INFO: [ app_init ] --END-- [ RunTime:0.001000s ]
INFO: [ app_begin ] --START--
INFO: Run Behavior\ReadHtmlCacheBehavior [ RunTime:0.001000s ]
INFO: [ app_begin ] --END-- [ RunTime:0.001000s ]
NOTIC: [8] Undefined index: logintime D:\wamp\www\myCMS\Application\Admin\Controller\BaseController.class.php 第 17 行.
NOTIC: [8192] mysql_connect(): The mysql extension is deprecated and will be removed in the future: use mysqli or PDO instead D:\wamp\www\myCMS\ThinkPHP\Library\Think\Db\Driver\Mysql.class.php 第 52 行.
SQL: SHOW COLUMNS FROM `my_database` [ RunTime:0.002000s ]
ERR: 1146:Table 'mycms.my_database' doesn't exist
 [ SQL语句 ] : SHOW COLUMNS FROM `my_database`
SQL: SHOW TABLE STATUS FROM mycms [ RunTime:0.003000s ]
INFO: [ view_parse ] --START--
INFO: [ template_filter ] --START--
INFO: Run Behavior\ContentReplaceBehavior [ RunTime:0.000000s ]
INFO: [ template_filter ] --END-- [ RunTime:0.000000s ]
NOTIC: [8] Undefined index: count D:\wamp\www\myCMS\Application\Runtime\Cache\Admin\ccc7b197a1af74c5328156e7d3a8fe0b.php 第 45 行.
NOTIC: [8] Undefined index: id D:\wamp\www\myCMS\Application\Runtime\Cache\Admin\ccc7b197a1af74c5328156e7d3a8fe0b.php 第 71 行.
NOTIC: [8] Undefined index: id D:\wamp\www\myCMS\Application\Runtime\Cache\Admin\ccc7b197a1af74c5328156e7d3a8fe0b.php 第 88 行.
NOTIC: [8] Undefined index: id D:\wamp\www\myCMS\Application\Runtime\Cache\Admin\ccc7b197a1af74c5328156e7d3a8fe0b.php 第 71 行.
NOTIC: [8] Undefined index: id D:\wamp\www\myCMS\Application\Runtime\Cache\Admin\ccc7b197a1af74c5328156e7d3a8fe0b.php 第 88 行.
NOTIC: [8] Undefined index: id D:\wamp\www\myCMS\Application\Runtime\Cache\Admin\ccc7b197a1af74c5328156e7d3a8fe0b.php 第 71 行.
NOTIC: [8] Undefined index: id D:\wamp\www\myCMS\Application\Runtime\Cache\Admin\ccc7b197a1af74c5328156e7d3a8fe0b.php 第 88 行.
NOTIC: [8] Undefined index: id D:\wamp\www\myCMS\Application\Runtime\Cache\Admin\ccc7b197a1af74c5328156e7d3a8fe0b.php 第 71 行.
NOTIC: [8] Undefined index: id D:\wamp\www\myCMS\Application\Runtime\Cache\Admin\ccc7b197a1af74c5328156e7d3a8fe0b.php 第 88 行.
NOTIC: [8] Undefined index: id D:\wamp\www\myCMS\Application\Runtime\Cache\Admin\ccc7b197a1af74c5328156e7d3a8fe0b.php 第 71 行.
NOTIC: [8] Undefined index: id D:\wamp\www\myCMS\Application\Runtime\Cache\Admin\ccc7b197a1af74c5328156e7d3a8fe0b.php 第 88 行.
NOTIC: [8] Undefined index: id D:\wamp\www\myCMS\Application\Runtime\Cache\Admin\ccc7b197a1af74c5328156e7d3a8fe0b.php 第 71 行.
NOTIC: [8] Undefined index: id D:\wamp\www\myCMS\Application\Runtime\Cache\Admin\ccc7b197a1af74c5328156e7d3a8fe0b.php 第 88 行.
NOTIC: [8] Undefined index: id D:\wamp\www\myCMS\Application\Runtime\Cache\Admin\ccc7b197a1af74c5328156e7d3a8fe0b.php 第 71 行.
NOTIC: [8] Undefined index: id D:\wamp\www\myCMS\Application\Runtime\Cache\Admin\ccc7b197a1af74c5328156e7d3a8fe0b.php 第 88 行.
NOTIC: [8] Undefined index: id D:\wamp\www\myCMS\Application\Runtime\Cache\Admin\ccc7b197a1af74c5328156e7d3a8fe0b.php 第 71 行.
NOTIC: [8] Undefined index: id D:\wamp\www\myCMS\Application\Runtime\Cache\Admin\ccc7b197a1af74c5328156e7d3a8fe0b.php 第 88 行.
NOTIC: [8] Undefined index: id D:\wamp\www\myCMS\Application\Runtime\Cache\Admin\ccc7b197a1af74c5328156e7d3a8fe0b.php 第 71 行.
NOTIC: [8] Undefined index: id D:\wamp\www\myCMS\Application\Runtime\Cache\Admin\ccc7b197a1af74c5328156e7d3a8fe0b.php 第 88 行.
NOTIC: [8] Undefined index: id D:\wamp\www\myCMS\Application\Runtime\Cache\Admin\ccc7b197a1af74c5328156e7d3a8fe0b.php 第 71 行.
NOTIC: [8] Undefined index: id D:\wamp\www\myCMS\Application\Runtime\Cache\Admin\ccc7b197a1af74c5328156e7d3a8fe0b.php 第 88 行.
NOTIC: [8] Undefined index: id D:\wamp\www\myCMS\Application\Runtime\Cache\Admin\ccc7b197a1af74c5328156e7d3a8fe0b.php 第 71 行.
NOTIC: [8] Undefined index: id D:\wamp\www\myCMS\Application\Runtime\Cache\Admin\ccc7b197a1af74c5328156e7d3a8fe0b.php 第 88 行.
NOTIC: [8] Undefined index: id D:\wamp\www\myCMS\Application\Runtime\Cache\Admin\ccc7b197a1af74c5328156e7d3a8fe0b.php 第 71 行.
NOTIC: [8] Undefined index: id D:\wamp\www\myCMS\Application\Runtime\Cache\Admin\ccc7b197a1af74c5328156e7d3a8fe0b.php 第 88 行.
INFO: Run Behavior\ParseTemplateBehavior [ RunTime:0.011001s ]
INFO: [ view_parse ] --END-- [ RunTime:0.011001s ]
INFO: [ view_filter ] --START--
INFO: Run Behavior\WriteHtmlCacheBehavior [ RunTime:0.001000s ]
INFO: [ view_filter ] --END-- [ RunTime:0.001000s ]
INFO: [ app_end ] --START--
INFO: Run Behavior\ShowPageTraceBehavior [ RunTime:0.001000s ]
INFO: [ app_end ] --END-- [ RunTime:0.001000s ]

[ 2015-11-17T13:48:56+08:00 ] ::1 /myCMS/admin.php?m=Admin&c=Database&a=index
INFO: [ app_init ] --START--
INFO: Run Behavior\BuildLiteBehavior [ RunTime:0.000000s ]
INFO: [ app_init ] --END-- [ RunTime:0.000000s ]
INFO: [ app_begin ] --START--
INFO: Run Behavior\ReadHtmlCacheBehavior [ RunTime:0.001001s ]
INFO: [ app_begin ] --END-- [ RunTime:0.001001s ]
NOTIC: [8] Undefined index: logintime D:\wamp\www\myCMS\Application\Admin\Controller\BaseController.class.php 第 17 行.
NOTIC: [8192] mysql_connect(): The mysql extension is deprecated and will be removed in the future: use mysqli or PDO instead D:\wamp\www\myCMS\ThinkPHP\Library\Think\Db\Driver\Mysql.class.php 第 52 行.
SQL: SHOW COLUMNS FROM `my_database` [ RunTime:0.001000s ]
ERR: 1146:Table 'mycms.my_database' doesn't exist
 [ SQL语句 ] : SHOW COLUMNS FROM `my_database`
SQL: SHOW TABLE STATUS FROM mycms [ RunTime:0.001000s ]
INFO: [ view_parse ] --START--
INFO: [ template_filter ] --START--
INFO: Run Behavior\ContentReplaceBehavior [ RunTime:0.000000s ]
INFO: [ template_filter ] --END-- [ RunTime:0.000000s ]
NOTIC: [8] Undefined index: count D:\wamp\www\myCMS\Application\Runtime\Cache\Admin\ccc7b197a1af74c5328156e7d3a8fe0b.php 第 45 行.
NOTIC: [8] Undefined index: id D:\wamp\www\myCMS\Application\Runtime\Cache\Admin\ccc7b197a1af74c5328156e7d3a8fe0b.php 第 71 行.
NOTIC: [8] Undefined index: id D:\wamp\www\myCMS\Application\Runtime\Cache\Admin\ccc7b197a1af74c5328156e7d3a8fe0b.php 第 88 行.
NOTIC: [8] Undefined index: id D:\wamp\www\myCMS\Application\Runtime\Cache\Admin\ccc7b197a1af74c5328156e7d3a8fe0b.php 第 71 行.
NOTIC: [8] Undefined index: id D:\wamp\www\myCMS\Application\Runtime\Cache\Admin\ccc7b197a1af74c5328156e7d3a8fe0b.php 第 88 行.
NOTIC: [8] Undefined index: id D:\wamp\www\myCMS\Application\Runtime\Cache\Admin\ccc7b197a1af74c5328156e7d3a8fe0b.php 第 71 行.
NOTIC: [8] Undefined index: id D:\wamp\www\myCMS\Application\Runtime\Cache\Admin\ccc7b197a1af74c5328156e7d3a8fe0b.php 第 88 行.
NOTIC: [8] Undefined index: id D:\wamp\www\myCMS\Application\Runtime\Cache\Admin\ccc7b197a1af74c5328156e7d3a8fe0b.php 第 71 行.
NOTIC: [8] Undefined index: id D:\wamp\www\myCMS\Application\Runtime\Cache\Admin\ccc7b197a1af74c5328156e7d3a8fe0b.php 第 88 行.
NOTIC: [8] Undefined index: id D:\wamp\www\myCMS\Application\Runtime\Cache\Admin\ccc7b197a1af74c5328156e7d3a8fe0b.php 第 71 行.
NOTIC: [8] Undefined index: id D:\wamp\www\myCMS\Application\Runtime\Cache\Admin\ccc7b197a1af74c5328156e7d3a8fe0b.php 第 88 行.
NOTIC: [8] Undefined index: id D:\wamp\www\myCMS\Application\Runtime\Cache\Admin\ccc7b197a1af74c5328156e7d3a8fe0b.php 第 71 行.
NOTIC: [8] Undefined index: id D:\wamp\www\myCMS\Application\Runtime\Cache\Admin\ccc7b197a1af74c5328156e7d3a8fe0b.php 第 88 行.
NOTIC: [8] Undefined index: id D:\wamp\www\myCMS\Application\Runtime\Cache\Admin\ccc7b197a1af74c5328156e7d3a8fe0b.php 第 71 行.
NOTIC: [8] Undefined index: id D:\wamp\www\myCMS\Application\Runtime\Cache\Admin\ccc7b197a1af74c5328156e7d3a8fe0b.php 第 88 行.
NOTIC: [8] Undefined index: id D:\wamp\www\myCMS\Application\Runtime\Cache\Admin\ccc7b197a1af74c5328156e7d3a8fe0b.php 第 71 行.
NOTIC: [8] Undefined index: id D:\wamp\www\myCMS\Application\Runtime\Cache\Admin\ccc7b197a1af74c5328156e7d3a8fe0b.php 第 88 行.
NOTIC: [8] Undefined index: id D:\wamp\www\myCMS\Application\Runtime\Cache\Admin\ccc7b197a1af74c5328156e7d3a8fe0b.php 第 71 行.
NOTIC: [8] Undefined index: id D:\wamp\www\myCMS\Application\Runtime\Cache\Admin\ccc7b197a1af74c5328156e7d3a8fe0b.php 第 88 行.
NOTIC: [8] Undefined index: id D:\wamp\www\myCMS\Application\Runtime\Cache\Admin\ccc7b197a1af74c5328156e7d3a8fe0b.php 第 71 行.
NOTIC: [8] Undefined index: id D:\wamp\www\myCMS\Application\Runtime\Cache\Admin\ccc7b197a1af74c5328156e7d3a8fe0b.php 第 88 行.
NOTIC: [8] Undefined index: id D:\wamp\www\myCMS\Application\Runtime\Cache\Admin\ccc7b197a1af74c5328156e7d3a8fe0b.php 第 71 行.
NOTIC: [8] Undefined index: id D:\wamp\www\myCMS\Application\Runtime\Cache\Admin\ccc7b197a1af74c5328156e7d3a8fe0b.php 第 88 行.
NOTIC: [8] Undefined index: id D:\wamp\www\myCMS\Application\Runtime\Cache\Admin\ccc7b197a1af74c5328156e7d3a8fe0b.php 第 71 行.
NOTIC: [8] Undefined index: id D:\wamp\www\myCMS\Application\Runtime\Cache\Admin\ccc7b197a1af74c5328156e7d3a8fe0b.php 第 88 行.
INFO: Run Behavior\ParseTemplateBehavior [ RunTime:0.012001s ]
INFO: [ view_parse ] --END-- [ RunTime:0.012001s ]
INFO: [ view_filter ] --START--
INFO: Run Behavior\WriteHtmlCacheBehavior [ RunTime:0.000000s ]
INFO: [ view_filter ] --END-- [ RunTime:0.000000s ]
INFO: [ app_end ] --START--
INFO: Run Behavior\ShowPageTraceBehavior [ RunTime:0.000000s ]
INFO: [ app_end ] --END-- [ RunTime:0.001000s ]

[ 2015-11-17T13:51:58+08:00 ] ::1 /myCMS/admin.php?m=Admin&c=Database&a=index
INFO: [ app_init ] --START--
INFO: Run Behavior\BuildLiteBehavior [ RunTime:0.000000s ]
INFO: [ app_init ] --END-- [ RunTime:0.000000s ]
INFO: [ app_begin ] --START--
INFO: Run Behavior\ReadHtmlCacheBehavior [ RunTime:0.001000s ]
INFO: [ app_begin ] --END-- [ RunTime:0.001000s ]
NOTIC: [8] Undefined index: logintime D:\wamp\www\myCMS\Application\Admin\Controller\BaseController.class.php 第 17 行.
NOTIC: [8192] mysql_connect(): The mysql extension is deprecated and will be removed in the future: use mysqli or PDO instead D:\wamp\www\myCMS\ThinkPHP\Library\Think\Db\Driver\Mysql.class.php 第 52 行.
SQL: SHOW COLUMNS FROM `my_database` [ RunTime:0.002000s ]
ERR: 1146:Table 'mycms.my_database' doesn't exist
 [ SQL语句 ] : SHOW COLUMNS FROM `my_database`
SQL: SHOW TABLE STATUS FROM mycms [ RunTime:0.001000s ]
INFO: [ view_parse ] --START--
INFO: [ template_filter ] --START--
INFO: Run Behavior\ContentReplaceBehavior [ RunTime:0.000000s ]
INFO: [ template_filter ] --END-- [ RunTime:0.000000s ]
NOTIC: [8] Undefined index: count D:\wamp\www\myCMS\Application\Runtime\Cache\Admin\ccc7b197a1af74c5328156e7d3a8fe0b.php 第 45 行.
NOTIC: [8] Undefined index: id D:\wamp\www\myCMS\Application\Runtime\Cache\Admin\ccc7b197a1af74c5328156e7d3a8fe0b.php 第 71 行.
NOTIC: [8] Undefined index: id D:\wamp\www\myCMS\Application\Runtime\Cache\Admin\ccc7b197a1af74c5328156e7d3a8fe0b.php 第 88 行.
NOTIC: [8] Undefined index: id D:\wamp\www\myCMS\Application\Runtime\Cache\Admin\ccc7b197a1af74c5328156e7d3a8fe0b.php 第 71 行.
NOTIC: [8] Undefined index: id D:\wamp\www\myCMS\Application\Runtime\Cache\Admin\ccc7b197a1af74c5328156e7d3a8fe0b.php 第 88 行.
NOTIC: [8] Undefined index: id D:\wamp\www\myCMS\Application\Runtime\Cache\Admin\ccc7b197a1af74c5328156e7d3a8fe0b.php 第 71 行.
NOTIC: [8] Undefined index: id D:\wamp\www\myCMS\Application\Runtime\Cache\Admin\ccc7b197a1af74c5328156e7d3a8fe0b.php 第 88 行.
NOTIC: [8] Undefined index: id D:\wamp\www\myCMS\Application\Runtime\Cache\Admin\ccc7b197a1af74c5328156e7d3a8fe0b.php 第 71 行.
NOTIC: [8] Undefined index: id D:\wamp\www\myCMS\Application\Runtime\Cache\Admin\ccc7b197a1af74c5328156e7d3a8fe0b.php 第 88 行.
NOTIC: [8] Undefined index: id D:\wamp\www\myCMS\Application\Runtime\Cache\Admin\ccc7b197a1af74c5328156e7d3a8fe0b.php 第 71 行.
NOTIC: [8] Undefined index: id D:\wamp\www\myCMS\Application\Runtime\Cache\Admin\ccc7b197a1af74c5328156e7d3a8fe0b.php 第 88 行.
NOTIC: [8] Undefined index: id D:\wamp\www\myCMS\Application\Runtime\Cache\Admin\ccc7b197a1af74c5328156e7d3a8fe0b.php 第 71 行.
NOTIC: [8] Undefined index: id D:\wamp\www\myCMS\Application\Runtime\Cache\Admin\ccc7b197a1af74c5328156e7d3a8fe0b.php 第 88 行.
NOTIC: [8] Undefined index: id D:\wamp\www\myCMS\Application\Runtime\Cache\Admin\ccc7b197a1af74c5328156e7d3a8fe0b.php 第 71 行.
NOTIC: [8] Undefined index: id D:\wamp\www\myCMS\Application\Runtime\Cache\Admin\ccc7b197a1af74c5328156e7d3a8fe0b.php 第 88 行.
NOTIC: [8] Undefined index: id D:\wamp\www\myCMS\Application\Runtime\Cache\Admin\ccc7b197a1af74c5328156e7d3a8fe0b.php 第 71 行.
NOTIC: [8] Undefined index: id D:\wamp\www\myCMS\Application\Runtime\Cache\Admin\ccc7b197a1af74c5328156e7d3a8fe0b.php 第 88 行.
NOTIC: [8] Undefined index: id D:\wamp\www\myCMS\Application\Runtime\Cache\Admin\ccc7b197a1af74c5328156e7d3a8fe0b.php 第 71 行.
NOTIC: [8] Undefined index: id D:\wamp\www\myCMS\Application\Runtime\Cache\Admin\ccc7b197a1af74c5328156e7d3a8fe0b.php 第 88 行.
NOTIC: [8] Undefined index: id D:\wamp\www\myCMS\Application\Runtime\Cache\Admin\ccc7b197a1af74c5328156e7d3a8fe0b.php 第 71 行.
NOTIC: [8] Undefined index: id D:\wamp\www\myCMS\Application\Runtime\Cache\Admin\ccc7b197a1af74c5328156e7d3a8fe0b.php 第 88 行.
NOTIC: [8] Undefined index: id D:\wamp\www\myCMS\Application\Runtime\Cache\Admin\ccc7b197a1af74c5328156e7d3a8fe0b.php 第 71 行.
NOTIC: [8] Undefined index: id D:\wamp\www\myCMS\Application\Runtime\Cache\Admin\ccc7b197a1af74c5328156e7d3a8fe0b.php 第 88 行.
NOTIC: [8] Undefined index: id D:\wamp\www\myCMS\Application\Runtime\Cache\Admin\ccc7b197a1af74c5328156e7d3a8fe0b.php 第 71 行.
NOTIC: [8] Undefined index: id D:\wamp\www\myCMS\Application\Runtime\Cache\Admin\ccc7b197a1af74c5328156e7d3a8fe0b.php 第 88 行.
INFO: Run Behavior\ParseTemplateBehavior [ RunTime:0.011001s ]
INFO: [ view_parse ] --END-- [ RunTime:0.011001s ]
INFO: [ view_filter ] --START--
INFO: Run Behavior\WriteHtmlCacheBehavior [ RunTime:0.001000s ]
INFO: [ view_filter ] --END-- [ RunTime:0.001000s ]
INFO: [ app_end ] --START--
INFO: Run Behavior\ShowPageTraceBehavior [ RunTime:0.001000s ]
INFO: [ app_end ] --END-- [ RunTime:0.001000s ]

[ 2015-11-17T13:52:16+08:00 ] ::1 /myCMS/admin.php?m=Admin&c=Database&a=index
INFO: [ app_init ] --START--
INFO: Run Behavior\BuildLiteBehavior [ RunTime:0.000000s ]
INFO: [ app_init ] --END-- [ RunTime:0.001000s ]
INFO: [ app_begin ] --START--
INFO: Run Behavior\ReadHtmlCacheBehavior [ RunTime:0.000000s ]
INFO: [ app_begin ] --END-- [ RunTime:0.000000s ]
NOTIC: [8] Undefined index: logintime D:\wamp\www\myCMS\Application\Admin\Controller\BaseController.class.php 第 17 行.
NOTIC: [8192] mysql_connect(): The mysql extension is deprecated and will be removed in the future: use mysqli or PDO instead D:\wamp\www\myCMS\ThinkPHP\Library\Think\Db\Driver\Mysql.class.php 第 52 行.
SQL: SHOW COLUMNS FROM `my_database` [ RunTime:0.002000s ]
ERR: 1146:Table 'mycms.my_database' doesn't exist
 [ SQL语句 ] : SHOW COLUMNS FROM `my_database`
SQL: SHOW TABLE STATUS FROM mycms [ RunTime:0.001000s ]
INFO: [ view_parse ] --START--
INFO: [ template_filter ] --START--
INFO: Run Behavior\ContentReplaceBehavior [ RunTime:0.001000s ]
INFO: [ template_filter ] --END-- [ RunTime:0.001000s ]
NOTIC: [8] Undefined index: count D:\wamp\www\myCMS\Application\Runtime\Cache\Admin\ccc7b197a1af74c5328156e7d3a8fe0b.php 第 45 行.
NOTIC: [8] Undefined index: id D:\wamp\www\myCMS\Application\Runtime\Cache\Admin\ccc7b197a1af74c5328156e7d3a8fe0b.php 第 71 行.
NOTIC: [8] Undefined index: id D:\wamp\www\myCMS\Application\Runtime\Cache\Admin\ccc7b197a1af74c5328156e7d3a8fe0b.php 第 88 行.
NOTIC: [8] Undefined index: id D:\wamp\www\myCMS\Application\Runtime\Cache\Admin\ccc7b197a1af74c5328156e7d3a8fe0b.php 第 71 行.
NOTIC: [8] Undefined index: id D:\wamp\www\myCMS\Application\Runtime\Cache\Admin\ccc7b197a1af74c5328156e7d3a8fe0b.php 第 88 行.
NOTIC: [8] Undefined index: id D:\wamp\www\myCMS\Application\Runtime\Cache\Admin\ccc7b197a1af74c5328156e7d3a8fe0b.php 第 71 行.
NOTIC: [8] Undefined index: id D:\wamp\www\myCMS\Application\Runtime\Cache\Admin\ccc7b197a1af74c5328156e7d3a8fe0b.php 第 88 行.
NOTIC: [8] Undefined index: id D:\wamp\www\myCMS\Application\Runtime\Cache\Admin\ccc7b197a1af74c5328156e7d3a8fe0b.php 第 71 行.
NOTIC: [8] Undefined index: id D:\wamp\www\myCMS\Application\Runtime\Cache\Admin\ccc7b197a1af74c5328156e7d3a8fe0b.php 第 88 行.
NOTIC: [8] Undefined index: id D:\wamp\www\myCMS\Application\Runtime\Cache\Admin\ccc7b197a1af74c5328156e7d3a8fe0b.php 第 71 行.
NOTIC: [8] Undefined index: id D:\wamp\www\myCMS\Application\Runtime\Cache\Admin\ccc7b197a1af74c5328156e7d3a8fe0b.php 第 88 行.
NOTIC: [8] Undefined index: id D:\wamp\www\myCMS\Application\Runtime\Cache\Admin\ccc7b197a1af74c5328156e7d3a8fe0b.php 第 71 行.
NOTIC: [8] Undefined index: id D:\wamp\www\myCMS\Application\Runtime\Cache\Admin\ccc7b197a1af74c5328156e7d3a8fe0b.php 第 88 行.
NOTIC: [8] Undefined index: id D:\wamp\www\myCMS\Application\Runtime\Cache\Admin\ccc7b197a1af74c5328156e7d3a8fe0b.php 第 71 行.
NOTIC: [8] Undefined index: id D:\wamp\www\myCMS\Application\Runtime\Cache\Admin\ccc7b197a1af74c5328156e7d3a8fe0b.php 第 88 行.
NOTIC: [8] Undefined index: id D:\wamp\www\myCMS\Application\Runtime\Cache\Admin\ccc7b197a1af74c5328156e7d3a8fe0b.php 第 71 行.
NOTIC: [8] Undefined index: id D:\wamp\www\myCMS\Application\Runtime\Cache\Admin\ccc7b197a1af74c5328156e7d3a8fe0b.php 第 88 行.
NOTIC: [8] Undefined index: id D:\wamp\www\myCMS\Application\Runtime\Cache\Admin\ccc7b197a1af74c5328156e7d3a8fe0b.php 第 71 行.
NOTIC: [8] Undefined index: id D:\wamp\www\myCMS\Application\Runtime\Cache\Admin\ccc7b197a1af74c5328156e7d3a8fe0b.php 第 88 行.
NOTIC: [8] Undefined index: id D:\wamp\www\myCMS\Application\Runtime\Cache\Admin\ccc7b197a1af74c5328156e7d3a8fe0b.php 第 71 行.
NOTIC: [8] Undefined index: id D:\wamp\www\myCMS\Application\Runtime\Cache\Admin\ccc7b197a1af74c5328156e7d3a8fe0b.php 第 88 行.
NOTIC: [8] Undefined index: id D:\wamp\www\myCMS\Application\Runtime\Cache\Admin\ccc7b197a1af74c5328156e7d3a8fe0b.php 第 71 行.
NOTIC: [8] Undefined index: id D:\wamp\www\myCMS\Application\Runtime\Cache\Admin\ccc7b197a1af74c5328156e7d3a8fe0b.php 第 88 行.
NOTIC: [8] Undefined index: id D:\wamp\www\myCMS\Application\Runtime\Cache\Admin\ccc7b197a1af74c5328156e7d3a8fe0b.php 第 71 行.
NOTIC: [8] Undefined index: id D:\wamp\www\myCMS\Application\Runtime\Cache\Admin\ccc7b197a1af74c5328156e7d3a8fe0b.php 第 88 行.
INFO: Run Behavior\ParseTemplateBehavior [ RunTime:0.013001s ]
INFO: [ view_parse ] --END-- [ RunTime:0.013001s ]
INFO: [ view_filter ] --START--
INFO: Run Behavior\WriteHtmlCacheBehavior [ RunTime:0.000000s ]
INFO: [ view_filter ] --END-- [ RunTime:0.001000s ]
INFO: [ app_end ] --START--
INFO: Run Behavior\ShowPageTraceBehavior [ RunTime:0.001000s ]
INFO: [ app_end ] --END-- [ RunTime:0.001000s ]

[ 2015-11-17T15:37:34+08:00 ] ::1 /myCMS/admin.php?m=Admin&c=Database&a=index
INFO: [ app_init ] --START--
INFO: Run Behavior\BuildLiteBehavior [ RunTime:0.000000s ]
INFO: [ app_init ] --END-- [ RunTime:0.001000s ]
INFO: [ app_begin ] --START--
INFO: Run Behavior\ReadHtmlCacheBehavior [ RunTime:0.001000s ]
INFO: [ app_begin ] --END-- [ RunTime:0.001000s ]
NOTIC: [8] Undefined index: logintime D:\wamp\www\myCMS\Application\Admin\Controller\BaseController.class.php 第 17 行.
NOTIC: [8192] mysql_connect(): The mysql extension is deprecated and will be removed in the future: use mysqli or PDO instead D:\wamp\www\myCMS\ThinkPHP\Library\Think\Db\Driver\Mysql.class.php 第 52 行.
SQL: SHOW COLUMNS FROM `my_database` [ RunTime:0.003000s ]
ERR: 1146:Table 'mycms.my_database' doesn't exist
 [ SQL语句 ] : SHOW COLUMNS FROM `my_database`
SQL: SHOW TABLE STATUS FROM mycms [ RunTime:0.001000s ]
INFO: [ view_parse ] --START--
INFO: [ template_filter ] --START--
INFO: Run Behavior\ContentReplaceBehavior [ RunTime:0.000000s ]
INFO: [ template_filter ] --END-- [ RunTime:0.000000s ]
NOTIC: [8] Undefined index: count D:\wamp\www\myCMS\Application\Runtime\Cache\Admin\ccc7b197a1af74c5328156e7d3a8fe0b.php 第 45 行.
NOTIC: [8] Undefined index: id D:\wamp\www\myCMS\Application\Runtime\Cache\Admin\ccc7b197a1af74c5328156e7d3a8fe0b.php 第 71 行.
NOTIC: [8] Undefined index: id D:\wamp\www\myCMS\Application\Runtime\Cache\Admin\ccc7b197a1af74c5328156e7d3a8fe0b.php 第 88 行.
NOTIC: [8] Undefined index: id D:\wamp\www\myCMS\Application\Runtime\Cache\Admin\ccc7b197a1af74c5328156e7d3a8fe0b.php 第 71 行.
NOTIC: [8] Undefined index: id D:\wamp\www\myCMS\Application\Runtime\Cache\Admin\ccc7b197a1af74c5328156e7d3a8fe0b.php 第 88 行.
NOTIC: [8] Undefined index: id D:\wamp\www\myCMS\Application\Runtime\Cache\Admin\ccc7b197a1af74c5328156e7d3a8fe0b.php 第 71 行.
NOTIC: [8] Undefined index: id D:\wamp\www\myCMS\Application\Runtime\Cache\Admin\ccc7b197a1af74c5328156e7d3a8fe0b.php 第 88 行.
NOTIC: [8] Undefined index: id D:\wamp\www\myCMS\Application\Runtime\Cache\Admin\ccc7b197a1af74c5328156e7d3a8fe0b.php 第 71 行.
NOTIC: [8] Undefined index: id D:\wamp\www\myCMS\Application\Runtime\Cache\Admin\ccc7b197a1af74c5328156e7d3a8fe0b.php 第 88 行.
NOTIC: [8] Undefined index: id D:\wamp\www\myCMS\Application\Runtime\Cache\Admin\ccc7b197a1af74c5328156e7d3a8fe0b.php 第 71 行.
NOTIC: [8] Undefined index: id D:\wamp\www\myCMS\Application\Runtime\Cache\Admin\ccc7b197a1af74c5328156e7d3a8fe0b.php 第 88 行.
NOTIC: [8] Undefined index: id D:\wamp\www\myCMS\Application\Runtime\Cache\Admin\ccc7b197a1af74c5328156e7d3a8fe0b.php 第 71 行.
NOTIC: [8] Undefined index: id D:\wamp\www\myCMS\Application\Runtime\Cache\Admin\ccc7b197a1af74c5328156e7d3a8fe0b.php 第 88 行.
NOTIC: [8] Undefined index: id D:\wamp\www\myCMS\Application\Runtime\Cache\Admin\ccc7b197a1af74c5328156e7d3a8fe0b.php 第 71 行.
NOTIC: [8] Undefined index: id D:\wamp\www\myCMS\Application\Runtime\Cache\Admin\ccc7b197a1af74c5328156e7d3a8fe0b.php 第 88 行.
NOTIC: [8] Undefined index: id D:\wamp\www\myCMS\Application\Runtime\Cache\Admin\ccc7b197a1af74c5328156e7d3a8fe0b.php 第 71 行.
NOTIC: [8] Undefined index: id D:\wamp\www\myCMS\Application\Runtime\Cache\Admin\ccc7b197a1af74c5328156e7d3a8fe0b.php 第 88 行.
NOTIC: [8] Undefined index: id D:\wamp\www\myCMS\Application\Runtime\Cache\Admin\ccc7b197a1af74c5328156e7d3a8fe0b.php 第 71 行.
NOTIC: [8] Undefined index: id D:\wamp\www\myCMS\Application\Runtime\Cache\Admin\ccc7b197a1af74c5328156e7d3a8fe0b.php 第 88 行.
NOTIC: [8] Undefined index: id D:\wamp\www\myCMS\Application\Runtime\Cache\Admin\ccc7b197a1af74c5328156e7d3a8fe0b.php 第 71 行.
NOTIC: [8] Undefined index: id D:\wamp\www\myCMS\Application\Runtime\Cache\Admin\ccc7b197a1af74c5328156e7d3a8fe0b.php 第 88 行.
NOTIC: [8] Undefined index: id D:\wamp\www\myCMS\Application\Runtime\Cache\Admin\ccc7b197a1af74c5328156e7d3a8fe0b.php 第 71 行.
NOTIC: [8] Undefined index: id D:\wamp\www\myCMS\Application\Runtime\Cache\Admin\ccc7b197a1af74c5328156e7d3a8fe0b.php 第 88 行.
NOTIC: [8] Undefined index: id D:\wamp\www\myCMS\Application\Runtime\Cache\Admin\ccc7b197a1af74c5328156e7d3a8fe0b.php 第 71 行.
NOTIC: [8] Undefined index: id D:\wamp\www\myCMS\Application\Runtime\Cache\Admin\ccc7b197a1af74c5328156e7d3a8fe0b.php 第 88 行.
INFO: Run Behavior\ParseTemplateBehavior [ RunTime:0.015001s ]
INFO: [ view_parse ] --END-- [ RunTime:0.015001s ]
INFO: [ view_filter ] --START--
INFO: Run Behavior\WriteHtmlCacheBehavior [ RunTime:0.001000s ]
INFO: [ view_filter ] --END-- [ RunTime:0.001000s ]
INFO: [ app_end ] --START--
INFO: Run Behavior\ShowPageTraceBehavior [ RunTime:0.002000s ]
INFO: [ app_end ] --END-- [ RunTime:0.002000s ]

