[ 2016-01-16T08:51:53+08:00 ] ::1 /myCMS/admin.php
INFO: [ app_init ] --START--
INFO: Run Behavior\BuildLiteBehavior [ RunTime:0.000000s ]
INFO: [ app_init ] --END-- [ RunTime:0.002000s ]
NOTIC: [8] Undefined variable: result D:\wamp\www\myCMS\ThinkPHP\Library\Think\Hook.class.php 第 103 行.
NOTIC: [8] Undefined variable: result D:\wamp\www\myCMS\ThinkPHP\Library\Think\Hook.class.php 第 103 行.
INFO: [ app_begin ] --START--
INFO: Run Behavior\ReadHtmlCacheBehavior [ RunTime:0.001000s ]
INFO: Run Behavior\CheckLangBehavior [ RunTime:0.000000s ]
INFO: Run Common\Behavior\InitHookBehavior [ RunTime:0.003000s ]
INFO: [ app_begin ] --END-- [ RunTime:0.004000s ]
NOTIC: [8] Undefined variable: result D:\wamp\www\myCMS\ThinkPHP\Library\Think\Hook.class.php 第 103 行.

[ 2016-01-16T08:51:53+08:00 ] ::1 /myCMS/admin.php?m=Admin&c=Login&a=login
INFO: [ app_init ] --START--
INFO: Run Behavior\BuildLiteBehavior [ RunTime:0.000000s ]
INFO: [ app_init ] --END-- [ RunTime:0.000000s ]
NOTIC: [8] Undefined variable: result D:\wamp\www\myCMS\ThinkPHP\Library\Think\Hook.class.php 第 103 行.
NOTIC: [8] Undefined variable: result D:\wamp\www\myCMS\ThinkPHP\Library\Think\Hook.class.php 第 103 行.
INFO: [ app_begin ] --START--
INFO: Run Behavior\ReadHtmlCacheBehavior [ RunTime:0.001000s ]
INFO: Run Behavior\CheckLangBehavior [ RunTime:0.000000s ]
INFO: Run Common\Behavior\InitHookBehavior [ RunTime:0.001000s ]
INFO: [ app_begin ] --END-- [ RunTime:0.002000s ]
NOTIC: [8] Undefined variable: result D:\wamp\www\myCMS\ThinkPHP\Library\Think\Hook.class.php 第 103 行.
NOTIC: [8] Undefined variable: result D:\wamp\www\myCMS\ThinkPHP\Library\Think\Hook.class.php 第 103 行.
INFO: [ view_parse ] --START--
INFO: [ template_filter ] --START--
INFO: Run Behavior\ContentReplaceBehavior [ RunTime:0.000000s ]
INFO: [ template_filter ] --END-- [ RunTime:0.000000s ]
INFO: Run Behavior\ParseTemplateBehavior [ RunTime:0.009001s ]
INFO: [ view_parse ] --END-- [ RunTime:0.009001s ]
INFO: [ view_filter ] --START--
INFO: Run Behavior\WriteHtmlCacheBehavior [ RunTime:0.000000s ]
INFO: [ view_filter ] --END-- [ RunTime:0.000000s ]
NOTIC: [8] Undefined variable: result D:\wamp\www\myCMS\ThinkPHP\Library\Think\Hook.class.php 第 103 行.
NOTIC: [8] Undefined variable: result D:\wamp\www\myCMS\ThinkPHP\Library\Think\Hook.class.php 第 103 行.
INFO: [ app_end ] --START--
INFO: Run Behavior\ShowPageTraceBehavior [ RunTime:0.001000s ]
INFO: [ app_end ] --END-- [ RunTime:0.001000s ]

[ 2016-01-16T08:51:53+08:00 ] ::1 /myCMS/admin.php?m=Admin&c=Login&a=getVerify
INFO: [ app_init ] --START--
INFO: Run Behavior\BuildLiteBehavior [ RunTime:0.000000s ]
INFO: [ app_init ] --END-- [ RunTime:0.000000s ]
NOTIC: [8] Undefined variable: result D:\wamp\www\myCMS\ThinkPHP\Library\Think\Hook.class.php 第 103 行.
NOTIC: [8] Undefined variable: result D:\wamp\www\myCMS\ThinkPHP\Library\Think\Hook.class.php 第 103 行.
INFO: [ app_begin ] --START--
INFO: Run Behavior\ReadHtmlCacheBehavior [ RunTime:0.001000s ]
INFO: Run Behavior\CheckLangBehavior [ RunTime:0.000000s ]
INFO: Run Common\Behavior\InitHookBehavior [ RunTime:0.002000s ]
INFO: [ app_begin ] --END-- [ RunTime:0.003000s ]
NOTIC: [8] Undefined variable: result D:\wamp\www\myCMS\ThinkPHP\Library\Think\Hook.class.php 第 103 行.
NOTIC: [8] Undefined variable: result D:\wamp\www\myCMS\ThinkPHP\Library\Think\Hook.class.php 第 103 行.
INFO: [ app_end ] --START--
INFO: Run Behavior\ShowPageTraceBehavior [ RunTime:0.001000s ]
INFO: [ app_end ] --END-- [ RunTime:0.001000s ]

[ 2016-01-16T08:51:56+08:00 ] ::1 /myCMS/admin.php?m=Admin&c=Login&a=login
INFO: [ app_init ] --START--
INFO: Run Behavior\BuildLiteBehavior [ RunTime:0.000000s ]
INFO: [ app_init ] --END-- [ RunTime:0.000000s ]
NOTIC: [8] Undefined variable: result D:\wamp\www\myCMS\ThinkPHP\Library\Think\Hook.class.php 第 103 行.
NOTIC: [8] Undefined variable: result D:\wamp\www\myCMS\ThinkPHP\Library\Think\Hook.class.php 第 103 行.
INFO: [ app_begin ] --START--
INFO: Run Behavior\ReadHtmlCacheBehavior [ RunTime:0.000000s ]
INFO: Run Behavior\CheckLangBehavior [ RunTime:0.000000s ]
INFO: Run Common\Behavior\InitHookBehavior [ RunTime:0.000000s ]
INFO: [ app_begin ] --END-- [ RunTime:0.000000s ]
NOTIC: [8] Undefined variable: result D:\wamp\www\myCMS\ThinkPHP\Library\Think\Hook.class.php 第 103 行.
NOTIC: [8192] mysql_connect(): The mysql extension is deprecated and will be removed in the future: use mysqli or PDO instead D:\wamp\www\myCMS\ThinkPHP\Library\Think\Db\Driver\Mysql.class.php 第 52 行.
SQL: SHOW COLUMNS FROM `my_admin` [ RunTime:0.000000s ]
SQL: SELECT * FROM `my_admin` WHERE `username` = 'admin' LIMIT 1   [ RunTime:0.000000s ]
SQL: SELECT * FROM `my_admin` WHERE `username` = 'admin' LIMIT 1   [ RunTime:0.000000s ]
SQL: SHOW COLUMNS FROM `my_auth` [ RunTime:0.000000s ]
SQL: SELECT `auth` FROM `my_auth` WHERE ( id=1 ) LIMIT 1   [ RunTime:0.000000s ]
SQL: SELECT `name` FROM `my_auth` WHERE ( id=1 ) LIMIT 1   [ RunTime:0.000000s ]
SQL: UPDATE `my_admin` SET `count`=77,`lasttime`=1452826213,`logintime`=1452905516 WHERE `username` = 'admin' [ RunTime:0.000000s ]
SQL: SHOW COLUMNS FROM `my_adminlog` [ RunTime:0.015600s ]
SQL: INSERT INTO `my_adminlog` (`ip`,`username`,`action`,`createtime`) VALUES ('0.0.0.0','admin','登录成功!',1452905516) [ RunTime:0.000000s ]

[ 2016-01-16T08:51:58+08:00 ] ::1 /myCMS/admin.php?m=Admin&c=Index&a=index
INFO: [ app_init ] --START--
INFO: Run Behavior\BuildLiteBehavior [ RunTime:0.000000s ]
INFO: [ app_init ] --END-- [ RunTime:0.000000s ]
NOTIC: [8] Undefined variable: result D:\wamp\www\myCMS\ThinkPHP\Library\Think\Hook.class.php 第 103 行.
NOTIC: [8] Undefined variable: result D:\wamp\www\myCMS\ThinkPHP\Library\Think\Hook.class.php 第 103 行.
INFO: [ app_begin ] --START--
INFO: Run Behavior\ReadHtmlCacheBehavior [ RunTime:0.000000s ]
INFO: Run Behavior\CheckLangBehavior [ RunTime:0.001000s ]
INFO: Run Common\Behavior\InitHookBehavior [ RunTime:0.002001s ]
INFO: [ app_begin ] --END-- [ RunTime:0.004001s ]
NOTIC: [8] Undefined variable: result D:\wamp\www\myCMS\ThinkPHP\Library\Think\Hook.class.php 第 103 行.
NOTIC: [8] Undefined index: logintime D:\wamp\www\myCMS\Application\Admin\Controller\BaseController.class.php 第 19 行.
NOTIC: [8192] mysql_connect(): The mysql extension is deprecated and will be removed in the future: use mysqli or PDO instead D:\wamp\www\myCMS\ThinkPHP\Library\Think\Db\Driver\Mysql.class.php 第 52 行.
SQL: SHOW COLUMNS FROM `my_menu` [ RunTime:0.002000s ]
SQL: SELECT * FROM `my_menu` WHERE `status` = 1 AND `is_left` = 1 ORDER BY sort asc,id asc  [ RunTime:0.000000s ]
SQL: SHOW COLUMNS FROM `my_addons` [ RunTime:0.004000s ]
SQL: SELECT `id`,`name`,`title`,`is_system` FROM `my_addons` WHERE ( status=1 )  [ RunTime:0.000000s ]
NOTIC: [8] Undefined variable: result D:\wamp\www\myCMS\ThinkPHP\Library\Think\Hook.class.php 第 103 行.
INFO: [ view_parse ] --START--
INFO: [ template_filter ] --START--
INFO: Run Behavior\ContentReplaceBehavior [ RunTime:0.000000s ]
INFO: [ template_filter ] --END-- [ RunTime:0.000000s ]
INFO: Run Behavior\ParseTemplateBehavior [ RunTime:0.013001s ]
INFO: [ view_parse ] --END-- [ RunTime:0.013001s ]
INFO: [ view_filter ] --START--
INFO: Run Behavior\WriteHtmlCacheBehavior [ RunTime:0.000000s ]
INFO: [ view_filter ] --END-- [ RunTime:0.001000s ]
NOTIC: [8] Undefined variable: result D:\wamp\www\myCMS\ThinkPHP\Library\Think\Hook.class.php 第 103 行.
NOTIC: [8] Undefined variable: result D:\wamp\www\myCMS\ThinkPHP\Library\Think\Hook.class.php 第 103 行.
INFO: [ app_end ] --START--
INFO: Run Behavior\ShowPageTraceBehavior [ RunTime:0.000000s ]
INFO: [ app_end ] --END-- [ RunTime:0.000000s ]

[ 2016-01-16T08:51:58+08:00 ] ::1 /myCMS/admin.php?m=Admin&c=Index&a=welcome
INFO: [ app_init ] --START--
INFO: Run Behavior\BuildLiteBehavior [ RunTime:0.000000s ]
INFO: [ app_init ] --END-- [ RunTime:0.000000s ]
NOTIC: [8] Undefined variable: result D:\wamp\www\myCMS\ThinkPHP\Library\Think\Hook.class.php 第 103 行.
NOTIC: [8] Undefined variable: result D:\wamp\www\myCMS\ThinkPHP\Library\Think\Hook.class.php 第 103 行.
INFO: [ app_begin ] --START--
INFO: Run Behavior\ReadHtmlCacheBehavior [ RunTime:0.000000s ]
INFO: Run Behavior\CheckLangBehavior [ RunTime:0.000000s ]
INFO: Run Common\Behavior\InitHookBehavior [ RunTime:0.001000s ]
INFO: [ app_begin ] --END-- [ RunTime:0.002000s ]
NOTIC: [8] Undefined variable: result D:\wamp\www\myCMS\ThinkPHP\Library\Think\Hook.class.php 第 103 行.
NOTIC: [8] Undefined index: logintime D:\wamp\www\myCMS\Application\Admin\Controller\BaseController.class.php 第 19 行.
NOTIC: [8192] mysql_connect(): The mysql extension is deprecated and will be removed in the future: use mysqli or PDO instead D:\wamp\www\myCMS\ThinkPHP\Library\Think\Db\Driver\Mysql.class.php 第 52 行.
SQL: SHOW COLUMNS FROM `my_admin` [ RunTime:0.003000s ]
SQL: SELECT * FROM `my_admin` WHERE `id` = 1 LIMIT 1   [ RunTime:0.000000s ]
NOTIC: [8] Undefined variable: result D:\wamp\www\myCMS\ThinkPHP\Library\Think\Hook.class.php 第 103 行.
INFO: [ view_parse ] --START--
INFO: [ template_filter ] --START--
INFO: Run Behavior\ContentReplaceBehavior [ RunTime:0.000000s ]
INFO: [ template_filter ] --END-- [ RunTime:0.001000s ]
NOTIC: [8] Undefined index: PROCESSOR_IDENTIFIER D:\wamp\www\myCMS\Application\Runtime\Cache\Admin\69fa43b310489e974c292babf8eca7e7.php 第 153 行.
NOTIC: [8] Use of undefined constant mysql_close - assumed 'mysql_close' D:\wamp\www\myCMS\Application\Runtime\Cache\Admin\69fa43b310489e974c292babf8eca7e7.php 第 169 行.
INFO: Run Behavior\ParseTemplateBehavior [ RunTime:0.014001s ]
INFO: [ view_parse ] --END-- [ RunTime:0.014001s ]
INFO: [ view_filter ] --START--
INFO: Run Behavior\WriteHtmlCacheBehavior [ RunTime:0.000000s ]
INFO: [ view_filter ] --END-- [ RunTime:0.001000s ]
NOTIC: [8] Undefined variable: result D:\wamp\www\myCMS\ThinkPHP\Library\Think\Hook.class.php 第 103 行.
NOTIC: [8] Undefined variable: result D:\wamp\www\myCMS\ThinkPHP\Library\Think\Hook.class.php 第 103 行.
INFO: [ app_end ] --START--
INFO: Run Behavior\ShowPageTraceBehavior [ RunTime:0.001000s ]
INFO: [ app_end ] --END-- [ RunTime:0.001000s ]

[ 2016-01-16T09:19:54+08:00 ] ::1 /myCMS/admin.php?m=Admin&c=Modular&a=index
INFO: [ app_init ] --START--
INFO: Run Behavior\BuildLiteBehavior [ RunTime:0.000000s ]
INFO: [ app_init ] --END-- [ RunTime:0.001000s ]
NOTIC: [8] Undefined variable: result D:\wamp\www\myCMS\ThinkPHP\Library\Think\Hook.class.php 第 103 行.
NOTIC: [8] Undefined variable: result D:\wamp\www\myCMS\ThinkPHP\Library\Think\Hook.class.php 第 103 行.
INFO: [ app_begin ] --START--
INFO: Run Behavior\ReadHtmlCacheBehavior [ RunTime:0.000000s ]
INFO: Run Behavior\CheckLangBehavior [ RunTime:0.001000s ]
INFO: Run Common\Behavior\InitHookBehavior [ RunTime:0.001000s ]
INFO: [ app_begin ] --END-- [ RunTime:0.002000s ]
NOTIC: [8] Undefined variable: result D:\wamp\www\myCMS\ThinkPHP\Library\Think\Hook.class.php 第 103 行.
NOTIC: [8] Undefined index: logintime D:\wamp\www\myCMS\Application\Admin\Controller\BaseController.class.php 第 19 行.
NOTIC: [8192] mysql_connect(): The mysql extension is deprecated and will be removed in the future: use mysqli or PDO instead D:\wamp\www\myCMS\ThinkPHP\Library\Think\Db\Driver\Mysql.class.php 第 52 行.
SQL: SHOW COLUMNS FROM `my_modular` [ RunTime:0.006000s ]
SQL: SELECT COUNT(*) AS tp_count FROM `my_modular` LIMIT 1   [ RunTime:0.003000s ]
SQL: SELECT * FROM `my_modular` ORDER BY id asc  [ RunTime:0.000000s ]
NOTIC: [8] Undefined variable: result D:\wamp\www\myCMS\ThinkPHP\Library\Think\Hook.class.php 第 103 行.
INFO: [ view_parse ] --START--
INFO: [ template_filter ] --START--
INFO: Run Behavior\ContentReplaceBehavior [ RunTime:0.000000s ]
INFO: [ template_filter ] --END-- [ RunTime:0.001000s ]
NOTIC: [8] Undefined index: title_show D:\wamp\www\myCMS\Application\Runtime\Cache\Admin\a46459883b241ab9dd5559bff5775ba1.php 第 78 行.
NOTIC: [8] Use of undefined constant full - assumed 'full' D:\wamp\www\myCMS\Application\Runtime\Cache\Admin\a46459883b241ab9dd5559bff5775ba1.php 第 87 行.
NOTIC: [8] Undefined index: title_show D:\wamp\www\myCMS\Application\Runtime\Cache\Admin\a46459883b241ab9dd5559bff5775ba1.php 第 78 行.
NOTIC: [8] Use of undefined constant full - assumed 'full' D:\wamp\www\myCMS\Application\Runtime\Cache\Admin\a46459883b241ab9dd5559bff5775ba1.php 第 87 行.
NOTIC: [8] Undefined index: title_show D:\wamp\www\myCMS\Application\Runtime\Cache\Admin\a46459883b241ab9dd5559bff5775ba1.php 第 78 行.
NOTIC: [8] Use of undefined constant full - assumed 'full' D:\wamp\www\myCMS\Application\Runtime\Cache\Admin\a46459883b241ab9dd5559bff5775ba1.php 第 87 行.
NOTIC: [8] Undefined index: title_show D:\wamp\www\myCMS\Application\Runtime\Cache\Admin\a46459883b241ab9dd5559bff5775ba1.php 第 78 行.
NOTIC: [8] Use of undefined constant full - assumed 'full' D:\wamp\www\myCMS\Application\Runtime\Cache\Admin\a46459883b241ab9dd5559bff5775ba1.php 第 87 行.
NOTIC: [8] Undefined index: title_show D:\wamp\www\myCMS\Application\Runtime\Cache\Admin\a46459883b241ab9dd5559bff5775ba1.php 第 78 行.
NOTIC: [8] Use of undefined constant full - assumed 'full' D:\wamp\www\myCMS\Application\Runtime\Cache\Admin\a46459883b241ab9dd5559bff5775ba1.php 第 87 行.
INFO: Run Behavior\ParseTemplateBehavior [ RunTime:0.012001s ]
INFO: [ view_parse ] --END-- [ RunTime:0.012001s ]
INFO: [ view_filter ] --START--
INFO: Run Behavior\WriteHtmlCacheBehavior [ RunTime:0.000000s ]
INFO: [ view_filter ] --END-- [ RunTime:0.001000s ]
NOTIC: [8] Undefined variable: result D:\wamp\www\myCMS\ThinkPHP\Library\Think\Hook.class.php 第 103 行.
NOTIC: [8] Undefined variable: result D:\wamp\www\myCMS\ThinkPHP\Library\Think\Hook.class.php 第 103 行.
INFO: [ app_end ] --START--
INFO: Run Behavior\ShowPageTraceBehavior [ RunTime:0.000000s ]
INFO: [ app_end ] --END-- [ RunTime:0.002000s ]

[ 2016-01-16T09:58:11+08:00 ] ::1 /myCMS/admin.php?m=Admin&c=Nav&a=index
INFO: [ app_init ] --START--
INFO: Run Behavior\BuildLiteBehavior [ RunTime:0.000000s ]
INFO: [ app_init ] --END-- [ RunTime:0.000000s ]
NOTIC: [8] Undefined variable: result D:\wamp\www\myCMS\ThinkPHP\Library\Think\Hook.class.php 第 103 行.
NOTIC: [8] Undefined variable: result D:\wamp\www\myCMS\ThinkPHP\Library\Think\Hook.class.php 第 103 行.
INFO: [ app_begin ] --START--
INFO: Run Behavior\ReadHtmlCacheBehavior [ RunTime:0.001000s ]
INFO: Run Behavior\CheckLangBehavior [ RunTime:0.000000s ]
INFO: Run Common\Behavior\InitHookBehavior [ RunTime:0.005000s ]
INFO: [ app_begin ] --END-- [ RunTime:0.007000s ]
NOTIC: [8] Undefined variable: result D:\wamp\www\myCMS\ThinkPHP\Library\Think\Hook.class.php 第 103 行.
NOTIC: [8] Undefined index: logintime D:\wamp\www\myCMS\Application\Admin\Controller\BaseController.class.php 第 19 行.
NOTIC: [8192] mysql_connect(): The mysql extension is deprecated and will be removed in the future: use mysqli or PDO instead D:\wamp\www\myCMS\ThinkPHP\Library\Think\Db\Driver\Mysql.class.php 第 52 行.
SQL: SHOW COLUMNS FROM `my_nav` [ RunTime:0.003000s ]
SQL: SELECT COUNT(*) AS tp_count FROM `my_nav` LIMIT 1   [ RunTime:0.001000s ]
SQL: SELECT * FROM `my_nav` ORDER BY sort asc,id asc  [ RunTime:0.000000s ]
NOTIC: [8] Undefined variable: result D:\wamp\www\myCMS\ThinkPHP\Library\Think\Hook.class.php 第 103 行.
INFO: [ view_parse ] --START--
INFO: [ template_filter ] --START--
INFO: Run Behavior\ContentReplaceBehavior [ RunTime:0.001001s ]
INFO: [ template_filter ] --END-- [ RunTime:0.001001s ]
SQL: SHOW COLUMNS FROM `my_modular` [ RunTime:0.003000s ]
SQL: SELECT `name` FROM `my_modular` WHERE `id` = 1 LIMIT 1   [ RunTime:0.000000s ]
NOTIC: [8] Use of undefined constant full - assumed 'full' D:\wamp\www\myCMS\Application\Runtime\Cache\Admin\c4e487e7ef540c8b27ad1e8c9be3ab57.php 第 107 行.
SQL: SELECT `name` FROM `my_modular` WHERE `id` = 1 LIMIT 1   [ RunTime:0.000000s ]
NOTIC: [8] Use of undefined constant full - assumed 'full' D:\wamp\www\myCMS\Application\Runtime\Cache\Admin\c4e487e7ef540c8b27ad1e8c9be3ab57.php 第 107 行.
SQL: SELECT `name` FROM `my_modular` WHERE `id` = 1 LIMIT 1   [ RunTime:0.000000s ]
NOTIC: [8] Use of undefined constant full - assumed 'full' D:\wamp\www\myCMS\Application\Runtime\Cache\Admin\c4e487e7ef540c8b27ad1e8c9be3ab57.php 第 107 行.
SQL: SELECT `name` FROM `my_modular` WHERE `id` = 1 LIMIT 1   [ RunTime:0.001000s ]
NOTIC: [8] Use of undefined constant full - assumed 'full' D:\wamp\www\myCMS\Application\Runtime\Cache\Admin\c4e487e7ef540c8b27ad1e8c9be3ab57.php 第 107 行.
SQL: SELECT `name` FROM `my_modular` WHERE `id` = 1 LIMIT 1   [ RunTime:0.001000s ]
NOTIC: [8] Use of undefined constant full - assumed 'full' D:\wamp\www\myCMS\Application\Runtime\Cache\Admin\c4e487e7ef540c8b27ad1e8c9be3ab57.php 第 107 行.
SQL: SELECT `name` FROM `my_modular` WHERE `id` = 1 LIMIT 1   [ RunTime:0.001000s ]
NOTIC: [8] Use of undefined constant full - assumed 'full' D:\wamp\www\myCMS\Application\Runtime\Cache\Admin\c4e487e7ef540c8b27ad1e8c9be3ab57.php 第 107 行.
SQL: SELECT `name` FROM `my_modular` WHERE `id` = 2 LIMIT 1   [ RunTime:0.001000s ]
NOTIC: [8] Use of undefined constant full - assumed 'full' D:\wamp\www\myCMS\Application\Runtime\Cache\Admin\c4e487e7ef540c8b27ad1e8c9be3ab57.php 第 107 行.
SQL: SELECT `name` FROM `my_modular` WHERE `id` = 2 LIMIT 1   [ RunTime:0.001000s ]
NOTIC: [8] Use of undefined constant full - assumed 'full' D:\wamp\www\myCMS\Application\Runtime\Cache\Admin\c4e487e7ef540c8b27ad1e8c9be3ab57.php 第 107 行.
SQL: SELECT `name` FROM `my_modular` WHERE `id` = 2 LIMIT 1   [ RunTime:0.000000s ]
NOTIC: [8] Use of undefined constant full - assumed 'full' D:\wamp\www\myCMS\Application\Runtime\Cache\Admin\c4e487e7ef540c8b27ad1e8c9be3ab57.php 第 107 行.
SQL: SELECT `name` FROM `my_modular` WHERE `id` = 2 LIMIT 1   [ RunTime:0.000000s ]
NOTIC: [8] Use of undefined constant full - assumed 'full' D:\wamp\www\myCMS\Application\Runtime\Cache\Admin\c4e487e7ef540c8b27ad1e8c9be3ab57.php 第 107 行.
SQL: SELECT `name` FROM `my_modular` WHERE `id` = 2 LIMIT 1   [ RunTime:0.000000s ]
NOTIC: [8] Use of undefined constant full - assumed 'full' D:\wamp\www\myCMS\Application\Runtime\Cache\Admin\c4e487e7ef540c8b27ad1e8c9be3ab57.php 第 107 行.
SQL: SELECT `name` FROM `my_modular` WHERE `id` = 3 LIMIT 1   [ RunTime:0.000000s ]
NOTIC: [8] Use of undefined constant full - assumed 'full' D:\wamp\www\myCMS\Application\Runtime\Cache\Admin\c4e487e7ef540c8b27ad1e8c9be3ab57.php 第 107 行.
SQL: SELECT `name` FROM `my_modular` WHERE `id` = 3 LIMIT 1   [ RunTime:0.000000s ]
NOTIC: [8] Use of undefined constant full - assumed 'full' D:\wamp\www\myCMS\Application\Runtime\Cache\Admin\c4e487e7ef540c8b27ad1e8c9be3ab57.php 第 107 行.
SQL: SELECT `name` FROM `my_modular` WHERE `id` = 3 LIMIT 1   [ RunTime:0.000000s ]
NOTIC: [8] Use of undefined constant full - assumed 'full' D:\wamp\www\myCMS\Application\Runtime\Cache\Admin\c4e487e7ef540c8b27ad1e8c9be3ab57.php 第 107 行.
SQL: SELECT `name` FROM `my_modular` WHERE `id` = 4 LIMIT 1   [ RunTime:0.000000s ]
NOTIC: [8] Use of undefined constant full - assumed 'full' D:\wamp\www\myCMS\Application\Runtime\Cache\Admin\c4e487e7ef540c8b27ad1e8c9be3ab57.php 第 107 行.
SQL: SELECT `name` FROM `my_modular` WHERE `id` = 4 LIMIT 1   [ RunTime:0.000000s ]
NOTIC: [8] Use of undefined constant full - assumed 'full' D:\wamp\www\myCMS\Application\Runtime\Cache\Admin\c4e487e7ef540c8b27ad1e8c9be3ab57.php 第 107 行.
SQL: SELECT `name` FROM `my_modular` WHERE `id` = 1 LIMIT 1   [ RunTime:0.000000s ]
NOTIC: [8] Use of undefined constant full - assumed 'full' D:\wamp\www\myCMS\Application\Runtime\Cache\Admin\c4e487e7ef540c8b27ad1e8c9be3ab57.php 第 107 行.
SQL: SELECT `name` FROM `my_modular` WHERE `id` = 1 LIMIT 1   [ RunTime:0.000000s ]
NOTIC: [8] Use of undefined constant full - assumed 'full' D:\wamp\www\myCMS\Application\Runtime\Cache\Admin\c4e487e7ef540c8b27ad1e8c9be3ab57.php 第 107 行.
SQL: SELECT `name` FROM `my_modular` WHERE `id` = 5 LIMIT 1   [ RunTime:0.001000s ]
NOTIC: [8] Use of undefined constant full - assumed 'full' D:\wamp\www\myCMS\Application\Runtime\Cache\Admin\c4e487e7ef540c8b27ad1e8c9be3ab57.php 第 107 行.
INFO: Run Behavior\ParseTemplateBehavior [ RunTime:0.033002s ]
INFO: [ view_parse ] --END-- [ RunTime:0.033002s ]
INFO: [ view_filter ] --START--
INFO: Run Behavior\WriteHtmlCacheBehavior [ RunTime:0.001000s ]
INFO: [ view_filter ] --END-- [ RunTime:0.001000s ]
NOTIC: [8] Undefined variable: result D:\wamp\www\myCMS\ThinkPHP\Library\Think\Hook.class.php 第 103 行.
NOTIC: [8] Undefined variable: result D:\wamp\www\myCMS\ThinkPHP\Library\Think\Hook.class.php 第 103 行.
INFO: [ app_end ] --START--
INFO: Run Behavior\ShowPageTraceBehavior [ RunTime:0.000000s ]
INFO: [ app_end ] --END-- [ RunTime:0.001000s ]

[ 2016-01-16T16:12:24+08:00 ] ::1 /myCMS/admin.php?m=Admin&c=Index&a=index
INFO: [ app_init ] --START--
INFO: Run Behavior\BuildLiteBehavior [ RunTime:0.000000s ]
INFO: [ app_init ] --END-- [ RunTime:0.001000s ]
NOTIC: [8] Undefined variable: result D:\wamp\www\myCMS\ThinkPHP\Library\Think\Hook.class.php 第 103 行.
NOTIC: [8] Undefined variable: result D:\wamp\www\myCMS\ThinkPHP\Library\Think\Hook.class.php 第 103 行.
INFO: [ app_begin ] --START--
INFO: Run Behavior\ReadHtmlCacheBehavior [ RunTime:0.000000s ]
INFO: Run Behavior\CheckLangBehavior [ RunTime:0.000000s ]
INFO: Run Common\Behavior\InitHookBehavior [ RunTime:0.001000s ]
INFO: [ app_begin ] --END-- [ RunTime:0.002000s ]
NOTIC: [8] Undefined variable: result D:\wamp\www\myCMS\ThinkPHP\Library\Think\Hook.class.php 第 103 行.
NOTIC: [8] Undefined index: logintime D:\wamp\www\myCMS\Application\Admin\Controller\BaseController.class.php 第 19 行.
NOTIC: [8192] mysql_connect(): The mysql extension is deprecated and will be removed in the future: use mysqli or PDO instead D:\wamp\www\myCMS\ThinkPHP\Library\Think\Db\Driver\Mysql.class.php 第 52 行.
SQL: SHOW COLUMNS FROM `my_menu` [ RunTime:0.003000s ]
SQL: SELECT * FROM `my_menu` WHERE `status` = 1 AND `is_left` = 1 ORDER BY sort asc,id asc  [ RunTime:0.001000s ]
SQL: SHOW COLUMNS FROM `my_addons` [ RunTime:0.002000s ]
SQL: SELECT `id`,`name`,`title`,`is_system` FROM `my_addons` WHERE ( status=1 )  [ RunTime:0.000000s ]
NOTIC: [8] Undefined variable: result D:\wamp\www\myCMS\ThinkPHP\Library\Think\Hook.class.php 第 103 行.
INFO: [ view_parse ] --START--
INFO: [ template_filter ] --START--
INFO: Run Behavior\ContentReplaceBehavior [ RunTime:0.000000s ]
INFO: [ template_filter ] --END-- [ RunTime:0.000000s ]
INFO: Run Behavior\ParseTemplateBehavior [ RunTime:0.014001s ]
INFO: [ view_parse ] --END-- [ RunTime:0.014001s ]
INFO: [ view_filter ] --START--
INFO: Run Behavior\WriteHtmlCacheBehavior [ RunTime:0.000000s ]
INFO: [ view_filter ] --END-- [ RunTime:0.000000s ]
NOTIC: [8] Undefined variable: result D:\wamp\www\myCMS\ThinkPHP\Library\Think\Hook.class.php 第 103 行.
NOTIC: [8] Undefined variable: result D:\wamp\www\myCMS\ThinkPHP\Library\Think\Hook.class.php 第 103 行.
INFO: [ app_end ] --START--
INFO: Run Behavior\ShowPageTraceBehavior [ RunTime:0.000000s ]
INFO: [ app_end ] --END-- [ RunTime:0.000000s ]

[ 2016-01-16T16:12:24+08:00 ] ::1 /myCMS/admin.php?m=Admin&c=Index&a=welcome
INFO: [ app_init ] --START--
INFO: Run Behavior\BuildLiteBehavior [ RunTime:0.000000s ]
INFO: [ app_init ] --END-- [ RunTime:0.000000s ]
NOTIC: [8] Undefined variable: result D:\wamp\www\myCMS\ThinkPHP\Library\Think\Hook.class.php 第 103 行.
NOTIC: [8] Undefined variable: result D:\wamp\www\myCMS\ThinkPHP\Library\Think\Hook.class.php 第 103 行.
INFO: [ app_begin ] --START--
INFO: Run Behavior\ReadHtmlCacheBehavior [ RunTime:0.000000s ]
INFO: Run Behavior\CheckLangBehavior [ RunTime:0.001001s ]
INFO: Run Common\Behavior\InitHookBehavior [ RunTime:0.006000s ]
INFO: [ app_begin ] --END-- [ RunTime:0.008001s ]
NOTIC: [8] Undefined variable: result D:\wamp\www\myCMS\ThinkPHP\Library\Think\Hook.class.php 第 103 行.
NOTIC: [8] Undefined index: logintime D:\wamp\www\myCMS\Application\Admin\Controller\BaseController.class.php 第 19 行.
NOTIC: [8192] mysql_connect(): The mysql extension is deprecated and will be removed in the future: use mysqli or PDO instead D:\wamp\www\myCMS\ThinkPHP\Library\Think\Db\Driver\Mysql.class.php 第 52 行.
SQL: SHOW COLUMNS FROM `my_admin` [ RunTime:0.005001s ]
SQL: SELECT * FROM `my_admin` WHERE `id` = 1 LIMIT 1   [ RunTime:0.002000s ]
NOTIC: [8] Undefined variable: result D:\wamp\www\myCMS\ThinkPHP\Library\Think\Hook.class.php 第 103 行.
INFO: [ view_parse ] --START--
INFO: [ template_filter ] --START--
INFO: Run Behavior\ContentReplaceBehavior [ RunTime:0.001000s ]
INFO: [ template_filter ] --END-- [ RunTime:0.001000s ]
NOTIC: [8] Undefined index: PROCESSOR_IDENTIFIER D:\wamp\www\myCMS\Application\Runtime\Cache\Admin\69fa43b310489e974c292babf8eca7e7.php 第 153 行.
NOTIC: [8] Use of undefined constant mysql_close - assumed 'mysql_close' D:\wamp\www\myCMS\Application\Runtime\Cache\Admin\69fa43b310489e974c292babf8eca7e7.php 第 169 行.
INFO: Run Behavior\ParseTemplateBehavior [ RunTime:0.018001s ]
INFO: [ view_parse ] --END-- [ RunTime:0.018001s ]
INFO: [ view_filter ] --START--
INFO: Run Behavior\WriteHtmlCacheBehavior [ RunTime:0.000000s ]
INFO: [ view_filter ] --END-- [ RunTime:0.000000s ]
NOTIC: [8] Undefined variable: result D:\wamp\www\myCMS\ThinkPHP\Library\Think\Hook.class.php 第 103 行.
NOTIC: [8] Undefined variable: result D:\wamp\www\myCMS\ThinkPHP\Library\Think\Hook.class.php 第 103 行.
INFO: [ app_end ] --START--
INFO: Run Behavior\ShowPageTraceBehavior [ RunTime:0.001000s ]
INFO: [ app_end ] --END-- [ RunTime:0.001000s ]

[ 2016-01-16T16:12:26+08:00 ] ::1 /myCMS/admin.php?m=Admin&c=Nav&a=index
INFO: [ app_init ] --START--
INFO: Run Behavior\BuildLiteBehavior [ RunTime:0.000000s ]
INFO: [ app_init ] --END-- [ RunTime:0.000000s ]
NOTIC: [8] Undefined variable: result D:\wamp\www\myCMS\ThinkPHP\Library\Think\Hook.class.php 第 103 行.
NOTIC: [8] Undefined variable: result D:\wamp\www\myCMS\ThinkPHP\Library\Think\Hook.class.php 第 103 行.
INFO: [ app_begin ] --START--
INFO: Run Behavior\ReadHtmlCacheBehavior [ RunTime:0.001000s ]
INFO: Run Behavior\CheckLangBehavior [ RunTime:0.000000s ]
INFO: Run Common\Behavior\InitHookBehavior [ RunTime:0.002000s ]
INFO: [ app_begin ] --END-- [ RunTime:0.003000s ]
NOTIC: [8] Undefined variable: result D:\wamp\www\myCMS\ThinkPHP\Library\Think\Hook.class.php 第 103 行.
NOTIC: [8] Undefined index: logintime D:\wamp\www\myCMS\Application\Admin\Controller\BaseController.class.php 第 19 行.
NOTIC: [8192] mysql_connect(): The mysql extension is deprecated and will be removed in the future: use mysqli or PDO instead D:\wamp\www\myCMS\ThinkPHP\Library\Think\Db\Driver\Mysql.class.php 第 52 行.
SQL: SHOW COLUMNS FROM `my_nav` [ RunTime:0.003000s ]
SQL: SELECT COUNT(*) AS tp_count FROM `my_nav` LIMIT 1   [ RunTime:0.002000s ]
SQL: SELECT * FROM `my_nav` ORDER BY sort asc,id asc  [ RunTime:0.001000s ]
NOTIC: [8] Undefined variable: result D:\wamp\www\myCMS\ThinkPHP\Library\Think\Hook.class.php 第 103 行.
INFO: [ view_parse ] --START--
INFO: [ template_filter ] --START--
INFO: Run Behavior\ContentReplaceBehavior [ RunTime:0.000000s ]
INFO: [ template_filter ] --END-- [ RunTime:0.000000s ]
SQL: SHOW COLUMNS FROM `my_modular` [ RunTime:0.002000s ]
SQL: SELECT `name` FROM `my_modular` WHERE `id` = 1 LIMIT 1   [ RunTime:0.000000s ]
NOTIC: [8] Use of undefined constant full - assumed 'full' D:\wamp\www\myCMS\Application\Runtime\Cache\Admin\c4e487e7ef540c8b27ad1e8c9be3ab57.php 第 107 行.
SQL: SELECT `name` FROM `my_modular` WHERE `id` = 1 LIMIT 1   [ RunTime:0.000000s ]
NOTIC: [8] Use of undefined constant full - assumed 'full' D:\wamp\www\myCMS\Application\Runtime\Cache\Admin\c4e487e7ef540c8b27ad1e8c9be3ab57.php 第 107 行.
SQL: SELECT `name` FROM `my_modular` WHERE `id` = 1 LIMIT 1   [ RunTime:0.000000s ]
NOTIC: [8] Use of undefined constant full - assumed 'full' D:\wamp\www\myCMS\Application\Runtime\Cache\Admin\c4e487e7ef540c8b27ad1e8c9be3ab57.php 第 107 行.
SQL: SELECT `name` FROM `my_modular` WHERE `id` = 1 LIMIT 1   [ RunTime:0.000000s ]
NOTIC: [8] Use of undefined constant full - assumed 'full' D:\wamp\www\myCMS\Application\Runtime\Cache\Admin\c4e487e7ef540c8b27ad1e8c9be3ab57.php 第 107 行.
SQL: SELECT `name` FROM `my_modular` WHERE `id` = 1 LIMIT 1   [ RunTime:0.000000s ]
NOTIC: [8] Use of undefined constant full - assumed 'full' D:\wamp\www\myCMS\Application\Runtime\Cache\Admin\c4e487e7ef540c8b27ad1e8c9be3ab57.php 第 107 行.
SQL: SELECT `name` FROM `my_modular` WHERE `id` = 1 LIMIT 1   [ RunTime:0.000000s ]
NOTIC: [8] Use of undefined constant full - assumed 'full' D:\wamp\www\myCMS\Application\Runtime\Cache\Admin\c4e487e7ef540c8b27ad1e8c9be3ab57.php 第 107 行.
SQL: SELECT `name` FROM `my_modular` WHERE `id` = 2 LIMIT 1   [ RunTime:0.000000s ]
NOTIC: [8] Use of undefined constant full - assumed 'full' D:\wamp\www\myCMS\Application\Runtime\Cache\Admin\c4e487e7ef540c8b27ad1e8c9be3ab57.php 第 107 行.
SQL: SELECT `name` FROM `my_modular` WHERE `id` = 2 LIMIT 1   [ RunTime:0.001000s ]
NOTIC: [8] Use of undefined constant full - assumed 'full' D:\wamp\www\myCMS\Application\Runtime\Cache\Admin\c4e487e7ef540c8b27ad1e8c9be3ab57.php 第 107 行.
SQL: SELECT `name` FROM `my_modular` WHERE `id` = 2 LIMIT 1   [ RunTime:0.000000s ]
NOTIC: [8] Use of undefined constant full - assumed 'full' D:\wamp\www\myCMS\Application\Runtime\Cache\Admin\c4e487e7ef540c8b27ad1e8c9be3ab57.php 第 107 行.
SQL: SELECT `name` FROM `my_modular` WHERE `id` = 2 LIMIT 1   [ RunTime:0.000000s ]
NOTIC: [8] Use of undefined constant full - assumed 'full' D:\wamp\www\myCMS\Application\Runtime\Cache\Admin\c4e487e7ef540c8b27ad1e8c9be3ab57.php 第 107 行.
SQL: SELECT `name` FROM `my_modular` WHERE `id` = 2 LIMIT 1   [ RunTime:0.000000s ]
NOTIC: [8] Use of undefined constant full - assumed 'full' D:\wamp\www\myCMS\Application\Runtime\Cache\Admin\c4e487e7ef540c8b27ad1e8c9be3ab57.php 第 107 行.
SQL: SELECT `name` FROM `my_modular` WHERE `id` = 3 LIMIT 1   [ RunTime:0.000000s ]
NOTIC: [8] Use of undefined constant full - assumed 'full' D:\wamp\www\myCMS\Application\Runtime\Cache\Admin\c4e487e7ef540c8b27ad1e8c9be3ab57.php 第 107 行.
SQL: SELECT `name` FROM `my_modular` WHERE `id` = 3 LIMIT 1   [ RunTime:0.000000s ]
NOTIC: [8] Use of undefined constant full - assumed 'full' D:\wamp\www\myCMS\Application\Runtime\Cache\Admin\c4e487e7ef540c8b27ad1e8c9be3ab57.php 第 107 行.
SQL: SELECT `name` FROM `my_modular` WHERE `id` = 3 LIMIT 1   [ RunTime:0.000000s ]
NOTIC: [8] Use of undefined constant full - assumed 'full' D:\wamp\www\myCMS\Application\Runtime\Cache\Admin\c4e487e7ef540c8b27ad1e8c9be3ab57.php 第 107 行.
SQL: SELECT `name` FROM `my_modular` WHERE `id` = 4 LIMIT 1   [ RunTime:0.000000s ]
NOTIC: [8] Use of undefined constant full - assumed 'full' D:\wamp\www\myCMS\Application\Runtime\Cache\Admin\c4e487e7ef540c8b27ad1e8c9be3ab57.php 第 107 行.
SQL: SELECT `name` FROM `my_modular` WHERE `id` = 4 LIMIT 1   [ RunTime:0.000000s ]
NOTIC: [8] Use of undefined constant full - assumed 'full' D:\wamp\www\myCMS\Application\Runtime\Cache\Admin\c4e487e7ef540c8b27ad1e8c9be3ab57.php 第 107 行.
SQL: SELECT `name` FROM `my_modular` WHERE `id` = 1 LIMIT 1   [ RunTime:0.000000s ]
NOTIC: [8] Use of undefined constant full - assumed 'full' D:\wamp\www\myCMS\Application\Runtime\Cache\Admin\c4e487e7ef540c8b27ad1e8c9be3ab57.php 第 107 行.
SQL: SELECT `name` FROM `my_modular` WHERE `id` = 1 LIMIT 1   [ RunTime:0.000000s ]
NOTIC: [8] Use of undefined constant full - assumed 'full' D:\wamp\www\myCMS\Application\Runtime\Cache\Admin\c4e487e7ef540c8b27ad1e8c9be3ab57.php 第 107 行.
SQL: SELECT `name` FROM `my_modular` WHERE `id` = 5 LIMIT 1   [ RunTime:0.000000s ]
NOTIC: [8] Use of undefined constant full - assumed 'full' D:\wamp\www\myCMS\Application\Runtime\Cache\Admin\c4e487e7ef540c8b27ad1e8c9be3ab57.php 第 107 行.
INFO: Run Behavior\ParseTemplateBehavior [ RunTime:0.028002s ]
INFO: [ view_parse ] --END-- [ RunTime:0.028002s ]
INFO: [ view_filter ] --START--
INFO: Run Behavior\WriteHtmlCacheBehavior [ RunTime:0.000000s ]
INFO: [ view_filter ] --END-- [ RunTime:0.001000s ]
NOTIC: [8] Undefined variable: result D:\wamp\www\myCMS\ThinkPHP\Library\Think\Hook.class.php 第 103 行.
NOTIC: [8] Undefined variable: result D:\wamp\www\myCMS\ThinkPHP\Library\Think\Hook.class.php 第 103 行.
INFO: [ app_end ] --START--
INFO: Run Behavior\ShowPageTraceBehavior [ RunTime:0.001000s ]
INFO: [ app_end ] --END-- [ RunTime:0.001000s ]

[ 2016-01-16T16:12:31+08:00 ] ::1 /myCMS/admin.php?m=Admin&c=Nav&a=edit&id=1
INFO: [ app_init ] --START--
INFO: Run Behavior\BuildLiteBehavior [ RunTime:0.000000s ]
INFO: [ app_init ] --END-- [ RunTime:0.000000s ]
NOTIC: [8] Undefined variable: result D:\wamp\www\myCMS\ThinkPHP\Library\Think\Hook.class.php 第 103 行.
NOTIC: [8] Undefined variable: result D:\wamp\www\myCMS\ThinkPHP\Library\Think\Hook.class.php 第 103 行.
INFO: [ app_begin ] --START--
INFO: Run Behavior\ReadHtmlCacheBehavior [ RunTime:0.001000s ]
INFO: Run Behavior\CheckLangBehavior [ RunTime:0.000000s ]
INFO: Run Common\Behavior\InitHookBehavior [ RunTime:0.002000s ]
INFO: [ app_begin ] --END-- [ RunTime:0.003000s ]
NOTIC: [8] Undefined variable: result D:\wamp\www\myCMS\ThinkPHP\Library\Think\Hook.class.php 第 103 行.
NOTIC: [8] Undefined index: logintime D:\wamp\www\myCMS\Application\Admin\Controller\BaseController.class.php 第 19 行.
NOTIC: [8192] mysql_connect(): The mysql extension is deprecated and will be removed in the future: use mysqli or PDO instead D:\wamp\www\myCMS\ThinkPHP\Library\Think\Db\Driver\Mysql.class.php 第 52 行.
SQL: SHOW COLUMNS FROM `my_nav` [ RunTime:0.004000s ]
SQL: SELECT * FROM `my_nav` WHERE `id` = 1 LIMIT 1   [ RunTime:0.000000s ]
SQL: SELECT * FROM `my_nav` ORDER BY sort asc,id asc  [ RunTime:0.001000s ]
SQL: SHOW COLUMNS FROM `my_modular` [ RunTime:0.004000s ]
SQL: SELECT * FROM `my_modular`  [ RunTime:0.000000s ]
NOTIC: [8] Undefined variable: result D:\wamp\www\myCMS\ThinkPHP\Library\Think\Hook.class.php 第 103 行.
INFO: [ view_parse ] --START--
INFO: [ template_filter ] --START--
INFO: Run Behavior\ContentReplaceBehavior [ RunTime:0.000000s ]
INFO: [ template_filter ] --END-- [ RunTime:0.000000s ]
NOTIC: [8] Undefined index: ke
						ywords D:\wamp\www\myCMS\Application\Runtime\Cache\Admin\1597f4e3c9028bbc0e7318d11b75af74.php 第 97 行.
INFO: Run Behavior\ParseTemplateBehavior [ RunTime:0.018001s ]
INFO: [ view_parse ] --END-- [ RunTime:0.018001s ]
INFO: [ view_filter ] --START--
INFO: Run Behavior\WriteHtmlCacheBehavior [ RunTime:0.000000s ]
INFO: [ view_filter ] --END-- [ RunTime:0.000000s ]
NOTIC: [8] Undefined variable: result D:\wamp\www\myCMS\ThinkPHP\Library\Think\Hook.class.php 第 103 行.
NOTIC: [8] Undefined variable: result D:\wamp\www\myCMS\ThinkPHP\Library\Think\Hook.class.php 第 103 行.
INFO: [ app_end ] --START--
INFO: Run Behavior\ShowPageTraceBehavior [ RunTime:0.000000s ]
INFO: [ app_end ] --END-- [ RunTime:0.000000s ]

[ 2016-01-16T16:12:41+08:00 ] ::1 /myCMS/admin.php?m=Admin&c=Nav&a=edit
INFO: [ app_init ] --START--
INFO: Run Behavior\BuildLiteBehavior [ RunTime:0.000000s ]
INFO: [ app_init ] --END-- [ RunTime:0.001000s ]
NOTIC: [8] Undefined variable: result D:\wamp\www\myCMS\ThinkPHP\Library\Think\Hook.class.php 第 103 行.
NOTIC: [8] Undefined variable: result D:\wamp\www\myCMS\ThinkPHP\Library\Think\Hook.class.php 第 103 行.
INFO: [ app_begin ] --START--
INFO: Run Behavior\ReadHtmlCacheBehavior [ RunTime:0.000000s ]
INFO: Run Behavior\CheckLangBehavior [ RunTime:0.001000s ]
INFO: Run Common\Behavior\InitHookBehavior [ RunTime:0.001000s ]
INFO: [ app_begin ] --END-- [ RunTime:0.002000s ]
NOTIC: [8] Undefined variable: result D:\wamp\www\myCMS\ThinkPHP\Library\Think\Hook.class.php 第 103 行.
NOTIC: [8] Undefined index: logintime D:\wamp\www\myCMS\Application\Admin\Controller\BaseController.class.php 第 19 行.
NOTIC: [8192] mysql_connect(): The mysql extension is deprecated and will be removed in the future: use mysqli or PDO instead D:\wamp\www\myCMS\ThinkPHP\Library\Think\Db\Driver\Mysql.class.php 第 52 行.
SQL: SHOW COLUMNS FROM `my_nav` [ RunTime:0.002000s ]
SQL: UPDATE `my_nav` SET `name`='关于我们',`url`='page/about',`pid`=0,`template`='page',`modular_id`=1,`status`=1,`sort`=0,`keywords`='',`description`='关于我们',`edittime`=1452931961 WHERE `id` = 1 [ RunTime:0.003001s ]

[ 2016-01-16T16:12:42+08:00 ] ::1 /myCMS/admin.php?m=Admin&c=Nav&a=index
INFO: [ app_init ] --START--
INFO: Run Behavior\BuildLiteBehavior [ RunTime:0.000000s ]
INFO: [ app_init ] --END-- [ RunTime:0.001000s ]
NOTIC: [8] Undefined variable: result D:\wamp\www\myCMS\ThinkPHP\Library\Think\Hook.class.php 第 103 行.
NOTIC: [8] Undefined variable: result D:\wamp\www\myCMS\ThinkPHP\Library\Think\Hook.class.php 第 103 行.
INFO: [ app_begin ] --START--
INFO: Run Behavior\ReadHtmlCacheBehavior [ RunTime:0.001000s ]
INFO: Run Behavior\CheckLangBehavior [ RunTime:0.000000s ]
INFO: Run Common\Behavior\InitHookBehavior [ RunTime:0.002000s ]
INFO: [ app_begin ] --END-- [ RunTime:0.004000s ]
NOTIC: [8] Undefined variable: result D:\wamp\www\myCMS\ThinkPHP\Library\Think\Hook.class.php 第 103 行.
NOTIC: [8] Undefined index: logintime D:\wamp\www\myCMS\Application\Admin\Controller\BaseController.class.php 第 19 行.
NOTIC: [8192] mysql_connect(): The mysql extension is deprecated and will be removed in the future: use mysqli or PDO instead D:\wamp\www\myCMS\ThinkPHP\Library\Think\Db\Driver\Mysql.class.php 第 52 行.
SQL: SHOW COLUMNS FROM `my_nav` [ RunTime:0.002001s ]
SQL: SELECT COUNT(*) AS tp_count FROM `my_nav` LIMIT 1   [ RunTime:0.000000s ]
SQL: SELECT * FROM `my_nav` ORDER BY sort asc,id asc  [ RunTime:0.000000s ]
NOTIC: [8] Undefined variable: result D:\wamp\www\myCMS\ThinkPHP\Library\Think\Hook.class.php 第 103 行.
INFO: [ view_parse ] --START--
INFO: [ template_filter ] --START--
INFO: Run Behavior\ContentReplaceBehavior [ RunTime:0.000000s ]
INFO: [ template_filter ] --END-- [ RunTime:0.000000s ]
SQL: SHOW COLUMNS FROM `my_modular` [ RunTime:0.002000s ]
SQL: SELECT `name` FROM `my_modular` WHERE `id` = 1 LIMIT 1   [ RunTime:0.000000s ]
NOTIC: [8] Use of undefined constant full - assumed 'full' D:\wamp\www\myCMS\Application\Runtime\Cache\Admin\c4e487e7ef540c8b27ad1e8c9be3ab57.php 第 107 行.
SQL: SELECT `name` FROM `my_modular` WHERE `id` = 1 LIMIT 1   [ RunTime:0.001001s ]
NOTIC: [8] Use of undefined constant full - assumed 'full' D:\wamp\www\myCMS\Application\Runtime\Cache\Admin\c4e487e7ef540c8b27ad1e8c9be3ab57.php 第 107 行.
SQL: SELECT `name` FROM `my_modular` WHERE `id` = 1 LIMIT 1   [ RunTime:0.000000s ]
NOTIC: [8] Use of undefined constant full - assumed 'full' D:\wamp\www\myCMS\Application\Runtime\Cache\Admin\c4e487e7ef540c8b27ad1e8c9be3ab57.php 第 107 行.
SQL: SELECT `name` FROM `my_modular` WHERE `id` = 1 LIMIT 1   [ RunTime:0.000000s ]
NOTIC: [8] Use of undefined constant full - assumed 'full' D:\wamp\www\myCMS\Application\Runtime\Cache\Admin\c4e487e7ef540c8b27ad1e8c9be3ab57.php 第 107 行.
SQL: SELECT `name` FROM `my_modular` WHERE `id` = 1 LIMIT 1   [ RunTime:0.000000s ]
NOTIC: [8] Use of undefined constant full - assumed 'full' D:\wamp\www\myCMS\Application\Runtime\Cache\Admin\c4e487e7ef540c8b27ad1e8c9be3ab57.php 第 107 行.
SQL: SELECT `name` FROM `my_modular` WHERE `id` = 1 LIMIT 1   [ RunTime:0.000000s ]
NOTIC: [8] Use of undefined constant full - assumed 'full' D:\wamp\www\myCMS\Application\Runtime\Cache\Admin\c4e487e7ef540c8b27ad1e8c9be3ab57.php 第 107 行.
SQL: SELECT `name` FROM `my_modular` WHERE `id` = 2 LIMIT 1   [ RunTime:0.000000s ]
NOTIC: [8] Use of undefined constant full - assumed 'full' D:\wamp\www\myCMS\Application\Runtime\Cache\Admin\c4e487e7ef540c8b27ad1e8c9be3ab57.php 第 107 行.
SQL: SELECT `name` FROM `my_modular` WHERE `id` = 2 LIMIT 1   [ RunTime:0.000000s ]
NOTIC: [8] Use of undefined constant full - assumed 'full' D:\wamp\www\myCMS\Application\Runtime\Cache\Admin\c4e487e7ef540c8b27ad1e8c9be3ab57.php 第 107 行.
SQL: SELECT `name` FROM `my_modular` WHERE `id` = 2 LIMIT 1   [ RunTime:0.000000s ]
NOTIC: [8] Use of undefined constant full - assumed 'full' D:\wamp\www\myCMS\Application\Runtime\Cache\Admin\c4e487e7ef540c8b27ad1e8c9be3ab57.php 第 107 行.
SQL: SELECT `name` FROM `my_modular` WHERE `id` = 2 LIMIT 1   [ RunTime:0.000000s ]
NOTIC: [8] Use of undefined constant full - assumed 'full' D:\wamp\www\myCMS\Application\Runtime\Cache\Admin\c4e487e7ef540c8b27ad1e8c9be3ab57.php 第 107 行.
SQL: SELECT `name` FROM `my_modular` WHERE `id` = 2 LIMIT 1   [ RunTime:0.000000s ]
NOTIC: [8] Use of undefined constant full - assumed 'full' D:\wamp\www\myCMS\Application\Runtime\Cache\Admin\c4e487e7ef540c8b27ad1e8c9be3ab57.php 第 107 行.
SQL: SELECT `name` FROM `my_modular` WHERE `id` = 3 LIMIT 1   [ RunTime:0.000000s ]
NOTIC: [8] Use of undefined constant full - assumed 'full' D:\wamp\www\myCMS\Application\Runtime\Cache\Admin\c4e487e7ef540c8b27ad1e8c9be3ab57.php 第 107 行.
SQL: SELECT `name` FROM `my_modular` WHERE `id` = 3 LIMIT 1   [ RunTime:0.000000s ]
NOTIC: [8] Use of undefined constant full - assumed 'full' D:\wamp\www\myCMS\Application\Runtime\Cache\Admin\c4e487e7ef540c8b27ad1e8c9be3ab57.php 第 107 行.
SQL: SELECT `name` FROM `my_modular` WHERE `id` = 3 LIMIT 1   [ RunTime:0.000000s ]
NOTIC: [8] Use of undefined constant full - assumed 'full' D:\wamp\www\myCMS\Application\Runtime\Cache\Admin\c4e487e7ef540c8b27ad1e8c9be3ab57.php 第 107 行.
SQL: SELECT `name` FROM `my_modular` WHERE `id` = 4 LIMIT 1   [ RunTime:0.000000s ]
NOTIC: [8] Use of undefined constant full - assumed 'full' D:\wamp\www\myCMS\Application\Runtime\Cache\Admin\c4e487e7ef540c8b27ad1e8c9be3ab57.php 第 107 行.
SQL: SELECT `name` FROM `my_modular` WHERE `id` = 4 LIMIT 1   [ RunTime:0.001000s ]
NOTIC: [8] Use of undefined constant full - assumed 'full' D:\wamp\www\myCMS\Application\Runtime\Cache\Admin\c4e487e7ef540c8b27ad1e8c9be3ab57.php 第 107 行.
SQL: SELECT `name` FROM `my_modular` WHERE `id` = 1 LIMIT 1   [ RunTime:0.000000s ]
NOTIC: [8] Use of undefined constant full - assumed 'full' D:\wamp\www\myCMS\Application\Runtime\Cache\Admin\c4e487e7ef540c8b27ad1e8c9be3ab57.php 第 107 行.
SQL: SELECT `name` FROM `my_modular` WHERE `id` = 1 LIMIT 1   [ RunTime:0.000000s ]
NOTIC: [8] Use of undefined constant full - assumed 'full' D:\wamp\www\myCMS\Application\Runtime\Cache\Admin\c4e487e7ef540c8b27ad1e8c9be3ab57.php 第 107 行.
SQL: SELECT `name` FROM `my_modular` WHERE `id` = 5 LIMIT 1   [ RunTime:0.000000s ]
NOTIC: [8] Use of undefined constant full - assumed 'full' D:\wamp\www\myCMS\Application\Runtime\Cache\Admin\c4e487e7ef540c8b27ad1e8c9be3ab57.php 第 107 行.
INFO: Run Behavior\ParseTemplateBehavior [ RunTime:0.028001s ]
INFO: [ view_parse ] --END-- [ RunTime:0.028001s ]
INFO: [ view_filter ] --START--
INFO: Run Behavior\WriteHtmlCacheBehavior [ RunTime:0.000000s ]
INFO: [ view_filter ] --END-- [ RunTime:0.000000s ]
NOTIC: [8] Undefined variable: result D:\wamp\www\myCMS\ThinkPHP\Library\Think\Hook.class.php 第 103 行.
NOTIC: [8] Undefined variable: result D:\wamp\www\myCMS\ThinkPHP\Library\Think\Hook.class.php 第 103 行.
INFO: [ app_end ] --START--
INFO: Run Behavior\ShowPageTraceBehavior [ RunTime:0.000000s ]
INFO: [ app_end ] --END-- [ RunTime:0.000000s ]

[ 2016-01-16T16:12:45+08:00 ] ::1 /myCMS/admin.php?m=Admin&c=Nav&a=edit&id=2
INFO: [ app_init ] --START--
INFO: Run Behavior\BuildLiteBehavior [ RunTime:0.000000s ]
INFO: [ app_init ] --END-- [ RunTime:0.001001s ]
NOTIC: [8] Undefined variable: result D:\wamp\www\myCMS\ThinkPHP\Library\Think\Hook.class.php 第 103 行.
NOTIC: [8] Undefined variable: result D:\wamp\www\myCMS\ThinkPHP\Library\Think\Hook.class.php 第 103 行.
INFO: [ app_begin ] --START--
INFO: Run Behavior\ReadHtmlCacheBehavior [ RunTime:0.000000s ]
INFO: Run Behavior\CheckLangBehavior [ RunTime:0.000000s ]
INFO: Run Common\Behavior\InitHookBehavior [ RunTime:0.006000s ]
INFO: [ app_begin ] --END-- [ RunTime:0.009000s ]
NOTIC: [8] Undefined variable: result D:\wamp\www\myCMS\ThinkPHP\Library\Think\Hook.class.php 第 103 行.
NOTIC: [8] Undefined index: logintime D:\wamp\www\myCMS\Application\Admin\Controller\BaseController.class.php 第 19 行.
NOTIC: [8192] mysql_connect(): The mysql extension is deprecated and will be removed in the future: use mysqli or PDO instead D:\wamp\www\myCMS\ThinkPHP\Library\Think\Db\Driver\Mysql.class.php 第 52 行.
SQL: SHOW COLUMNS FROM `my_nav` [ RunTime:0.006000s ]
SQL: SELECT * FROM `my_nav` WHERE `id` = 2 LIMIT 1   [ RunTime:0.000000s ]
SQL: SELECT * FROM `my_nav` ORDER BY sort asc,id asc  [ RunTime:0.000000s ]
SQL: SHOW COLUMNS FROM `my_modular` [ RunTime:0.005001s ]
SQL: SELECT * FROM `my_modular`  [ RunTime:0.000000s ]
NOTIC: [8] Undefined variable: result D:\wamp\www\myCMS\ThinkPHP\Library\Think\Hook.class.php 第 103 行.
INFO: [ view_parse ] --START--
INFO: [ template_filter ] --START--
INFO: Run Behavior\ContentReplaceBehavior [ RunTime:0.000000s ]
INFO: [ template_filter ] --END-- [ RunTime:0.001000s ]
NOTIC: [8] Undefined index: ke
						ywords D:\wamp\www\myCMS\Application\Runtime\Cache\Admin\1597f4e3c9028bbc0e7318d11b75af74.php 第 97 行.
INFO: Run Behavior\ParseTemplateBehavior [ RunTime:0.017001s ]
INFO: [ view_parse ] --END-- [ RunTime:0.017001s ]
INFO: [ view_filter ] --START--
INFO: Run Behavior\WriteHtmlCacheBehavior [ RunTime:0.001000s ]
INFO: [ view_filter ] --END-- [ RunTime:0.001000s ]
NOTIC: [8] Undefined variable: result D:\wamp\www\myCMS\ThinkPHP\Library\Think\Hook.class.php 第 103 行.
NOTIC: [8] Undefined variable: result D:\wamp\www\myCMS\ThinkPHP\Library\Think\Hook.class.php 第 103 行.
INFO: [ app_end ] --START--
INFO: Run Behavior\ShowPageTraceBehavior [ RunTime:0.002000s ]
INFO: [ app_end ] --END-- [ RunTime:0.002000s ]

[ 2016-01-16T16:12:52+08:00 ] ::1 /myCMS/admin.php?m=Admin&c=Nav&a=edit
INFO: [ app_init ] --START--
INFO: Run Behavior\BuildLiteBehavior [ RunTime:0.000000s ]
INFO: [ app_init ] --END-- [ RunTime:0.001000s ]
NOTIC: [8] Undefined variable: result D:\wamp\www\myCMS\ThinkPHP\Library\Think\Hook.class.php 第 103 行.
NOTIC: [8] Undefined variable: result D:\wamp\www\myCMS\ThinkPHP\Library\Think\Hook.class.php 第 103 行.
INFO: [ app_begin ] --START--
INFO: Run Behavior\ReadHtmlCacheBehavior [ RunTime:0.000000s ]
INFO: Run Behavior\CheckLangBehavior [ RunTime:0.000000s ]
INFO: Run Common\Behavior\InitHookBehavior [ RunTime:0.003000s ]
INFO: [ app_begin ] --END-- [ RunTime:0.004000s ]
NOTIC: [8] Undefined variable: result D:\wamp\www\myCMS\ThinkPHP\Library\Think\Hook.class.php 第 103 行.
NOTIC: [8] Undefined index: logintime D:\wamp\www\myCMS\Application\Admin\Controller\BaseController.class.php 第 19 行.
NOTIC: [8192] mysql_connect(): The mysql extension is deprecated and will be removed in the future: use mysqli or PDO instead D:\wamp\www\myCMS\ThinkPHP\Library\Think\Db\Driver\Mysql.class.php 第 52 行.
SQL: SHOW COLUMNS FROM `my_nav` [ RunTime:0.002001s ]
SQL: UPDATE `my_nav` SET `name`='公司简介',`url`='page/about',`pid`=1,`template`='',`modular_id`=1,`status`=1,`sort`=0,`keywords`='',`description`='公司简介',`edittime`=1452931972 WHERE `id` = 2 [ RunTime:0.002000s ]

[ 2016-01-16T16:12:53+08:00 ] ::1 /myCMS/admin.php?m=Admin&c=Nav&a=index
INFO: [ app_init ] --START--
INFO: Run Behavior\BuildLiteBehavior [ RunTime:0.000000s ]
INFO: [ app_init ] --END-- [ RunTime:0.001000s ]
NOTIC: [8] Undefined variable: result D:\wamp\www\myCMS\ThinkPHP\Library\Think\Hook.class.php 第 103 行.
NOTIC: [8] Undefined variable: result D:\wamp\www\myCMS\ThinkPHP\Library\Think\Hook.class.php 第 103 行.
INFO: [ app_begin ] --START--
INFO: Run Behavior\ReadHtmlCacheBehavior [ RunTime:0.001000s ]
INFO: Run Behavior\CheckLangBehavior [ RunTime:0.000000s ]
INFO: Run Common\Behavior\InitHookBehavior [ RunTime:0.002000s ]
INFO: [ app_begin ] --END-- [ RunTime:0.003000s ]
NOTIC: [8] Undefined variable: result D:\wamp\www\myCMS\ThinkPHP\Library\Think\Hook.class.php 第 103 行.
NOTIC: [8] Undefined index: logintime D:\wamp\www\myCMS\Application\Admin\Controller\BaseController.class.php 第 19 行.
NOTIC: [8192] mysql_connect(): The mysql extension is deprecated and will be removed in the future: use mysqli or PDO instead D:\wamp\www\myCMS\ThinkPHP\Library\Think\Db\Driver\Mysql.class.php 第 52 行.
SQL: SHOW COLUMNS FROM `my_nav` [ RunTime:0.002000s ]
SQL: SELECT COUNT(*) AS tp_count FROM `my_nav` LIMIT 1   [ RunTime:0.000000s ]
SQL: SELECT * FROM `my_nav` ORDER BY sort asc,id asc  [ RunTime:0.001000s ]
NOTIC: [8] Undefined variable: result D:\wamp\www\myCMS\ThinkPHP\Library\Think\Hook.class.php 第 103 行.
INFO: [ view_parse ] --START--
INFO: [ template_filter ] --START--
INFO: Run Behavior\ContentReplaceBehavior [ RunTime:0.000000s ]
INFO: [ template_filter ] --END-- [ RunTime:0.000000s ]
SQL: SHOW COLUMNS FROM `my_modular` [ RunTime:0.002000s ]
SQL: SELECT `name` FROM `my_modular` WHERE `id` = 1 LIMIT 1   [ RunTime:0.000000s ]
NOTIC: [8] Use of undefined constant full - assumed 'full' D:\wamp\www\myCMS\Application\Runtime\Cache\Admin\c4e487e7ef540c8b27ad1e8c9be3ab57.php 第 107 行.
SQL: SELECT `name` FROM `my_modular` WHERE `id` = 1 LIMIT 1   [ RunTime:0.001000s ]
NOTIC: [8] Use of undefined constant full - assumed 'full' D:\wamp\www\myCMS\Application\Runtime\Cache\Admin\c4e487e7ef540c8b27ad1e8c9be3ab57.php 第 107 行.
SQL: SELECT `name` FROM `my_modular` WHERE `id` = 1 LIMIT 1   [ RunTime:0.000000s ]
NOTIC: [8] Use of undefined constant full - assumed 'full' D:\wamp\www\myCMS\Application\Runtime\Cache\Admin\c4e487e7ef540c8b27ad1e8c9be3ab57.php 第 107 行.
SQL: SELECT `name` FROM `my_modular` WHERE `id` = 1 LIMIT 1   [ RunTime:0.000000s ]
NOTIC: [8] Use of undefined constant full - assumed 'full' D:\wamp\www\myCMS\Application\Runtime\Cache\Admin\c4e487e7ef540c8b27ad1e8c9be3ab57.php 第 107 行.
SQL: SELECT `name` FROM `my_modular` WHERE `id` = 1 LIMIT 1   [ RunTime:0.000000s ]
NOTIC: [8] Use of undefined constant full - assumed 'full' D:\wamp\www\myCMS\Application\Runtime\Cache\Admin\c4e487e7ef540c8b27ad1e8c9be3ab57.php 第 107 行.
SQL: SELECT `name` FROM `my_modular` WHERE `id` = 1 LIMIT 1   [ RunTime:0.000000s ]
NOTIC: [8] Use of undefined constant full - assumed 'full' D:\wamp\www\myCMS\Application\Runtime\Cache\Admin\c4e487e7ef540c8b27ad1e8c9be3ab57.php 第 107 行.
SQL: SELECT `name` FROM `my_modular` WHERE `id` = 2 LIMIT 1   [ RunTime:0.000000s ]
NOTIC: [8] Use of undefined constant full - assumed 'full' D:\wamp\www\myCMS\Application\Runtime\Cache\Admin\c4e487e7ef540c8b27ad1e8c9be3ab57.php 第 107 行.
SQL: SELECT `name` FROM `my_modular` WHERE `id` = 2 LIMIT 1   [ RunTime:0.000000s ]
NOTIC: [8] Use of undefined constant full - assumed 'full' D:\wamp\www\myCMS\Application\Runtime\Cache\Admin\c4e487e7ef540c8b27ad1e8c9be3ab57.php 第 107 行.
SQL: SELECT `name` FROM `my_modular` WHERE `id` = 2 LIMIT 1   [ RunTime:0.000000s ]
NOTIC: [8] Use of undefined constant full - assumed 'full' D:\wamp\www\myCMS\Application\Runtime\Cache\Admin\c4e487e7ef540c8b27ad1e8c9be3ab57.php 第 107 行.
SQL: SELECT `name` FROM `my_modular` WHERE `id` = 2 LIMIT 1   [ RunTime:0.000000s ]
NOTIC: [8] Use of undefined constant full - assumed 'full' D:\wamp\www\myCMS\Application\Runtime\Cache\Admin\c4e487e7ef540c8b27ad1e8c9be3ab57.php 第 107 行.
SQL: SELECT `name` FROM `my_modular` WHERE `id` = 2 LIMIT 1   [ RunTime:0.000000s ]
NOTIC: [8] Use of undefined constant full - assumed 'full' D:\wamp\www\myCMS\Application\Runtime\Cache\Admin\c4e487e7ef540c8b27ad1e8c9be3ab57.php 第 107 行.
SQL: SELECT `name` FROM `my_modular` WHERE `id` = 3 LIMIT 1   [ RunTime:0.000000s ]
NOTIC: [8] Use of undefined constant full - assumed 'full' D:\wamp\www\myCMS\Application\Runtime\Cache\Admin\c4e487e7ef540c8b27ad1e8c9be3ab57.php 第 107 行.
SQL: SELECT `name` FROM `my_modular` WHERE `id` = 3 LIMIT 1   [ RunTime:0.000000s ]
NOTIC: [8] Use of undefined constant full - assumed 'full' D:\wamp\www\myCMS\Application\Runtime\Cache\Admin\c4e487e7ef540c8b27ad1e8c9be3ab57.php 第 107 行.
SQL: SELECT `name` FROM `my_modular` WHERE `id` = 3 LIMIT 1   [ RunTime:0.000000s ]
NOTIC: [8] Use of undefined constant full - assumed 'full' D:\wamp\www\myCMS\Application\Runtime\Cache\Admin\c4e487e7ef540c8b27ad1e8c9be3ab57.php 第 107 行.
SQL: SELECT `name` FROM `my_modular` WHERE `id` = 4 LIMIT 1   [ RunTime:0.000000s ]
NOTIC: [8] Use of undefined constant full - assumed 'full' D:\wamp\www\myCMS\Application\Runtime\Cache\Admin\c4e487e7ef540c8b27ad1e8c9be3ab57.php 第 107 行.
SQL: SELECT `name` FROM `my_modular` WHERE `id` = 4 LIMIT 1   [ RunTime:0.000000s ]
NOTIC: [8] Use of undefined constant full - assumed 'full' D:\wamp\www\myCMS\Application\Runtime\Cache\Admin\c4e487e7ef540c8b27ad1e8c9be3ab57.php 第 107 行.
SQL: SELECT `name` FROM `my_modular` WHERE `id` = 1 LIMIT 1   [ RunTime:0.001000s ]
NOTIC: [8] Use of undefined constant full - assumed 'full' D:\wamp\www\myCMS\Application\Runtime\Cache\Admin\c4e487e7ef540c8b27ad1e8c9be3ab57.php 第 107 行.
SQL: SELECT `name` FROM `my_modular` WHERE `id` = 1 LIMIT 1   [ RunTime:0.000000s ]
NOTIC: [8] Use of undefined constant full - assumed 'full' D:\wamp\www\myCMS\Application\Runtime\Cache\Admin\c4e487e7ef540c8b27ad1e8c9be3ab57.php 第 107 行.
SQL: SELECT `name` FROM `my_modular` WHERE `id` = 5 LIMIT 1   [ RunTime:0.000000s ]
NOTIC: [8] Use of undefined constant full - assumed 'full' D:\wamp\www\myCMS\Application\Runtime\Cache\Admin\c4e487e7ef540c8b27ad1e8c9be3ab57.php 第 107 行.
INFO: Run Behavior\ParseTemplateBehavior [ RunTime:0.028002s ]
INFO: [ view_parse ] --END-- [ RunTime:0.028002s ]
INFO: [ view_filter ] --START--
INFO: Run Behavior\WriteHtmlCacheBehavior [ RunTime:0.000000s ]
INFO: [ view_filter ] --END-- [ RunTime:0.000000s ]
NOTIC: [8] Undefined variable: result D:\wamp\www\myCMS\ThinkPHP\Library\Think\Hook.class.php 第 103 行.
NOTIC: [8] Undefined variable: result D:\wamp\www\myCMS\ThinkPHP\Library\Think\Hook.class.php 第 103 行.
INFO: [ app_end ] --START--
INFO: Run Behavior\ShowPageTraceBehavior [ RunTime:0.000000s ]
INFO: [ app_end ] --END-- [ RunTime:0.000000s ]

[ 2016-01-16T16:12:55+08:00 ] ::1 /myCMS/admin.php?m=Admin&c=Nav&a=edit&id=3
INFO: [ app_init ] --START--
INFO: Run Behavior\BuildLiteBehavior [ RunTime:0.000000s ]
INFO: [ app_init ] --END-- [ RunTime:0.000000s ]
NOTIC: [8] Undefined variable: result D:\wamp\www\myCMS\ThinkPHP\Library\Think\Hook.class.php 第 103 行.
NOTIC: [8] Undefined variable: result D:\wamp\www\myCMS\ThinkPHP\Library\Think\Hook.class.php 第 103 行.
INFO: [ app_begin ] --START--
INFO: Run Behavior\ReadHtmlCacheBehavior [ RunTime:0.000000s ]
INFO: Run Behavior\CheckLangBehavior [ RunTime:0.001000s ]
INFO: Run Common\Behavior\InitHookBehavior [ RunTime:0.002000s ]
INFO: [ app_begin ] --END-- [ RunTime:0.003000s ]
NOTIC: [8] Undefined variable: result D:\wamp\www\myCMS\ThinkPHP\Library\Think\Hook.class.php 第 103 行.
NOTIC: [8] Undefined index: logintime D:\wamp\www\myCMS\Application\Admin\Controller\BaseController.class.php 第 19 行.
NOTIC: [8192] mysql_connect(): The mysql extension is deprecated and will be removed in the future: use mysqli or PDO instead D:\wamp\www\myCMS\ThinkPHP\Library\Think\Db\Driver\Mysql.class.php 第 52 行.
SQL: SHOW COLUMNS FROM `my_nav` [ RunTime:0.005000s ]
SQL: SELECT * FROM `my_nav` WHERE `id` = 3 LIMIT 1   [ RunTime:0.001000s ]
SQL: SELECT * FROM `my_nav` ORDER BY sort asc,id asc  [ RunTime:0.001000s ]
SQL: SHOW COLUMNS FROM `my_modular` [ RunTime:0.003001s ]
SQL: SELECT * FROM `my_modular`  [ RunTime:0.001000s ]
NOTIC: [8] Undefined variable: result D:\wamp\www\myCMS\ThinkPHP\Library\Think\Hook.class.php 第 103 行.
INFO: [ view_parse ] --START--
INFO: [ template_filter ] --START--
INFO: Run Behavior\ContentReplaceBehavior [ RunTime:0.000000s ]
INFO: [ template_filter ] --END-- [ RunTime:0.000000s ]
NOTIC: [8] Undefined index: ke
						ywords D:\wamp\www\myCMS\Application\Runtime\Cache\Admin\1597f4e3c9028bbc0e7318d11b75af74.php 第 97 行.
INFO: Run Behavior\ParseTemplateBehavior [ RunTime:0.019001s ]
INFO: [ view_parse ] --END-- [ RunTime:0.019001s ]
INFO: [ view_filter ] --START--
INFO: Run Behavior\WriteHtmlCacheBehavior [ RunTime:0.000000s ]
INFO: [ view_filter ] --END-- [ RunTime:0.001000s ]
NOTIC: [8] Undefined variable: result D:\wamp\www\myCMS\ThinkPHP\Library\Think\Hook.class.php 第 103 行.
NOTIC: [8] Undefined variable: result D:\wamp\www\myCMS\ThinkPHP\Library\Think\Hook.class.php 第 103 行.
INFO: [ app_end ] --START--
INFO: Run Behavior\ShowPageTraceBehavior [ RunTime:0.000000s ]
INFO: [ app_end ] --END-- [ RunTime:0.001000s ]

[ 2016-01-16T16:13:06+08:00 ] ::1 /myCMS/admin.php?m=Admin&c=Nav&a=edit
INFO: [ app_init ] --START--
INFO: Run Behavior\BuildLiteBehavior [ RunTime:0.000000s ]
INFO: [ app_init ] --END-- [ RunTime:0.000000s ]
NOTIC: [8] Undefined variable: result D:\wamp\www\myCMS\ThinkPHP\Library\Think\Hook.class.php 第 103 行.
NOTIC: [8] Undefined variable: result D:\wamp\www\myCMS\ThinkPHP\Library\Think\Hook.class.php 第 103 行.
INFO: [ app_begin ] --START--
INFO: Run Behavior\ReadHtmlCacheBehavior [ RunTime:0.001000s ]
INFO: Run Behavior\CheckLangBehavior [ RunTime:0.000000s ]
INFO: Run Common\Behavior\InitHookBehavior [ RunTime:0.001000s ]
INFO: [ app_begin ] --END-- [ RunTime:0.003000s ]
NOTIC: [8] Undefined variable: result D:\wamp\www\myCMS\ThinkPHP\Library\Think\Hook.class.php 第 103 行.
NOTIC: [8] Undefined index: logintime D:\wamp\www\myCMS\Application\Admin\Controller\BaseController.class.php 第 19 行.
NOTIC: [8192] mysql_connect(): The mysql extension is deprecated and will be removed in the future: use mysqli or PDO instead D:\wamp\www\myCMS\ThinkPHP\Library\Think\Db\Driver\Mysql.class.php 第 52 行.
SQL: SHOW COLUMNS FROM `my_nav` [ RunTime:0.002000s ]
SQL: UPDATE `my_nav` SET `name`='企业文化',`url`='page/culture',`pid`=1,`template`='',`modular_id`=1,`status`=1,`sort`=0,`keywords`='',`description`='企业文化',`edittime`=1452931986 WHERE `id` = 3 [ RunTime:0.004001s ]

[ 2016-01-16T16:13:07+08:00 ] ::1 /myCMS/admin.php?m=Admin&c=Nav&a=index
INFO: [ app_init ] --START--
INFO: Run Behavior\BuildLiteBehavior [ RunTime:0.000000s ]
INFO: [ app_init ] --END-- [ RunTime:0.000000s ]
NOTIC: [8] Undefined variable: result D:\wamp\www\myCMS\ThinkPHP\Library\Think\Hook.class.php 第 103 行.
NOTIC: [8] Undefined variable: result D:\wamp\www\myCMS\ThinkPHP\Library\Think\Hook.class.php 第 103 行.
INFO: [ app_begin ] --START--
INFO: Run Behavior\ReadHtmlCacheBehavior [ RunTime:0.001000s ]
INFO: Run Behavior\CheckLangBehavior [ RunTime:0.001000s ]
INFO: Run Common\Behavior\InitHookBehavior [ RunTime:0.001000s ]
INFO: [ app_begin ] --END-- [ RunTime:0.004000s ]
NOTIC: [8] Undefined variable: result D:\wamp\www\myCMS\ThinkPHP\Library\Think\Hook.class.php 第 103 行.
NOTIC: [8] Undefined index: logintime D:\wamp\www\myCMS\Application\Admin\Controller\BaseController.class.php 第 19 行.
NOTIC: [8192] mysql_connect(): The mysql extension is deprecated and will be removed in the future: use mysqli or PDO instead D:\wamp\www\myCMS\ThinkPHP\Library\Think\Db\Driver\Mysql.class.php 第 52 行.
SQL: SHOW COLUMNS FROM `my_nav` [ RunTime:0.002001s ]
SQL: SELECT COUNT(*) AS tp_count FROM `my_nav` LIMIT 1   [ RunTime:0.000000s ]
SQL: SELECT * FROM `my_nav` ORDER BY sort asc,id asc  [ RunTime:0.000000s ]
NOTIC: [8] Undefined variable: result D:\wamp\www\myCMS\ThinkPHP\Library\Think\Hook.class.php 第 103 行.
INFO: [ view_parse ] --START--
INFO: [ template_filter ] --START--
INFO: Run Behavior\ContentReplaceBehavior [ RunTime:0.000000s ]
INFO: [ template_filter ] --END-- [ RunTime:0.000000s ]
SQL: SHOW COLUMNS FROM `my_modular` [ RunTime:0.001000s ]
SQL: SELECT `name` FROM `my_modular` WHERE `id` = 1 LIMIT 1   [ RunTime:0.000000s ]
NOTIC: [8] Use of undefined constant full - assumed 'full' D:\wamp\www\myCMS\Application\Runtime\Cache\Admin\c4e487e7ef540c8b27ad1e8c9be3ab57.php 第 107 行.
SQL: SELECT `name` FROM `my_modular` WHERE `id` = 1 LIMIT 1   [ RunTime:0.000000s ]
NOTIC: [8] Use of undefined constant full - assumed 'full' D:\wamp\www\myCMS\Application\Runtime\Cache\Admin\c4e487e7ef540c8b27ad1e8c9be3ab57.php 第 107 行.
SQL: SELECT `name` FROM `my_modular` WHERE `id` = 1 LIMIT 1   [ RunTime:0.000000s ]
NOTIC: [8] Use of undefined constant full - assumed 'full' D:\wamp\www\myCMS\Application\Runtime\Cache\Admin\c4e487e7ef540c8b27ad1e8c9be3ab57.php 第 107 行.
SQL: SELECT `name` FROM `my_modular` WHERE `id` = 1 LIMIT 1   [ RunTime:0.000000s ]
NOTIC: [8] Use of undefined constant full - assumed 'full' D:\wamp\www\myCMS\Application\Runtime\Cache\Admin\c4e487e7ef540c8b27ad1e8c9be3ab57.php 第 107 行.
SQL: SELECT `name` FROM `my_modular` WHERE `id` = 1 LIMIT 1   [ RunTime:0.000000s ]
NOTIC: [8] Use of undefined constant full - assumed 'full' D:\wamp\www\myCMS\Application\Runtime\Cache\Admin\c4e487e7ef540c8b27ad1e8c9be3ab57.php 第 107 行.
SQL: SELECT `name` FROM `my_modular` WHERE `id` = 1 LIMIT 1   [ RunTime:0.000000s ]
NOTIC: [8] Use of undefined constant full - assumed 'full' D:\wamp\www\myCMS\Application\Runtime\Cache\Admin\c4e487e7ef540c8b27ad1e8c9be3ab57.php 第 107 行.
SQL: SELECT `name` FROM `my_modular` WHERE `id` = 2 LIMIT 1   [ RunTime:0.000000s ]
NOTIC: [8] Use of undefined constant full - assumed 'full' D:\wamp\www\myCMS\Application\Runtime\Cache\Admin\c4e487e7ef540c8b27ad1e8c9be3ab57.php 第 107 行.
SQL: SELECT `name` FROM `my_modular` WHERE `id` = 2 LIMIT 1   [ RunTime:0.000000s ]
NOTIC: [8] Use of undefined constant full - assumed 'full' D:\wamp\www\myCMS\Application\Runtime\Cache\Admin\c4e487e7ef540c8b27ad1e8c9be3ab57.php 第 107 行.
SQL: SELECT `name` FROM `my_modular` WHERE `id` = 2 LIMIT 1   [ RunTime:0.000000s ]
NOTIC: [8] Use of undefined constant full - assumed 'full' D:\wamp\www\myCMS\Application\Runtime\Cache\Admin\c4e487e7ef540c8b27ad1e8c9be3ab57.php 第 107 行.
SQL: SELECT `name` FROM `my_modular` WHERE `id` = 2 LIMIT 1   [ RunTime:0.000000s ]
NOTIC: [8] Use of undefined constant full - assumed 'full' D:\wamp\www\myCMS\Application\Runtime\Cache\Admin\c4e487e7ef540c8b27ad1e8c9be3ab57.php 第 107 行.
SQL: SELECT `name` FROM `my_modular` WHERE `id` = 2 LIMIT 1   [ RunTime:0.000000s ]
NOTIC: [8] Use of undefined constant full - assumed 'full' D:\wamp\www\myCMS\Application\Runtime\Cache\Admin\c4e487e7ef540c8b27ad1e8c9be3ab57.php 第 107 行.
SQL: SELECT `name` FROM `my_modular` WHERE `id` = 3 LIMIT 1   [ RunTime:0.000000s ]
NOTIC: [8] Use of undefined constant full - assumed 'full' D:\wamp\www\myCMS\Application\Runtime\Cache\Admin\c4e487e7ef540c8b27ad1e8c9be3ab57.php 第 107 行.
SQL: SELECT `name` FROM `my_modular` WHERE `id` = 3 LIMIT 1   [ RunTime:0.001000s ]
NOTIC: [8] Use of undefined constant full - assumed 'full' D:\wamp\www\myCMS\Application\Runtime\Cache\Admin\c4e487e7ef540c8b27ad1e8c9be3ab57.php 第 107 行.
SQL: SELECT `name` FROM `my_modular` WHERE `id` = 3 LIMIT 1   [ RunTime:0.000000s ]
NOTIC: [8] Use of undefined constant full - assumed 'full' D:\wamp\www\myCMS\Application\Runtime\Cache\Admin\c4e487e7ef540c8b27ad1e8c9be3ab57.php 第 107 行.
SQL: SELECT `name` FROM `my_modular` WHERE `id` = 4 LIMIT 1   [ RunTime:0.000000s ]
NOTIC: [8] Use of undefined constant full - assumed 'full' D:\wamp\www\myCMS\Application\Runtime\Cache\Admin\c4e487e7ef540c8b27ad1e8c9be3ab57.php 第 107 行.
SQL: SELECT `name` FROM `my_modular` WHERE `id` = 4 LIMIT 1   [ RunTime:0.000000s ]
NOTIC: [8] Use of undefined constant full - assumed 'full' D:\wamp\www\myCMS\Application\Runtime\Cache\Admin\c4e487e7ef540c8b27ad1e8c9be3ab57.php 第 107 行.
SQL: SELECT `name` FROM `my_modular` WHERE `id` = 1 LIMIT 1   [ RunTime:0.000000s ]
NOTIC: [8] Use of undefined constant full - assumed 'full' D:\wamp\www\myCMS\Application\Runtime\Cache\Admin\c4e487e7ef540c8b27ad1e8c9be3ab57.php 第 107 行.
SQL: SELECT `name` FROM `my_modular` WHERE `id` = 1 LIMIT 1   [ RunTime:0.001000s ]
NOTIC: [8] Use of undefined constant full - assumed 'full' D:\wamp\www\myCMS\Application\Runtime\Cache\Admin\c4e487e7ef540c8b27ad1e8c9be3ab57.php 第 107 行.
SQL: SELECT `name` FROM `my_modular` WHERE `id` = 5 LIMIT 1   [ RunTime:0.000000s ]
NOTIC: [8] Use of undefined constant full - assumed 'full' D:\wamp\www\myCMS\Application\Runtime\Cache\Admin\c4e487e7ef540c8b27ad1e8c9be3ab57.php 第 107 行.
INFO: Run Behavior\ParseTemplateBehavior [ RunTime:0.028001s ]
INFO: [ view_parse ] --END-- [ RunTime:0.028001s ]
INFO: [ view_filter ] --START--
INFO: Run Behavior\WriteHtmlCacheBehavior [ RunTime:0.000000s ]
INFO: [ view_filter ] --END-- [ RunTime:0.000000s ]
NOTIC: [8] Undefined variable: result D:\wamp\www\myCMS\ThinkPHP\Library\Think\Hook.class.php 第 103 行.
NOTIC: [8] Undefined variable: result D:\wamp\www\myCMS\ThinkPHP\Library\Think\Hook.class.php 第 103 行.
INFO: [ app_end ] --START--
INFO: Run Behavior\ShowPageTraceBehavior [ RunTime:0.001000s ]
INFO: [ app_end ] --END-- [ RunTime:0.001000s ]

